[0.716s] Invoking command in '/home/yubinwang/turtlebot3_ws/src/turtlebot3/turtlebot3_teleop': PYTHONPATH=/home/yubinwang/turtlebot3_ws/install/turtlebot3_teleop/lib/python3.6/site-packages:${PYTHONPATH} /usr/bin/python3 setup.py egg_info --egg-base ../../../build/turtlebot3_teleop build --build-base /home/yubinwang/turtlebot3_ws/build/turtlebot3_teleop/build install --prefix /home/yubinwang/turtlebot3_ws/install/turtlebot3_teleop --record /home/yubinwang/turtlebot3_ws/build/turtlebot3_teleop/install.log --single-version-externally-managed
[1.303s] /home/yubinwang/.local/lib/python3.6/site-packages/setuptools/dist.py:720: UserWarning: Usage of dash-separated 'script-dir' will not be supported in future versions. Please use the underscore name 'script_dir' instead
[1.303s]   % (opt, underscore_opt)
[1.303s] /home/yubinwang/.local/lib/python3.6/site-packages/setuptools/dist.py:720: UserWarning: Usage of dash-separated 'install-scripts' will not be supported in future versions. Please use the underscore name 'install_scripts' instead
[1.303s]   % (opt, underscore_opt)
[1.359s] running egg_info
[1.359s] writing ../../../build/turtlebot3_teleop/turtlebot3_teleop.egg-info/PKG-INFO
[1.360s] writing dependency_links to ../../../build/turtlebot3_teleop/turtlebot3_teleop.egg-info/dependency_links.txt
[1.360s] writing entry points to ../../../build/turtlebot3_teleop/turtlebot3_teleop.egg-info/entry_points.txt
[1.361s] writing requirements to ../../../build/turtlebot3_teleop/turtlebot3_teleop.egg-info/requires.txt
[1.361s] writing top-level names to ../../../build/turtlebot3_teleop/turtlebot3_teleop.egg-info/top_level.txt
[1.364s] reading manifest file '../../../build/turtlebot3_teleop/turtlebot3_teleop.egg-info/SOURCES.txt'
[1.366s] writing manifest file '../../../build/turtlebot3_teleop/turtlebot3_teleop.egg-info/SOURCES.txt'
[1.366s] running build
[1.367s] running build_py
[1.367s] running install
[1.368s] running install_lib
[1.370s] running install_data
[1.372s] running install_egg_info
[1.375s] removing '/home/yubinwang/turtlebot3_ws/install/turtlebot3_teleop/lib/python3.6/site-packages/turtlebot3_teleop-2.1.4-py3.6.egg-info' (and everything under it)
[1.375s] Copying ../../../build/turtlebot3_teleop/turtlebot3_teleop.egg-info to /home/yubinwang/turtlebot3_ws/install/turtlebot3_teleop/lib/python3.6/site-packages/turtlebot3_teleop-2.1.4-py3.6.egg-info
[1.376s] running install_scripts
[1.413s] Installing teleop_keyboard script to /home/yubinwang/turtlebot3_ws/install/turtlebot3_teleop/lib/turtlebot3_teleop
[1.424s] writing list of installed files to '/home/yubinwang/turtlebot3_ws/build/turtlebot3_teleop/install.log'
[1.467s] Invoked command in '/home/yubinwang/turtlebot3_ws/src/turtlebot3/turtlebot3_teleop' returned '0': PYTHONPATH=/home/yubinwang/turtlebot3_ws/install/turtlebot3_teleop/lib/python3.6/site-packages:${PYTHONPATH} /usr/bin/python3 setup.py egg_info --egg-base ../../../build/turtlebot3_teleop build --build-base /home/yubinwang/turtlebot3_ws/build/turtlebot3_teleop/build install --prefix /home/yubinwang/turtlebot3_ws/install/turtlebot3_teleop --record /home/yubinwang/turtlebot3_ws/build/turtlebot3_teleop/install.log --single-version-externally-managed
