[0.025s] Invoking command in '/home/yubinwang/turtlebot3_ws/build/dynamixel_sdk_examples': CMAKE_PREFIX_PATH=/home/yubinwang/turtlebot3_ws/install/dynamixel_sdk_custom_interfaces:/home/yubinwang/turtlebot3_ws/install/dynamixel_sdk:/home/yubinwang/turtlebot3_ws/install/turtlebot3:/home/yubinwang/turtlebot3_ws/install/turtlebot3_bringup:/home/yubinwang/turtlebot3_ws/install/turtlebot3_node:/home/yubinwang/turtlebot3_ws/install/turtlebot3_navigation2:/home/yubinwang/turtlebot3_ws/install/turtlebot3_msgs:/home/yubinwang/turtlebot3_ws/install/turtlebot3_description:/home/yubinwang/turtlebot3_ws/install/turtlebot3_cartographer:/home/yubinwang/turtlebot3_ws/install/dynamixel_sdk_examples:/home/yubinwang/turtlebot3_ws/install/turtlebot3_teleop:/home/yubinwang/turtlebot3_ws/install/turtlebot3_example:/opt/ros/dashing LD_LIBRARY_PATH=/home/yubinwang/turtlebot3_ws/install/dynamixel_sdk_custom_interfaces/lib:/home/yubinwang/turtlebot3_ws/install/dynamixel_sdk/lib:/home/yubinwang/turtlebot3_ws/install/turtlebot3_msgs/lib:/usr/lib/x86_64-linux-gnu/gazebo-9/plugins:/opt/ros/dashing/opt/yaml_cpp_vendor/lib:/opt/ros/dashing/opt/rviz_ogre_vendor/lib:/opt/ros/dashing/lib PYTHONPATH=/home/yubinwang/turtlebot3_ws/install/dynamixel_sdk_custom_interfaces/lib/python3.6/site-packages:/home/yubinwang/turtlebot3_ws/install/turtlebot3_teleop/lib/python3.6/site-packages:/home/yubinwang/turtlebot3_ws/install/turtlebot3_example/lib/python3.6/site-packages:/home/yubinwang/turtlebot3_ws/install/turtlebot3_msgs/lib/python3.6/site-packages:/opt/ros/dashing/lib/python3.6/site-packages /usr/bin/cmake /home/yubinwang/turtlebot3_ws/src/DynamixelSDK/dynamixel_sdk_examples -DCMAKE_INSTALL_PREFIX=/home/yubinwang/turtlebot3_ws/install/dynamixel_sdk_examples
[0.123s] -- The C compiler identification is GNU 7.5.0
[0.223s] -- The CXX compiler identification is GNU 7.5.0
[0.230s] -- Check for working C compiler: /usr/bin/cc
[0.374s] -- Check for working C compiler: /usr/bin/cc -- works
[0.374s] -- Detecting C compiler ABI info
[0.501s] -- Detecting C compiler ABI info - done
[0.511s] -- Detecting C compile features
[0.906s] -- Detecting C compile features - done
[0.911s] -- Check for working CXX compiler: /usr/bin/c++
[1.077s] -- Check for working CXX compiler: /usr/bin/c++ -- works
[1.078s] -- Detecting CXX compiler ABI info
[1.236s] -- Detecting CXX compiler ABI info - done
[1.245s] -- Detecting CXX compile features
[1.952s] -- Detecting CXX compile features - done
[1.957s] -- Found ament_cmake: 0.7.6 (/opt/ros/dashing/share/ament_cmake/cmake)
[2.020s] -- Found PythonInterp: /usr/bin/python3 (found suitable version "3.6.9", minimum required is "3") 
[2.020s] -- Using PYTHON_EXECUTABLE: /usr/bin/python3
[2.615s] -- Found dynamixel_sdk: 3.7.40 (/home/yubinwang/turtlebot3_ws/install/dynamixel_sdk/share/dynamixel_sdk/cmake)
[2.619s] -- Found dynamixel_sdk_custom_interfaces: 3.7.40 (/home/yubinwang/turtlebot3_ws/install/dynamixel_sdk_custom_interfaces/share/dynamixel_sdk_custom_interfaces/cmake)
[2.665s] -- Found rosidl_adapter: 0.7.10 (/opt/ros/dashing/share/rosidl_adapter/cmake)
[2.762s] -- Found rclcpp: 0.7.16 (/opt/ros/dashing/share/rclcpp/cmake)
[2.800s] -- Found rmw_implementation_cmake: 0.7.2 (/opt/ros/dashing/share/rmw_implementation_cmake/cmake)
[2.803s] -- Using RMW implementation 'rmw_fastrtps_cpp' as default
[2.805s] -- Looking for pthread.h
[2.936s] -- Looking for pthread.h - found
[2.941s] -- Looking for pthread_create
[3.091s] -- Looking for pthread_create - not found
[3.091s] -- Looking for pthread_create in pthreads
[3.219s] -- Looking for pthread_create in pthreads - not found
[3.220s] -- Looking for pthread_create in pthread
[3.349s] -- Looking for pthread_create in pthread - found
[3.351s] -- Found Threads: TRUE  
[3.459s] -- Found ament_lint_auto: 0.7.12 (/opt/ros/dashing/share/ament_lint_auto/cmake)
[3.653s] -- Added test 'copyright' to check for copyright in CMake / C / C++ / Python code
[3.655s] -- Added test 'cppcheck' to perform static code analysis on C / C++ code
[3.655s] -- Configured cppcheck include dirs: /home/yubinwang/turtlebot3_ws/src/DynamixelSDK/dynamixel_sdk_examples/include
[3.657s] -- Added test 'cpplint' to check C / C++ code against the Google style
[3.659s] -- Added test 'lint_cmake' to check CMake code style
[3.661s] -- Added test 'uncrustify' to check C / C++ code style
[3.663s] -- Added test 'xmllint' to check XML markup files
[3.667s] -- Configuring done
[3.699s] -- Generating done
[3.702s] -- Build files have been written to: /home/yubinwang/turtlebot3_ws/build/dynamixel_sdk_examples
[3.712s] Invoked command in '/home/yubinwang/turtlebot3_ws/build/dynamixel_sdk_examples' returned '0': CMAKE_PREFIX_PATH=/home/yubinwang/turtlebot3_ws/install/dynamixel_sdk_custom_interfaces:/home/yubinwang/turtlebot3_ws/install/dynamixel_sdk:/home/yubinwang/turtlebot3_ws/install/turtlebot3:/home/yubinwang/turtlebot3_ws/install/turtlebot3_bringup:/home/yubinwang/turtlebot3_ws/install/turtlebot3_node:/home/yubinwang/turtlebot3_ws/install/turtlebot3_navigation2:/home/yubinwang/turtlebot3_ws/install/turtlebot3_msgs:/home/yubinwang/turtlebot3_ws/install/turtlebot3_description:/home/yubinwang/turtlebot3_ws/install/turtlebot3_cartographer:/home/yubinwang/turtlebot3_ws/install/dynamixel_sdk_examples:/home/yubinwang/turtlebot3_ws/install/turtlebot3_teleop:/home/yubinwang/turtlebot3_ws/install/turtlebot3_example:/opt/ros/dashing LD_LIBRARY_PATH=/home/yubinwang/turtlebot3_ws/install/dynamixel_sdk_custom_interfaces/lib:/home/yubinwang/turtlebot3_ws/install/dynamixel_sdk/lib:/home/yubinwang/turtlebot3_ws/install/turtlebot3_msgs/lib:/usr/lib/x86_64-linux-gnu/gazebo-9/plugins:/opt/ros/dashing/opt/yaml_cpp_vendor/lib:/opt/ros/dashing/opt/rviz_ogre_vendor/lib:/opt/ros/dashing/lib PYTHONPATH=/home/yubinwang/turtlebot3_ws/install/dynamixel_sdk_custom_interfaces/lib/python3.6/site-packages:/home/yubinwang/turtlebot3_ws/install/turtlebot3_teleop/lib/python3.6/site-packages:/home/yubinwang/turtlebot3_ws/install/turtlebot3_example/lib/python3.6/site-packages:/home/yubinwang/turtlebot3_ws/install/turtlebot3_msgs/lib/python3.6/site-packages:/opt/ros/dashing/lib/python3.6/site-packages /usr/bin/cmake /home/yubinwang/turtlebot3_ws/src/DynamixelSDK/dynamixel_sdk_examples -DCMAKE_INSTALL_PREFIX=/home/yubinwang/turtlebot3_ws/install/dynamixel_sdk_examples
[3.716s] Invoking command in '/home/yubinwang/turtlebot3_ws/build/dynamixel_sdk_examples': CMAKE_PREFIX_PATH=/home/yubinwang/turtlebot3_ws/install/dynamixel_sdk_custom_interfaces:/home/yubinwang/turtlebot3_ws/install/dynamixel_sdk:/home/yubinwang/turtlebot3_ws/install/turtlebot3:/home/yubinwang/turtlebot3_ws/install/turtlebot3_bringup:/home/yubinwang/turtlebot3_ws/install/turtlebot3_node:/home/yubinwang/turtlebot3_ws/install/turtlebot3_navigation2:/home/yubinwang/turtlebot3_ws/install/turtlebot3_msgs:/home/yubinwang/turtlebot3_ws/install/turtlebot3_description:/home/yubinwang/turtlebot3_ws/install/turtlebot3_cartographer:/home/yubinwang/turtlebot3_ws/install/dynamixel_sdk_examples:/home/yubinwang/turtlebot3_ws/install/turtlebot3_teleop:/home/yubinwang/turtlebot3_ws/install/turtlebot3_example:/opt/ros/dashing LD_LIBRARY_PATH=/home/yubinwang/turtlebot3_ws/install/dynamixel_sdk_custom_interfaces/lib:/home/yubinwang/turtlebot3_ws/install/dynamixel_sdk/lib:/home/yubinwang/turtlebot3_ws/install/turtlebot3_msgs/lib:/usr/lib/x86_64-linux-gnu/gazebo-9/plugins:/opt/ros/dashing/opt/yaml_cpp_vendor/lib:/opt/ros/dashing/opt/rviz_ogre_vendor/lib:/opt/ros/dashing/lib PYTHONPATH=/home/yubinwang/turtlebot3_ws/install/dynamixel_sdk_custom_interfaces/lib/python3.6/site-packages:/home/yubinwang/turtlebot3_ws/install/turtlebot3_teleop/lib/python3.6/site-packages:/home/yubinwang/turtlebot3_ws/install/turtlebot3_example/lib/python3.6/site-packages:/home/yubinwang/turtlebot3_ws/install/turtlebot3_msgs/lib/python3.6/site-packages:/opt/ros/dashing/lib/python3.6/site-packages /usr/bin/cmake --build /home/yubinwang/turtlebot3_ws/build/dynamixel_sdk_examples -- -j8 -l8
[3.803s] [35m[1mScanning dependencies of target read_write_node[0m
[3.898s] [ 50%] [32mBuilding CXX object CMakeFiles/read_write_node.dir/src/read_write_node.cpp.o[0m
[8.808s] [100%] [32m[1mLinking CXX executable read_write_node[0m
[9.172s] [100%] Built target read_write_node
[9.631s] Invoked command in '/home/yubinwang/turtlebot3_ws/build/dynamixel_sdk_examples' returned '0': CMAKE_PREFIX_PATH=/home/yubinwang/turtlebot3_ws/install/dynamixel_sdk_custom_interfaces:/home/yubinwang/turtlebot3_ws/install/dynamixel_sdk:/home/yubinwang/turtlebot3_ws/install/turtlebot3:/home/yubinwang/turtlebot3_ws/install/turtlebot3_bringup:/home/yubinwang/turtlebot3_ws/install/turtlebot3_node:/home/yubinwang/turtlebot3_ws/install/turtlebot3_navigation2:/home/yubinwang/turtlebot3_ws/install/turtlebot3_msgs:/home/yubinwang/turtlebot3_ws/install/turtlebot3_description:/home/yubinwang/turtlebot3_ws/install/turtlebot3_cartographer:/home/yubinwang/turtlebot3_ws/install/dynamixel_sdk_examples:/home/yubinwang/turtlebot3_ws/install/turtlebot3_teleop:/home/yubinwang/turtlebot3_ws/install/turtlebot3_example:/opt/ros/dashing LD_LIBRARY_PATH=/home/yubinwang/turtlebot3_ws/install/dynamixel_sdk_custom_interfaces/lib:/home/yubinwang/turtlebot3_ws/install/dynamixel_sdk/lib:/home/yubinwang/turtlebot3_ws/install/turtlebot3_msgs/lib:/usr/lib/x86_64-linux-gnu/gazebo-9/plugins:/opt/ros/dashing/opt/yaml_cpp_vendor/lib:/opt/ros/dashing/opt/rviz_ogre_vendor/lib:/opt/ros/dashing/lib PYTHONPATH=/home/yubinwang/turtlebot3_ws/install/dynamixel_sdk_custom_interfaces/lib/python3.6/site-packages:/home/yubinwang/turtlebot3_ws/install/turtlebot3_teleop/lib/python3.6/site-packages:/home/yubinwang/turtlebot3_ws/install/turtlebot3_example/lib/python3.6/site-packages:/home/yubinwang/turtlebot3_ws/install/turtlebot3_msgs/lib/python3.6/site-packages:/opt/ros/dashing/lib/python3.6/site-packages /usr/bin/cmake --build /home/yubinwang/turtlebot3_ws/build/dynamixel_sdk_examples -- -j8 -l8
[9.719s] Invoking command in '/home/yubinwang/turtlebot3_ws/build/dynamixel_sdk_examples': CMAKE_PREFIX_PATH=/home/yubinwang/turtlebot3_ws/install/dynamixel_sdk_custom_interfaces:/home/yubinwang/turtlebot3_ws/install/dynamixel_sdk:/home/yubinwang/turtlebot3_ws/install/turtlebot3:/home/yubinwang/turtlebot3_ws/install/turtlebot3_bringup:/home/yubinwang/turtlebot3_ws/install/turtlebot3_node:/home/yubinwang/turtlebot3_ws/install/turtlebot3_navigation2:/home/yubinwang/turtlebot3_ws/install/turtlebot3_msgs:/home/yubinwang/turtlebot3_ws/install/turtlebot3_description:/home/yubinwang/turtlebot3_ws/install/turtlebot3_cartographer:/home/yubinwang/turtlebot3_ws/install/dynamixel_sdk_examples:/home/yubinwang/turtlebot3_ws/install/turtlebot3_teleop:/home/yubinwang/turtlebot3_ws/install/turtlebot3_example:/opt/ros/dashing LD_LIBRARY_PATH=/home/yubinwang/turtlebot3_ws/install/dynamixel_sdk_custom_interfaces/lib:/home/yubinwang/turtlebot3_ws/install/dynamixel_sdk/lib:/home/yubinwang/turtlebot3_ws/install/turtlebot3_msgs/lib:/usr/lib/x86_64-linux-gnu/gazebo-9/plugins:/opt/ros/dashing/opt/yaml_cpp_vendor/lib:/opt/ros/dashing/opt/rviz_ogre_vendor/lib:/opt/ros/dashing/lib PYTHONPATH=/home/yubinwang/turtlebot3_ws/install/dynamixel_sdk_custom_interfaces/lib/python3.6/site-packages:/home/yubinwang/turtlebot3_ws/install/turtlebot3_teleop/lib/python3.6/site-packages:/home/yubinwang/turtlebot3_ws/install/turtlebot3_example/lib/python3.6/site-packages:/home/yubinwang/turtlebot3_ws/install/turtlebot3_msgs/lib/python3.6/site-packages:/opt/ros/dashing/lib/python3.6/site-packages /usr/bin/cmake --build /home/yubinwang/turtlebot3_ws/build/dynamixel_sdk_examples --target install -- -j8 -l8
[9.853s] [100%] Built target read_write_node
[9.891s] [36mInstall the project...[0m
[9.908s] -- Install configuration: ""
[9.909s] -- Installing: /home/yubinwang/turtlebot3_ws/install/dynamixel_sdk_examples/lib/dynamixel_sdk_examples/read_write_node
[9.911s] -- Set runtime path of "/home/yubinwang/turtlebot3_ws/install/dynamixel_sdk_examples/lib/dynamixel_sdk_examples/read_write_node" to ""
[9.911s] -- Installing: /home/yubinwang/turtlebot3_ws/install/dynamixel_sdk_examples/share/ament_index/resource_index/package_run_dependencies/dynamixel_sdk_examples
[9.912s] -- Installing: /home/yubinwang/turtlebot3_ws/install/dynamixel_sdk_examples/share/ament_index/resource_index/parent_prefix_path/dynamixel_sdk_examples
[9.912s] -- Up-to-date: /home/yubinwang/turtlebot3_ws/install/dynamixel_sdk_examples/share/dynamixel_sdk_examples/environment/ament_prefix_path.sh
[9.912s] -- Up-to-date: /home/yubinwang/turtlebot3_ws/install/dynamixel_sdk_examples/share/dynamixel_sdk_examples/environment/path.sh
[9.912s] -- Installing: /home/yubinwang/turtlebot3_ws/install/dynamixel_sdk_examples/share/dynamixel_sdk_examples/local_setup.bash
[9.913s] -- Installing: /home/yubinwang/turtlebot3_ws/install/dynamixel_sdk_examples/share/dynamixel_sdk_examples/local_setup.sh
[9.913s] -- Installing: /home/yubinwang/turtlebot3_ws/install/dynamixel_sdk_examples/share/dynamixel_sdk_examples/local_setup.zsh
[9.913s] -- Installing: /home/yubinwang/turtlebot3_ws/install/dynamixel_sdk_examples/share/ament_index/resource_index/packages/dynamixel_sdk_examples
[9.914s] -- Installing: /home/yubinwang/turtlebot3_ws/install/dynamixel_sdk_examples/share/dynamixel_sdk_examples/cmake/dynamixel_sdk_examplesConfig.cmake
[9.914s] -- Installing: /home/yubinwang/turtlebot3_ws/install/dynamixel_sdk_examples/share/dynamixel_sdk_examples/cmake/dynamixel_sdk_examplesConfig-version.cmake
[9.914s] -- Up-to-date: /home/yubinwang/turtlebot3_ws/install/dynamixel_sdk_examples/share/dynamixel_sdk_examples/package.xml
[9.923s] Invoked command in '/home/yubinwang/turtlebot3_ws/build/dynamixel_sdk_examples' returned '0': CMAKE_PREFIX_PATH=/home/yubinwang/turtlebot3_ws/install/dynamixel_sdk_custom_interfaces:/home/yubinwang/turtlebot3_ws/install/dynamixel_sdk:/home/yubinwang/turtlebot3_ws/install/turtlebot3:/home/yubinwang/turtlebot3_ws/install/turtlebot3_bringup:/home/yubinwang/turtlebot3_ws/install/turtlebot3_node:/home/yubinwang/turtlebot3_ws/install/turtlebot3_navigation2:/home/yubinwang/turtlebot3_ws/install/turtlebot3_msgs:/home/yubinwang/turtlebot3_ws/install/turtlebot3_description:/home/yubinwang/turtlebot3_ws/install/turtlebot3_cartographer:/home/yubinwang/turtlebot3_ws/install/dynamixel_sdk_examples:/home/yubinwang/turtlebot3_ws/install/turtlebot3_teleop:/home/yubinwang/turtlebot3_ws/install/turtlebot3_example:/opt/ros/dashing LD_LIBRARY_PATH=/home/yubinwang/turtlebot3_ws/install/dynamixel_sdk_custom_interfaces/lib:/home/yubinwang/turtlebot3_ws/install/dynamixel_sdk/lib:/home/yubinwang/turtlebot3_ws/install/turtlebot3_msgs/lib:/usr/lib/x86_64-linux-gnu/gazebo-9/plugins:/opt/ros/dashing/opt/yaml_cpp_vendor/lib:/opt/ros/dashing/opt/rviz_ogre_vendor/lib:/opt/ros/dashing/lib PYTHONPATH=/home/yubinwang/turtlebot3_ws/install/dynamixel_sdk_custom_interfaces/lib/python3.6/site-packages:/home/yubinwang/turtlebot3_ws/install/turtlebot3_teleop/lib/python3.6/site-packages:/home/yubinwang/turtlebot3_ws/install/turtlebot3_example/lib/python3.6/site-packages:/home/yubinwang/turtlebot3_ws/install/turtlebot3_msgs/lib/python3.6/site-packages:/opt/ros/dashing/lib/python3.6/site-packages /usr/bin/cmake --build /home/yubinwang/turtlebot3_ws/build/dynamixel_sdk_examples --target install -- -j8 -l8
