[0.082s] Invoking command in '/home/yubinwang/turtlebot3_ws/build/turtlebot3_msgs': CMAKE_PREFIX_PATH=${CMAKE_PREFIX_PATH}:/home/yubinwang/turtlebot3_ws/install/turtlebot3_teleop:/home/yubinwang/turtlebot3_ws/install/turtlebot3_example:/opt/ros/dashing /usr/bin/cmake --build /home/yubinwang/turtlebot3_ws/build/turtlebot3_msgs -- -j8 -l8
[0.715s] [ 11%] Built target turtlebot3_msgs__rosidl_generator_c
[0.716s] [ 13%] Built target turtlebot3_msgs__cpp
[0.717s] [ 24%] Built target turtlebot3_msgs__rosidl_typesupport_introspection_c
[0.717s] [ 36%] Built target turtlebot3_msgs__rosidl_typesupport_introspection_cpp
[0.718s] [ 47%] Built target turtlebot3_msgs__rosidl_typesupport_fastrtps_cpp
[0.719s] [ 59%] Built target turtlebot3_msgs__rosidl_typesupport_fastrtps_c
[0.720s] [ 71%] Built target turtlebot3_msgs__rosidl_typesupport_cpp
[0.720s] [ 82%] Built target turtlebot3_msgs__rosidl_typesupport_c
[0.721s] [ 82%] Built target turtlebot3_msgs
[0.724s] [ 84%] Built target turtlebot3_msgs__py
[0.725s] [ 94%] Built target turtlebot3_msgs__python
[0.725s] [ 97%] Built target turtlebot3_msgs__rosidl_typesupport_c__pyext
[0.725s] [100%] Built target turtlebot3_msgs__rosidl_typesupport_fastrtps_c__pyext
[0.733s] Invoked command in '/home/yubinwang/turtlebot3_ws/build/turtlebot3_msgs' returned '0': CMAKE_PREFIX_PATH=${CMAKE_PREFIX_PATH}:/home/yubinwang/turtlebot3_ws/install/turtlebot3_teleop:/home/yubinwang/turtlebot3_ws/install/turtlebot3_example:/opt/ros/dashing /usr/bin/cmake --build /home/yubinwang/turtlebot3_ws/build/turtlebot3_msgs -- -j8 -l8
[1.460s] Invoking command in '/home/yubinwang/turtlebot3_ws/build/turtlebot3_msgs': CMAKE_PREFIX_PATH=${CMAKE_PREFIX_PATH}:/home/yubinwang/turtlebot3_ws/install/turtlebot3_teleop:/home/yubinwang/turtlebot3_ws/install/turtlebot3_example:/opt/ros/dashing /usr/bin/cmake --build /home/yubinwang/turtlebot3_ws/build/turtlebot3_msgs --target install -- -j8 -l8
[1.568s] [  1%] Built target turtlebot3_msgs__cpp
[1.589s] [ 13%] Built target turtlebot3_msgs__rosidl_generator_c
[1.621s] [ 24%] Built target turtlebot3_msgs__rosidl_typesupport_introspection_cpp
[1.630s] [ 36%] Built target turtlebot3_msgs__rosidl_typesupport_fastrtps_cpp
[1.642s] [ 47%] Built target turtlebot3_msgs__rosidl_typesupport_introspection_c
[1.677s] [ 59%] Built target turtlebot3_msgs__rosidl_typesupport_cpp
[1.687s] [ 71%] Built target turtlebot3_msgs__rosidl_typesupport_fastrtps_c
[1.732s] [ 82%] Built target turtlebot3_msgs__rosidl_typesupport_c
[1.768s] [ 82%] Built target turtlebot3_msgs
[1.794s] [ 84%] Built target turtlebot3_msgs__py
[1.845s] [ 94%] Built target turtlebot3_msgs__python
[1.897s] [ 97%] Built target turtlebot3_msgs__rosidl_typesupport_c__pyext
[1.898s] [100%] Built target turtlebot3_msgs__rosidl_typesupport_fastrtps_c__pyext
[1.930s] [36mInstall the project...[0m
[1.945s] -- Install configuration: ""
[1.945s] -- Up-to-date: /home/yubinwang/turtlebot3_ws/install/turtlebot3_msgs/share/ament_index/resource_index/rosidl_interfaces/turtlebot3_msgs
[1.945s] -- Up-to-date: /home/yubinwang/turtlebot3_ws/install/turtlebot3_msgs/include/turtlebot3_msgs
[1.946s] -- Up-to-date: /home/yubinwang/turtlebot3_ws/install/turtlebot3_msgs/include/turtlebot3_msgs/msg
[1.946s] -- Up-to-date: /home/yubinwang/turtlebot3_ws/install/turtlebot3_msgs/include/turtlebot3_msgs/msg/sound__traits.hpp
[1.946s] -- Up-to-date: /home/yubinwang/turtlebot3_ws/install/turtlebot3_msgs/include/turtlebot3_msgs/msg/sensor_state__struct.hpp
[1.946s] -- Up-to-date: /home/yubinwang/turtlebot3_ws/install/turtlebot3_msgs/include/turtlebot3_msgs/msg/sensor_state.hpp
[1.946s] -- Up-to-date: /home/yubinwang/turtlebot3_ws/install/turtlebot3_msgs/include/turtlebot3_msgs/msg/version_info__traits.hpp
[1.947s] -- Up-to-date: /home/yubinwang/turtlebot3_ws/install/turtlebot3_msgs/include/turtlebot3_msgs/msg/version_info.hpp
[1.947s] -- Up-to-date: /home/yubinwang/turtlebot3_ws/install/turtlebot3_msgs/include/turtlebot3_msgs/msg/sensor_state__traits.hpp
[1.947s] -- Up-to-date: /home/yubinwang/turtlebot3_ws/install/turtlebot3_msgs/include/turtlebot3_msgs/msg/sound__struct.hpp
[1.947s] -- Up-to-date: /home/yubinwang/turtlebot3_ws/install/turtlebot3_msgs/include/turtlebot3_msgs/msg/sound.hpp
[1.947s] -- Up-to-date: /home/yubinwang/turtlebot3_ws/install/turtlebot3_msgs/include/turtlebot3_msgs/msg/version_info__struct.hpp
[1.948s] -- Up-to-date: /home/yubinwang/turtlebot3_ws/install/turtlebot3_msgs/include/turtlebot3_msgs/srv
[1.948s] -- Up-to-date: /home/yubinwang/turtlebot3_ws/install/turtlebot3_msgs/include/turtlebot3_msgs/srv/sound__traits.hpp
[1.948s] -- Up-to-date: /home/yubinwang/turtlebot3_ws/install/turtlebot3_msgs/include/turtlebot3_msgs/srv/dqn__struct.hpp
[1.948s] -- Up-to-date: /home/yubinwang/turtlebot3_ws/install/turtlebot3_msgs/include/turtlebot3_msgs/srv/dqn__traits.hpp
[1.948s] -- Up-to-date: /home/yubinwang/turtlebot3_ws/install/turtlebot3_msgs/include/turtlebot3_msgs/srv/dqn.hpp
[1.948s] -- Up-to-date: /home/yubinwang/turtlebot3_ws/install/turtlebot3_msgs/include/turtlebot3_msgs/srv/sound__struct.hpp
[1.949s] -- Up-to-date: /home/yubinwang/turtlebot3_ws/install/turtlebot3_msgs/include/turtlebot3_msgs/srv/sound.hpp
[1.949s] -- Up-to-date: /home/yubinwang/turtlebot3_ws/install/turtlebot3_msgs/include/turtlebot3_msgs/action
[1.949s] -- Up-to-date: /home/yubinwang/turtlebot3_ws/install/turtlebot3_msgs/include/turtlebot3_msgs/action/patrol__struct.hpp
[1.949s] -- Up-to-date: /home/yubinwang/turtlebot3_ws/install/turtlebot3_msgs/include/turtlebot3_msgs/action/patrol.hpp
[1.949s] -- Up-to-date: /home/yubinwang/turtlebot3_ws/install/turtlebot3_msgs/include/turtlebot3_msgs/action/patrol__traits.hpp
[1.949s] -- Up-to-date: /home/yubinwang/turtlebot3_ws/install/turtlebot3_msgs/include/turtlebot3_msgs
[1.950s] -- Up-to-date: /home/yubinwang/turtlebot3_ws/install/turtlebot3_msgs/include/turtlebot3_msgs/msg
[1.950s] -- Up-to-date: /home/yubinwang/turtlebot3_ws/install/turtlebot3_msgs/include/turtlebot3_msgs/msg/sensor_state__type_support.h
[1.950s] -- Up-to-date: /home/yubinwang/turtlebot3_ws/install/turtlebot3_msgs/include/turtlebot3_msgs/msg/version_info.h
[1.950s] -- Up-to-date: /home/yubinwang/turtlebot3_ws/install/turtlebot3_msgs/include/turtlebot3_msgs/msg/sensor_state__functions.c
[1.950s] -- Up-to-date: /home/yubinwang/turtlebot3_ws/install/turtlebot3_msgs/include/turtlebot3_msgs/msg/sensor_state__functions.h
[1.950s] -- Up-to-date: /home/yubinwang/turtlebot3_ws/install/turtlebot3_msgs/include/turtlebot3_msgs/msg/sensor_state__struct.h
[1.951s] -- Up-to-date: /home/yubinwang/turtlebot3_ws/install/turtlebot3_msgs/include/turtlebot3_msgs/msg/sound__type_support.h
[1.951s] -- Up-to-date: /home/yubinwang/turtlebot3_ws/install/turtlebot3_msgs/include/turtlebot3_msgs/msg/sensor_state.h
[1.951s] -- Up-to-date: /home/yubinwang/turtlebot3_ws/install/turtlebot3_msgs/include/turtlebot3_msgs/msg/sound__functions.c
[1.951s] -- Up-to-date: /home/yubinwang/turtlebot3_ws/install/turtlebot3_msgs/include/turtlebot3_msgs/msg/sound__functions.h
[1.951s] -- Up-to-date: /home/yubinwang/turtlebot3_ws/install/turtlebot3_msgs/include/turtlebot3_msgs/msg/sound.h
[1.951s] -- Up-to-date: /home/yubinwang/turtlebot3_ws/install/turtlebot3_msgs/include/turtlebot3_msgs/msg/version_info__type_support.h
[1.951s] -- Up-to-date: /home/yubinwang/turtlebot3_ws/install/turtlebot3_msgs/include/turtlebot3_msgs/msg/sound__struct.h
[1.952s] -- Up-to-date: /home/yubinwang/turtlebot3_ws/install/turtlebot3_msgs/include/turtlebot3_msgs/msg/version_info__struct.h
[1.952s] -- Up-to-date: /home/yubinwang/turtlebot3_ws/install/turtlebot3_msgs/include/turtlebot3_msgs/msg/rosidl_generator_c__visibility_control.h
[1.952s] -- Up-to-date: /home/yubinwang/turtlebot3_ws/install/turtlebot3_msgs/include/turtlebot3_msgs/msg/version_info__functions.c
[1.953s] -- Up-to-date: /home/yubinwang/turtlebot3_ws/install/turtlebot3_msgs/include/turtlebot3_msgs/msg/version_info__functions.h
[1.953s] -- Up-to-date: /home/yubinwang/turtlebot3_ws/install/turtlebot3_msgs/include/turtlebot3_msgs/srv
[1.953s] -- Up-to-date: /home/yubinwang/turtlebot3_ws/install/turtlebot3_msgs/include/turtlebot3_msgs/srv/dqn__functions.c
[1.953s] -- Up-to-date: /home/yubinwang/turtlebot3_ws/install/turtlebot3_msgs/include/turtlebot3_msgs/srv/dqn.h
[1.953s] -- Up-to-date: /home/yubinwang/turtlebot3_ws/install/turtlebot3_msgs/include/turtlebot3_msgs/srv/dqn__type_support.h
[1.953s] -- Up-to-date: /home/yubinwang/turtlebot3_ws/install/turtlebot3_msgs/include/turtlebot3_msgs/srv/sound__type_support.h
[1.954s] -- Up-to-date: /home/yubinwang/turtlebot3_ws/install/turtlebot3_msgs/include/turtlebot3_msgs/srv/sound__functions.c
[1.954s] -- Up-to-date: /home/yubinwang/turtlebot3_ws/install/turtlebot3_msgs/include/turtlebot3_msgs/srv/dqn__struct.h
[1.954s] -- Up-to-date: /home/yubinwang/turtlebot3_ws/install/turtlebot3_msgs/include/turtlebot3_msgs/srv/sound__functions.h
[1.954s] -- Up-to-date: /home/yubinwang/turtlebot3_ws/install/turtlebot3_msgs/include/turtlebot3_msgs/srv/sound.h
[1.954s] -- Up-to-date: /home/yubinwang/turtlebot3_ws/install/turtlebot3_msgs/include/turtlebot3_msgs/srv/sound__struct.h
[1.954s] -- Up-to-date: /home/yubinwang/turtlebot3_ws/install/turtlebot3_msgs/include/turtlebot3_msgs/srv/dqn__functions.h
[1.955s] -- Up-to-date: /home/yubinwang/turtlebot3_ws/install/turtlebot3_msgs/include/turtlebot3_msgs/action
[1.955s] -- Up-to-date: /home/yubinwang/turtlebot3_ws/install/turtlebot3_msgs/include/turtlebot3_msgs/action/patrol__type_support.h
[1.955s] -- Up-to-date: /home/yubinwang/turtlebot3_ws/install/turtlebot3_msgs/include/turtlebot3_msgs/action/patrol__functions.h
[1.955s] -- Up-to-date: /home/yubinwang/turtlebot3_ws/install/turtlebot3_msgs/include/turtlebot3_msgs/action/patrol__functions.c
[1.955s] -- Up-to-date: /home/yubinwang/turtlebot3_ws/install/turtlebot3_msgs/include/turtlebot3_msgs/action/patrol__struct.h
[1.956s] -- Up-to-date: /home/yubinwang/turtlebot3_ws/install/turtlebot3_msgs/include/turtlebot3_msgs/action/patrol.h
[1.956s] -- Up-to-date: /home/yubinwang/turtlebot3_ws/install/turtlebot3_msgs/share/turtlebot3_msgs/environment/library_path.sh
[1.956s] -- Up-to-date: /home/yubinwang/turtlebot3_ws/install/turtlebot3_msgs/lib/libturtlebot3_msgs__rosidl_generator_c.so
[1.956s] -- Up-to-date: /home/yubinwang/turtlebot3_ws/install/turtlebot3_msgs/lib/libturtlebot3_msgs__rosidl_typesupport_c.so
[1.956s] -- Up-to-date: /home/yubinwang/turtlebot3_ws/install/turtlebot3_msgs/lib/libturtlebot3_msgs__rosidl_typesupport_cpp.so
[1.956s] -- Up-to-date: /home/yubinwang/turtlebot3_ws/install/turtlebot3_msgs/include/turtlebot3_msgs
[1.957s] -- Up-to-date: /home/yubinwang/turtlebot3_ws/install/turtlebot3_msgs/include/turtlebot3_msgs/msg
[1.957s] -- Up-to-date: /home/yubinwang/turtlebot3_ws/install/turtlebot3_msgs/include/turtlebot3_msgs/msg/version_info__type_support.c
[1.957s] -- Up-to-date: /home/yubinwang/turtlebot3_ws/install/turtlebot3_msgs/include/turtlebot3_msgs/msg/sensor_state__type_support.c
[1.957s] -- Up-to-date: /home/yubinwang/turtlebot3_ws/install/turtlebot3_msgs/include/turtlebot3_msgs/msg/sound__type_support.c
[1.957s] -- Up-to-date: /home/yubinwang/turtlebot3_ws/install/turtlebot3_msgs/include/turtlebot3_msgs/msg/version_info__rosidl_typesupport_introspection_c.h
[1.957s] -- Up-to-date: /home/yubinwang/turtlebot3_ws/install/turtlebot3_msgs/include/turtlebot3_msgs/msg/rosidl_typesupport_introspection_c__visibility_control.h
[1.958s] -- Up-to-date: /home/yubinwang/turtlebot3_ws/install/turtlebot3_msgs/include/turtlebot3_msgs/msg/sound__rosidl_typesupport_introspection_c.h
[1.958s] -- Up-to-date: /home/yubinwang/turtlebot3_ws/install/turtlebot3_msgs/include/turtlebot3_msgs/msg/sensor_state__rosidl_typesupport_introspection_c.h
[1.958s] -- Up-to-date: /home/yubinwang/turtlebot3_ws/install/turtlebot3_msgs/include/turtlebot3_msgs/srv
[1.958s] -- Up-to-date: /home/yubinwang/turtlebot3_ws/install/turtlebot3_msgs/include/turtlebot3_msgs/srv/sound__type_support.c
[1.958s] -- Up-to-date: /home/yubinwang/turtlebot3_ws/install/turtlebot3_msgs/include/turtlebot3_msgs/srv/dqn__type_support.c
[1.958s] -- Up-to-date: /home/yubinwang/turtlebot3_ws/install/turtlebot3_msgs/include/turtlebot3_msgs/srv/dqn__rosidl_typesupport_introspection_c.h
[1.958s] -- Up-to-date: /home/yubinwang/turtlebot3_ws/install/turtlebot3_msgs/include/turtlebot3_msgs/srv/sound__rosidl_typesupport_introspection_c.h
[1.959s] -- Up-to-date: /home/yubinwang/turtlebot3_ws/install/turtlebot3_msgs/include/turtlebot3_msgs/action
[1.959s] -- Up-to-date: /home/yubinwang/turtlebot3_ws/install/turtlebot3_msgs/include/turtlebot3_msgs/action/patrol__rosidl_typesupport_introspection_c.h
[1.959s] -- Up-to-date: /home/yubinwang/turtlebot3_ws/install/turtlebot3_msgs/include/turtlebot3_msgs/action/patrol__type_support.c
[1.959s] -- Up-to-date: /home/yubinwang/turtlebot3_ws/install/turtlebot3_msgs/lib/libturtlebot3_msgs__rosidl_typesupport_introspection_c.so
[1.959s] -- Up-to-date: /home/yubinwang/turtlebot3_ws/install/turtlebot3_msgs/include/turtlebot3_msgs
[1.959s] -- Up-to-date: /home/yubinwang/turtlebot3_ws/install/turtlebot3_msgs/include/turtlebot3_msgs/msg
[1.960s] -- Up-to-date: /home/yubinwang/turtlebot3_ws/install/turtlebot3_msgs/include/turtlebot3_msgs/msg/sound__rosidl_typesupport_introspection_cpp.hpp
[1.960s] -- Up-to-date: /home/yubinwang/turtlebot3_ws/install/turtlebot3_msgs/include/turtlebot3_msgs/msg/sound__type_support.cpp
[1.960s] -- Up-to-date: /home/yubinwang/turtlebot3_ws/install/turtlebot3_msgs/include/turtlebot3_msgs/msg/version_info__type_support.cpp
[1.960s] -- Up-to-date: /home/yubinwang/turtlebot3_ws/install/turtlebot3_msgs/include/turtlebot3_msgs/msg/sensor_state__rosidl_typesupport_introspection_cpp.hpp
[1.960s] -- Up-to-date: /home/yubinwang/turtlebot3_ws/install/turtlebot3_msgs/include/turtlebot3_msgs/msg/sensor_state__type_support.cpp
[1.960s] -- Up-to-date: /home/yubinwang/turtlebot3_ws/install/turtlebot3_msgs/include/turtlebot3_msgs/msg/version_info__rosidl_typesupport_introspection_cpp.hpp
[1.961s] -- Up-to-date: /home/yubinwang/turtlebot3_ws/install/turtlebot3_msgs/include/turtlebot3_msgs/srv
[1.961s] -- Up-to-date: /home/yubinwang/turtlebot3_ws/install/turtlebot3_msgs/include/turtlebot3_msgs/srv/sound__rosidl_typesupport_introspection_cpp.hpp
[1.961s] -- Up-to-date: /home/yubinwang/turtlebot3_ws/install/turtlebot3_msgs/include/turtlebot3_msgs/srv/sound__type_support.cpp
[1.961s] -- Up-to-date: /home/yubinwang/turtlebot3_ws/install/turtlebot3_msgs/include/turtlebot3_msgs/srv/dqn__rosidl_typesupport_introspection_cpp.hpp
[1.961s] -- Up-to-date: /home/yubinwang/turtlebot3_ws/install/turtlebot3_msgs/include/turtlebot3_msgs/srv/dqn__type_support.cpp
[1.961s] -- Up-to-date: /home/yubinwang/turtlebot3_ws/install/turtlebot3_msgs/include/turtlebot3_msgs/action
[1.961s] -- Up-to-date: /home/yubinwang/turtlebot3_ws/install/turtlebot3_msgs/include/turtlebot3_msgs/action/patrol__type_support.cpp
[1.962s] -- Up-to-date: /home/yubinwang/turtlebot3_ws/install/turtlebot3_msgs/include/turtlebot3_msgs/action/patrol__rosidl_typesupport_introspection_cpp.hpp
[1.962s] -- Up-to-date: /home/yubinwang/turtlebot3_ws/install/turtlebot3_msgs/lib/libturtlebot3_msgs__rosidl_typesupport_introspection_cpp.so
[1.962s] -- Up-to-date: /home/yubinwang/turtlebot3_ws/install/turtlebot3_msgs/include/turtlebot3_msgs
[1.962s] -- Up-to-date: /home/yubinwang/turtlebot3_ws/install/turtlebot3_msgs/include/turtlebot3_msgs/msg
[1.962s] -- Up-to-date: /home/yubinwang/turtlebot3_ws/install/turtlebot3_msgs/include/turtlebot3_msgs/msg/sound__rosidl_typesupport_fastrtps_c.h
[1.962s] -- Up-to-date: /home/yubinwang/turtlebot3_ws/install/turtlebot3_msgs/include/turtlebot3_msgs/msg/version_info__rosidl_typesupport_fastrtps_c.h
[1.963s] -- Up-to-date: /home/yubinwang/turtlebot3_ws/install/turtlebot3_msgs/include/turtlebot3_msgs/msg/sensor_state__rosidl_typesupport_fastrtps_c.h
[1.963s] -- Up-to-date: /home/yubinwang/turtlebot3_ws/install/turtlebot3_msgs/include/turtlebot3_msgs/msg/rosidl_typesupport_fastrtps_c__visibility_control.h
[1.963s] -- Up-to-date: /home/yubinwang/turtlebot3_ws/install/turtlebot3_msgs/include/turtlebot3_msgs/srv
[1.963s] -- Up-to-date: /home/yubinwang/turtlebot3_ws/install/turtlebot3_msgs/include/turtlebot3_msgs/srv/dqn__rosidl_typesupport_fastrtps_c.h
[1.963s] -- Up-to-date: /home/yubinwang/turtlebot3_ws/install/turtlebot3_msgs/include/turtlebot3_msgs/srv/sound__rosidl_typesupport_fastrtps_c.h
[1.963s] -- Up-to-date: /home/yubinwang/turtlebot3_ws/install/turtlebot3_msgs/include/turtlebot3_msgs/action
[1.964s] -- Up-to-date: /home/yubinwang/turtlebot3_ws/install/turtlebot3_msgs/include/turtlebot3_msgs/action/patrol__rosidl_typesupport_fastrtps_c.h
[1.964s] -- Up-to-date: /home/yubinwang/turtlebot3_ws/install/turtlebot3_msgs/lib/libturtlebot3_msgs__rosidl_typesupport_fastrtps_c.so
[1.964s] -- Up-to-date: /home/yubinwang/turtlebot3_ws/install/turtlebot3_msgs/include/turtlebot3_msgs
[1.964s] -- Up-to-date: /home/yubinwang/turtlebot3_ws/install/turtlebot3_msgs/include/turtlebot3_msgs/msg
[1.964s] -- Up-to-date: /home/yubinwang/turtlebot3_ws/install/turtlebot3_msgs/include/turtlebot3_msgs/msg/dds_fastrtps
[1.964s] -- Up-to-date: /home/yubinwang/turtlebot3_ws/install/turtlebot3_msgs/include/turtlebot3_msgs/msg/rosidl_typesupport_fastrtps_cpp__visibility_control.h
[1.964s] -- Up-to-date: /home/yubinwang/turtlebot3_ws/install/turtlebot3_msgs/include/turtlebot3_msgs/msg/sound__rosidl_typesupport_fastrtps_cpp.hpp
[1.964s] -- Up-to-date: /home/yubinwang/turtlebot3_ws/install/turtlebot3_msgs/include/turtlebot3_msgs/msg/sensor_state__rosidl_typesupport_fastrtps_cpp.hpp
[1.965s] -- Up-to-date: /home/yubinwang/turtlebot3_ws/install/turtlebot3_msgs/include/turtlebot3_msgs/msg/version_info__rosidl_typesupport_fastrtps_cpp.hpp
[1.965s] -- Up-to-date: /home/yubinwang/turtlebot3_ws/install/turtlebot3_msgs/include/turtlebot3_msgs/srv
[1.965s] -- Up-to-date: /home/yubinwang/turtlebot3_ws/install/turtlebot3_msgs/include/turtlebot3_msgs/srv/dds_fastrtps
[1.965s] -- Up-to-date: /home/yubinwang/turtlebot3_ws/install/turtlebot3_msgs/include/turtlebot3_msgs/srv/dqn__rosidl_typesupport_fastrtps_cpp.hpp
[1.965s] -- Up-to-date: /home/yubinwang/turtlebot3_ws/install/turtlebot3_msgs/include/turtlebot3_msgs/srv/sound__rosidl_typesupport_fastrtps_cpp.hpp
[1.965s] -- Up-to-date: /home/yubinwang/turtlebot3_ws/install/turtlebot3_msgs/include/turtlebot3_msgs/action
[1.965s] -- Up-to-date: /home/yubinwang/turtlebot3_ws/install/turtlebot3_msgs/include/turtlebot3_msgs/action/patrol__rosidl_typesupport_fastrtps_cpp.hpp
[1.965s] -- Up-to-date: /home/yubinwang/turtlebot3_ws/install/turtlebot3_msgs/include/turtlebot3_msgs/action/dds_fastrtps
[1.965s] -- Up-to-date: /home/yubinwang/turtlebot3_ws/install/turtlebot3_msgs/lib/libturtlebot3_msgs__rosidl_typesupport_fastrtps_cpp.so
[1.966s] -- Up-to-date: /home/yubinwang/turtlebot3_ws/install/turtlebot3_msgs/share/turtlebot3_msgs/environment/pythonpath.sh
[1.966s] -- Up-to-date: /home/yubinwang/turtlebot3_ws/install/turtlebot3_msgs/lib/python3.6/site-packages/turtlebot3_msgs/__init__.py
[2.017s] -- Up-to-date: /home/yubinwang/turtlebot3_ws/install/turtlebot3_msgs/lib/python3.6/site-packages/turtlebot3_msgs/msg
[2.018s] -- Up-to-date: /home/yubinwang/turtlebot3_ws/install/turtlebot3_msgs/lib/python3.6/site-packages/turtlebot3_msgs/msg/_version_info_s.c
[2.018s] -- Up-to-date: /home/yubinwang/turtlebot3_ws/install/turtlebot3_msgs/lib/python3.6/site-packages/turtlebot3_msgs/msg/_version_info.py
[2.018s] -- Up-to-date: /home/yubinwang/turtlebot3_ws/install/turtlebot3_msgs/lib/python3.6/site-packages/turtlebot3_msgs/msg/_sensor_state.py
[2.018s] -- Up-to-date: /home/yubinwang/turtlebot3_ws/install/turtlebot3_msgs/lib/python3.6/site-packages/turtlebot3_msgs/msg/_sound.py
[2.019s] -- Up-to-date: /home/yubinwang/turtlebot3_ws/install/turtlebot3_msgs/lib/python3.6/site-packages/turtlebot3_msgs/msg/_sound_s.c
[2.019s] -- Up-to-date: /home/yubinwang/turtlebot3_ws/install/turtlebot3_msgs/lib/python3.6/site-packages/turtlebot3_msgs/msg/__init__.py
[2.019s] -- Up-to-date: /home/yubinwang/turtlebot3_ws/install/turtlebot3_msgs/lib/python3.6/site-packages/turtlebot3_msgs/msg/_sensor_state_s.c
[2.019s] -- Up-to-date: /home/yubinwang/turtlebot3_ws/install/turtlebot3_msgs/lib/python3.6/site-packages/turtlebot3_msgs/srv
[2.019s] -- Up-to-date: /home/yubinwang/turtlebot3_ws/install/turtlebot3_msgs/lib/python3.6/site-packages/turtlebot3_msgs/srv/_dqn.py
[2.019s] -- Up-to-date: /home/yubinwang/turtlebot3_ws/install/turtlebot3_msgs/lib/python3.6/site-packages/turtlebot3_msgs/srv/_dqn_s.c
[2.019s] -- Up-to-date: /home/yubinwang/turtlebot3_ws/install/turtlebot3_msgs/lib/python3.6/site-packages/turtlebot3_msgs/srv/_sound.py
[2.020s] -- Up-to-date: /home/yubinwang/turtlebot3_ws/install/turtlebot3_msgs/lib/python3.6/site-packages/turtlebot3_msgs/srv/_sound_s.c
[2.020s] -- Up-to-date: /home/yubinwang/turtlebot3_ws/install/turtlebot3_msgs/lib/python3.6/site-packages/turtlebot3_msgs/srv/__init__.py
[2.020s] -- Up-to-date: /home/yubinwang/turtlebot3_ws/install/turtlebot3_msgs/lib/python3.6/site-packages/turtlebot3_msgs/action
[2.020s] -- Up-to-date: /home/yubinwang/turtlebot3_ws/install/turtlebot3_msgs/lib/python3.6/site-packages/turtlebot3_msgs/action/_patrol_s.c
[2.020s] -- Up-to-date: /home/yubinwang/turtlebot3_ws/install/turtlebot3_msgs/lib/python3.6/site-packages/turtlebot3_msgs/action/_patrol.py
[2.021s] -- Up-to-date: /home/yubinwang/turtlebot3_ws/install/turtlebot3_msgs/lib/python3.6/site-packages/turtlebot3_msgs/action/__init__.py
[2.021s] -- Up-to-date: /home/yubinwang/turtlebot3_ws/install/turtlebot3_msgs/lib/python3.6/site-packages/turtlebot3_msgs/turtlebot3_msgs_s__rosidl_typesupport_c.cpython-36m-x86_64-linux-gnu.so
[2.021s] -- Up-to-date: /home/yubinwang/turtlebot3_ws/install/turtlebot3_msgs/lib/python3.6/site-packages/turtlebot3_msgs/turtlebot3_msgs_s__rosidl_typesupport_fastrtps_c.cpython-36m-x86_64-linux-gnu.so
[2.022s] -- Up-to-date: /home/yubinwang/turtlebot3_ws/install/turtlebot3_msgs/lib/libturtlebot3_msgs__python.so
[2.022s] -- Up-to-date: /home/yubinwang/turtlebot3_ws/install/turtlebot3_msgs/share/turtlebot3_msgs/msg/SensorState.idl
[2.022s] -- Up-to-date: /home/yubinwang/turtlebot3_ws/install/turtlebot3_msgs/share/turtlebot3_msgs/msg/Sound.idl
[2.023s] -- Up-to-date: /home/yubinwang/turtlebot3_ws/install/turtlebot3_msgs/share/turtlebot3_msgs/msg/VersionInfo.idl
[2.023s] -- Up-to-date: /home/yubinwang/turtlebot3_ws/install/turtlebot3_msgs/share/turtlebot3_msgs/srv/Sound.idl
[2.023s] -- Up-to-date: /home/yubinwang/turtlebot3_ws/install/turtlebot3_msgs/share/turtlebot3_msgs/srv/Dqn.idl
[2.023s] -- Up-to-date: /home/yubinwang/turtlebot3_ws/install/turtlebot3_msgs/share/turtlebot3_msgs/action/Patrol.idl
[2.023s] -- Up-to-date: /home/yubinwang/turtlebot3_ws/install/turtlebot3_msgs/share/turtlebot3_msgs/msg/SensorState.msg
[2.023s] -- Up-to-date: /home/yubinwang/turtlebot3_ws/install/turtlebot3_msgs/share/turtlebot3_msgs/msg/Sound.msg
[2.023s] -- Up-to-date: /home/yubinwang/turtlebot3_ws/install/turtlebot3_msgs/share/turtlebot3_msgs/msg/VersionInfo.msg
[2.023s] -- Up-to-date: /home/yubinwang/turtlebot3_ws/install/turtlebot3_msgs/share/turtlebot3_msgs/srv/Sound.srv
[2.024s] -- Up-to-date: /home/yubinwang/turtlebot3_ws/install/turtlebot3_msgs/share/turtlebot3_msgs/srv/Sound_Request.msg
[2.024s] -- Up-to-date: /home/yubinwang/turtlebot3_ws/install/turtlebot3_msgs/share/turtlebot3_msgs/srv/Sound_Response.msg
[2.024s] -- Up-to-date: /home/yubinwang/turtlebot3_ws/install/turtlebot3_msgs/share/turtlebot3_msgs/srv/Dqn.srv
[2.024s] -- Up-to-date: /home/yubinwang/turtlebot3_ws/install/turtlebot3_msgs/share/turtlebot3_msgs/srv/Dqn_Request.msg
[2.024s] -- Up-to-date: /home/yubinwang/turtlebot3_ws/install/turtlebot3_msgs/share/turtlebot3_msgs/srv/Dqn_Response.msg
[2.024s] -- Up-to-date: /home/yubinwang/turtlebot3_ws/install/turtlebot3_msgs/share/turtlebot3_msgs/action/Patrol.action
[2.024s] -- Up-to-date: /home/yubinwang/turtlebot3_ws/install/turtlebot3_msgs/share/ament_index/resource_index/package_run_dependencies/turtlebot3_msgs
[2.024s] -- Up-to-date: /home/yubinwang/turtlebot3_ws/install/turtlebot3_msgs/share/ament_index/resource_index/parent_prefix_path/turtlebot3_msgs
[2.024s] -- Up-to-date: /home/yubinwang/turtlebot3_ws/install/turtlebot3_msgs/share/turtlebot3_msgs/environment/ament_prefix_path.sh
[2.025s] -- Up-to-date: /home/yubinwang/turtlebot3_ws/install/turtlebot3_msgs/share/turtlebot3_msgs/environment/path.sh
[2.025s] -- Up-to-date: /home/yubinwang/turtlebot3_ws/install/turtlebot3_msgs/share/turtlebot3_msgs/local_setup.bash
[2.025s] -- Up-to-date: /home/yubinwang/turtlebot3_ws/install/turtlebot3_msgs/share/turtlebot3_msgs/local_setup.sh
[2.026s] -- Up-to-date: /home/yubinwang/turtlebot3_ws/install/turtlebot3_msgs/share/turtlebot3_msgs/local_setup.zsh
[2.026s] -- Up-to-date: /home/yubinwang/turtlebot3_ws/install/turtlebot3_msgs/share/ament_index/resource_index/packages/turtlebot3_msgs
[2.027s] -- Up-to-date: /home/yubinwang/turtlebot3_ws/install/turtlebot3_msgs/share/turtlebot3_msgs/cmake/rosidl_cmake-extras.cmake
[2.027s] -- Up-to-date: /home/yubinwang/turtlebot3_ws/install/turtlebot3_msgs/share/turtlebot3_msgs/cmake/ament_cmake_export_dependencies-extras.cmake
[2.027s] -- Up-to-date: /home/yubinwang/turtlebot3_ws/install/turtlebot3_msgs/share/turtlebot3_msgs/cmake/ament_cmake_export_include_directories-extras.cmake
[2.027s] -- Up-to-date: /home/yubinwang/turtlebot3_ws/install/turtlebot3_msgs/share/turtlebot3_msgs/cmake/ament_cmake_export_libraries-extras.cmake
[2.027s] -- Up-to-date: /home/yubinwang/turtlebot3_ws/install/turtlebot3_msgs/share/turtlebot3_msgs/cmake/turtlebot3_msgsConfig.cmake
[2.028s] -- Up-to-date: /home/yubinwang/turtlebot3_ws/install/turtlebot3_msgs/share/turtlebot3_msgs/cmake/turtlebot3_msgsConfig-version.cmake
[2.028s] -- Up-to-date: /home/yubinwang/turtlebot3_ws/install/turtlebot3_msgs/share/turtlebot3_msgs/package.xml
[2.050s] Invoked command in '/home/yubinwang/turtlebot3_ws/build/turtlebot3_msgs' returned '0': CMAKE_PREFIX_PATH=${CMAKE_PREFIX_PATH}:/home/yubinwang/turtlebot3_ws/install/turtlebot3_teleop:/home/yubinwang/turtlebot3_ws/install/turtlebot3_example:/opt/ros/dashing /usr/bin/cmake --build /home/yubinwang/turtlebot3_ws/build/turtlebot3_msgs --target install -- -j8 -l8
