[0.081s] Invoking command in '/home/yubinwang/turtlebot3_ws/build/turtlebot3_description': CMAKE_PREFIX_PATH=${CMAKE_PREFIX_PATH}:/home/yubinwang/turtlebot3_ws/install/turtlebot3_teleop:/home/yubinwang/turtlebot3_ws/install/turtlebot3_example:/opt/ros/dashing /usr/bin/cmake --build /home/yubinwang/turtlebot3_ws/build/turtlebot3_description -- -j8 -l8
[0.671s] Invoked command in '/home/yubinwang/turtlebot3_ws/build/turtlebot3_description' returned '0': CMAKE_PREFIX_PATH=${CMAKE_PREFIX_PATH}:/home/yubinwang/turtlebot3_ws/install/turtlebot3_teleop:/home/yubinwang/turtlebot3_ws/install/turtlebot3_example:/opt/ros/dashing /usr/bin/cmake --build /home/yubinwang/turtlebot3_ws/build/turtlebot3_description -- -j8 -l8
[0.773s] Invoking command in '/home/yubinwang/turtlebot3_ws/build/turtlebot3_description': CMAKE_PREFIX_PATH=${CMAKE_PREFIX_PATH}:/home/yubinwang/turtlebot3_ws/install/turtlebot3_teleop:/home/yubinwang/turtlebot3_ws/install/turtlebot3_example:/opt/ros/dashing /usr/bin/cmake --build /home/yubinwang/turtlebot3_ws/build/turtlebot3_description --target install -- -j8 -l8
[0.880s] [36mInstall the project...[0m
[0.906s] -- Install configuration: ""
[0.909s] -- Up-to-date: /home/yubinwang/turtlebot3_ws/install/turtlebot3_description/share/turtlebot3_description/meshes
[0.910s] -- Up-to-date: /home/yubinwang/turtlebot3_ws/install/turtlebot3_description/share/turtlebot3_description/meshes/wheels
[0.910s] -- Up-to-date: /home/yubinwang/turtlebot3_ws/install/turtlebot3_description/share/turtlebot3_description/meshes/wheels/left_tire.stl
[0.910s] -- Up-to-date: /home/yubinwang/turtlebot3_ws/install/turtlebot3_description/share/turtlebot3_description/meshes/wheels/right_tire.stl
[0.910s] -- Up-to-date: /home/yubinwang/turtlebot3_ws/install/turtlebot3_description/share/turtlebot3_description/meshes/bases
[0.911s] -- Up-to-date: /home/yubinwang/turtlebot3_ws/install/turtlebot3_description/share/turtlebot3_description/meshes/bases/burger_base.stl
[0.912s] -- Up-to-date: /home/yubinwang/turtlebot3_ws/install/turtlebot3_description/share/turtlebot3_description/meshes/bases/waffle_pi_base.stl
[0.915s] -- Up-to-date: /home/yubinwang/turtlebot3_ws/install/turtlebot3_description/share/turtlebot3_description/meshes/bases/waffle_base.stl
[0.917s] -- Up-to-date: /home/yubinwang/turtlebot3_ws/install/turtlebot3_description/share/turtlebot3_description/meshes/sensors
[0.918s] -- Up-to-date: /home/yubinwang/turtlebot3_ws/install/turtlebot3_description/share/turtlebot3_description/meshes/sensors/r200.dae
[0.919s] -- Up-to-date: /home/yubinwang/turtlebot3_ws/install/turtlebot3_description/share/turtlebot3_description/meshes/sensors/astra.jpg
[0.919s] -- Up-to-date: /home/yubinwang/turtlebot3_ws/install/turtlebot3_description/share/turtlebot3_description/meshes/sensors/astra.dae
[0.919s] -- Up-to-date: /home/yubinwang/turtlebot3_ws/install/turtlebot3_description/share/turtlebot3_description/meshes/sensors/lds.stl
[0.920s] -- Up-to-date: /home/yubinwang/turtlebot3_ws/install/turtlebot3_description/share/turtlebot3_description/meshes/sensors/r200.jpg
[0.920s] -- Up-to-date: /home/yubinwang/turtlebot3_ws/install/turtlebot3_description/share/turtlebot3_description/rviz
[0.921s] -- Up-to-date: /home/yubinwang/turtlebot3_ws/install/turtlebot3_description/share/turtlebot3_description/rviz/model.rviz
[0.921s] -- Up-to-date: /home/yubinwang/turtlebot3_ws/install/turtlebot3_description/share/turtlebot3_description/urdf
[0.921s] -- Up-to-date: /home/yubinwang/turtlebot3_ws/install/turtlebot3_description/share/turtlebot3_description/urdf/turtlebot3_burger.urdf
[0.922s] -- Up-to-date: /home/yubinwang/turtlebot3_ws/install/turtlebot3_description/share/turtlebot3_description/urdf/common_properties.urdf
[0.922s] -- Up-to-date: /home/yubinwang/turtlebot3_ws/install/turtlebot3_description/share/turtlebot3_description/urdf/turtlebot3_waffle_pi.urdf
[0.923s] -- Up-to-date: /home/yubinwang/turtlebot3_ws/install/turtlebot3_description/share/turtlebot3_description/urdf/turtlebot3_waffle.urdf
[0.923s] -- Up-to-date: /home/yubinwang/turtlebot3_ws/install/turtlebot3_description/share/ament_index/resource_index/package_run_dependencies/turtlebot3_description
[0.923s] -- Up-to-date: /home/yubinwang/turtlebot3_ws/install/turtlebot3_description/share/ament_index/resource_index/parent_prefix_path/turtlebot3_description
[0.923s] -- Up-to-date: /home/yubinwang/turtlebot3_ws/install/turtlebot3_description/share/turtlebot3_description/environment/ament_prefix_path.sh
[0.923s] -- Up-to-date: /home/yubinwang/turtlebot3_ws/install/turtlebot3_description/share/turtlebot3_description/environment/path.sh
[0.923s] -- Up-to-date: /home/yubinwang/turtlebot3_ws/install/turtlebot3_description/share/turtlebot3_description/local_setup.bash
[0.924s] -- Up-to-date: /home/yubinwang/turtlebot3_ws/install/turtlebot3_description/share/turtlebot3_description/local_setup.sh
[0.924s] -- Up-to-date: /home/yubinwang/turtlebot3_ws/install/turtlebot3_description/share/turtlebot3_description/local_setup.zsh
[0.924s] -- Up-to-date: /home/yubinwang/turtlebot3_ws/install/turtlebot3_description/share/ament_index/resource_index/packages/turtlebot3_description
[0.924s] -- Up-to-date: /home/yubinwang/turtlebot3_ws/install/turtlebot3_description/share/turtlebot3_description/cmake/turtlebot3_descriptionConfig.cmake
[0.924s] -- Up-to-date: /home/yubinwang/turtlebot3_ws/install/turtlebot3_description/share/turtlebot3_description/cmake/turtlebot3_descriptionConfig-version.cmake
[0.924s] -- Up-to-date: /home/yubinwang/turtlebot3_ws/install/turtlebot3_description/share/turtlebot3_description/package.xml
[0.956s] Invoked command in '/home/yubinwang/turtlebot3_ws/build/turtlebot3_description' returned '0': CMAKE_PREFIX_PATH=${CMAKE_PREFIX_PATH}:/home/yubinwang/turtlebot3_ws/install/turtlebot3_teleop:/home/yubinwang/turtlebot3_ws/install/turtlebot3_example:/opt/ros/dashing /usr/bin/cmake --build /home/yubinwang/turtlebot3_ws/build/turtlebot3_description --target install -- -j8 -l8
