[0.076s] Invoking command in '/home/yubinwang/turtlebot3_ws/build/turtlebot3_description': CMAKE_PREFIX_PATH=${CMAKE_PREFIX_PATH}:/home/yubinwang/turtlebot3_ws/install/turtlebot3_teleop:/home/yubinwang/turtlebot3_ws/install/turtlebot3_example:/opt/ros/dashing /usr/bin/cmake --build /home/yubinwang/turtlebot3_ws/build/turtlebot3_description -- -j8 -l8
[0.575s] Invoked command in '/home/yubinwang/turtlebot3_ws/build/turtlebot3_description' returned '0': CMAKE_PREFIX_PATH=${CMAKE_PREFIX_PATH}:/home/yubinwang/turtlebot3_ws/install/turtlebot3_teleop:/home/yubinwang/turtlebot3_ws/install/turtlebot3_example:/opt/ros/dashing /usr/bin/cmake --build /home/yubinwang/turtlebot3_ws/build/turtlebot3_description -- -j8 -l8
[0.646s] Invoking command in '/home/yubinwang/turtlebot3_ws/build/turtlebot3_description': CMAKE_PREFIX_PATH=${CMAKE_PREFIX_PATH}:/home/yubinwang/turtlebot3_ws/install/turtlebot3_teleop:/home/yubinwang/turtlebot3_ws/install/turtlebot3_example:/opt/ros/dashing /usr/bin/cmake --build /home/yubinwang/turtlebot3_ws/build/turtlebot3_description --target install -- -j8 -l8
[0.741s] [36mInstall the project...[0m
[0.770s] -- Install configuration: ""
[0.770s] -- Up-to-date: /home/yubinwang/turtlebot3_ws/install/turtlebot3_description/share/turtlebot3_description/meshes
[0.771s] -- Up-to-date: /home/yubinwang/turtlebot3_ws/install/turtlebot3_description/share/turtlebot3_description/meshes/wheels
[0.771s] -- Up-to-date: /home/yubinwang/turtlebot3_ws/install/turtlebot3_description/share/turtlebot3_description/meshes/wheels/left_tire.stl
[0.772s] -- Up-to-date: /home/yubinwang/turtlebot3_ws/install/turtlebot3_description/share/turtlebot3_description/meshes/wheels/right_tire.stl
[0.772s] -- Up-to-date: /home/yubinwang/turtlebot3_ws/install/turtlebot3_description/share/turtlebot3_description/meshes/bases
[0.772s] -- Up-to-date: /home/yubinwang/turtlebot3_ws/install/turtlebot3_description/share/turtlebot3_description/meshes/bases/burger_base.stl
[0.772s] -- Up-to-date: /home/yubinwang/turtlebot3_ws/install/turtlebot3_description/share/turtlebot3_description/meshes/bases/waffle_pi_base.stl
[0.773s] -- Up-to-date: /home/yubinwang/turtlebot3_ws/install/turtlebot3_description/share/turtlebot3_description/meshes/bases/waffle_base.stl
[0.774s] -- Up-to-date: /home/yubinwang/turtlebot3_ws/install/turtlebot3_description/share/turtlebot3_description/meshes/sensors
[0.775s] -- Up-to-date: /home/yubinwang/turtlebot3_ws/install/turtlebot3_description/share/turtlebot3_description/meshes/sensors/r200.dae
[0.775s] -- Up-to-date: /home/yubinwang/turtlebot3_ws/install/turtlebot3_description/share/turtlebot3_description/meshes/sensors/astra.jpg
[0.775s] -- Up-to-date: /home/yubinwang/turtlebot3_ws/install/turtlebot3_description/share/turtlebot3_description/meshes/sensors/astra.dae
[0.776s] -- Up-to-date: /home/yubinwang/turtlebot3_ws/install/turtlebot3_description/share/turtlebot3_description/meshes/sensors/lds.stl
[0.776s] -- Up-to-date: /home/yubinwang/turtlebot3_ws/install/turtlebot3_description/share/turtlebot3_description/meshes/sensors/r200.jpg
[0.777s] -- Up-to-date: /home/yubinwang/turtlebot3_ws/install/turtlebot3_description/share/turtlebot3_description/rviz
[0.778s] -- Up-to-date: /home/yubinwang/turtlebot3_ws/install/turtlebot3_description/share/turtlebot3_description/rviz/model.rviz
[0.778s] -- Up-to-date: /home/yubinwang/turtlebot3_ws/install/turtlebot3_description/share/turtlebot3_description/urdf
[0.778s] -- Up-to-date: /home/yubinwang/turtlebot3_ws/install/turtlebot3_description/share/turtlebot3_description/urdf/turtlebot3_burger.urdf
[0.778s] -- Up-to-date: /home/yubinwang/turtlebot3_ws/install/turtlebot3_description/share/turtlebot3_description/urdf/common_properties.urdf
[0.779s] -- Up-to-date: /home/yubinwang/turtlebot3_ws/install/turtlebot3_description/share/turtlebot3_description/urdf/turtlebot3_waffle_pi.urdf
[0.779s] -- Up-to-date: /home/yubinwang/turtlebot3_ws/install/turtlebot3_description/share/turtlebot3_description/urdf/turtlebot3_waffle.urdf
[0.779s] -- Up-to-date: /home/yubinwang/turtlebot3_ws/install/turtlebot3_description/share/ament_index/resource_index/package_run_dependencies/turtlebot3_description
[0.779s] -- Up-to-date: /home/yubinwang/turtlebot3_ws/install/turtlebot3_description/share/ament_index/resource_index/parent_prefix_path/turtlebot3_description
[0.780s] -- Up-to-date: /home/yubinwang/turtlebot3_ws/install/turtlebot3_description/share/turtlebot3_description/environment/ament_prefix_path.sh
[0.780s] -- Up-to-date: /home/yubinwang/turtlebot3_ws/install/turtlebot3_description/share/turtlebot3_description/environment/path.sh
[0.780s] -- Up-to-date: /home/yubinwang/turtlebot3_ws/install/turtlebot3_description/share/turtlebot3_description/local_setup.bash
[0.781s] -- Up-to-date: /home/yubinwang/turtlebot3_ws/install/turtlebot3_description/share/turtlebot3_description/local_setup.sh
[0.781s] -- Up-to-date: /home/yubinwang/turtlebot3_ws/install/turtlebot3_description/share/turtlebot3_description/local_setup.zsh
[0.781s] -- Up-to-date: /home/yubinwang/turtlebot3_ws/install/turtlebot3_description/share/ament_index/resource_index/packages/turtlebot3_description
[0.781s] -- Up-to-date: /home/yubinwang/turtlebot3_ws/install/turtlebot3_description/share/turtlebot3_description/cmake/turtlebot3_descriptionConfig.cmake
[0.782s] -- Up-to-date: /home/yubinwang/turtlebot3_ws/install/turtlebot3_description/share/turtlebot3_description/cmake/turtlebot3_descriptionConfig-version.cmake
[0.782s] -- Up-to-date: /home/yubinwang/turtlebot3_ws/install/turtlebot3_description/share/turtlebot3_description/package.xml
[0.830s] Invoked command in '/home/yubinwang/turtlebot3_ws/build/turtlebot3_description' returned '0': CMAKE_PREFIX_PATH=${CMAKE_PREFIX_PATH}:/home/yubinwang/turtlebot3_ws/install/turtlebot3_teleop:/home/yubinwang/turtlebot3_ws/install/turtlebot3_example:/opt/ros/dashing /usr/bin/cmake --build /home/yubinwang/turtlebot3_ws/build/turtlebot3_description --target install -- -j8 -l8
