[0.783s] Invoking command in '/home/yubinwang/turtlebot3_ws/src/turtlebot3/turtlebot3_example': CMAKE_PREFIX_PATH=/home/yubinwang/turtlebot3_ws/install/turtlebot3_msgs:/home/yubinwang/turtlebot3_ws/install/turtlebot3:/home/yubinwang/turtlebot3_ws/install/turtlebot3_bringup:/home/yubinwang/turtlebot3_ws/install/turtlebot3_node:/home/yubinwang/turtlebot3_ws/install/turtlebot3_navigation2:/home/yubinwang/turtlebot3_ws/install/turtlebot3_description:/home/yubinwang/turtlebot3_ws/install/turtlebot3_cartographer:/home/yubinwang/turtlebot3_ws/install/dynamixel_sdk_examples:/home/yubinwang/turtlebot3_ws/install/dynamixel_sdk_custom_interfaces:/home/yubinwang/turtlebot3_ws/install/dynamixel_sdk PYTHONPATH=/home/yubinwang/turtlebot3_ws/install/turtlebot3_example/lib/python3.6/site-packages:/home/yubinwang/turtlebot3_ws/install/turtlebot3_msgs/lib/python3.6/site-packages:/home/yubinwang/turtlebot3_ws/install/turtlebot3_teleop/lib/python3.6/site-packages:/home/yubinwang/turtlebot3_ws/install/turtlebot3_example/lib/python3.6/site-packages:/home/yubinwang/turtlebot3_ws/install/dynamixel_sdk_custom_interfaces/lib/python3.6/site-packages:/opt/ros/dashing/lib/python3.6/site-packages /usr/bin/python3 setup.py egg_info --egg-base ../../../build/turtlebot3_example build --build-base /home/yubinwang/turtlebot3_ws/build/turtlebot3_example/build install --prefix /home/yubinwang/turtlebot3_ws/install/turtlebot3_example --record /home/yubinwang/turtlebot3_ws/build/turtlebot3_example/install.log --single-version-externally-managed
[1.399s] /home/yubinwang/.local/lib/python3.6/site-packages/setuptools/dist.py:720: UserWarning: Usage of dash-separated 'script-dir' will not be supported in future versions. Please use the underscore name 'script_dir' instead
[1.400s]   % (opt, underscore_opt)
[1.400s] /home/yubinwang/.local/lib/python3.6/site-packages/setuptools/dist.py:720: UserWarning: Usage of dash-separated 'install-scripts' will not be supported in future versions. Please use the underscore name 'install_scripts' instead
[1.400s]   % (opt, underscore_opt)
[1.476s] running egg_info
[1.477s] creating ../../../build/turtlebot3_example/turtlebot3_example.egg-info
[1.477s] writing ../../../build/turtlebot3_example/turtlebot3_example.egg-info/PKG-INFO
[1.477s] writing dependency_links to ../../../build/turtlebot3_example/turtlebot3_example.egg-info/dependency_links.txt
[1.478s] writing entry points to ../../../build/turtlebot3_example/turtlebot3_example.egg-info/entry_points.txt
[1.478s] writing requirements to ../../../build/turtlebot3_example/turtlebot3_example.egg-info/requires.txt
[1.478s] writing top-level names to ../../../build/turtlebot3_example/turtlebot3_example.egg-info/top_level.txt
[1.478s] writing manifest file '../../../build/turtlebot3_example/turtlebot3_example.egg-info/SOURCES.txt'
[1.481s] reading manifest file '../../../build/turtlebot3_example/turtlebot3_example.egg-info/SOURCES.txt'
[1.483s] writing manifest file '../../../build/turtlebot3_example/turtlebot3_example.egg-info/SOURCES.txt'
[1.484s] running build
[1.484s] running build_py
[1.484s] creating /home/yubinwang/turtlebot3_ws/build/turtlebot3_example/build
[1.484s] creating /home/yubinwang/turtlebot3_ws/build/turtlebot3_example/build/lib
[1.484s] creating /home/yubinwang/turtlebot3_ws/build/turtlebot3_example/build/lib/turtlebot3_example
[1.485s] copying turtlebot3_example/__init__.py -> /home/yubinwang/turtlebot3_ws/build/turtlebot3_example/build/lib/turtlebot3_example
[1.485s] creating /home/yubinwang/turtlebot3_ws/build/turtlebot3_example/build/lib/turtlebot3_example/turtlebot3_obstacle_detection
[1.485s] copying turtlebot3_example/turtlebot3_obstacle_detection/main.py -> /home/yubinwang/turtlebot3_ws/build/turtlebot3_example/build/lib/turtlebot3_example/turtlebot3_obstacle_detection
[1.486s] copying turtlebot3_example/turtlebot3_obstacle_detection/__init__.py -> /home/yubinwang/turtlebot3_ws/build/turtlebot3_example/build/lib/turtlebot3_example/turtlebot3_obstacle_detection
[1.486s] copying turtlebot3_example/turtlebot3_obstacle_detection/turtlebot3_obstacle_detection.py -> /home/yubinwang/turtlebot3_ws/build/turtlebot3_example/build/lib/turtlebot3_example/turtlebot3_obstacle_detection
[1.487s] creating /home/yubinwang/turtlebot3_ws/build/turtlebot3_example/build/lib/turtlebot3_example/turtlebot3_patrol_client
[1.487s] copying turtlebot3_example/turtlebot3_patrol_client/main.py -> /home/yubinwang/turtlebot3_ws/build/turtlebot3_example/build/lib/turtlebot3_example/turtlebot3_patrol_client
[1.487s] copying turtlebot3_example/turtlebot3_patrol_client/__init__.py -> /home/yubinwang/turtlebot3_ws/build/turtlebot3_example/build/lib/turtlebot3_example/turtlebot3_patrol_client
[1.487s] copying turtlebot3_example/turtlebot3_patrol_client/turtlebot3_patrol_client.py -> /home/yubinwang/turtlebot3_ws/build/turtlebot3_example/build/lib/turtlebot3_example/turtlebot3_patrol_client
[1.488s] creating /home/yubinwang/turtlebot3_ws/build/turtlebot3_example/build/lib/turtlebot3_example/turtlebot3_patrol_server
[1.488s] copying turtlebot3_example/turtlebot3_patrol_server/main.py -> /home/yubinwang/turtlebot3_ws/build/turtlebot3_example/build/lib/turtlebot3_example/turtlebot3_patrol_server
[1.488s] copying turtlebot3_example/turtlebot3_patrol_server/turtlebot3_patrol_server.py -> /home/yubinwang/turtlebot3_ws/build/turtlebot3_example/build/lib/turtlebot3_example/turtlebot3_patrol_server
[1.488s] copying turtlebot3_example/turtlebot3_patrol_server/turtlebot3_path.py -> /home/yubinwang/turtlebot3_ws/build/turtlebot3_example/build/lib/turtlebot3_example/turtlebot3_patrol_server
[1.489s] copying turtlebot3_example/turtlebot3_patrol_server/__init__.py -> /home/yubinwang/turtlebot3_ws/build/turtlebot3_example/build/lib/turtlebot3_example/turtlebot3_patrol_server
[1.489s] creating /home/yubinwang/turtlebot3_ws/build/turtlebot3_example/build/lib/turtlebot3_example/turtlebot3_position_control
[1.489s] copying turtlebot3_example/turtlebot3_position_control/main.py -> /home/yubinwang/turtlebot3_ws/build/turtlebot3_example/build/lib/turtlebot3_example/turtlebot3_position_control
[1.490s] copying turtlebot3_example/turtlebot3_position_control/turtlebot3_position_control_test_casadi.py -> /home/yubinwang/turtlebot3_ws/build/turtlebot3_example/build/lib/turtlebot3_example/turtlebot3_position_control
[1.490s] copying turtlebot3_example/turtlebot3_position_control/turtlebot3_position_control _single_collisionfree.py -> /home/yubinwang/turtlebot3_ws/build/turtlebot3_example/build/lib/turtlebot3_example/turtlebot3_position_control
[1.490s] copying turtlebot3_example/turtlebot3_position_control/turtlebot3_path.py -> /home/yubinwang/turtlebot3_ws/build/turtlebot3_example/build/lib/turtlebot3_example/turtlebot3_position_control
[1.490s] copying turtlebot3_example/turtlebot3_position_control/__init__.py -> /home/yubinwang/turtlebot3_ws/build/turtlebot3_example/build/lib/turtlebot3_example/turtlebot3_position_control
[1.491s] copying turtlebot3_example/turtlebot3_position_control/turtlebot3_position_control _original.py -> /home/yubinwang/turtlebot3_ws/build/turtlebot3_example/build/lib/turtlebot3_example/turtlebot3_position_control
[1.491s] copying turtlebot3_example/turtlebot3_position_control/turtlebot3_position_control.py -> /home/yubinwang/turtlebot3_ws/build/turtlebot3_example/build/lib/turtlebot3_example/turtlebot3_position_control
[1.491s] running install
[1.492s] running install_lib
[1.495s] copying /home/yubinwang/turtlebot3_ws/build/turtlebot3_example/build/lib/turtlebot3_example/turtlebot3_position_control/turtlebot3_position_control _single_collisionfree.py -> /home/yubinwang/turtlebot3_ws/install/turtlebot3_example/lib/python3.6/site-packages/turtlebot3_example/turtlebot3_position_control
[1.496s] copying /home/yubinwang/turtlebot3_ws/build/turtlebot3_example/build/lib/turtlebot3_example/turtlebot3_position_control/turtlebot3_position_control.py -> /home/yubinwang/turtlebot3_ws/install/turtlebot3_example/lib/python3.6/site-packages/turtlebot3_example/turtlebot3_position_control
[1.497s] byte-compiling /home/yubinwang/turtlebot3_ws/install/turtlebot3_example/lib/python3.6/site-packages/turtlebot3_example/turtlebot3_position_control/turtlebot3_position_control _single_collisionfree.py to turtlebot3_position_control _single_collisionfree.cpython-36.pyc
[1.505s] byte-compiling /home/yubinwang/turtlebot3_ws/install/turtlebot3_example/lib/python3.6/site-packages/turtlebot3_example/turtlebot3_position_control/turtlebot3_position_control.py to turtlebot3_position_control.cpython-36.pyc
[1.515s] running install_data
[1.516s] running install_egg_info
[1.520s] removing '/home/yubinwang/turtlebot3_ws/install/turtlebot3_example/lib/python3.6/site-packages/turtlebot3_example-2.1.4-py3.6.egg-info' (and everything under it)
[1.520s] Copying ../../../build/turtlebot3_example/turtlebot3_example.egg-info to /home/yubinwang/turtlebot3_ws/install/turtlebot3_example/lib/python3.6/site-packages/turtlebot3_example-2.1.4-py3.6.egg-info
[1.522s] running install_scripts
[1.560s] Installing turtlebot3_obstacle_detection script to /home/yubinwang/turtlebot3_ws/install/turtlebot3_example/lib/turtlebot3_example
[1.560s] Installing turtlebot3_patrol_client script to /home/yubinwang/turtlebot3_ws/install/turtlebot3_example/lib/turtlebot3_example
[1.560s] Installing turtlebot3_patrol_server script to /home/yubinwang/turtlebot3_ws/install/turtlebot3_example/lib/turtlebot3_example
[1.561s] Installing turtlebot3_position_control script to /home/yubinwang/turtlebot3_ws/install/turtlebot3_example/lib/turtlebot3_example
[1.562s] writing list of installed files to '/home/yubinwang/turtlebot3_ws/build/turtlebot3_example/install.log'
[1.610s] Invoked command in '/home/yubinwang/turtlebot3_ws/src/turtlebot3/turtlebot3_example' returned '0': CMAKE_PREFIX_PATH=/home/yubinwang/turtlebot3_ws/install/turtlebot3_msgs:/home/yubinwang/turtlebot3_ws/install/turtlebot3:/home/yubinwang/turtlebot3_ws/install/turtlebot3_bringup:/home/yubinwang/turtlebot3_ws/install/turtlebot3_node:/home/yubinwang/turtlebot3_ws/install/turtlebot3_navigation2:/home/yubinwang/turtlebot3_ws/install/turtlebot3_description:/home/yubinwang/turtlebot3_ws/install/turtlebot3_cartographer:/home/yubinwang/turtlebot3_ws/install/dynamixel_sdk_examples:/home/yubinwang/turtlebot3_ws/install/dynamixel_sdk_custom_interfaces:/home/yubinwang/turtlebot3_ws/install/dynamixel_sdk PYTHONPATH=/home/yubinwang/turtlebot3_ws/install/turtlebot3_example/lib/python3.6/site-packages:/home/yubinwang/turtlebot3_ws/install/turtlebot3_msgs/lib/python3.6/site-packages:/home/yubinwang/turtlebot3_ws/install/turtlebot3_teleop/lib/python3.6/site-packages:/home/yubinwang/turtlebot3_ws/install/turtlebot3_example/lib/python3.6/site-packages:/home/yubinwang/turtlebot3_ws/install/dynamixel_sdk_custom_interfaces/lib/python3.6/site-packages:/opt/ros/dashing/lib/python3.6/site-packages /usr/bin/python3 setup.py egg_info --egg-base ../../../build/turtlebot3_example build --build-base /home/yubinwang/turtlebot3_ws/build/turtlebot3_example/build install --prefix /home/yubinwang/turtlebot3_ws/install/turtlebot3_example --record /home/yubinwang/turtlebot3_ws/build/turtlebot3_example/install.log --single-version-externally-managed
