[0.637s] Invoking command in '/home/yubinwang/turtlebot3_ws/src/turtlebot3/turtlebot3_teleop': PYTHONPATH=/home/yubinwang/turtlebot3_ws/install/turtlebot3_teleop/lib/python3.6/site-packages:${PYTHONPATH} /usr/bin/python3 setup.py egg_info --egg-base ../../../build/turtlebot3_teleop build --build-base /home/yubinwang/turtlebot3_ws/build/turtlebot3_teleop/build install --prefix /home/yubinwang/turtlebot3_ws/install/turtlebot3_teleop --record /home/yubinwang/turtlebot3_ws/build/turtlebot3_teleop/install.log --single-version-externally-managed
[1.066s] /home/yubinwang/.local/lib/python3.6/site-packages/setuptools/dist.py:720: UserWarning: Usage of dash-separated 'script-dir' will not be supported in future versions. Please use the underscore name 'script_dir' instead
[1.067s]   % (opt, underscore_opt)
[1.067s] /home/yubinwang/.local/lib/python3.6/site-packages/setuptools/dist.py:720: UserWarning: Usage of dash-separated 'install-scripts' will not be supported in future versions. Please use the underscore name 'install_scripts' instead
[1.067s]   % (opt, underscore_opt)
[1.117s] running egg_info
[1.118s] writing ../../../build/turtlebot3_teleop/turtlebot3_teleop.egg-info/PKG-INFO
[1.118s] writing dependency_links to ../../../build/turtlebot3_teleop/turtlebot3_teleop.egg-info/dependency_links.txt
[1.118s] writing entry points to ../../../build/turtlebot3_teleop/turtlebot3_teleop.egg-info/entry_points.txt
[1.118s] writing requirements to ../../../build/turtlebot3_teleop/turtlebot3_teleop.egg-info/requires.txt
[1.118s] writing top-level names to ../../../build/turtlebot3_teleop/turtlebot3_teleop.egg-info/top_level.txt
[1.120s] reading manifest file '../../../build/turtlebot3_teleop/turtlebot3_teleop.egg-info/SOURCES.txt'
[1.122s] writing manifest file '../../../build/turtlebot3_teleop/turtlebot3_teleop.egg-info/SOURCES.txt'
[1.123s] running build
[1.123s] running build_py
[1.123s] running install
[1.124s] running install_lib
[1.126s] running install_data
[1.127s] running install_egg_info
[1.134s] removing '/home/yubinwang/turtlebot3_ws/install/turtlebot3_teleop/lib/python3.6/site-packages/turtlebot3_teleop-2.1.4-py3.6.egg-info' (and everything under it)
[1.134s] Copying ../../../build/turtlebot3_teleop/turtlebot3_teleop.egg-info to /home/yubinwang/turtlebot3_ws/install/turtlebot3_teleop/lib/python3.6/site-packages/turtlebot3_teleop-2.1.4-py3.6.egg-info
[1.134s] running install_scripts
[1.160s] Installing teleop_keyboard script to /home/yubinwang/turtlebot3_ws/install/turtlebot3_teleop/lib/turtlebot3_teleop
[1.161s] writing list of installed files to '/home/yubinwang/turtlebot3_ws/build/turtlebot3_teleop/install.log'
[1.198s] Invoked command in '/home/yubinwang/turtlebot3_ws/src/turtlebot3/turtlebot3_teleop' returned '0': PYTHONPATH=/home/yubinwang/turtlebot3_ws/install/turtlebot3_teleop/lib/python3.6/site-packages:${PYTHONPATH} /usr/bin/python3 setup.py egg_info --egg-base ../../../build/turtlebot3_teleop build --build-base /home/yubinwang/turtlebot3_ws/build/turtlebot3_teleop/build install --prefix /home/yubinwang/turtlebot3_ws/install/turtlebot3_teleop --record /home/yubinwang/turtlebot3_ws/build/turtlebot3_teleop/install.log --single-version-externally-managed
