[0.059s] Invoking command in '/home/yubinwang/turtlebot3_ws/build/dynamixel_sdk_custom_interfaces': CMAKE_PREFIX_PATH=${CMAKE_PREFIX_PATH}:/home/yubinwang/turtlebot3_ws/install/turtlebot3_teleop:/home/yubinwang/turtlebot3_ws/install/turtlebot3_example:/opt/ros/dashing /usr/bin/cmake --build /home/yubinwang/turtlebot3_ws/build/dynamixel_sdk_custom_interfaces -- -j8 -l8
[0.523s] [ 10%] Built target dynamixel_sdk_custom_interfaces__rosidl_generator_c
[0.524s] [ 13%] Built target dynamixel_sdk_custom_interfaces__cpp
[0.524s] [ 24%] Built target dynamixel_sdk_custom_interfaces__rosidl_typesupport_introspection_c
[0.525s] [ 35%] Built target dynamixel_sdk_custom_interfaces__rosidl_typesupport_introspection_cpp
[0.525s] [ 45%] Built target dynamixel_sdk_custom_interfaces__rosidl_typesupport_fastrtps_cpp
[0.526s] [ 56%] Built target dynamixel_sdk_custom_interfaces__rosidl_typesupport_cpp
[0.527s] [ 67%] Built target dynamixel_sdk_custom_interfaces__rosidl_typesupport_fastrtps_c
[0.527s] [ 78%] Built target dynamixel_sdk_custom_interfaces__rosidl_typesupport_c
[0.527s] [ 78%] Built target dynamixel_sdk_custom_interfaces
[0.529s] [ 81%] Built target dynamixel_sdk_custom_interfaces__py
[0.529s] [ 89%] Built target dynamixel_sdk_custom_interfaces__python
[0.529s] [ 94%] Built target dynamixel_sdk_custom_interfaces__rosidl_typesupport_c__pyext
[0.530s] [100%] Built target dynamixel_sdk_custom_interfaces__rosidl_typesupport_fastrtps_c__pyext
[0.535s] Invoked command in '/home/yubinwang/turtlebot3_ws/build/dynamixel_sdk_custom_interfaces' returned '0': CMAKE_PREFIX_PATH=${CMAKE_PREFIX_PATH}:/home/yubinwang/turtlebot3_ws/install/turtlebot3_teleop:/home/yubinwang/turtlebot3_ws/install/turtlebot3_example:/opt/ros/dashing /usr/bin/cmake --build /home/yubinwang/turtlebot3_ws/build/dynamixel_sdk_custom_interfaces -- -j8 -l8
[0.678s] Invoking command in '/home/yubinwang/turtlebot3_ws/build/dynamixel_sdk_custom_interfaces': CMAKE_PREFIX_PATH=${CMAKE_PREFIX_PATH}:/home/yubinwang/turtlebot3_ws/install/turtlebot3_teleop:/home/yubinwang/turtlebot3_ws/install/turtlebot3_example:/opt/ros/dashing /usr/bin/cmake --build /home/yubinwang/turtlebot3_ws/build/dynamixel_sdk_custom_interfaces --target install -- -j8 -l8
[0.768s] [  2%] Built target dynamixel_sdk_custom_interfaces__cpp
[0.773s] [ 13%] Built target dynamixel_sdk_custom_interfaces__rosidl_generator_c
[0.805s] [ 24%] Built target dynamixel_sdk_custom_interfaces__rosidl_typesupport_fastrtps_cpp
[0.806s] [ 35%] Built target dynamixel_sdk_custom_interfaces__rosidl_typesupport_introspection_cpp
[0.814s] [ 45%] Built target dynamixel_sdk_custom_interfaces__rosidl_typesupport_introspection_c
[0.847s] [ 56%] Built target dynamixel_sdk_custom_interfaces__rosidl_typesupport_fastrtps_c
[0.850s] [ 67%] Built target dynamixel_sdk_custom_interfaces__rosidl_typesupport_cpp
[0.892s] [ 78%] Built target dynamixel_sdk_custom_interfaces__rosidl_typesupport_c
[0.924s] [ 78%] Built target dynamixel_sdk_custom_interfaces
[0.957s] [ 81%] Built target dynamixel_sdk_custom_interfaces__py
[0.996s] [ 89%] Built target dynamixel_sdk_custom_interfaces__python
[1.028s] [ 94%] Built target dynamixel_sdk_custom_interfaces__rosidl_typesupport_c__pyext
[1.030s] [100%] Built target dynamixel_sdk_custom_interfaces__rosidl_typesupport_fastrtps_c__pyext
[1.055s] [36mInstall the project...[0m
[1.066s] -- Install configuration: ""
[1.066s] -- Up-to-date: /home/yubinwang/turtlebot3_ws/install/dynamixel_sdk_custom_interfaces/share/ament_index/resource_index/rosidl_interfaces/dynamixel_sdk_custom_interfaces
[1.066s] -- Up-to-date: /home/yubinwang/turtlebot3_ws/install/dynamixel_sdk_custom_interfaces/include/dynamixel_sdk_custom_interfaces
[1.066s] -- Up-to-date: /home/yubinwang/turtlebot3_ws/install/dynamixel_sdk_custom_interfaces/include/dynamixel_sdk_custom_interfaces/msg
[1.066s] -- Up-to-date: /home/yubinwang/turtlebot3_ws/install/dynamixel_sdk_custom_interfaces/include/dynamixel_sdk_custom_interfaces/msg/set_position__struct.hpp
[1.066s] -- Up-to-date: /home/yubinwang/turtlebot3_ws/install/dynamixel_sdk_custom_interfaces/include/dynamixel_sdk_custom_interfaces/msg/set_position.hpp
[1.066s] -- Up-to-date: /home/yubinwang/turtlebot3_ws/install/dynamixel_sdk_custom_interfaces/include/dynamixel_sdk_custom_interfaces/msg/set_position__traits.hpp
[1.067s] -- Up-to-date: /home/yubinwang/turtlebot3_ws/install/dynamixel_sdk_custom_interfaces/include/dynamixel_sdk_custom_interfaces/srv
[1.067s] -- Up-to-date: /home/yubinwang/turtlebot3_ws/install/dynamixel_sdk_custom_interfaces/include/dynamixel_sdk_custom_interfaces/srv/get_position__struct.hpp
[1.067s] -- Up-to-date: /home/yubinwang/turtlebot3_ws/install/dynamixel_sdk_custom_interfaces/include/dynamixel_sdk_custom_interfaces/srv/get_position.hpp
[1.067s] -- Up-to-date: /home/yubinwang/turtlebot3_ws/install/dynamixel_sdk_custom_interfaces/include/dynamixel_sdk_custom_interfaces/srv/get_position__traits.hpp
[1.067s] -- Up-to-date: /home/yubinwang/turtlebot3_ws/install/dynamixel_sdk_custom_interfaces/include/dynamixel_sdk_custom_interfaces
[1.067s] -- Up-to-date: /home/yubinwang/turtlebot3_ws/install/dynamixel_sdk_custom_interfaces/include/dynamixel_sdk_custom_interfaces/msg
[1.067s] -- Up-to-date: /home/yubinwang/turtlebot3_ws/install/dynamixel_sdk_custom_interfaces/include/dynamixel_sdk_custom_interfaces/msg/set_position__functions.c
[1.067s] -- Up-to-date: /home/yubinwang/turtlebot3_ws/install/dynamixel_sdk_custom_interfaces/include/dynamixel_sdk_custom_interfaces/msg/set_position__struct.h
[1.068s] -- Up-to-date: /home/yubinwang/turtlebot3_ws/install/dynamixel_sdk_custom_interfaces/include/dynamixel_sdk_custom_interfaces/msg/set_position__type_support.h
[1.068s] -- Up-to-date: /home/yubinwang/turtlebot3_ws/install/dynamixel_sdk_custom_interfaces/include/dynamixel_sdk_custom_interfaces/msg/set_position__functions.h
[1.068s] -- Up-to-date: /home/yubinwang/turtlebot3_ws/install/dynamixel_sdk_custom_interfaces/include/dynamixel_sdk_custom_interfaces/msg/rosidl_generator_c__visibility_control.h
[1.068s] -- Up-to-date: /home/yubinwang/turtlebot3_ws/install/dynamixel_sdk_custom_interfaces/include/dynamixel_sdk_custom_interfaces/msg/set_position.h
[1.068s] -- Up-to-date: /home/yubinwang/turtlebot3_ws/install/dynamixel_sdk_custom_interfaces/include/dynamixel_sdk_custom_interfaces/srv
[1.068s] -- Up-to-date: /home/yubinwang/turtlebot3_ws/install/dynamixel_sdk_custom_interfaces/include/dynamixel_sdk_custom_interfaces/srv/get_position__struct.h
[1.068s] -- Up-to-date: /home/yubinwang/turtlebot3_ws/install/dynamixel_sdk_custom_interfaces/include/dynamixel_sdk_custom_interfaces/srv/get_position__functions.c
[1.069s] -- Up-to-date: /home/yubinwang/turtlebot3_ws/install/dynamixel_sdk_custom_interfaces/include/dynamixel_sdk_custom_interfaces/srv/get_position.h
[1.069s] -- Up-to-date: /home/yubinwang/turtlebot3_ws/install/dynamixel_sdk_custom_interfaces/include/dynamixel_sdk_custom_interfaces/srv/get_position__functions.h
[1.069s] -- Up-to-date: /home/yubinwang/turtlebot3_ws/install/dynamixel_sdk_custom_interfaces/include/dynamixel_sdk_custom_interfaces/srv/get_position__type_support.h
[1.069s] -- Up-to-date: /home/yubinwang/turtlebot3_ws/install/dynamixel_sdk_custom_interfaces/share/dynamixel_sdk_custom_interfaces/environment/library_path.sh
[1.069s] -- Up-to-date: /home/yubinwang/turtlebot3_ws/install/dynamixel_sdk_custom_interfaces/lib/libdynamixel_sdk_custom_interfaces__rosidl_generator_c.so
[1.069s] -- Up-to-date: /home/yubinwang/turtlebot3_ws/install/dynamixel_sdk_custom_interfaces/lib/libdynamixel_sdk_custom_interfaces__rosidl_typesupport_c.so
[1.069s] -- Up-to-date: /home/yubinwang/turtlebot3_ws/install/dynamixel_sdk_custom_interfaces/lib/libdynamixel_sdk_custom_interfaces__rosidl_typesupport_cpp.so
[1.070s] -- Up-to-date: /home/yubinwang/turtlebot3_ws/install/dynamixel_sdk_custom_interfaces/include/dynamixel_sdk_custom_interfaces
[1.070s] -- Up-to-date: /home/yubinwang/turtlebot3_ws/install/dynamixel_sdk_custom_interfaces/include/dynamixel_sdk_custom_interfaces/msg
[1.070s] -- Up-to-date: /home/yubinwang/turtlebot3_ws/install/dynamixel_sdk_custom_interfaces/include/dynamixel_sdk_custom_interfaces/msg/set_position__type_support.c
[1.070s] -- Up-to-date: /home/yubinwang/turtlebot3_ws/install/dynamixel_sdk_custom_interfaces/include/dynamixel_sdk_custom_interfaces/msg/rosidl_typesupport_introspection_c__visibility_control.h
[1.070s] -- Up-to-date: /home/yubinwang/turtlebot3_ws/install/dynamixel_sdk_custom_interfaces/include/dynamixel_sdk_custom_interfaces/msg/set_position__rosidl_typesupport_introspection_c.h
[1.070s] -- Up-to-date: /home/yubinwang/turtlebot3_ws/install/dynamixel_sdk_custom_interfaces/include/dynamixel_sdk_custom_interfaces/srv
[1.070s] -- Up-to-date: /home/yubinwang/turtlebot3_ws/install/dynamixel_sdk_custom_interfaces/include/dynamixel_sdk_custom_interfaces/srv/get_position__rosidl_typesupport_introspection_c.h
[1.070s] -- Up-to-date: /home/yubinwang/turtlebot3_ws/install/dynamixel_sdk_custom_interfaces/include/dynamixel_sdk_custom_interfaces/srv/get_position__type_support.c
[1.071s] -- Up-to-date: /home/yubinwang/turtlebot3_ws/install/dynamixel_sdk_custom_interfaces/lib/libdynamixel_sdk_custom_interfaces__rosidl_typesupport_introspection_c.so
[1.071s] -- Up-to-date: /home/yubinwang/turtlebot3_ws/install/dynamixel_sdk_custom_interfaces/include/dynamixel_sdk_custom_interfaces
[1.071s] -- Up-to-date: /home/yubinwang/turtlebot3_ws/install/dynamixel_sdk_custom_interfaces/include/dynamixel_sdk_custom_interfaces/msg
[1.071s] -- Up-to-date: /home/yubinwang/turtlebot3_ws/install/dynamixel_sdk_custom_interfaces/include/dynamixel_sdk_custom_interfaces/msg/set_position__type_support.cpp
[1.071s] -- Up-to-date: /home/yubinwang/turtlebot3_ws/install/dynamixel_sdk_custom_interfaces/include/dynamixel_sdk_custom_interfaces/msg/set_position__rosidl_typesupport_introspection_cpp.hpp
[1.071s] -- Up-to-date: /home/yubinwang/turtlebot3_ws/install/dynamixel_sdk_custom_interfaces/include/dynamixel_sdk_custom_interfaces/srv
[1.071s] -- Up-to-date: /home/yubinwang/turtlebot3_ws/install/dynamixel_sdk_custom_interfaces/include/dynamixel_sdk_custom_interfaces/srv/get_position__rosidl_typesupport_introspection_cpp.hpp
[1.071s] -- Up-to-date: /home/yubinwang/turtlebot3_ws/install/dynamixel_sdk_custom_interfaces/include/dynamixel_sdk_custom_interfaces/srv/get_position__type_support.cpp
[1.071s] -- Up-to-date: /home/yubinwang/turtlebot3_ws/install/dynamixel_sdk_custom_interfaces/lib/libdynamixel_sdk_custom_interfaces__rosidl_typesupport_introspection_cpp.so
[1.071s] -- Up-to-date: /home/yubinwang/turtlebot3_ws/install/dynamixel_sdk_custom_interfaces/include/dynamixel_sdk_custom_interfaces
[1.072s] -- Up-to-date: /home/yubinwang/turtlebot3_ws/install/dynamixel_sdk_custom_interfaces/include/dynamixel_sdk_custom_interfaces/msg
[1.072s] -- Up-to-date: /home/yubinwang/turtlebot3_ws/install/dynamixel_sdk_custom_interfaces/include/dynamixel_sdk_custom_interfaces/msg/set_position__rosidl_typesupport_fastrtps_c.h
[1.072s] -- Up-to-date: /home/yubinwang/turtlebot3_ws/install/dynamixel_sdk_custom_interfaces/include/dynamixel_sdk_custom_interfaces/msg/rosidl_typesupport_fastrtps_c__visibility_control.h
[1.072s] -- Up-to-date: /home/yubinwang/turtlebot3_ws/install/dynamixel_sdk_custom_interfaces/include/dynamixel_sdk_custom_interfaces/srv
[1.072s] -- Up-to-date: /home/yubinwang/turtlebot3_ws/install/dynamixel_sdk_custom_interfaces/include/dynamixel_sdk_custom_interfaces/srv/get_position__rosidl_typesupport_fastrtps_c.h
[1.072s] -- Up-to-date: /home/yubinwang/turtlebot3_ws/install/dynamixel_sdk_custom_interfaces/lib/libdynamixel_sdk_custom_interfaces__rosidl_typesupport_fastrtps_c.so
[1.072s] -- Up-to-date: /home/yubinwang/turtlebot3_ws/install/dynamixel_sdk_custom_interfaces/include/dynamixel_sdk_custom_interfaces
[1.072s] -- Up-to-date: /home/yubinwang/turtlebot3_ws/install/dynamixel_sdk_custom_interfaces/include/dynamixel_sdk_custom_interfaces/msg
[1.072s] -- Up-to-date: /home/yubinwang/turtlebot3_ws/install/dynamixel_sdk_custom_interfaces/include/dynamixel_sdk_custom_interfaces/msg/dds_fastrtps
[1.072s] -- Up-to-date: /home/yubinwang/turtlebot3_ws/install/dynamixel_sdk_custom_interfaces/include/dynamixel_sdk_custom_interfaces/msg/rosidl_typesupport_fastrtps_cpp__visibility_control.h
[1.072s] -- Up-to-date: /home/yubinwang/turtlebot3_ws/install/dynamixel_sdk_custom_interfaces/include/dynamixel_sdk_custom_interfaces/msg/set_position__rosidl_typesupport_fastrtps_cpp.hpp
[1.073s] -- Up-to-date: /home/yubinwang/turtlebot3_ws/install/dynamixel_sdk_custom_interfaces/include/dynamixel_sdk_custom_interfaces/srv
[1.073s] -- Up-to-date: /home/yubinwang/turtlebot3_ws/install/dynamixel_sdk_custom_interfaces/include/dynamixel_sdk_custom_interfaces/srv/dds_fastrtps
[1.073s] -- Up-to-date: /home/yubinwang/turtlebot3_ws/install/dynamixel_sdk_custom_interfaces/include/dynamixel_sdk_custom_interfaces/srv/get_position__rosidl_typesupport_fastrtps_cpp.hpp
[1.073s] -- Up-to-date: /home/yubinwang/turtlebot3_ws/install/dynamixel_sdk_custom_interfaces/lib/libdynamixel_sdk_custom_interfaces__rosidl_typesupport_fastrtps_cpp.so
[1.073s] -- Up-to-date: /home/yubinwang/turtlebot3_ws/install/dynamixel_sdk_custom_interfaces/share/dynamixel_sdk_custom_interfaces/environment/pythonpath.sh
[1.073s] -- Up-to-date: /home/yubinwang/turtlebot3_ws/install/dynamixel_sdk_custom_interfaces/lib/python3.6/site-packages/dynamixel_sdk_custom_interfaces/__init__.py
[1.121s] -- Up-to-date: /home/yubinwang/turtlebot3_ws/install/dynamixel_sdk_custom_interfaces/lib/python3.6/site-packages/dynamixel_sdk_custom_interfaces/msg
[1.122s] -- Up-to-date: /home/yubinwang/turtlebot3_ws/install/dynamixel_sdk_custom_interfaces/lib/python3.6/site-packages/dynamixel_sdk_custom_interfaces/msg/_set_position_s.c
[1.122s] -- Up-to-date: /home/yubinwang/turtlebot3_ws/install/dynamixel_sdk_custom_interfaces/lib/python3.6/site-packages/dynamixel_sdk_custom_interfaces/msg/_set_position.py
[1.122s] -- Up-to-date: /home/yubinwang/turtlebot3_ws/install/dynamixel_sdk_custom_interfaces/lib/python3.6/site-packages/dynamixel_sdk_custom_interfaces/msg/__init__.py
[1.122s] -- Up-to-date: /home/yubinwang/turtlebot3_ws/install/dynamixel_sdk_custom_interfaces/lib/python3.6/site-packages/dynamixel_sdk_custom_interfaces/srv
[1.122s] -- Up-to-date: /home/yubinwang/turtlebot3_ws/install/dynamixel_sdk_custom_interfaces/lib/python3.6/site-packages/dynamixel_sdk_custom_interfaces/srv/_get_position_s.c
[1.122s] -- Up-to-date: /home/yubinwang/turtlebot3_ws/install/dynamixel_sdk_custom_interfaces/lib/python3.6/site-packages/dynamixel_sdk_custom_interfaces/srv/_get_position.py
[1.122s] -- Up-to-date: /home/yubinwang/turtlebot3_ws/install/dynamixel_sdk_custom_interfaces/lib/python3.6/site-packages/dynamixel_sdk_custom_interfaces/srv/__init__.py
[1.123s] -- Up-to-date: /home/yubinwang/turtlebot3_ws/install/dynamixel_sdk_custom_interfaces/lib/python3.6/site-packages/dynamixel_sdk_custom_interfaces/dynamixel_sdk_custom_interfaces_s__rosidl_typesupport_c.cpython-36m-x86_64-linux-gnu.so
[1.123s] -- Up-to-date: /home/yubinwang/turtlebot3_ws/install/dynamixel_sdk_custom_interfaces/lib/python3.6/site-packages/dynamixel_sdk_custom_interfaces/dynamixel_sdk_custom_interfaces_s__rosidl_typesupport_fastrtps_c.cpython-36m-x86_64-linux-gnu.so
[1.124s] -- Up-to-date: /home/yubinwang/turtlebot3_ws/install/dynamixel_sdk_custom_interfaces/lib/libdynamixel_sdk_custom_interfaces__python.so
[1.124s] -- Up-to-date: /home/yubinwang/turtlebot3_ws/install/dynamixel_sdk_custom_interfaces/share/dynamixel_sdk_custom_interfaces/msg/SetPosition.idl
[1.124s] -- Up-to-date: /home/yubinwang/turtlebot3_ws/install/dynamixel_sdk_custom_interfaces/share/dynamixel_sdk_custom_interfaces/srv/GetPosition.idl
[1.124s] -- Up-to-date: /home/yubinwang/turtlebot3_ws/install/dynamixel_sdk_custom_interfaces/share/dynamixel_sdk_custom_interfaces/msg/SetPosition.msg
[1.125s] -- Up-to-date: /home/yubinwang/turtlebot3_ws/install/dynamixel_sdk_custom_interfaces/share/dynamixel_sdk_custom_interfaces/srv/GetPosition.srv
[1.125s] -- Up-to-date: /home/yubinwang/turtlebot3_ws/install/dynamixel_sdk_custom_interfaces/share/dynamixel_sdk_custom_interfaces/srv/GetPosition_Request.msg
[1.125s] -- Up-to-date: /home/yubinwang/turtlebot3_ws/install/dynamixel_sdk_custom_interfaces/share/dynamixel_sdk_custom_interfaces/srv/GetPosition_Response.msg
[1.125s] -- Up-to-date: /home/yubinwang/turtlebot3_ws/install/dynamixel_sdk_custom_interfaces/share/ament_index/resource_index/package_run_dependencies/dynamixel_sdk_custom_interfaces
[1.125s] -- Up-to-date: /home/yubinwang/turtlebot3_ws/install/dynamixel_sdk_custom_interfaces/share/ament_index/resource_index/parent_prefix_path/dynamixel_sdk_custom_interfaces
[1.126s] -- Up-to-date: /home/yubinwang/turtlebot3_ws/install/dynamixel_sdk_custom_interfaces/share/dynamixel_sdk_custom_interfaces/environment/ament_prefix_path.sh
[1.126s] -- Up-to-date: /home/yubinwang/turtlebot3_ws/install/dynamixel_sdk_custom_interfaces/share/dynamixel_sdk_custom_interfaces/environment/path.sh
[1.126s] -- Up-to-date: /home/yubinwang/turtlebot3_ws/install/dynamixel_sdk_custom_interfaces/share/dynamixel_sdk_custom_interfaces/local_setup.bash
[1.126s] -- Up-to-date: /home/yubinwang/turtlebot3_ws/install/dynamixel_sdk_custom_interfaces/share/dynamixel_sdk_custom_interfaces/local_setup.sh
[1.126s] -- Up-to-date: /home/yubinwang/turtlebot3_ws/install/dynamixel_sdk_custom_interfaces/share/dynamixel_sdk_custom_interfaces/local_setup.zsh
[1.127s] -- Up-to-date: /home/yubinwang/turtlebot3_ws/install/dynamixel_sdk_custom_interfaces/share/ament_index/resource_index/packages/dynamixel_sdk_custom_interfaces
[1.127s] -- Up-to-date: /home/yubinwang/turtlebot3_ws/install/dynamixel_sdk_custom_interfaces/share/dynamixel_sdk_custom_interfaces/cmake/rosidl_cmake-extras.cmake
[1.127s] -- Up-to-date: /home/yubinwang/turtlebot3_ws/install/dynamixel_sdk_custom_interfaces/share/dynamixel_sdk_custom_interfaces/cmake/ament_cmake_export_dependencies-extras.cmake
[1.127s] -- Up-to-date: /home/yubinwang/turtlebot3_ws/install/dynamixel_sdk_custom_interfaces/share/dynamixel_sdk_custom_interfaces/cmake/ament_cmake_export_include_directories-extras.cmake
[1.127s] -- Up-to-date: /home/yubinwang/turtlebot3_ws/install/dynamixel_sdk_custom_interfaces/share/dynamixel_sdk_custom_interfaces/cmake/ament_cmake_export_libraries-extras.cmake
[1.127s] -- Up-to-date: /home/yubinwang/turtlebot3_ws/install/dynamixel_sdk_custom_interfaces/share/dynamixel_sdk_custom_interfaces/cmake/dynamixel_sdk_custom_interfacesConfig.cmake
[1.128s] -- Up-to-date: /home/yubinwang/turtlebot3_ws/install/dynamixel_sdk_custom_interfaces/share/dynamixel_sdk_custom_interfaces/cmake/dynamixel_sdk_custom_interfacesConfig-version.cmake
[1.128s] -- Up-to-date: /home/yubinwang/turtlebot3_ws/install/dynamixel_sdk_custom_interfaces/share/dynamixel_sdk_custom_interfaces/package.xml
[1.132s] Invoked command in '/home/yubinwang/turtlebot3_ws/build/dynamixel_sdk_custom_interfaces' returned '0': CMAKE_PREFIX_PATH=${CMAKE_PREFIX_PATH}:/home/yubinwang/turtlebot3_ws/install/turtlebot3_teleop:/home/yubinwang/turtlebot3_ws/install/turtlebot3_example:/opt/ros/dashing /usr/bin/cmake --build /home/yubinwang/turtlebot3_ws/build/dynamixel_sdk_custom_interfaces --target install -- -j8 -l8
