[0.079s] Invoking command in '/home/yubinwang/turtlebot3_ws/build/dynamixel_sdk': CMAKE_PREFIX_PATH=${CMAKE_PREFIX_PATH}:/home/yubinwang/turtlebot3_ws/install/turtlebot3_teleop:/home/yubinwang/turtlebot3_ws/install/turtlebot3_example:/opt/ros/dashing /usr/bin/cmake /home/yubinwang/turtlebot3_ws/src/DynamixelSDK/dynamixel_sdk -DCMAKE_INSTALL_PREFIX=/home/yubinwang/turtlebot3_ws/install/dynamixel_sdk
[0.721s] -- The C compiler identification is GNU 7.5.0
[0.722s] -- The CXX compiler identification is GNU 7.5.0
[0.722s] -- Check for working C compiler: /usr/bin/cc
[0.722s] -- Check for working C compiler: /usr/bin/cc -- works
[0.722s] -- Detecting C compiler ABI info
[0.876s] -- Detecting C compiler ABI info - done
[0.890s] -- Detecting C compile features
[1.446s] -- Detecting C compile features - done
[1.450s] -- Check for working CXX compiler: /usr/bin/c++
[1.642s] -- Check for working CXX compiler: /usr/bin/c++ -- works
[1.644s] -- Detecting CXX compiler ABI info
[1.805s] -- Detecting CXX compiler ABI info - done
[1.812s] -- Detecting CXX compile features
[2.619s] -- Detecting CXX compile features - done
[2.632s] -- Found ament_cmake: 0.7.6 (/opt/ros/dashing/share/ament_cmake/cmake)
[2.689s] -- Found PythonInterp: /usr/bin/python3 (found suitable version "3.6.9", minimum required is "3") 
[2.689s] -- Using PYTHON_EXECUTABLE: /usr/bin/python3
[3.384s] -- Configuring done
[3.394s] -- Generating done
[3.400s] -- Build files have been written to: /home/yubinwang/turtlebot3_ws/build/dynamixel_sdk
[3.406s] Invoked command in '/home/yubinwang/turtlebot3_ws/build/dynamixel_sdk' returned '0': CMAKE_PREFIX_PATH=${CMAKE_PREFIX_PATH}:/home/yubinwang/turtlebot3_ws/install/turtlebot3_teleop:/home/yubinwang/turtlebot3_ws/install/turtlebot3_example:/opt/ros/dashing /usr/bin/cmake /home/yubinwang/turtlebot3_ws/src/DynamixelSDK/dynamixel_sdk -DCMAKE_INSTALL_PREFIX=/home/yubinwang/turtlebot3_ws/install/dynamixel_sdk
[3.409s] Invoking command in '/home/yubinwang/turtlebot3_ws/build/dynamixel_sdk': CMAKE_PREFIX_PATH=${CMAKE_PREFIX_PATH}:/home/yubinwang/turtlebot3_ws/install/turtlebot3_teleop:/home/yubinwang/turtlebot3_ws/install/turtlebot3_example:/opt/ros/dashing /usr/bin/cmake --build /home/yubinwang/turtlebot3_ws/build/dynamixel_sdk -- -j8 -l8
[3.524s] [35m[1mScanning dependencies of target dynamixel_sdk[0m
[3.557s] [ 10%] [32mBuilding CXX object CMakeFiles/dynamixel_sdk.dir/src/dynamixel_sdk/port_handler.cpp.o[0m
[3.558s] [ 20%] [32mBuilding CXX object CMakeFiles/dynamixel_sdk.dir/src/dynamixel_sdk/group_sync_write.cpp.o[0m
[3.561s] [ 30%] [32mBuilding CXX object CMakeFiles/dynamixel_sdk.dir/src/dynamixel_sdk/protocol1_packet_handler.cpp.o[0m
[3.573s] [ 40%] [32mBuilding CXX object CMakeFiles/dynamixel_sdk.dir/src/dynamixel_sdk/protocol2_packet_handler.cpp.o[0m
[3.573s] [ 50%] [32mBuilding CXX object CMakeFiles/dynamixel_sdk.dir/src/dynamixel_sdk/group_bulk_write.cpp.o[0m
[3.581s] [ 60%] [32mBuilding CXX object CMakeFiles/dynamixel_sdk.dir/src/dynamixel_sdk/packet_handler.cpp.o[0m
[3.582s] [ 70%] [32mBuilding CXX object CMakeFiles/dynamixel_sdk.dir/src/dynamixel_sdk/group_bulk_read.cpp.o[0m
[3.583s] [ 80%] [32mBuilding CXX object CMakeFiles/dynamixel_sdk.dir/src/dynamixel_sdk/group_sync_read.cpp.o[0m
[3.639s] [ 90%] [32mBuilding CXX object CMakeFiles/dynamixel_sdk.dir/src/dynamixel_sdk/port_handler_linux.cpp.o[0m
[4.569s] [100%] [32m[1mLinking CXX shared library libdynamixel_sdk.so[0m
[4.726s] [100%] Built target dynamixel_sdk
[4.743s] Invoked command in '/home/yubinwang/turtlebot3_ws/build/dynamixel_sdk' returned '0': CMAKE_PREFIX_PATH=${CMAKE_PREFIX_PATH}:/home/yubinwang/turtlebot3_ws/install/turtlebot3_teleop:/home/yubinwang/turtlebot3_ws/install/turtlebot3_example:/opt/ros/dashing /usr/bin/cmake --build /home/yubinwang/turtlebot3_ws/build/dynamixel_sdk -- -j8 -l8
[4.806s] Invoking command in '/home/yubinwang/turtlebot3_ws/build/dynamixel_sdk': CMAKE_PREFIX_PATH=${CMAKE_PREFIX_PATH}:/home/yubinwang/turtlebot3_ws/install/turtlebot3_teleop:/home/yubinwang/turtlebot3_ws/install/turtlebot3_example:/opt/ros/dashing /usr/bin/cmake --build /home/yubinwang/turtlebot3_ws/build/dynamixel_sdk --target install -- -j8 -l8
[4.883s] [100%] Built target dynamixel_sdk
[4.915s] [36mInstall the project...[0m
[4.930s] -- Install configuration: ""
[4.930s] -- Up-to-date: /home/yubinwang/turtlebot3_ws/install/dynamixel_sdk/include/
[4.931s] -- Up-to-date: /home/yubinwang/turtlebot3_ws/install/dynamixel_sdk/include//dynamixel_sdk
[4.931s] -- Up-to-date: /home/yubinwang/turtlebot3_ws/install/dynamixel_sdk/include//dynamixel_sdk/group_bulk_read.h
[4.931s] -- Up-to-date: /home/yubinwang/turtlebot3_ws/install/dynamixel_sdk/include//dynamixel_sdk/port_handler.h
[4.931s] -- Up-to-date: /home/yubinwang/turtlebot3_ws/install/dynamixel_sdk/include//dynamixel_sdk/packet_handler.h
[4.931s] -- Up-to-date: /home/yubinwang/turtlebot3_ws/install/dynamixel_sdk/include//dynamixel_sdk/protocol2_packet_handler.h
[4.931s] -- Up-to-date: /home/yubinwang/turtlebot3_ws/install/dynamixel_sdk/include//dynamixel_sdk/dynamixel_sdk.h
[4.931s] -- Up-to-date: /home/yubinwang/turtlebot3_ws/install/dynamixel_sdk/include//dynamixel_sdk/port_handler_linux.h
[4.931s] -- Up-to-date: /home/yubinwang/turtlebot3_ws/install/dynamixel_sdk/include//dynamixel_sdk/port_handler_windows.h
[4.931s] -- Up-to-date: /home/yubinwang/turtlebot3_ws/install/dynamixel_sdk/include//dynamixel_sdk/port_handler_arduino.h
[4.931s] -- Up-to-date: /home/yubinwang/turtlebot3_ws/install/dynamixel_sdk/include//dynamixel_sdk/protocol1_packet_handler.h
[4.931s] -- Up-to-date: /home/yubinwang/turtlebot3_ws/install/dynamixel_sdk/include//dynamixel_sdk/group_sync_read.h
[4.931s] -- Up-to-date: /home/yubinwang/turtlebot3_ws/install/dynamixel_sdk/include//dynamixel_sdk/group_bulk_write.h
[4.931s] -- Up-to-date: /home/yubinwang/turtlebot3_ws/install/dynamixel_sdk/include//dynamixel_sdk/port_handler_mac.h
[4.932s] -- Up-to-date: /home/yubinwang/turtlebot3_ws/install/dynamixel_sdk/include//dynamixel_sdk/group_sync_write.h
[4.932s] -- Installing: /home/yubinwang/turtlebot3_ws/install/dynamixel_sdk/lib/libdynamixel_sdk.so
[4.932s] -- Up-to-date: /home/yubinwang/turtlebot3_ws/install/dynamixel_sdk/share/dynamixel_sdk/environment/library_path.sh
[4.932s] -- Installing: /home/yubinwang/turtlebot3_ws/install/dynamixel_sdk/share/ament_index/resource_index/package_run_dependencies/dynamixel_sdk
[4.933s] -- Installing: /home/yubinwang/turtlebot3_ws/install/dynamixel_sdk/share/ament_index/resource_index/parent_prefix_path/dynamixel_sdk
[4.933s] -- Up-to-date: /home/yubinwang/turtlebot3_ws/install/dynamixel_sdk/share/dynamixel_sdk/environment/ament_prefix_path.sh
[4.933s] -- Up-to-date: /home/yubinwang/turtlebot3_ws/install/dynamixel_sdk/share/dynamixel_sdk/environment/path.sh
[4.933s] -- Installing: /home/yubinwang/turtlebot3_ws/install/dynamixel_sdk/share/dynamixel_sdk/local_setup.bash
[4.933s] -- Installing: /home/yubinwang/turtlebot3_ws/install/dynamixel_sdk/share/dynamixel_sdk/local_setup.sh
[4.933s] -- Installing: /home/yubinwang/turtlebot3_ws/install/dynamixel_sdk/share/dynamixel_sdk/local_setup.zsh
[4.934s] -- Installing: /home/yubinwang/turtlebot3_ws/install/dynamixel_sdk/share/ament_index/resource_index/packages/dynamixel_sdk
[4.934s] -- Installing: /home/yubinwang/turtlebot3_ws/install/dynamixel_sdk/share/dynamixel_sdk/cmake/ament_cmake_export_include_directories-extras.cmake
[4.934s] -- Installing: /home/yubinwang/turtlebot3_ws/install/dynamixel_sdk/share/dynamixel_sdk/cmake/ament_cmake_export_libraries-extras.cmake
[4.934s] -- Installing: /home/yubinwang/turtlebot3_ws/install/dynamixel_sdk/share/dynamixel_sdk/cmake/dynamixel_sdkConfig.cmake
[4.934s] -- Installing: /home/yubinwang/turtlebot3_ws/install/dynamixel_sdk/share/dynamixel_sdk/cmake/dynamixel_sdkConfig-version.cmake
[4.935s] -- Up-to-date: /home/yubinwang/turtlebot3_ws/install/dynamixel_sdk/share/dynamixel_sdk/package.xml
[4.941s] Invoked command in '/home/yubinwang/turtlebot3_ws/build/dynamixel_sdk' returned '0': CMAKE_PREFIX_PATH=${CMAKE_PREFIX_PATH}:/home/yubinwang/turtlebot3_ws/install/turtlebot3_teleop:/home/yubinwang/turtlebot3_ws/install/turtlebot3_example:/opt/ros/dashing /usr/bin/cmake --build /home/yubinwang/turtlebot3_ws/build/dynamixel_sdk --target install -- -j8 -l8
