-- The C compiler identification is GNU 7.5.0
-- The CXX compiler identification is GNU 7.5.0
-- Check for working C compiler: /usr/bin/cc
-- Check for working C compiler: /usr/bin/cc -- works
-- Detecting C compiler ABI info
-- Detecting C compiler ABI info - done
-- Detecting C compile features
-- Detecting C compile features - done
-- Check for working CXX compiler: /usr/bin/c++
-- Check for working CXX compiler: /usr/bin/c++ -- works
-- Detecting CXX compiler ABI info
-- Detecting CXX compiler ABI info - done
-- Detecting CXX compile features
-- Detecting CXX compile features - done
-- Found ament_cmake: 0.7.6 (/opt/ros/dashing/share/ament_cmake/cmake)
-- Found PythonInterp: /usr/bin/python3 (found suitable version "3.6.9", minimum required is "3") 
-- Using PYTHON_EXECUTABLE: /usr/bin/python3
-- Configuring done
-- Generating done
-- Build files have been written to: /home/yubinwang/turtlebot3_ws/build/turtlebot3_navigation2
[36mInstall the project...[0m
-- Install configuration: ""
-- Up-to-date: /home/yubinwang/turtlebot3_ws/install/turtlebot3_navigation2/share/turtlebot3_navigation2/launch
-- Up-to-date: /home/yubinwang/turtlebot3_ws/install/turtlebot3_navigation2/share/turtlebot3_navigation2/launch/navigation2.launch.py
-- Up-to-date: /home/yubinwang/turtlebot3_ws/install/turtlebot3_navigation2/share/turtlebot3_navigation2/map
-- Up-to-date: /home/yubinwang/turtlebot3_ws/install/turtlebot3_navigation2/share/turtlebot3_navigation2/map/map.yaml
-- Up-to-date: /home/yubinwang/turtlebot3_ws/install/turtlebot3_navigation2/share/turtlebot3_navigation2/map/map.pgm
-- Up-to-date: /home/yubinwang/turtlebot3_ws/install/turtlebot3_navigation2/share/turtlebot3_navigation2/param
-- Up-to-date: /home/yubinwang/turtlebot3_ws/install/turtlebot3_navigation2/share/turtlebot3_navigation2/param/waffle_pi.yaml
-- Up-to-date: /home/yubinwang/turtlebot3_ws/install/turtlebot3_navigation2/share/turtlebot3_navigation2/param/burger.yaml
-- Up-to-date: /home/yubinwang/turtlebot3_ws/install/turtlebot3_navigation2/share/turtlebot3_navigation2/param/waffle.yaml
-- Up-to-date: /home/yubinwang/turtlebot3_ws/install/turtlebot3_navigation2/share/turtlebot3_navigation2/rviz
-- Up-to-date: /home/yubinwang/turtlebot3_ws/install/turtlebot3_navigation2/share/turtlebot3_navigation2/rviz/tb3_navigation2.rviz
-- Installing: /home/yubinwang/turtlebot3_ws/install/turtlebot3_navigation2/share/ament_index/resource_index/package_run_dependencies/turtlebot3_navigation2
-- Installing: /home/yubinwang/turtlebot3_ws/install/turtlebot3_navigation2/share/ament_index/resource_index/parent_prefix_path/turtlebot3_navigation2
-- Up-to-date: /home/yubinwang/turtlebot3_ws/install/turtlebot3_navigation2/share/turtlebot3_navigation2/environment/ament_prefix_path.sh
-- Up-to-date: /home/yubinwang/turtlebot3_ws/install/turtlebot3_navigation2/share/turtlebot3_navigation2/environment/path.sh
-- Installing: /home/yubinwang/turtlebot3_ws/install/turtlebot3_navigation2/share/turtlebot3_navigation2/local_setup.bash
-- Installing: /home/yubinwang/turtlebot3_ws/install/turtlebot3_navigation2/share/turtlebot3_navigation2/local_setup.sh
-- Installing: /home/yubinwang/turtlebot3_ws/install/turtlebot3_navigation2/share/turtlebot3_navigation2/local_setup.zsh
-- Installing: /home/yubinwang/turtlebot3_ws/install/turtlebot3_navigation2/share/ament_index/resource_index/packages/turtlebot3_navigation2
-- Installing: /home/yubinwang/turtlebot3_ws/install/turtlebot3_navigation2/share/turtlebot3_navigation2/cmake/turtlebot3_navigation2Config.cmake
-- Installing: /home/yubinwang/turtlebot3_ws/install/turtlebot3_navigation2/share/turtlebot3_navigation2/cmake/turtlebot3_navigation2Config-version.cmake
-- Up-to-date: /home/yubinwang/turtlebot3_ws/install/turtlebot3_navigation2/share/turtlebot3_navigation2/package.xml
