[0.064s] Invoking command in '/home/yubinwang/turtlebot3_ws/build/turtlebot3_navigation2': CMAKE_PREFIX_PATH=${CMAKE_PREFIX_PATH}:/home/yubinwang/turtlebot3_ws/install/turtlebot3_teleop:/home/yubinwang/turtlebot3_ws/install/turtlebot3_example:/opt/ros/dashing /usr/bin/cmake /home/yubinwang/turtlebot3_ws/src/turtlebot3/turtlebot3_navigation2 -DCMAKE_INSTALL_PREFIX=/home/yubinwang/turtlebot3_ws/install/turtlebot3_navigation2
[0.690s] -- The C compiler identification is GNU 7.5.0
[0.691s] -- The CXX compiler identification is GNU 7.5.0
[0.691s] -- Check for working C compiler: /usr/bin/cc
[0.691s] -- Check for working C compiler: /usr/bin/cc -- works
[0.691s] -- Detecting C compiler ABI info
[0.863s] -- Detecting C compiler ABI info - done
[0.868s] -- Detecting C compile features
[1.431s] -- Detecting C compile features - done
[1.431s] -- Check for working CXX compiler: /usr/bin/c++
[1.614s] -- Check for working CXX compiler: /usr/bin/c++ -- works
[1.615s] -- Detecting CXX compiler ABI info
[1.801s] -- Detecting CXX compiler ABI info - done
[1.810s] -- Detecting CXX compile features
[2.694s] -- Detecting CXX compile features - done
[2.699s] -- Found ament_cmake: 0.7.6 (/opt/ros/dashing/share/ament_cmake/cmake)
[2.743s] -- Found PythonInterp: /usr/bin/python3 (found suitable version "3.6.9", minimum required is "3") 
[2.744s] -- Using PYTHON_EXECUTABLE: /usr/bin/python3
[3.330s] -- Configuring done
[3.333s] -- Generating done
[3.336s] -- Build files have been written to: /home/yubinwang/turtlebot3_ws/build/turtlebot3_navigation2
[3.345s] Invoked command in '/home/yubinwang/turtlebot3_ws/build/turtlebot3_navigation2' returned '0': CMAKE_PREFIX_PATH=${CMAKE_PREFIX_PATH}:/home/yubinwang/turtlebot3_ws/install/turtlebot3_teleop:/home/yubinwang/turtlebot3_ws/install/turtlebot3_example:/opt/ros/dashing /usr/bin/cmake /home/yubinwang/turtlebot3_ws/src/turtlebot3/turtlebot3_navigation2 -DCMAKE_INSTALL_PREFIX=/home/yubinwang/turtlebot3_ws/install/turtlebot3_navigation2
[3.347s] Invoking command in '/home/yubinwang/turtlebot3_ws/build/turtlebot3_navigation2': CMAKE_PREFIX_PATH=${CMAKE_PREFIX_PATH}:/home/yubinwang/turtlebot3_ws/install/turtlebot3_teleop:/home/yubinwang/turtlebot3_ws/install/turtlebot3_example:/opt/ros/dashing /usr/bin/cmake --build /home/yubinwang/turtlebot3_ws/build/turtlebot3_navigation2 -- -j8 -l8
[3.460s] Invoked command in '/home/yubinwang/turtlebot3_ws/build/turtlebot3_navigation2' returned '0': CMAKE_PREFIX_PATH=${CMAKE_PREFIX_PATH}:/home/yubinwang/turtlebot3_ws/install/turtlebot3_teleop:/home/yubinwang/turtlebot3_ws/install/turtlebot3_example:/opt/ros/dashing /usr/bin/cmake --build /home/yubinwang/turtlebot3_ws/build/turtlebot3_navigation2 -- -j8 -l8
[3.604s] Invoking command in '/home/yubinwang/turtlebot3_ws/build/turtlebot3_navigation2': CMAKE_PREFIX_PATH=${CMAKE_PREFIX_PATH}:/home/yubinwang/turtlebot3_ws/install/turtlebot3_teleop:/home/yubinwang/turtlebot3_ws/install/turtlebot3_example:/opt/ros/dashing /usr/bin/cmake --build /home/yubinwang/turtlebot3_ws/build/turtlebot3_navigation2 --target install -- -j8 -l8
[3.868s] [36mInstall the project...[0m
[3.914s] -- Install configuration: ""
[3.914s] -- Up-to-date: /home/yubinwang/turtlebot3_ws/install/turtlebot3_navigation2/share/turtlebot3_navigation2/launch
[3.914s] -- Up-to-date: /home/yubinwang/turtlebot3_ws/install/turtlebot3_navigation2/share/turtlebot3_navigation2/launch/navigation2.launch.py
[3.914s] -- Up-to-date: /home/yubinwang/turtlebot3_ws/install/turtlebot3_navigation2/share/turtlebot3_navigation2/map
[3.914s] -- Up-to-date: /home/yubinwang/turtlebot3_ws/install/turtlebot3_navigation2/share/turtlebot3_navigation2/map/map.yaml
[3.915s] -- Up-to-date: /home/yubinwang/turtlebot3_ws/install/turtlebot3_navigation2/share/turtlebot3_navigation2/map/map.pgm
[3.915s] -- Up-to-date: /home/yubinwang/turtlebot3_ws/install/turtlebot3_navigation2/share/turtlebot3_navigation2/param
[3.931s] -- Up-to-date: /home/yubinwang/turtlebot3_ws/install/turtlebot3_navigation2/share/turtlebot3_navigation2/param/waffle_pi.yaml
[3.931s] -- Up-to-date: /home/yubinwang/turtlebot3_ws/install/turtlebot3_navigation2/share/turtlebot3_navigation2/param/burger.yaml
[3.931s] -- Up-to-date: /home/yubinwang/turtlebot3_ws/install/turtlebot3_navigation2/share/turtlebot3_navigation2/param/waffle.yaml
[3.931s] -- Up-to-date: /home/yubinwang/turtlebot3_ws/install/turtlebot3_navigation2/share/turtlebot3_navigation2/rviz
[3.932s] -- Up-to-date: /home/yubinwang/turtlebot3_ws/install/turtlebot3_navigation2/share/turtlebot3_navigation2/rviz/tb3_navigation2.rviz
[3.932s] -- Installing: /home/yubinwang/turtlebot3_ws/install/turtlebot3_navigation2/share/ament_index/resource_index/package_run_dependencies/turtlebot3_navigation2
[3.932s] -- Installing: /home/yubinwang/turtlebot3_ws/install/turtlebot3_navigation2/share/ament_index/resource_index/parent_prefix_path/turtlebot3_navigation2
[3.933s] -- Up-to-date: /home/yubinwang/turtlebot3_ws/install/turtlebot3_navigation2/share/turtlebot3_navigation2/environment/ament_prefix_path.sh
[3.933s] -- Up-to-date: /home/yubinwang/turtlebot3_ws/install/turtlebot3_navigation2/share/turtlebot3_navigation2/environment/path.sh
[3.933s] -- Installing: /home/yubinwang/turtlebot3_ws/install/turtlebot3_navigation2/share/turtlebot3_navigation2/local_setup.bash
[3.934s] -- Installing: /home/yubinwang/turtlebot3_ws/install/turtlebot3_navigation2/share/turtlebot3_navigation2/local_setup.sh
[3.935s] -- Installing: /home/yubinwang/turtlebot3_ws/install/turtlebot3_navigation2/share/turtlebot3_navigation2/local_setup.zsh
[3.935s] -- Installing: /home/yubinwang/turtlebot3_ws/install/turtlebot3_navigation2/share/ament_index/resource_index/packages/turtlebot3_navigation2
[3.935s] -- Installing: /home/yubinwang/turtlebot3_ws/install/turtlebot3_navigation2/share/turtlebot3_navigation2/cmake/turtlebot3_navigation2Config.cmake
[3.936s] -- Installing: /home/yubinwang/turtlebot3_ws/install/turtlebot3_navigation2/share/turtlebot3_navigation2/cmake/turtlebot3_navigation2Config-version.cmake
[3.936s] -- Up-to-date: /home/yubinwang/turtlebot3_ws/install/turtlebot3_navigation2/share/turtlebot3_navigation2/package.xml
[3.947s] Invoked command in '/home/yubinwang/turtlebot3_ws/build/turtlebot3_navigation2' returned '0': CMAKE_PREFIX_PATH=${CMAKE_PREFIX_PATH}:/home/yubinwang/turtlebot3_ws/install/turtlebot3_teleop:/home/yubinwang/turtlebot3_ws/install/turtlebot3_example:/opt/ros/dashing /usr/bin/cmake --build /home/yubinwang/turtlebot3_ws/build/turtlebot3_navigation2 --target install -- -j8 -l8
