[0.075s] Invoking command in '/home/yubinwang/turtlebot3_ws/build/turtlebot3_msgs': CMAKE_PREFIX_PATH=${CMAKE_PREFIX_PATH}:/home/yubinwang/turtlebot3_ws/install/turtlebot3_teleop:/home/yubinwang/turtlebot3_ws/install/turtlebot3_example:/opt/ros/dashing /usr/bin/cmake --build /home/yubinwang/turtlebot3_ws/build/turtlebot3_msgs -- -j8 -l8
[0.715s] [  1%] Built target turtlebot3_msgs__cpp
[0.715s] [ 13%] Built target turtlebot3_msgs__rosidl_generator_c
[0.716s] [ 24%] Built target turtlebot3_msgs__rosidl_typesupport_introspection_c
[0.716s] [ 36%] Built target turtlebot3_msgs__rosidl_typesupport_introspection_cpp
[0.716s] [ 47%] Built target turtlebot3_msgs__rosidl_typesupport_fastrtps_cpp
[0.716s] [ 59%] Built target turtlebot3_msgs__rosidl_typesupport_cpp
[0.716s] [ 71%] Built target turtlebot3_msgs__rosidl_typesupport_fastrtps_c
[0.716s] [ 82%] Built target turtlebot3_msgs__rosidl_typesupport_c
[0.716s] [ 82%] Built target turtlebot3_msgs
[0.717s] [ 84%] Built target turtlebot3_msgs__py
[0.717s] [ 94%] Built target turtlebot3_msgs__python
[0.717s] [100%] Built target turtlebot3_msgs__rosidl_typesupport_c__pyext
[0.717s] [100%] Built target turtlebot3_msgs__rosidl_typesupport_fastrtps_c__pyext
[0.728s] Invoked command in '/home/yubinwang/turtlebot3_ws/build/turtlebot3_msgs' returned '0': CMAKE_PREFIX_PATH=${CMAKE_PREFIX_PATH}:/home/yubinwang/turtlebot3_ws/install/turtlebot3_teleop:/home/yubinwang/turtlebot3_ws/install/turtlebot3_example:/opt/ros/dashing /usr/bin/cmake --build /home/yubinwang/turtlebot3_ws/build/turtlebot3_msgs -- -j8 -l8
[1.772s] Invoking command in '/home/yubinwang/turtlebot3_ws/build/turtlebot3_msgs': CMAKE_PREFIX_PATH=${CMAKE_PREFIX_PATH}:/home/yubinwang/turtlebot3_ws/install/turtlebot3_teleop:/home/yubinwang/turtlebot3_ws/install/turtlebot3_example:/opt/ros/dashing /usr/bin/cmake --build /home/yubinwang/turtlebot3_ws/build/turtlebot3_msgs --target install -- -j8 -l8
[1.922s] [ 11%] Built target turtlebot3_msgs__rosidl_generator_c
[1.926s] [ 13%] Built target turtlebot3_msgs__cpp
[1.999s] [ 24%] Built target turtlebot3_msgs__rosidl_typesupport_introspection_c
[2.005s] [ 36%] Built target turtlebot3_msgs__rosidl_typesupport_introspection_cpp
[2.022s] [ 47%] Built target turtlebot3_msgs__rosidl_typesupport_fastrtps_cpp
[2.104s] [ 59%] Built target turtlebot3_msgs__rosidl_typesupport_cpp
[2.107s] [ 71%] Built target turtlebot3_msgs__rosidl_typesupport_fastrtps_c
[2.177s] [ 82%] Built target turtlebot3_msgs__rosidl_typesupport_c
[2.227s] [ 82%] Built target turtlebot3_msgs
[2.285s] [ 84%] Built target turtlebot3_msgs__py
[2.351s] [ 94%] Built target turtlebot3_msgs__python
[2.410s] [ 97%] Built target turtlebot3_msgs__rosidl_typesupport_c__pyext
[2.420s] [100%] Built target turtlebot3_msgs__rosidl_typesupport_fastrtps_c__pyext
[2.475s] [36mInstall the project...[0m
[2.499s] -- Install configuration: ""
[2.499s] -- Up-to-date: /home/yubinwang/turtlebot3_ws/install/turtlebot3_msgs/share/ament_index/resource_index/rosidl_interfaces/turtlebot3_msgs
[2.500s] -- Up-to-date: /home/yubinwang/turtlebot3_ws/install/turtlebot3_msgs/include/turtlebot3_msgs
[2.500s] -- Up-to-date: /home/yubinwang/turtlebot3_ws/install/turtlebot3_msgs/include/turtlebot3_msgs/msg
[2.500s] -- Up-to-date: /home/yubinwang/turtlebot3_ws/install/turtlebot3_msgs/include/turtlebot3_msgs/msg/sound__traits.hpp
[2.500s] -- Up-to-date: /home/yubinwang/turtlebot3_ws/install/turtlebot3_msgs/include/turtlebot3_msgs/msg/sensor_state__struct.hpp
[2.503s] -- Up-to-date: /home/yubinwang/turtlebot3_ws/install/turtlebot3_msgs/include/turtlebot3_msgs/msg/sensor_state.hpp
[2.504s] -- Up-to-date: /home/yubinwang/turtlebot3_ws/install/turtlebot3_msgs/include/turtlebot3_msgs/msg/version_info__traits.hpp
[2.504s] -- Up-to-date: /home/yubinwang/turtlebot3_ws/install/turtlebot3_msgs/include/turtlebot3_msgs/msg/version_info.hpp
[2.505s] -- Up-to-date: /home/yubinwang/turtlebot3_ws/install/turtlebot3_msgs/include/turtlebot3_msgs/msg/sensor_state__traits.hpp
[2.506s] -- Up-to-date: /home/yubinwang/turtlebot3_ws/install/turtlebot3_msgs/include/turtlebot3_msgs/msg/sound__struct.hpp
[2.507s] -- Up-to-date: /home/yubinwang/turtlebot3_ws/install/turtlebot3_msgs/include/turtlebot3_msgs/msg/sound.hpp
[2.507s] -- Up-to-date: /home/yubinwang/turtlebot3_ws/install/turtlebot3_msgs/include/turtlebot3_msgs/msg/version_info__struct.hpp
[2.507s] -- Up-to-date: /home/yubinwang/turtlebot3_ws/install/turtlebot3_msgs/include/turtlebot3_msgs/srv
[2.508s] -- Up-to-date: /home/yubinwang/turtlebot3_ws/install/turtlebot3_msgs/include/turtlebot3_msgs/srv/sound__traits.hpp
[2.508s] -- Up-to-date: /home/yubinwang/turtlebot3_ws/install/turtlebot3_msgs/include/turtlebot3_msgs/srv/dqn__struct.hpp
[2.508s] -- Up-to-date: /home/yubinwang/turtlebot3_ws/install/turtlebot3_msgs/include/turtlebot3_msgs/srv/dqn__traits.hpp
[2.508s] -- Up-to-date: /home/yubinwang/turtlebot3_ws/install/turtlebot3_msgs/include/turtlebot3_msgs/srv/dqn.hpp
[2.508s] -- Up-to-date: /home/yubinwang/turtlebot3_ws/install/turtlebot3_msgs/include/turtlebot3_msgs/srv/sound__struct.hpp
[2.509s] -- Up-to-date: /home/yubinwang/turtlebot3_ws/install/turtlebot3_msgs/include/turtlebot3_msgs/srv/sound.hpp
[2.509s] -- Up-to-date: /home/yubinwang/turtlebot3_ws/install/turtlebot3_msgs/include/turtlebot3_msgs/action
[2.509s] -- Up-to-date: /home/yubinwang/turtlebot3_ws/install/turtlebot3_msgs/include/turtlebot3_msgs/action/patrol__struct.hpp
[2.509s] -- Up-to-date: /home/yubinwang/turtlebot3_ws/install/turtlebot3_msgs/include/turtlebot3_msgs/action/patrol.hpp
[2.509s] -- Up-to-date: /home/yubinwang/turtlebot3_ws/install/turtlebot3_msgs/include/turtlebot3_msgs/action/patrol__traits.hpp
[2.510s] -- Up-to-date: /home/yubinwang/turtlebot3_ws/install/turtlebot3_msgs/include/turtlebot3_msgs
[2.510s] -- Up-to-date: /home/yubinwang/turtlebot3_ws/install/turtlebot3_msgs/include/turtlebot3_msgs/msg
[2.510s] -- Up-to-date: /home/yubinwang/turtlebot3_ws/install/turtlebot3_msgs/include/turtlebot3_msgs/msg/sensor_state__type_support.h
[2.510s] -- Up-to-date: /home/yubinwang/turtlebot3_ws/install/turtlebot3_msgs/include/turtlebot3_msgs/msg/version_info.h
[2.511s] -- Up-to-date: /home/yubinwang/turtlebot3_ws/install/turtlebot3_msgs/include/turtlebot3_msgs/msg/sensor_state__functions.c
[2.511s] -- Up-to-date: /home/yubinwang/turtlebot3_ws/install/turtlebot3_msgs/include/turtlebot3_msgs/msg/sensor_state__functions.h
[2.512s] -- Up-to-date: /home/yubinwang/turtlebot3_ws/install/turtlebot3_msgs/include/turtlebot3_msgs/msg/sensor_state__struct.h
[2.512s] -- Up-to-date: /home/yubinwang/turtlebot3_ws/install/turtlebot3_msgs/include/turtlebot3_msgs/msg/sound__type_support.h
[2.512s] -- Up-to-date: /home/yubinwang/turtlebot3_ws/install/turtlebot3_msgs/include/turtlebot3_msgs/msg/sensor_state.h
[2.513s] -- Up-to-date: /home/yubinwang/turtlebot3_ws/install/turtlebot3_msgs/include/turtlebot3_msgs/msg/sound__functions.c
[2.513s] -- Up-to-date: /home/yubinwang/turtlebot3_ws/install/turtlebot3_msgs/include/turtlebot3_msgs/msg/sound__functions.h
[2.513s] -- Up-to-date: /home/yubinwang/turtlebot3_ws/install/turtlebot3_msgs/include/turtlebot3_msgs/msg/sound.h
[2.513s] -- Up-to-date: /home/yubinwang/turtlebot3_ws/install/turtlebot3_msgs/include/turtlebot3_msgs/msg/version_info__type_support.h
[2.514s] -- Up-to-date: /home/yubinwang/turtlebot3_ws/install/turtlebot3_msgs/include/turtlebot3_msgs/msg/sound__struct.h
[2.514s] -- Up-to-date: /home/yubinwang/turtlebot3_ws/install/turtlebot3_msgs/include/turtlebot3_msgs/msg/version_info__struct.h
[2.514s] -- Up-to-date: /home/yubinwang/turtlebot3_ws/install/turtlebot3_msgs/include/turtlebot3_msgs/msg/rosidl_generator_c__visibility_control.h
[2.515s] -- Up-to-date: /home/yubinwang/turtlebot3_ws/install/turtlebot3_msgs/include/turtlebot3_msgs/msg/version_info__functions.c
[2.515s] -- Up-to-date: /home/yubinwang/turtlebot3_ws/install/turtlebot3_msgs/include/turtlebot3_msgs/msg/version_info__functions.h
[2.516s] -- Up-to-date: /home/yubinwang/turtlebot3_ws/install/turtlebot3_msgs/include/turtlebot3_msgs/srv
[2.516s] -- Up-to-date: /home/yubinwang/turtlebot3_ws/install/turtlebot3_msgs/include/turtlebot3_msgs/srv/dqn__functions.c
[2.516s] -- Up-to-date: /home/yubinwang/turtlebot3_ws/install/turtlebot3_msgs/include/turtlebot3_msgs/srv/dqn.h
[2.516s] -- Up-to-date: /home/yubinwang/turtlebot3_ws/install/turtlebot3_msgs/include/turtlebot3_msgs/srv/dqn__type_support.h
[2.517s] -- Up-to-date: /home/yubinwang/turtlebot3_ws/install/turtlebot3_msgs/include/turtlebot3_msgs/srv/sound__type_support.h
[2.517s] -- Up-to-date: /home/yubinwang/turtlebot3_ws/install/turtlebot3_msgs/include/turtlebot3_msgs/srv/sound__functions.c
[2.517s] -- Up-to-date: /home/yubinwang/turtlebot3_ws/install/turtlebot3_msgs/include/turtlebot3_msgs/srv/dqn__struct.h
[2.517s] -- Up-to-date: /home/yubinwang/turtlebot3_ws/install/turtlebot3_msgs/include/turtlebot3_msgs/srv/sound__functions.h
[2.517s] -- Up-to-date: /home/yubinwang/turtlebot3_ws/install/turtlebot3_msgs/include/turtlebot3_msgs/srv/sound.h
[2.518s] -- Up-to-date: /home/yubinwang/turtlebot3_ws/install/turtlebot3_msgs/include/turtlebot3_msgs/srv/sound__struct.h
[2.518s] -- Up-to-date: /home/yubinwang/turtlebot3_ws/install/turtlebot3_msgs/include/turtlebot3_msgs/srv/dqn__functions.h
[2.518s] -- Up-to-date: /home/yubinwang/turtlebot3_ws/install/turtlebot3_msgs/include/turtlebot3_msgs/action
[2.518s] -- Up-to-date: /home/yubinwang/turtlebot3_ws/install/turtlebot3_msgs/include/turtlebot3_msgs/action/patrol__type_support.h
[2.519s] -- Up-to-date: /home/yubinwang/turtlebot3_ws/install/turtlebot3_msgs/include/turtlebot3_msgs/action/patrol__functions.h
[2.519s] -- Up-to-date: /home/yubinwang/turtlebot3_ws/install/turtlebot3_msgs/include/turtlebot3_msgs/action/patrol__functions.c
[2.519s] -- Up-to-date: /home/yubinwang/turtlebot3_ws/install/turtlebot3_msgs/include/turtlebot3_msgs/action/patrol__struct.h
[2.519s] -- Up-to-date: /home/yubinwang/turtlebot3_ws/install/turtlebot3_msgs/include/turtlebot3_msgs/action/patrol.h
[2.519s] -- Up-to-date: /home/yubinwang/turtlebot3_ws/install/turtlebot3_msgs/share/turtlebot3_msgs/environment/library_path.sh
[2.520s] -- Up-to-date: /home/yubinwang/turtlebot3_ws/install/turtlebot3_msgs/lib/libturtlebot3_msgs__rosidl_generator_c.so
[2.520s] -- Up-to-date: /home/yubinwang/turtlebot3_ws/install/turtlebot3_msgs/lib/libturtlebot3_msgs__rosidl_typesupport_c.so
[2.520s] -- Up-to-date: /home/yubinwang/turtlebot3_ws/install/turtlebot3_msgs/lib/libturtlebot3_msgs__rosidl_typesupport_cpp.so
[2.520s] -- Up-to-date: /home/yubinwang/turtlebot3_ws/install/turtlebot3_msgs/include/turtlebot3_msgs
[2.521s] -- Up-to-date: /home/yubinwang/turtlebot3_ws/install/turtlebot3_msgs/include/turtlebot3_msgs/msg
[2.521s] -- Up-to-date: /home/yubinwang/turtlebot3_ws/install/turtlebot3_msgs/include/turtlebot3_msgs/msg/version_info__type_support.c
[2.521s] -- Up-to-date: /home/yubinwang/turtlebot3_ws/install/turtlebot3_msgs/include/turtlebot3_msgs/msg/sensor_state__type_support.c
[2.521s] -- Up-to-date: /home/yubinwang/turtlebot3_ws/install/turtlebot3_msgs/include/turtlebot3_msgs/msg/sound__type_support.c
[2.521s] -- Up-to-date: /home/yubinwang/turtlebot3_ws/install/turtlebot3_msgs/include/turtlebot3_msgs/msg/version_info__rosidl_typesupport_introspection_c.h
[2.522s] -- Up-to-date: /home/yubinwang/turtlebot3_ws/install/turtlebot3_msgs/include/turtlebot3_msgs/msg/rosidl_typesupport_introspection_c__visibility_control.h
[2.522s] -- Up-to-date: /home/yubinwang/turtlebot3_ws/install/turtlebot3_msgs/include/turtlebot3_msgs/msg/sound__rosidl_typesupport_introspection_c.h
[2.522s] -- Up-to-date: /home/yubinwang/turtlebot3_ws/install/turtlebot3_msgs/include/turtlebot3_msgs/msg/sensor_state__rosidl_typesupport_introspection_c.h
[2.522s] -- Up-to-date: /home/yubinwang/turtlebot3_ws/install/turtlebot3_msgs/include/turtlebot3_msgs/srv
[2.522s] -- Up-to-date: /home/yubinwang/turtlebot3_ws/install/turtlebot3_msgs/include/turtlebot3_msgs/srv/sound__type_support.c
[2.523s] -- Up-to-date: /home/yubinwang/turtlebot3_ws/install/turtlebot3_msgs/include/turtlebot3_msgs/srv/dqn__type_support.c
[2.523s] -- Up-to-date: /home/yubinwang/turtlebot3_ws/install/turtlebot3_msgs/include/turtlebot3_msgs/srv/dqn__rosidl_typesupport_introspection_c.h
[2.523s] -- Up-to-date: /home/yubinwang/turtlebot3_ws/install/turtlebot3_msgs/include/turtlebot3_msgs/srv/sound__rosidl_typesupport_introspection_c.h
[2.523s] -- Up-to-date: /home/yubinwang/turtlebot3_ws/install/turtlebot3_msgs/include/turtlebot3_msgs/action
[2.524s] -- Up-to-date: /home/yubinwang/turtlebot3_ws/install/turtlebot3_msgs/include/turtlebot3_msgs/action/patrol__rosidl_typesupport_introspection_c.h
[2.524s] -- Up-to-date: /home/yubinwang/turtlebot3_ws/install/turtlebot3_msgs/include/turtlebot3_msgs/action/patrol__type_support.c
[2.524s] -- Up-to-date: /home/yubinwang/turtlebot3_ws/install/turtlebot3_msgs/lib/libturtlebot3_msgs__rosidl_typesupport_introspection_c.so
[2.524s] -- Up-to-date: /home/yubinwang/turtlebot3_ws/install/turtlebot3_msgs/include/turtlebot3_msgs
[2.524s] -- Up-to-date: /home/yubinwang/turtlebot3_ws/install/turtlebot3_msgs/include/turtlebot3_msgs/msg
[2.525s] -- Up-to-date: /home/yubinwang/turtlebot3_ws/install/turtlebot3_msgs/include/turtlebot3_msgs/msg/sound__rosidl_typesupport_introspection_cpp.hpp
[2.525s] -- Up-to-date: /home/yubinwang/turtlebot3_ws/install/turtlebot3_msgs/include/turtlebot3_msgs/msg/sound__type_support.cpp
[2.525s] -- Up-to-date: /home/yubinwang/turtlebot3_ws/install/turtlebot3_msgs/include/turtlebot3_msgs/msg/version_info__type_support.cpp
[2.525s] -- Up-to-date: /home/yubinwang/turtlebot3_ws/install/turtlebot3_msgs/include/turtlebot3_msgs/msg/sensor_state__rosidl_typesupport_introspection_cpp.hpp
[2.525s] -- Up-to-date: /home/yubinwang/turtlebot3_ws/install/turtlebot3_msgs/include/turtlebot3_msgs/msg/sensor_state__type_support.cpp
[2.526s] -- Up-to-date: /home/yubinwang/turtlebot3_ws/install/turtlebot3_msgs/include/turtlebot3_msgs/msg/version_info__rosidl_typesupport_introspection_cpp.hpp
[2.526s] -- Up-to-date: /home/yubinwang/turtlebot3_ws/install/turtlebot3_msgs/include/turtlebot3_msgs/srv
[2.526s] -- Up-to-date: /home/yubinwang/turtlebot3_ws/install/turtlebot3_msgs/include/turtlebot3_msgs/srv/sound__rosidl_typesupport_introspection_cpp.hpp
[2.526s] -- Up-to-date: /home/yubinwang/turtlebot3_ws/install/turtlebot3_msgs/include/turtlebot3_msgs/srv/sound__type_support.cpp
[2.526s] -- Up-to-date: /home/yubinwang/turtlebot3_ws/install/turtlebot3_msgs/include/turtlebot3_msgs/srv/dqn__rosidl_typesupport_introspection_cpp.hpp
[2.527s] -- Up-to-date: /home/yubinwang/turtlebot3_ws/install/turtlebot3_msgs/include/turtlebot3_msgs/srv/dqn__type_support.cpp
[2.527s] -- Up-to-date: /home/yubinwang/turtlebot3_ws/install/turtlebot3_msgs/include/turtlebot3_msgs/action
[2.527s] -- Up-to-date: /home/yubinwang/turtlebot3_ws/install/turtlebot3_msgs/include/turtlebot3_msgs/action/patrol__type_support.cpp
[2.527s] -- Up-to-date: /home/yubinwang/turtlebot3_ws/install/turtlebot3_msgs/include/turtlebot3_msgs/action/patrol__rosidl_typesupport_introspection_cpp.hpp
[2.527s] -- Up-to-date: /home/yubinwang/turtlebot3_ws/install/turtlebot3_msgs/lib/libturtlebot3_msgs__rosidl_typesupport_introspection_cpp.so
[2.528s] -- Up-to-date: /home/yubinwang/turtlebot3_ws/install/turtlebot3_msgs/include/turtlebot3_msgs
[2.528s] -- Up-to-date: /home/yubinwang/turtlebot3_ws/install/turtlebot3_msgs/include/turtlebot3_msgs/msg
[2.528s] -- Up-to-date: /home/yubinwang/turtlebot3_ws/install/turtlebot3_msgs/include/turtlebot3_msgs/msg/sound__rosidl_typesupport_fastrtps_c.h
[2.528s] -- Up-to-date: /home/yubinwang/turtlebot3_ws/install/turtlebot3_msgs/include/turtlebot3_msgs/msg/version_info__rosidl_typesupport_fastrtps_c.h
[2.529s] -- Up-to-date: /home/yubinwang/turtlebot3_ws/install/turtlebot3_msgs/include/turtlebot3_msgs/msg/sensor_state__rosidl_typesupport_fastrtps_c.h
[2.529s] -- Up-to-date: /home/yubinwang/turtlebot3_ws/install/turtlebot3_msgs/include/turtlebot3_msgs/msg/rosidl_typesupport_fastrtps_c__visibility_control.h
[2.529s] -- Up-to-date: /home/yubinwang/turtlebot3_ws/install/turtlebot3_msgs/include/turtlebot3_msgs/srv
[2.529s] -- Up-to-date: /home/yubinwang/turtlebot3_ws/install/turtlebot3_msgs/include/turtlebot3_msgs/srv/dqn__rosidl_typesupport_fastrtps_c.h
[2.529s] -- Up-to-date: /home/yubinwang/turtlebot3_ws/install/turtlebot3_msgs/include/turtlebot3_msgs/srv/sound__rosidl_typesupport_fastrtps_c.h
[2.530s] -- Up-to-date: /home/yubinwang/turtlebot3_ws/install/turtlebot3_msgs/include/turtlebot3_msgs/action
[2.530s] -- Up-to-date: /home/yubinwang/turtlebot3_ws/install/turtlebot3_msgs/include/turtlebot3_msgs/action/patrol__rosidl_typesupport_fastrtps_c.h
[2.530s] -- Up-to-date: /home/yubinwang/turtlebot3_ws/install/turtlebot3_msgs/lib/libturtlebot3_msgs__rosidl_typesupport_fastrtps_c.so
[2.530s] -- Up-to-date: /home/yubinwang/turtlebot3_ws/install/turtlebot3_msgs/include/turtlebot3_msgs
[2.531s] -- Up-to-date: /home/yubinwang/turtlebot3_ws/install/turtlebot3_msgs/include/turtlebot3_msgs/msg
[2.531s] -- Up-to-date: /home/yubinwang/turtlebot3_ws/install/turtlebot3_msgs/include/turtlebot3_msgs/msg/dds_fastrtps
[2.531s] -- Up-to-date: /home/yubinwang/turtlebot3_ws/install/turtlebot3_msgs/include/turtlebot3_msgs/msg/rosidl_typesupport_fastrtps_cpp__visibility_control.h
[2.531s] -- Up-to-date: /home/yubinwang/turtlebot3_ws/install/turtlebot3_msgs/include/turtlebot3_msgs/msg/sound__rosidl_typesupport_fastrtps_cpp.hpp
[2.531s] -- Up-to-date: /home/yubinwang/turtlebot3_ws/install/turtlebot3_msgs/include/turtlebot3_msgs/msg/sensor_state__rosidl_typesupport_fastrtps_cpp.hpp
[2.532s] -- Up-to-date: /home/yubinwang/turtlebot3_ws/install/turtlebot3_msgs/include/turtlebot3_msgs/msg/version_info__rosidl_typesupport_fastrtps_cpp.hpp
[2.532s] -- Up-to-date: /home/yubinwang/turtlebot3_ws/install/turtlebot3_msgs/include/turtlebot3_msgs/srv
[2.532s] -- Up-to-date: /home/yubinwang/turtlebot3_ws/install/turtlebot3_msgs/include/turtlebot3_msgs/srv/dds_fastrtps
[2.532s] -- Up-to-date: /home/yubinwang/turtlebot3_ws/install/turtlebot3_msgs/include/turtlebot3_msgs/srv/dqn__rosidl_typesupport_fastrtps_cpp.hpp
[2.532s] -- Up-to-date: /home/yubinwang/turtlebot3_ws/install/turtlebot3_msgs/include/turtlebot3_msgs/srv/sound__rosidl_typesupport_fastrtps_cpp.hpp
[2.533s] -- Up-to-date: /home/yubinwang/turtlebot3_ws/install/turtlebot3_msgs/include/turtlebot3_msgs/action
[2.533s] -- Up-to-date: /home/yubinwang/turtlebot3_ws/install/turtlebot3_msgs/include/turtlebot3_msgs/action/patrol__rosidl_typesupport_fastrtps_cpp.hpp
[2.533s] -- Up-to-date: /home/yubinwang/turtlebot3_ws/install/turtlebot3_msgs/include/turtlebot3_msgs/action/dds_fastrtps
[2.533s] -- Up-to-date: /home/yubinwang/turtlebot3_ws/install/turtlebot3_msgs/lib/libturtlebot3_msgs__rosidl_typesupport_fastrtps_cpp.so
[2.534s] -- Up-to-date: /home/yubinwang/turtlebot3_ws/install/turtlebot3_msgs/share/turtlebot3_msgs/environment/pythonpath.sh
[2.534s] -- Up-to-date: /home/yubinwang/turtlebot3_ws/install/turtlebot3_msgs/lib/python3.6/site-packages/turtlebot3_msgs/__init__.py
[2.594s] -- Up-to-date: /home/yubinwang/turtlebot3_ws/install/turtlebot3_msgs/lib/python3.6/site-packages/turtlebot3_msgs/msg
[2.595s] -- Up-to-date: /home/yubinwang/turtlebot3_ws/install/turtlebot3_msgs/lib/python3.6/site-packages/turtlebot3_msgs/msg/_version_info_s.c
[2.595s] -- Up-to-date: /home/yubinwang/turtlebot3_ws/install/turtlebot3_msgs/lib/python3.6/site-packages/turtlebot3_msgs/msg/_version_info.py
[2.595s] -- Up-to-date: /home/yubinwang/turtlebot3_ws/install/turtlebot3_msgs/lib/python3.6/site-packages/turtlebot3_msgs/msg/_sensor_state.py
[2.596s] -- Up-to-date: /home/yubinwang/turtlebot3_ws/install/turtlebot3_msgs/lib/python3.6/site-packages/turtlebot3_msgs/msg/_sound.py
[2.596s] -- Up-to-date: /home/yubinwang/turtlebot3_ws/install/turtlebot3_msgs/lib/python3.6/site-packages/turtlebot3_msgs/msg/_sound_s.c
[2.596s] -- Up-to-date: /home/yubinwang/turtlebot3_ws/install/turtlebot3_msgs/lib/python3.6/site-packages/turtlebot3_msgs/msg/__init__.py
[2.596s] -- Up-to-date: /home/yubinwang/turtlebot3_ws/install/turtlebot3_msgs/lib/python3.6/site-packages/turtlebot3_msgs/msg/_sensor_state_s.c
[2.597s] -- Up-to-date: /home/yubinwang/turtlebot3_ws/install/turtlebot3_msgs/lib/python3.6/site-packages/turtlebot3_msgs/srv
[2.597s] -- Up-to-date: /home/yubinwang/turtlebot3_ws/install/turtlebot3_msgs/lib/python3.6/site-packages/turtlebot3_msgs/srv/_dqn.py
[2.597s] -- Up-to-date: /home/yubinwang/turtlebot3_ws/install/turtlebot3_msgs/lib/python3.6/site-packages/turtlebot3_msgs/srv/_dqn_s.c
[2.597s] -- Up-to-date: /home/yubinwang/turtlebot3_ws/install/turtlebot3_msgs/lib/python3.6/site-packages/turtlebot3_msgs/srv/_sound.py
[2.597s] -- Up-to-date: /home/yubinwang/turtlebot3_ws/install/turtlebot3_msgs/lib/python3.6/site-packages/turtlebot3_msgs/srv/_sound_s.c
[2.597s] -- Up-to-date: /home/yubinwang/turtlebot3_ws/install/turtlebot3_msgs/lib/python3.6/site-packages/turtlebot3_msgs/srv/__init__.py
[2.597s] -- Up-to-date: /home/yubinwang/turtlebot3_ws/install/turtlebot3_msgs/lib/python3.6/site-packages/turtlebot3_msgs/action
[2.598s] -- Up-to-date: /home/yubinwang/turtlebot3_ws/install/turtlebot3_msgs/lib/python3.6/site-packages/turtlebot3_msgs/action/_patrol_s.c
[2.598s] -- Up-to-date: /home/yubinwang/turtlebot3_ws/install/turtlebot3_msgs/lib/python3.6/site-packages/turtlebot3_msgs/action/_patrol.py
[2.598s] -- Up-to-date: /home/yubinwang/turtlebot3_ws/install/turtlebot3_msgs/lib/python3.6/site-packages/turtlebot3_msgs/action/__init__.py
[2.598s] -- Up-to-date: /home/yubinwang/turtlebot3_ws/install/turtlebot3_msgs/lib/python3.6/site-packages/turtlebot3_msgs/turtlebot3_msgs_s__rosidl_typesupport_c.cpython-36m-x86_64-linux-gnu.so
[2.599s] -- Up-to-date: /home/yubinwang/turtlebot3_ws/install/turtlebot3_msgs/lib/python3.6/site-packages/turtlebot3_msgs/turtlebot3_msgs_s__rosidl_typesupport_fastrtps_c.cpython-36m-x86_64-linux-gnu.so
[2.599s] -- Up-to-date: /home/yubinwang/turtlebot3_ws/install/turtlebot3_msgs/lib/libturtlebot3_msgs__python.so
[2.600s] -- Up-to-date: /home/yubinwang/turtlebot3_ws/install/turtlebot3_msgs/share/turtlebot3_msgs/msg/SensorState.idl
[2.600s] -- Up-to-date: /home/yubinwang/turtlebot3_ws/install/turtlebot3_msgs/share/turtlebot3_msgs/msg/Sound.idl
[2.600s] -- Up-to-date: /home/yubinwang/turtlebot3_ws/install/turtlebot3_msgs/share/turtlebot3_msgs/msg/VersionInfo.idl
[2.601s] -- Up-to-date: /home/yubinwang/turtlebot3_ws/install/turtlebot3_msgs/share/turtlebot3_msgs/srv/Sound.idl
[2.601s] -- Up-to-date: /home/yubinwang/turtlebot3_ws/install/turtlebot3_msgs/share/turtlebot3_msgs/srv/Dqn.idl
[2.601s] -- Up-to-date: /home/yubinwang/turtlebot3_ws/install/turtlebot3_msgs/share/turtlebot3_msgs/action/Patrol.idl
[2.601s] -- Up-to-date: /home/yubinwang/turtlebot3_ws/install/turtlebot3_msgs/share/turtlebot3_msgs/msg/SensorState.msg
[2.602s] -- Up-to-date: /home/yubinwang/turtlebot3_ws/install/turtlebot3_msgs/share/turtlebot3_msgs/msg/Sound.msg
[2.602s] -- Up-to-date: /home/yubinwang/turtlebot3_ws/install/turtlebot3_msgs/share/turtlebot3_msgs/msg/VersionInfo.msg
[2.602s] -- Up-to-date: /home/yubinwang/turtlebot3_ws/install/turtlebot3_msgs/share/turtlebot3_msgs/srv/Sound.srv
[2.602s] -- Up-to-date: /home/yubinwang/turtlebot3_ws/install/turtlebot3_msgs/share/turtlebot3_msgs/srv/Sound_Request.msg
[2.603s] -- Up-to-date: /home/yubinwang/turtlebot3_ws/install/turtlebot3_msgs/share/turtlebot3_msgs/srv/Sound_Response.msg
[2.603s] -- Up-to-date: /home/yubinwang/turtlebot3_ws/install/turtlebot3_msgs/share/turtlebot3_msgs/srv/Dqn.srv
[2.603s] -- Up-to-date: /home/yubinwang/turtlebot3_ws/install/turtlebot3_msgs/share/turtlebot3_msgs/srv/Dqn_Request.msg
[2.603s] -- Up-to-date: /home/yubinwang/turtlebot3_ws/install/turtlebot3_msgs/share/turtlebot3_msgs/srv/Dqn_Response.msg
[2.604s] -- Up-to-date: /home/yubinwang/turtlebot3_ws/install/turtlebot3_msgs/share/turtlebot3_msgs/action/Patrol.action
[2.604s] -- Up-to-date: /home/yubinwang/turtlebot3_ws/install/turtlebot3_msgs/share/ament_index/resource_index/package_run_dependencies/turtlebot3_msgs
[2.604s] -- Up-to-date: /home/yubinwang/turtlebot3_ws/install/turtlebot3_msgs/share/ament_index/resource_index/parent_prefix_path/turtlebot3_msgs
[2.604s] -- Up-to-date: /home/yubinwang/turtlebot3_ws/install/turtlebot3_msgs/share/turtlebot3_msgs/environment/ament_prefix_path.sh
[2.605s] -- Up-to-date: /home/yubinwang/turtlebot3_ws/install/turtlebot3_msgs/share/turtlebot3_msgs/environment/path.sh
[2.605s] -- Up-to-date: /home/yubinwang/turtlebot3_ws/install/turtlebot3_msgs/share/turtlebot3_msgs/local_setup.bash
[2.605s] -- Up-to-date: /home/yubinwang/turtlebot3_ws/install/turtlebot3_msgs/share/turtlebot3_msgs/local_setup.sh
[2.605s] -- Up-to-date: /home/yubinwang/turtlebot3_ws/install/turtlebot3_msgs/share/turtlebot3_msgs/local_setup.zsh
[2.605s] -- Up-to-date: /home/yubinwang/turtlebot3_ws/install/turtlebot3_msgs/share/ament_index/resource_index/packages/turtlebot3_msgs
[2.606s] -- Up-to-date: /home/yubinwang/turtlebot3_ws/install/turtlebot3_msgs/share/turtlebot3_msgs/cmake/rosidl_cmake-extras.cmake
[2.606s] -- Up-to-date: /home/yubinwang/turtlebot3_ws/install/turtlebot3_msgs/share/turtlebot3_msgs/cmake/ament_cmake_export_dependencies-extras.cmake
[2.606s] -- Up-to-date: /home/yubinwang/turtlebot3_ws/install/turtlebot3_msgs/share/turtlebot3_msgs/cmake/ament_cmake_export_include_directories-extras.cmake
[2.606s] -- Up-to-date: /home/yubinwang/turtlebot3_ws/install/turtlebot3_msgs/share/turtlebot3_msgs/cmake/ament_cmake_export_libraries-extras.cmake
[2.607s] -- Up-to-date: /home/yubinwang/turtlebot3_ws/install/turtlebot3_msgs/share/turtlebot3_msgs/cmake/turtlebot3_msgsConfig.cmake
[2.607s] -- Up-to-date: /home/yubinwang/turtlebot3_ws/install/turtlebot3_msgs/share/turtlebot3_msgs/cmake/turtlebot3_msgsConfig-version.cmake
[2.607s] -- Up-to-date: /home/yubinwang/turtlebot3_ws/install/turtlebot3_msgs/share/turtlebot3_msgs/package.xml
[2.627s] Invoked command in '/home/yubinwang/turtlebot3_ws/build/turtlebot3_msgs' returned '0': CMAKE_PREFIX_PATH=${CMAKE_PREFIX_PATH}:/home/yubinwang/turtlebot3_ws/install/turtlebot3_teleop:/home/yubinwang/turtlebot3_ws/install/turtlebot3_example:/opt/ros/dashing /usr/bin/cmake --build /home/yubinwang/turtlebot3_ws/build/turtlebot3_msgs --target install -- -j8 -l8
