[0.063s] Invoking command in '/home/yubinwang/turtlebot3_ws/build/turtlebot3_cartographer': CMAKE_PREFIX_PATH=/opt/ros/dashing /usr/bin/cmake /home/yubinwang/turtlebot3_ws/src/turtlebot3/turtlebot3_cartographer -DCMAKE_INSTALL_PREFIX=/home/yubinwang/turtlebot3_ws/install/turtlebot3_cartographer
[0.769s] -- The C compiler identification is GNU 7.5.0
[0.769s] -- The CXX compiler identification is GNU 7.5.0
[0.769s] -- Check for working C compiler: /usr/bin/cc
[0.769s] -- Check for working C compiler: /usr/bin/cc -- works
[0.769s] -- Detecting C compiler ABI info
[0.770s] -- Detecting C compiler ABI info - done
[0.770s] -- Detecting C compile features
[1.239s] -- Detecting C compile features - done
[1.241s] -- Check for working CXX compiler: /usr/bin/c++
[1.468s] -- Check for working CXX compiler: /usr/bin/c++ -- works
[1.470s] -- Detecting CXX compiler ABI info
[1.742s] -- Detecting CXX compiler ABI info - done
[1.757s] -- Detecting CXX compile features
[2.582s] -- Detecting CXX compile features - done
[2.586s] -- Found ament_cmake: 0.7.6 (/opt/ros/dashing/share/ament_cmake/cmake)
[2.643s] -- Found PythonInterp: /usr/bin/python3 (found suitable version "3.6.9", minimum required is "3") 
[2.643s] -- Using PYTHON_EXECUTABLE: /usr/bin/python3
[3.427s] -- Configuring done
[3.431s] -- Generating done
[3.434s] -- Build files have been written to: /home/yubinwang/turtlebot3_ws/build/turtlebot3_cartographer
[3.444s] Invoked command in '/home/yubinwang/turtlebot3_ws/build/turtlebot3_cartographer' returned '0': CMAKE_PREFIX_PATH=/opt/ros/dashing /usr/bin/cmake /home/yubinwang/turtlebot3_ws/src/turtlebot3/turtlebot3_cartographer -DCMAKE_INSTALL_PREFIX=/home/yubinwang/turtlebot3_ws/install/turtlebot3_cartographer
[3.445s] Invoking command in '/home/yubinwang/turtlebot3_ws/build/turtlebot3_cartographer': CMAKE_PREFIX_PATH=/opt/ros/dashing /usr/bin/cmake --build /home/yubinwang/turtlebot3_ws/build/turtlebot3_cartographer -- -j8 -l8
[3.569s] Invoked command in '/home/yubinwang/turtlebot3_ws/build/turtlebot3_cartographer' returned '0': CMAKE_PREFIX_PATH=/opt/ros/dashing /usr/bin/cmake --build /home/yubinwang/turtlebot3_ws/build/turtlebot3_cartographer -- -j8 -l8
[3.664s] Invoking command in '/home/yubinwang/turtlebot3_ws/build/turtlebot3_cartographer': CMAKE_PREFIX_PATH=/opt/ros/dashing /usr/bin/cmake --build /home/yubinwang/turtlebot3_ws/build/turtlebot3_cartographer --target install -- -j8 -l8
[3.976s] [36mInstall the project...[0m
[4.032s] -- Install configuration: ""
[4.032s] -- Installing: /home/yubinwang/turtlebot3_ws/install/turtlebot3_cartographer/share/turtlebot3_cartographer/config
[4.032s] -- Installing: /home/yubinwang/turtlebot3_ws/install/turtlebot3_cartographer/share/turtlebot3_cartographer/config/turtlebot3_lds_2d.lua
[4.040s] -- Installing: /home/yubinwang/turtlebot3_ws/install/turtlebot3_cartographer/share/turtlebot3_cartographer/launch
[4.041s] -- Installing: /home/yubinwang/turtlebot3_ws/install/turtlebot3_cartographer/share/turtlebot3_cartographer/launch/cartographer.launch.py
[4.041s] -- Installing: /home/yubinwang/turtlebot3_ws/install/turtlebot3_cartographer/share/turtlebot3_cartographer/launch/occupancy_grid.launch.py
[4.041s] -- Installing: /home/yubinwang/turtlebot3_ws/install/turtlebot3_cartographer/share/turtlebot3_cartographer/rviz
[4.041s] -- Installing: /home/yubinwang/turtlebot3_ws/install/turtlebot3_cartographer/share/turtlebot3_cartographer/rviz/tb3_cartographer.rviz
[4.042s] -- Installing: /home/yubinwang/turtlebot3_ws/install/turtlebot3_cartographer/share/ament_index/resource_index/package_run_dependencies/turtlebot3_cartographer
[4.042s] -- Installing: /home/yubinwang/turtlebot3_ws/install/turtlebot3_cartographer/share/ament_index/resource_index/parent_prefix_path/turtlebot3_cartographer
[4.042s] -- Installing: /home/yubinwang/turtlebot3_ws/install/turtlebot3_cartographer/share/turtlebot3_cartographer/environment/ament_prefix_path.sh
[4.043s] -- Installing: /home/yubinwang/turtlebot3_ws/install/turtlebot3_cartographer/share/turtlebot3_cartographer/environment/path.sh
[4.043s] -- Installing: /home/yubinwang/turtlebot3_ws/install/turtlebot3_cartographer/share/turtlebot3_cartographer/local_setup.bash
[4.043s] -- Installing: /home/yubinwang/turtlebot3_ws/install/turtlebot3_cartographer/share/turtlebot3_cartographer/local_setup.sh
[4.044s] -- Installing: /home/yubinwang/turtlebot3_ws/install/turtlebot3_cartographer/share/turtlebot3_cartographer/local_setup.zsh
[4.044s] -- Installing: /home/yubinwang/turtlebot3_ws/install/turtlebot3_cartographer/share/ament_index/resource_index/packages/turtlebot3_cartographer
[4.045s] -- Installing: /home/yubinwang/turtlebot3_ws/install/turtlebot3_cartographer/share/turtlebot3_cartographer/cmake/turtlebot3_cartographerConfig.cmake
[4.045s] -- Installing: /home/yubinwang/turtlebot3_ws/install/turtlebot3_cartographer/share/turtlebot3_cartographer/cmake/turtlebot3_cartographerConfig-version.cmake
[4.045s] -- Installing: /home/yubinwang/turtlebot3_ws/install/turtlebot3_cartographer/share/turtlebot3_cartographer/package.xml
[4.054s] Invoked command in '/home/yubinwang/turtlebot3_ws/build/turtlebot3_cartographer' returned '0': CMAKE_PREFIX_PATH=/opt/ros/dashing /usr/bin/cmake --build /home/yubinwang/turtlebot3_ws/build/turtlebot3_cartographer --target install -- -j8 -l8
