[0.057s] Invoking command in '/home/yubinwang/turtlebot3_ws/build/dynamixel_sdk_examples': AMENT_PREFIX_PATH=/home/yubinwang/turtlebot3_ws/install/dynamixel_sdk_custom_interfaces:/home/yubinwang/turtlebot3_ws/install/dynamixel_sdk:${AMENT_PREFIX_PATH} CMAKE_PREFIX_PATH=/home/yubinwang/turtlebot3_ws/install/dynamixel_sdk_custom_interfaces:/home/yubinwang/turtlebot3_ws/install/dynamixel_sdk:/opt/ros/dashing LD_LIBRARY_PATH=/home/yubinwang/turtlebot3_ws/install/dynamixel_sdk_custom_interfaces/lib:/home/yubinwang/turtlebot3_ws/install/dynamixel_sdk/lib:${LD_LIBRARY_PATH} PYTHONPATH=/home/yubinwang/turtlebot3_ws/install/dynamixel_sdk_custom_interfaces/lib/python3.6/site-packages:${PYTHONPATH} /usr/bin/cmake /home/yubinwang/turtlebot3_ws/src/DynamixelSDK/dynamixel_sdk_examples -DCMAKE_INSTALL_PREFIX=/home/yubinwang/turtlebot3_ws/install/dynamixel_sdk_examples
[0.211s] -- The C compiler identification is GNU 7.5.0
[0.321s] -- The CXX compiler identification is GNU 7.5.0
[0.331s] -- Check for working C compiler: /usr/bin/cc
[0.443s] -- Check for working C compiler: /usr/bin/cc -- works
[0.443s] -- Detecting C compiler ABI info
[0.553s] -- Detecting C compiler ABI info - done
[0.561s] -- Detecting C compile features
[0.914s] -- Detecting C compile features - done
[0.917s] -- Check for working CXX compiler: /usr/bin/c++
[1.052s] -- Check for working CXX compiler: /usr/bin/c++ -- works
[1.053s] -- Detecting CXX compiler ABI info
[1.182s] -- Detecting CXX compiler ABI info - done
[1.193s] -- Detecting CXX compile features
[1.801s] -- Detecting CXX compile features - done
[1.805s] -- Found ament_cmake: 0.7.6 (/opt/ros/dashing/share/ament_cmake/cmake)
[1.860s] -- Found PythonInterp: /usr/bin/python3 (found suitable version "3.6.9", minimum required is "3") 
[1.861s] -- Using PYTHON_EXECUTABLE: /usr/bin/python3
[2.334s] -- Found dynamixel_sdk: 3.7.40 (/home/yubinwang/turtlebot3_ws/install/dynamixel_sdk/share/dynamixel_sdk/cmake)
[2.338s] -- Found dynamixel_sdk_custom_interfaces: 3.7.40 (/home/yubinwang/turtlebot3_ws/install/dynamixel_sdk_custom_interfaces/share/dynamixel_sdk_custom_interfaces/cmake)
[2.373s] -- Found rosidl_adapter: 0.7.10 (/opt/ros/dashing/share/rosidl_adapter/cmake)
[2.478s] -- Found rclcpp: 0.7.16 (/opt/ros/dashing/share/rclcpp/cmake)
[2.516s] -- Found rmw_implementation_cmake: 0.7.2 (/opt/ros/dashing/share/rmw_implementation_cmake/cmake)
[2.519s] -- Using RMW implementation 'rmw_fastrtps_cpp' as default
[2.522s] -- Looking for pthread.h
[2.649s] -- Looking for pthread.h - found
[2.650s] -- Looking for pthread_create
[2.772s] -- Looking for pthread_create - not found
[2.772s] -- Looking for pthread_create in pthreads
[2.861s] -- Looking for pthread_create in pthreads - not found
[2.861s] -- Looking for pthread_create in pthread
[2.961s] -- Looking for pthread_create in pthread - found
[2.962s] -- Found Threads: TRUE  
[3.029s] -- Found ament_lint_auto: 0.7.12 (/opt/ros/dashing/share/ament_lint_auto/cmake)
[3.223s] -- Added test 'copyright' to check for copyright in CMake / C / C++ / Python code
[3.225s] -- Added test 'cppcheck' to perform static code analysis on C / C++ code
[3.226s] -- Configured cppcheck include dirs: /home/yubinwang/turtlebot3_ws/src/DynamixelSDK/dynamixel_sdk_examples/include
[3.227s] -- Added test 'cpplint' to check C / C++ code against the Google style
[3.229s] -- Added test 'lint_cmake' to check CMake code style
[3.232s] -- Added test 'uncrustify' to check C / C++ code style
[3.233s] -- Added test 'xmllint' to check XML markup files
[3.237s] -- Configuring done
[3.260s] -- Generating done
[3.262s] -- Build files have been written to: /home/yubinwang/turtlebot3_ws/build/dynamixel_sdk_examples
[3.267s] Invoked command in '/home/yubinwang/turtlebot3_ws/build/dynamixel_sdk_examples' returned '0': AMENT_PREFIX_PATH=/home/yubinwang/turtlebot3_ws/install/dynamixel_sdk_custom_interfaces:/home/yubinwang/turtlebot3_ws/install/dynamixel_sdk:${AMENT_PREFIX_PATH} CMAKE_PREFIX_PATH=/home/yubinwang/turtlebot3_ws/install/dynamixel_sdk_custom_interfaces:/home/yubinwang/turtlebot3_ws/install/dynamixel_sdk:/opt/ros/dashing LD_LIBRARY_PATH=/home/yubinwang/turtlebot3_ws/install/dynamixel_sdk_custom_interfaces/lib:/home/yubinwang/turtlebot3_ws/install/dynamixel_sdk/lib:${LD_LIBRARY_PATH} PYTHONPATH=/home/yubinwang/turtlebot3_ws/install/dynamixel_sdk_custom_interfaces/lib/python3.6/site-packages:${PYTHONPATH} /usr/bin/cmake /home/yubinwang/turtlebot3_ws/src/DynamixelSDK/dynamixel_sdk_examples -DCMAKE_INSTALL_PREFIX=/home/yubinwang/turtlebot3_ws/install/dynamixel_sdk_examples
[3.269s] Invoking command in '/home/yubinwang/turtlebot3_ws/build/dynamixel_sdk_examples': AMENT_PREFIX_PATH=/home/yubinwang/turtlebot3_ws/install/dynamixel_sdk_custom_interfaces:/home/yubinwang/turtlebot3_ws/install/dynamixel_sdk:${AMENT_PREFIX_PATH} CMAKE_PREFIX_PATH=/home/yubinwang/turtlebot3_ws/install/dynamixel_sdk_custom_interfaces:/home/yubinwang/turtlebot3_ws/install/dynamixel_sdk:/opt/ros/dashing LD_LIBRARY_PATH=/home/yubinwang/turtlebot3_ws/install/dynamixel_sdk_custom_interfaces/lib:/home/yubinwang/turtlebot3_ws/install/dynamixel_sdk/lib:${LD_LIBRARY_PATH} PYTHONPATH=/home/yubinwang/turtlebot3_ws/install/dynamixel_sdk_custom_interfaces/lib/python3.6/site-packages:${PYTHONPATH} /usr/bin/cmake --build /home/yubinwang/turtlebot3_ws/build/dynamixel_sdk_examples -- -j8 -l8
[3.350s] [35m[1mScanning dependencies of target read_write_node[0m
[3.453s] [ 50%] [32mBuilding CXX object CMakeFiles/read_write_node.dir/src/read_write_node.cpp.o[0m
[7.426s] [100%] [32m[1mLinking CXX executable read_write_node[0m
[7.721s] [100%] Built target read_write_node
[7.743s] Invoked command in '/home/yubinwang/turtlebot3_ws/build/dynamixel_sdk_examples' returned '0': AMENT_PREFIX_PATH=/home/yubinwang/turtlebot3_ws/install/dynamixel_sdk_custom_interfaces:/home/yubinwang/turtlebot3_ws/install/dynamixel_sdk:${AMENT_PREFIX_PATH} CMAKE_PREFIX_PATH=/home/yubinwang/turtlebot3_ws/install/dynamixel_sdk_custom_interfaces:/home/yubinwang/turtlebot3_ws/install/dynamixel_sdk:/opt/ros/dashing LD_LIBRARY_PATH=/home/yubinwang/turtlebot3_ws/install/dynamixel_sdk_custom_interfaces/lib:/home/yubinwang/turtlebot3_ws/install/dynamixel_sdk/lib:${LD_LIBRARY_PATH} PYTHONPATH=/home/yubinwang/turtlebot3_ws/install/dynamixel_sdk_custom_interfaces/lib/python3.6/site-packages:${PYTHONPATH} /usr/bin/cmake --build /home/yubinwang/turtlebot3_ws/build/dynamixel_sdk_examples -- -j8 -l8
[7.784s] Invoking command in '/home/yubinwang/turtlebot3_ws/build/dynamixel_sdk_examples': AMENT_PREFIX_PATH=/home/yubinwang/turtlebot3_ws/install/dynamixel_sdk_custom_interfaces:/home/yubinwang/turtlebot3_ws/install/dynamixel_sdk:${AMENT_PREFIX_PATH} CMAKE_PREFIX_PATH=/home/yubinwang/turtlebot3_ws/install/dynamixel_sdk_custom_interfaces:/home/yubinwang/turtlebot3_ws/install/dynamixel_sdk:/opt/ros/dashing LD_LIBRARY_PATH=/home/yubinwang/turtlebot3_ws/install/dynamixel_sdk_custom_interfaces/lib:/home/yubinwang/turtlebot3_ws/install/dynamixel_sdk/lib:${LD_LIBRARY_PATH} PYTHONPATH=/home/yubinwang/turtlebot3_ws/install/dynamixel_sdk_custom_interfaces/lib/python3.6/site-packages:${PYTHONPATH} /usr/bin/cmake --build /home/yubinwang/turtlebot3_ws/build/dynamixel_sdk_examples --target install -- -j8 -l8
[7.904s] [100%] Built target read_write_node
[7.947s] [36mInstall the project...[0m
[7.968s] -- Install configuration: ""
[7.969s] -- Installing: /home/yubinwang/turtlebot3_ws/install/dynamixel_sdk_examples/lib/dynamixel_sdk_examples/read_write_node
[7.971s] -- Set runtime path of "/home/yubinwang/turtlebot3_ws/install/dynamixel_sdk_examples/lib/dynamixel_sdk_examples/read_write_node" to ""
[7.971s] -- Installing: /home/yubinwang/turtlebot3_ws/install/dynamixel_sdk_examples/share/ament_index/resource_index/package_run_dependencies/dynamixel_sdk_examples
[7.972s] -- Installing: /home/yubinwang/turtlebot3_ws/install/dynamixel_sdk_examples/share/ament_index/resource_index/parent_prefix_path/dynamixel_sdk_examples
[7.972s] -- Installing: /home/yubinwang/turtlebot3_ws/install/dynamixel_sdk_examples/share/dynamixel_sdk_examples/environment/ament_prefix_path.sh
[7.972s] -- Installing: /home/yubinwang/turtlebot3_ws/install/dynamixel_sdk_examples/share/dynamixel_sdk_examples/environment/path.sh
[7.972s] -- Installing: /home/yubinwang/turtlebot3_ws/install/dynamixel_sdk_examples/share/dynamixel_sdk_examples/local_setup.bash
[7.973s] -- Installing: /home/yubinwang/turtlebot3_ws/install/dynamixel_sdk_examples/share/dynamixel_sdk_examples/local_setup.sh
[7.973s] -- Installing: /home/yubinwang/turtlebot3_ws/install/dynamixel_sdk_examples/share/dynamixel_sdk_examples/local_setup.zsh
[7.974s] -- Installing: /home/yubinwang/turtlebot3_ws/install/dynamixel_sdk_examples/share/ament_index/resource_index/packages/dynamixel_sdk_examples
[7.974s] -- Installing: /home/yubinwang/turtlebot3_ws/install/dynamixel_sdk_examples/share/dynamixel_sdk_examples/cmake/dynamixel_sdk_examplesConfig.cmake
[7.974s] -- Installing: /home/yubinwang/turtlebot3_ws/install/dynamixel_sdk_examples/share/dynamixel_sdk_examples/cmake/dynamixel_sdk_examplesConfig-version.cmake
[7.975s] -- Installing: /home/yubinwang/turtlebot3_ws/install/dynamixel_sdk_examples/share/dynamixel_sdk_examples/package.xml
[7.983s] Invoked command in '/home/yubinwang/turtlebot3_ws/build/dynamixel_sdk_examples' returned '0': AMENT_PREFIX_PATH=/home/yubinwang/turtlebot3_ws/install/dynamixel_sdk_custom_interfaces:/home/yubinwang/turtlebot3_ws/install/dynamixel_sdk:${AMENT_PREFIX_PATH} CMAKE_PREFIX_PATH=/home/yubinwang/turtlebot3_ws/install/dynamixel_sdk_custom_interfaces:/home/yubinwang/turtlebot3_ws/install/dynamixel_sdk:/opt/ros/dashing LD_LIBRARY_PATH=/home/yubinwang/turtlebot3_ws/install/dynamixel_sdk_custom_interfaces/lib:/home/yubinwang/turtlebot3_ws/install/dynamixel_sdk/lib:${LD_LIBRARY_PATH} PYTHONPATH=/home/yubinwang/turtlebot3_ws/install/dynamixel_sdk_custom_interfaces/lib/python3.6/site-packages:${PYTHONPATH} /usr/bin/cmake --build /home/yubinwang/turtlebot3_ws/build/dynamixel_sdk_examples --target install -- -j8 -l8
