[0.078s] Invoking command in '/home/yubinwang/turtlebot3_ws/build/turtlebot3_description': CMAKE_PREFIX_PATH=${CMAKE_PREFIX_PATH}:/home/yubinwang/turtlebot3_ws/src/install/turtlebot3_teleop:/home/yubinwang/turtlebot3_ws/src/install/turtlebot3_example:/opt/ros/dashing /usr/bin/cmake --build /home/yubinwang/turtlebot3_ws/build/turtlebot3_description -- -j8 -l8
[0.776s] Invoked command in '/home/yubinwang/turtlebot3_ws/build/turtlebot3_description' returned '0': CMAKE_PREFIX_PATH=${CMAKE_PREFIX_PATH}:/home/yubinwang/turtlebot3_ws/src/install/turtlebot3_teleop:/home/yubinwang/turtlebot3_ws/src/install/turtlebot3_example:/opt/ros/dashing /usr/bin/cmake --build /home/yubinwang/turtlebot3_ws/build/turtlebot3_description -- -j8 -l8
[0.914s] Invoking command in '/home/yubinwang/turtlebot3_ws/build/turtlebot3_description': CMAKE_PREFIX_PATH=${CMAKE_PREFIX_PATH}:/home/yubinwang/turtlebot3_ws/src/install/turtlebot3_teleop:/home/yubinwang/turtlebot3_ws/src/install/turtlebot3_example:/opt/ros/dashing /usr/bin/cmake --build /home/yubinwang/turtlebot3_ws/build/turtlebot3_description --target install -- -j8 -l8
[1.106s] [36mInstall the project...[0m
[1.115s] -- Install configuration: ""
[1.116s] -- Up-to-date: /home/yubinwang/turtlebot3_ws/install/turtlebot3_description/share/turtlebot3_description/meshes
[1.116s] -- Up-to-date: /home/yubinwang/turtlebot3_ws/install/turtlebot3_description/share/turtlebot3_description/meshes/wheels
[1.116s] -- Up-to-date: /home/yubinwang/turtlebot3_ws/install/turtlebot3_description/share/turtlebot3_description/meshes/wheels/left_tire.stl
[1.116s] -- Up-to-date: /home/yubinwang/turtlebot3_ws/install/turtlebot3_description/share/turtlebot3_description/meshes/wheels/right_tire.stl
[1.116s] -- Up-to-date: /home/yubinwang/turtlebot3_ws/install/turtlebot3_description/share/turtlebot3_description/meshes/bases
[1.117s] -- Up-to-date: /home/yubinwang/turtlebot3_ws/install/turtlebot3_description/share/turtlebot3_description/meshes/bases/burger_base.stl
[1.117s] -- Up-to-date: /home/yubinwang/turtlebot3_ws/install/turtlebot3_description/share/turtlebot3_description/meshes/bases/waffle_pi_base.stl
[1.117s] -- Up-to-date: /home/yubinwang/turtlebot3_ws/install/turtlebot3_description/share/turtlebot3_description/meshes/bases/waffle_base.stl
[1.117s] -- Up-to-date: /home/yubinwang/turtlebot3_ws/install/turtlebot3_description/share/turtlebot3_description/meshes/sensors
[1.117s] -- Up-to-date: /home/yubinwang/turtlebot3_ws/install/turtlebot3_description/share/turtlebot3_description/meshes/sensors/r200.dae
[1.117s] -- Up-to-date: /home/yubinwang/turtlebot3_ws/install/turtlebot3_description/share/turtlebot3_description/meshes/sensors/astra.jpg
[1.118s] -- Up-to-date: /home/yubinwang/turtlebot3_ws/install/turtlebot3_description/share/turtlebot3_description/meshes/sensors/astra.dae
[1.118s] -- Up-to-date: /home/yubinwang/turtlebot3_ws/install/turtlebot3_description/share/turtlebot3_description/meshes/sensors/lds.stl
[1.118s] -- Up-to-date: /home/yubinwang/turtlebot3_ws/install/turtlebot3_description/share/turtlebot3_description/meshes/sensors/r200.jpg
[1.118s] -- Up-to-date: /home/yubinwang/turtlebot3_ws/install/turtlebot3_description/share/turtlebot3_description/rviz
[1.119s] -- Up-to-date: /home/yubinwang/turtlebot3_ws/install/turtlebot3_description/share/turtlebot3_description/rviz/model.rviz
[1.119s] -- Up-to-date: /home/yubinwang/turtlebot3_ws/install/turtlebot3_description/share/turtlebot3_description/urdf
[1.119s] -- Up-to-date: /home/yubinwang/turtlebot3_ws/install/turtlebot3_description/share/turtlebot3_description/urdf/turtlebot3_burger.urdf
[1.119s] -- Up-to-date: /home/yubinwang/turtlebot3_ws/install/turtlebot3_description/share/turtlebot3_description/urdf/common_properties.urdf
[1.119s] -- Up-to-date: /home/yubinwang/turtlebot3_ws/install/turtlebot3_description/share/turtlebot3_description/urdf/turtlebot3_waffle_pi.urdf
[1.127s] -- Up-to-date: /home/yubinwang/turtlebot3_ws/install/turtlebot3_description/share/turtlebot3_description/urdf/turtlebot3_waffle.urdf
[1.128s] -- Up-to-date: /home/yubinwang/turtlebot3_ws/install/turtlebot3_description/share/ament_index/resource_index/package_run_dependencies/turtlebot3_description
[1.128s] -- Up-to-date: /home/yubinwang/turtlebot3_ws/install/turtlebot3_description/share/ament_index/resource_index/parent_prefix_path/turtlebot3_description
[1.128s] -- Up-to-date: /home/yubinwang/turtlebot3_ws/install/turtlebot3_description/share/turtlebot3_description/environment/ament_prefix_path.sh
[1.128s] -- Up-to-date: /home/yubinwang/turtlebot3_ws/install/turtlebot3_description/share/turtlebot3_description/environment/path.sh
[1.129s] -- Up-to-date: /home/yubinwang/turtlebot3_ws/install/turtlebot3_description/share/turtlebot3_description/local_setup.bash
[1.129s] -- Up-to-date: /home/yubinwang/turtlebot3_ws/install/turtlebot3_description/share/turtlebot3_description/local_setup.sh
[1.129s] -- Up-to-date: /home/yubinwang/turtlebot3_ws/install/turtlebot3_description/share/turtlebot3_description/local_setup.zsh
[1.130s] -- Up-to-date: /home/yubinwang/turtlebot3_ws/install/turtlebot3_description/share/ament_index/resource_index/packages/turtlebot3_description
[1.130s] -- Up-to-date: /home/yubinwang/turtlebot3_ws/install/turtlebot3_description/share/turtlebot3_description/cmake/turtlebot3_descriptionConfig.cmake
[1.130s] -- Up-to-date: /home/yubinwang/turtlebot3_ws/install/turtlebot3_description/share/turtlebot3_description/cmake/turtlebot3_descriptionConfig-version.cmake
[1.130s] -- Up-to-date: /home/yubinwang/turtlebot3_ws/install/turtlebot3_description/share/turtlebot3_description/package.xml
[1.176s] Invoked command in '/home/yubinwang/turtlebot3_ws/build/turtlebot3_description' returned '0': CMAKE_PREFIX_PATH=${CMAKE_PREFIX_PATH}:/home/yubinwang/turtlebot3_ws/src/install/turtlebot3_teleop:/home/yubinwang/turtlebot3_ws/src/install/turtlebot3_example:/opt/ros/dashing /usr/bin/cmake --build /home/yubinwang/turtlebot3_ws/build/turtlebot3_description --target install -- -j8 -l8
