[0.030s] Invoking command in '/home/yubinwang/turtlebot3_ws/build/turtlebot3_node': AMENT_PREFIX_PATH=/home/yubinwang/turtlebot3_ws/install/turtlebot3_msgs:/home/yubinwang/turtlebot3_ws/install/dynamixel_sdk:${AMENT_PREFIX_PATH} CMAKE_PREFIX_PATH=/home/yubinwang/turtlebot3_ws/install/turtlebot3_msgs:/home/yubinwang/turtlebot3_ws/install/dynamixel_sdk:/opt/ros/dashing LD_LIBRARY_PATH=/home/yubinwang/turtlebot3_ws/install/turtlebot3_msgs/lib:/home/yubinwang/turtlebot3_ws/install/dynamixel_sdk/lib:${LD_LIBRARY_PATH} PYTHONPATH=/home/yubinwang/turtlebot3_ws/install/turtlebot3_msgs/lib/python3.6/site-packages:${PYTHONPATH} /usr/bin/cmake /home/yubinwang/turtlebot3_ws/src/turtlebot3/turtlebot3_node -DCMAKE_INSTALL_PREFIX=/home/yubinwang/turtlebot3_ws/install/turtlebot3_node
[0.140s] -- The C compiler identification is GNU 7.5.0
[0.229s] -- The CXX compiler identification is GNU 7.5.0
[0.237s] -- Check for working C compiler: /usr/bin/cc
[0.368s] -- Check for working C compiler: /usr/bin/cc -- works
[0.369s] -- Detecting C compiler ABI info
[0.479s] -- Detecting C compiler ABI info - done
[0.491s] -- Detecting C compile features
[0.883s] -- Detecting C compile features - done
[0.887s] -- Check for working CXX compiler: /usr/bin/c++
[1.034s] -- Check for working CXX compiler: /usr/bin/c++ -- works
[1.035s] -- Detecting CXX compiler ABI info
[1.166s] -- Detecting CXX compiler ABI info - done
[1.177s] -- Detecting CXX compile features
[1.755s] -- Detecting CXX compile features - done
[1.759s] -- Found ament_cmake: 0.7.6 (/opt/ros/dashing/share/ament_cmake/cmake)
[1.798s] -- Found PythonInterp: /usr/bin/python3 (found suitable version "3.6.9", minimum required is "3") 
[1.798s] -- Using PYTHON_EXECUTABLE: /usr/bin/python3
[2.151s] -- Found dynamixel_sdk: 3.7.40 (/home/yubinwang/turtlebot3_ws/install/dynamixel_sdk/share/dynamixel_sdk/cmake)
[2.160s] -- Found geometry_msgs: 0.7.1 (/opt/ros/dashing/share/geometry_msgs/cmake)
[2.183s] -- Found rosidl_adapter: 0.7.10 (/opt/ros/dashing/share/rosidl_adapter/cmake)
[2.277s] -- Found message_filters: 3.1.3 (/opt/ros/dashing/share/message_filters/cmake)
[2.281s] -- Found nav_msgs: 0.7.1 (/opt/ros/dashing/share/nav_msgs/cmake)
[2.298s] -- Found rclcpp: 0.7.16 (/opt/ros/dashing/share/rclcpp/cmake)
[2.318s] -- Found rmw_implementation_cmake: 0.7.2 (/opt/ros/dashing/share/rmw_implementation_cmake/cmake)
[2.320s] -- Using RMW implementation 'rmw_fastrtps_cpp' as default
[2.321s] -- Looking for pthread.h
[2.433s] -- Looking for pthread.h - found
[2.434s] -- Looking for pthread_create
[2.542s] -- Looking for pthread_create - not found
[2.542s] -- Looking for pthread_create in pthreads
[2.621s] -- Looking for pthread_create in pthreads - not found
[2.622s] -- Looking for pthread_create in pthread
[2.720s] -- Looking for pthread_create in pthread - found
[2.721s] -- Found Threads: TRUE  
[2.768s] -- Found sensor_msgs: 0.7.1 (/opt/ros/dashing/share/sensor_msgs/cmake)
[2.785s] -- Found std_srvs: 0.7.1 (/opt/ros/dashing/share/std_srvs/cmake)
[2.794s] -- Found tf2: 0.11.6 (/opt/ros/dashing/share/tf2/cmake)
[2.803s] -- Found tf2_ros: 0.11.6 (/opt/ros/dashing/share/tf2_ros/cmake)
[2.869s] -- Found turtlebot3_msgs: 2.2.1 (/home/yubinwang/turtlebot3_ws/install/turtlebot3_msgs/share/turtlebot3_msgs/cmake)
[3.267s] -- Configuring done
[3.354s] -- Generating done
[3.357s] -- Build files have been written to: /home/yubinwang/turtlebot3_ws/build/turtlebot3_node
[3.363s] Invoked command in '/home/yubinwang/turtlebot3_ws/build/turtlebot3_node' returned '0': AMENT_PREFIX_PATH=/home/yubinwang/turtlebot3_ws/install/turtlebot3_msgs:/home/yubinwang/turtlebot3_ws/install/dynamixel_sdk:${AMENT_PREFIX_PATH} CMAKE_PREFIX_PATH=/home/yubinwang/turtlebot3_ws/install/turtlebot3_msgs:/home/yubinwang/turtlebot3_ws/install/dynamixel_sdk:/opt/ros/dashing LD_LIBRARY_PATH=/home/yubinwang/turtlebot3_ws/install/turtlebot3_msgs/lib:/home/yubinwang/turtlebot3_ws/install/dynamixel_sdk/lib:${LD_LIBRARY_PATH} PYTHONPATH=/home/yubinwang/turtlebot3_ws/install/turtlebot3_msgs/lib/python3.6/site-packages:${PYTHONPATH} /usr/bin/cmake /home/yubinwang/turtlebot3_ws/src/turtlebot3/turtlebot3_node -DCMAKE_INSTALL_PREFIX=/home/yubinwang/turtlebot3_ws/install/turtlebot3_node
[3.368s] Invoking command in '/home/yubinwang/turtlebot3_ws/build/turtlebot3_node': AMENT_PREFIX_PATH=/home/yubinwang/turtlebot3_ws/install/turtlebot3_msgs:/home/yubinwang/turtlebot3_ws/install/dynamixel_sdk:${AMENT_PREFIX_PATH} CMAKE_PREFIX_PATH=/home/yubinwang/turtlebot3_ws/install/turtlebot3_msgs:/home/yubinwang/turtlebot3_ws/install/dynamixel_sdk:/opt/ros/dashing LD_LIBRARY_PATH=/home/yubinwang/turtlebot3_ws/install/turtlebot3_msgs/lib:/home/yubinwang/turtlebot3_ws/install/dynamixel_sdk/lib:${LD_LIBRARY_PATH} PYTHONPATH=/home/yubinwang/turtlebot3_ws/install/turtlebot3_msgs/lib/python3.6/site-packages:${PYTHONPATH} /usr/bin/cmake --build /home/yubinwang/turtlebot3_ws/build/turtlebot3_node -- -j8 -l8
[3.422s] [35m[1mScanning dependencies of target turtlebot3_node_lib[0m
[3.518s] [  7%] [32mBuilding CXX object CMakeFiles/turtlebot3_node_lib.dir/src/devices/reset.cpp.o[0m
[3.522s] [ 14%] [32mBuilding CXX object CMakeFiles/turtlebot3_node_lib.dir/src/devices/sound.cpp.o[0m
[3.529s] [ 21%] [32mBuilding CXX object CMakeFiles/turtlebot3_node_lib.dir/src/turtlebot3.cpp.o[0m
[3.533s] [ 28%] [32mBuilding CXX object CMakeFiles/turtlebot3_node_lib.dir/src/devices/motor_power.cpp.o[0m
[3.533s] [ 35%] [32mBuilding CXX object CMakeFiles/turtlebot3_node_lib.dir/src/diff_drive_controller.cpp.o[0m
[3.535s] [ 42%] [32mBuilding CXX object CMakeFiles/turtlebot3_node_lib.dir/src/dynamixel_sdk_wrapper.cpp.o[0m
[3.535s] [ 50%] [32mBuilding CXX object CMakeFiles/turtlebot3_node_lib.dir/src/odometry.cpp.o[0m
[3.539s] [ 57%] [32mBuilding CXX object CMakeFiles/turtlebot3_node_lib.dir/src/sensors/battery_state.cpp.o[0m
[4.898s] [ 64%] [32mBuilding CXX object CMakeFiles/turtlebot3_node_lib.dir/src/sensors/imu.cpp.o[0m
[17.588s] [ 71%] [32mBuilding CXX object CMakeFiles/turtlebot3_node_lib.dir/src/sensors/sensor_state.cpp.o[0m
[19.754s] [ 78%] [32mBuilding CXX object CMakeFiles/turtlebot3_node_lib.dir/src/sensors/joint_state.cpp.o[0m
[21.749s] [ 85%] [32m[1mLinking CXX static library libturtlebot3_node_lib.a[0m
[22.099s] [ 85%] Built target turtlebot3_node_lib
[22.136s] [35m[1mScanning dependencies of target turtlebot3_ros[0m
[22.595s] [ 92%] [32mBuilding CXX object CMakeFiles/turtlebot3_ros.dir/src/node_main.cpp.o[0m
[24.538s] [100%] [32m[1mLinking CXX executable turtlebot3_ros[0m
[25.673s] [100%] Built target turtlebot3_ros
[25.690s] Invoked command in '/home/yubinwang/turtlebot3_ws/build/turtlebot3_node' returned '0': AMENT_PREFIX_PATH=/home/yubinwang/turtlebot3_ws/install/turtlebot3_msgs:/home/yubinwang/turtlebot3_ws/install/dynamixel_sdk:${AMENT_PREFIX_PATH} CMAKE_PREFIX_PATH=/home/yubinwang/turtlebot3_ws/install/turtlebot3_msgs:/home/yubinwang/turtlebot3_ws/install/dynamixel_sdk:/opt/ros/dashing LD_LIBRARY_PATH=/home/yubinwang/turtlebot3_ws/install/turtlebot3_msgs/lib:/home/yubinwang/turtlebot3_ws/install/dynamixel_sdk/lib:${LD_LIBRARY_PATH} PYTHONPATH=/home/yubinwang/turtlebot3_ws/install/turtlebot3_msgs/lib/python3.6/site-packages:${PYTHONPATH} /usr/bin/cmake --build /home/yubinwang/turtlebot3_ws/build/turtlebot3_node -- -j8 -l8
[25.747s] Invoking command in '/home/yubinwang/turtlebot3_ws/build/turtlebot3_node': AMENT_PREFIX_PATH=/home/yubinwang/turtlebot3_ws/install/turtlebot3_msgs:/home/yubinwang/turtlebot3_ws/install/dynamixel_sdk:${AMENT_PREFIX_PATH} CMAKE_PREFIX_PATH=/home/yubinwang/turtlebot3_ws/install/turtlebot3_msgs:/home/yubinwang/turtlebot3_ws/install/dynamixel_sdk:/opt/ros/dashing LD_LIBRARY_PATH=/home/yubinwang/turtlebot3_ws/install/turtlebot3_msgs/lib:/home/yubinwang/turtlebot3_ws/install/dynamixel_sdk/lib:${LD_LIBRARY_PATH} PYTHONPATH=/home/yubinwang/turtlebot3_ws/install/turtlebot3_msgs/lib/python3.6/site-packages:${PYTHONPATH} /usr/bin/cmake --build /home/yubinwang/turtlebot3_ws/build/turtlebot3_node --target install -- -j8 -l8
[25.879s] [ 85%] Built target turtlebot3_node_lib
[25.918s] [100%] Built target turtlebot3_ros
[25.942s] [36mInstall the project...[0m
[25.958s] -- Install configuration: ""
[25.958s] -- Installing: /home/yubinwang/turtlebot3_ws/install/turtlebot3_node/share/turtlebot3_node/param
[25.959s] -- Installing: /home/yubinwang/turtlebot3_ws/install/turtlebot3_node/share/turtlebot3_node/param/waffle_pi.yaml
[25.959s] -- Installing: /home/yubinwang/turtlebot3_ws/install/turtlebot3_node/share/turtlebot3_node/param/burger.yaml
[25.959s] -- Installing: /home/yubinwang/turtlebot3_ws/install/turtlebot3_node/share/turtlebot3_node/param/waffle.yaml
[25.960s] -- Installing: /home/yubinwang/turtlebot3_ws/install/turtlebot3_node/lib/turtlebot3_node/turtlebot3_ros
[25.965s] -- Set runtime path of "/home/yubinwang/turtlebot3_ws/install/turtlebot3_node/lib/turtlebot3_node/turtlebot3_ros" to ""
[25.965s] -- Installing: /home/yubinwang/turtlebot3_ws/install/turtlebot3_node/share/ament_index/resource_index/package_run_dependencies/turtlebot3_node
[25.966s] -- Installing: /home/yubinwang/turtlebot3_ws/install/turtlebot3_node/share/ament_index/resource_index/parent_prefix_path/turtlebot3_node
[25.966s] -- Installing: /home/yubinwang/turtlebot3_ws/install/turtlebot3_node/share/turtlebot3_node/environment/ament_prefix_path.sh
[25.966s] -- Installing: /home/yubinwang/turtlebot3_ws/install/turtlebot3_node/share/turtlebot3_node/environment/path.sh
[25.967s] -- Installing: /home/yubinwang/turtlebot3_ws/install/turtlebot3_node/share/turtlebot3_node/local_setup.bash
[25.967s] -- Installing: /home/yubinwang/turtlebot3_ws/install/turtlebot3_node/share/turtlebot3_node/local_setup.sh
[25.967s] -- Installing: /home/yubinwang/turtlebot3_ws/install/turtlebot3_node/share/turtlebot3_node/local_setup.zsh
[25.968s] -- Installing: /home/yubinwang/turtlebot3_ws/install/turtlebot3_node/share/ament_index/resource_index/packages/turtlebot3_node
[25.968s] -- Installing: /home/yubinwang/turtlebot3_ws/install/turtlebot3_node/share/turtlebot3_node/cmake/ament_cmake_export_include_directories-extras.cmake
[25.968s] -- Installing: /home/yubinwang/turtlebot3_ws/install/turtlebot3_node/share/turtlebot3_node/cmake/turtlebot3_nodeConfig.cmake
[25.968s] -- Installing: /home/yubinwang/turtlebot3_ws/install/turtlebot3_node/share/turtlebot3_node/cmake/turtlebot3_nodeConfig-version.cmake
[25.968s] -- Installing: /home/yubinwang/turtlebot3_ws/install/turtlebot3_node/share/turtlebot3_node/package.xml
[25.975s] Invoked command in '/home/yubinwang/turtlebot3_ws/build/turtlebot3_node' returned '0': AMENT_PREFIX_PATH=/home/yubinwang/turtlebot3_ws/install/turtlebot3_msgs:/home/yubinwang/turtlebot3_ws/install/dynamixel_sdk:${AMENT_PREFIX_PATH} CMAKE_PREFIX_PATH=/home/yubinwang/turtlebot3_ws/install/turtlebot3_msgs:/home/yubinwang/turtlebot3_ws/install/dynamixel_sdk:/opt/ros/dashing LD_LIBRARY_PATH=/home/yubinwang/turtlebot3_ws/install/turtlebot3_msgs/lib:/home/yubinwang/turtlebot3_ws/install/dynamixel_sdk/lib:${LD_LIBRARY_PATH} PYTHONPATH=/home/yubinwang/turtlebot3_ws/install/turtlebot3_msgs/lib/python3.6/site-packages:${PYTHONPATH} /usr/bin/cmake --build /home/yubinwang/turtlebot3_ws/build/turtlebot3_node --target install -- -j8 -l8
