[0.685s] Invoking command in '/home/yubinwang/turtlebot3_ws/src/turtlebot3/turtlebot3_teleop': PYTHONPATH=/home/yubinwang/turtlebot3_ws/install/turtlebot3_teleop/lib/python3.6/site-packages:${PYTHONPATH} /usr/bin/python3 setup.py egg_info --egg-base ../../../build/turtlebot3_teleop build --build-base /home/yubinwang/turtlebot3_ws/build/turtlebot3_teleop/build install --prefix /home/yubinwang/turtlebot3_ws/install/turtlebot3_teleop --record /home/yubinwang/turtlebot3_ws/build/turtlebot3_teleop/install.log --single-version-externally-managed
[1.215s] /home/yubinwang/.local/lib/python3.6/site-packages/setuptools/dist.py:720: UserWarning: Usage of dash-separated 'script-dir' will not be supported in future versions. Please use the underscore name 'script_dir' instead
[1.215s]   % (opt, underscore_opt)
[1.216s] /home/yubinwang/.local/lib/python3.6/site-packages/setuptools/dist.py:720: UserWarning: Usage of dash-separated 'install-scripts' will not be supported in future versions. Please use the underscore name 'install_scripts' instead
[1.216s]   % (opt, underscore_opt)
[1.281s] running egg_info
[1.282s] creating ../../../build/turtlebot3_teleop/turtlebot3_teleop.egg-info
[1.283s] writing ../../../build/turtlebot3_teleop/turtlebot3_teleop.egg-info/PKG-INFO
[1.284s] writing dependency_links to ../../../build/turtlebot3_teleop/turtlebot3_teleop.egg-info/dependency_links.txt
[1.284s] writing entry points to ../../../build/turtlebot3_teleop/turtlebot3_teleop.egg-info/entry_points.txt
[1.284s] writing requirements to ../../../build/turtlebot3_teleop/turtlebot3_teleop.egg-info/requires.txt
[1.285s] writing top-level names to ../../../build/turtlebot3_teleop/turtlebot3_teleop.egg-info/top_level.txt
[1.286s] writing manifest file '../../../build/turtlebot3_teleop/turtlebot3_teleop.egg-info/SOURCES.txt'
[1.291s] reading manifest file '../../../build/turtlebot3_teleop/turtlebot3_teleop.egg-info/SOURCES.txt'
[1.292s] writing manifest file '../../../build/turtlebot3_teleop/turtlebot3_teleop.egg-info/SOURCES.txt'
[1.292s] running build
[1.292s] running build_py
[1.292s] creating /home/yubinwang/turtlebot3_ws/build/turtlebot3_teleop/build
[1.292s] creating /home/yubinwang/turtlebot3_ws/build/turtlebot3_teleop/build/lib
[1.293s] creating /home/yubinwang/turtlebot3_ws/build/turtlebot3_teleop/build/lib/turtlebot3_teleop
[1.293s] copying turtlebot3_teleop/__init__.py -> /home/yubinwang/turtlebot3_ws/build/turtlebot3_teleop/build/lib/turtlebot3_teleop
[1.293s] creating /home/yubinwang/turtlebot3_ws/build/turtlebot3_teleop/build/lib/turtlebot3_teleop/script
[1.293s] copying turtlebot3_teleop/script/teleop_keyboard.py -> /home/yubinwang/turtlebot3_ws/build/turtlebot3_teleop/build/lib/turtlebot3_teleop/script
[1.293s] copying turtlebot3_teleop/script/__init__.py -> /home/yubinwang/turtlebot3_ws/build/turtlebot3_teleop/build/lib/turtlebot3_teleop/script
[1.294s] running install
[1.294s] running install_lib
[1.299s] running install_data
[1.299s] running install_egg_info
[1.303s] removing '/home/yubinwang/turtlebot3_ws/install/turtlebot3_teleop/lib/python3.6/site-packages/turtlebot3_teleop-2.1.4-py3.6.egg-info' (and everything under it)
[1.303s] Copying ../../../build/turtlebot3_teleop/turtlebot3_teleop.egg-info to /home/yubinwang/turtlebot3_ws/install/turtlebot3_teleop/lib/python3.6/site-packages/turtlebot3_teleop-2.1.4-py3.6.egg-info
[1.305s] running install_scripts
[1.357s] Installing teleop_keyboard script to /home/yubinwang/turtlebot3_ws/install/turtlebot3_teleop/lib/turtlebot3_teleop
[1.359s] writing list of installed files to '/home/yubinwang/turtlebot3_ws/build/turtlebot3_teleop/install.log'
[1.406s] Invoked command in '/home/yubinwang/turtlebot3_ws/src/turtlebot3/turtlebot3_teleop' returned '0': PYTHONPATH=/home/yubinwang/turtlebot3_ws/install/turtlebot3_teleop/lib/python3.6/site-packages:${PYTHONPATH} /usr/bin/python3 setup.py egg_info --egg-base ../../../build/turtlebot3_teleop build --build-base /home/yubinwang/turtlebot3_ws/build/turtlebot3_teleop/build install --prefix /home/yubinwang/turtlebot3_ws/install/turtlebot3_teleop --record /home/yubinwang/turtlebot3_ws/build/turtlebot3_teleop/install.log --single-version-externally-managed
