[0.073s] Invoking command in '/home/yubinwang/turtlebot3_ws/build/dynamixel_sdk_custom_interfaces': CMAKE_PREFIX_PATH=${CMAKE_PREFIX_PATH}:/home/yubinwang/turtlebot3_ws/install/turtlebot3_teleop:/home/yubinwang/turtlebot3_ws/install/turtlebot3_example:/opt/ros/dashing /usr/bin/cmake --build /home/yubinwang/turtlebot3_ws/build/dynamixel_sdk_custom_interfaces -- -j8 -l8
[0.566s] [  2%] Built target dynamixel_sdk_custom_interfaces__cpp
[0.566s] [ 13%] Built target dynamixel_sdk_custom_interfaces__rosidl_generator_c
[0.566s] [ 24%] Built target dynamixel_sdk_custom_interfaces__rosidl_typesupport_introspection_cpp
[0.566s] [ 35%] Built target dynamixel_sdk_custom_interfaces__rosidl_typesupport_fastrtps_cpp
[0.567s] [ 45%] Built target dynamixel_sdk_custom_interfaces__rosidl_typesupport_introspection_c
[0.567s] [ 56%] Built target dynamixel_sdk_custom_interfaces__rosidl_typesupport_cpp
[0.568s] [ 67%] Built target dynamixel_sdk_custom_interfaces__rosidl_typesupport_fastrtps_c
[0.569s] [ 78%] Built target dynamixel_sdk_custom_interfaces__rosidl_typesupport_c
[0.569s] [ 78%] Built target dynamixel_sdk_custom_interfaces
[0.569s] [ 81%] Built target dynamixel_sdk_custom_interfaces__py
[0.571s] [ 89%] Built target dynamixel_sdk_custom_interfaces__python
[0.572s] [ 94%] Built target dynamixel_sdk_custom_interfaces__rosidl_typesupport_fastrtps_c__pyext
[0.572s] [100%] Built target dynamixel_sdk_custom_interfaces__rosidl_typesupport_c__pyext
[0.575s] Invoked command in '/home/yubinwang/turtlebot3_ws/build/dynamixel_sdk_custom_interfaces' returned '0': CMAKE_PREFIX_PATH=${CMAKE_PREFIX_PATH}:/home/yubinwang/turtlebot3_ws/install/turtlebot3_teleop:/home/yubinwang/turtlebot3_ws/install/turtlebot3_example:/opt/ros/dashing /usr/bin/cmake --build /home/yubinwang/turtlebot3_ws/build/dynamixel_sdk_custom_interfaces -- -j8 -l8
[0.755s] Invoking command in '/home/yubinwang/turtlebot3_ws/build/dynamixel_sdk_custom_interfaces': CMAKE_PREFIX_PATH=${CMAKE_PREFIX_PATH}:/home/yubinwang/turtlebot3_ws/install/turtlebot3_teleop:/home/yubinwang/turtlebot3_ws/install/turtlebot3_example:/opt/ros/dashing /usr/bin/cmake --build /home/yubinwang/turtlebot3_ws/build/dynamixel_sdk_custom_interfaces --target install -- -j8 -l8
[0.850s] [  2%] Built target dynamixel_sdk_custom_interfaces__cpp
[0.856s] [ 13%] Built target dynamixel_sdk_custom_interfaces__rosidl_generator_c
[0.897s] [ 24%] Built target dynamixel_sdk_custom_interfaces__rosidl_typesupport_fastrtps_cpp
[0.911s] [ 35%] Built target dynamixel_sdk_custom_interfaces__rosidl_typesupport_introspection_c
[0.912s] [ 45%] Built target dynamixel_sdk_custom_interfaces__rosidl_typesupport_introspection_cpp
[0.956s] [ 56%] Built target dynamixel_sdk_custom_interfaces__rosidl_typesupport_cpp
[0.970s] [ 67%] Built target dynamixel_sdk_custom_interfaces__rosidl_typesupport_fastrtps_c
[1.023s] [ 78%] Built target dynamixel_sdk_custom_interfaces__rosidl_typesupport_c
[1.075s] [ 78%] Built target dynamixel_sdk_custom_interfaces
[1.126s] [ 81%] Built target dynamixel_sdk_custom_interfaces__py
[1.183s] [ 89%] Built target dynamixel_sdk_custom_interfaces__python
[1.232s] [ 94%] Built target dynamixel_sdk_custom_interfaces__rosidl_typesupport_c__pyext
[1.238s] [100%] Built target dynamixel_sdk_custom_interfaces__rosidl_typesupport_fastrtps_c__pyext
[1.273s] [36mInstall the project...[0m
[1.283s] -- Install configuration: ""
[1.284s] -- Up-to-date: /home/yubinwang/turtlebot3_ws/install/dynamixel_sdk_custom_interfaces/share/ament_index/resource_index/rosidl_interfaces/dynamixel_sdk_custom_interfaces
[1.284s] -- Up-to-date: /home/yubinwang/turtlebot3_ws/install/dynamixel_sdk_custom_interfaces/include/dynamixel_sdk_custom_interfaces
[1.284s] -- Up-to-date: /home/yubinwang/turtlebot3_ws/install/dynamixel_sdk_custom_interfaces/include/dynamixel_sdk_custom_interfaces/msg
[1.284s] -- Up-to-date: /home/yubinwang/turtlebot3_ws/install/dynamixel_sdk_custom_interfaces/include/dynamixel_sdk_custom_interfaces/msg/set_position__struct.hpp
[1.284s] -- Up-to-date: /home/yubinwang/turtlebot3_ws/install/dynamixel_sdk_custom_interfaces/include/dynamixel_sdk_custom_interfaces/msg/set_position.hpp
[1.285s] -- Up-to-date: /home/yubinwang/turtlebot3_ws/install/dynamixel_sdk_custom_interfaces/include/dynamixel_sdk_custom_interfaces/msg/set_position__traits.hpp
[1.285s] -- Up-to-date: /home/yubinwang/turtlebot3_ws/install/dynamixel_sdk_custom_interfaces/include/dynamixel_sdk_custom_interfaces/srv
[1.285s] -- Up-to-date: /home/yubinwang/turtlebot3_ws/install/dynamixel_sdk_custom_interfaces/include/dynamixel_sdk_custom_interfaces/srv/get_position__struct.hpp
[1.285s] -- Up-to-date: /home/yubinwang/turtlebot3_ws/install/dynamixel_sdk_custom_interfaces/include/dynamixel_sdk_custom_interfaces/srv/get_position.hpp
[1.285s] -- Up-to-date: /home/yubinwang/turtlebot3_ws/install/dynamixel_sdk_custom_interfaces/include/dynamixel_sdk_custom_interfaces/srv/get_position__traits.hpp
[1.285s] -- Up-to-date: /home/yubinwang/turtlebot3_ws/install/dynamixel_sdk_custom_interfaces/include/dynamixel_sdk_custom_interfaces
[1.285s] -- Up-to-date: /home/yubinwang/turtlebot3_ws/install/dynamixel_sdk_custom_interfaces/include/dynamixel_sdk_custom_interfaces/msg
[1.285s] -- Up-to-date: /home/yubinwang/turtlebot3_ws/install/dynamixel_sdk_custom_interfaces/include/dynamixel_sdk_custom_interfaces/msg/set_position__functions.c
[1.286s] -- Up-to-date: /home/yubinwang/turtlebot3_ws/install/dynamixel_sdk_custom_interfaces/include/dynamixel_sdk_custom_interfaces/msg/set_position__struct.h
[1.286s] -- Up-to-date: /home/yubinwang/turtlebot3_ws/install/dynamixel_sdk_custom_interfaces/include/dynamixel_sdk_custom_interfaces/msg/set_position__type_support.h
[1.286s] -- Up-to-date: /home/yubinwang/turtlebot3_ws/install/dynamixel_sdk_custom_interfaces/include/dynamixel_sdk_custom_interfaces/msg/set_position__functions.h
[1.286s] -- Up-to-date: /home/yubinwang/turtlebot3_ws/install/dynamixel_sdk_custom_interfaces/include/dynamixel_sdk_custom_interfaces/msg/rosidl_generator_c__visibility_control.h
[1.286s] -- Up-to-date: /home/yubinwang/turtlebot3_ws/install/dynamixel_sdk_custom_interfaces/include/dynamixel_sdk_custom_interfaces/msg/set_position.h
[1.286s] -- Up-to-date: /home/yubinwang/turtlebot3_ws/install/dynamixel_sdk_custom_interfaces/include/dynamixel_sdk_custom_interfaces/srv
[1.286s] -- Up-to-date: /home/yubinwang/turtlebot3_ws/install/dynamixel_sdk_custom_interfaces/include/dynamixel_sdk_custom_interfaces/srv/get_position__struct.h
[1.287s] -- Up-to-date: /home/yubinwang/turtlebot3_ws/install/dynamixel_sdk_custom_interfaces/include/dynamixel_sdk_custom_interfaces/srv/get_position__functions.c
[1.287s] -- Up-to-date: /home/yubinwang/turtlebot3_ws/install/dynamixel_sdk_custom_interfaces/include/dynamixel_sdk_custom_interfaces/srv/get_position.h
[1.287s] -- Up-to-date: /home/yubinwang/turtlebot3_ws/install/dynamixel_sdk_custom_interfaces/include/dynamixel_sdk_custom_interfaces/srv/get_position__functions.h
[1.287s] -- Up-to-date: /home/yubinwang/turtlebot3_ws/install/dynamixel_sdk_custom_interfaces/include/dynamixel_sdk_custom_interfaces/srv/get_position__type_support.h
[1.287s] -- Up-to-date: /home/yubinwang/turtlebot3_ws/install/dynamixel_sdk_custom_interfaces/share/dynamixel_sdk_custom_interfaces/environment/library_path.sh
[1.287s] -- Up-to-date: /home/yubinwang/turtlebot3_ws/install/dynamixel_sdk_custom_interfaces/lib/libdynamixel_sdk_custom_interfaces__rosidl_generator_c.so
[1.288s] -- Up-to-date: /home/yubinwang/turtlebot3_ws/install/dynamixel_sdk_custom_interfaces/lib/libdynamixel_sdk_custom_interfaces__rosidl_typesupport_c.so
[1.288s] -- Up-to-date: /home/yubinwang/turtlebot3_ws/install/dynamixel_sdk_custom_interfaces/lib/libdynamixel_sdk_custom_interfaces__rosidl_typesupport_cpp.so
[1.288s] -- Up-to-date: /home/yubinwang/turtlebot3_ws/install/dynamixel_sdk_custom_interfaces/include/dynamixel_sdk_custom_interfaces
[1.288s] -- Up-to-date: /home/yubinwang/turtlebot3_ws/install/dynamixel_sdk_custom_interfaces/include/dynamixel_sdk_custom_interfaces/msg
[1.288s] -- Up-to-date: /home/yubinwang/turtlebot3_ws/install/dynamixel_sdk_custom_interfaces/include/dynamixel_sdk_custom_interfaces/msg/set_position__type_support.c
[1.288s] -- Up-to-date: /home/yubinwang/turtlebot3_ws/install/dynamixel_sdk_custom_interfaces/include/dynamixel_sdk_custom_interfaces/msg/rosidl_typesupport_introspection_c__visibility_control.h
[1.289s] -- Up-to-date: /home/yubinwang/turtlebot3_ws/install/dynamixel_sdk_custom_interfaces/include/dynamixel_sdk_custom_interfaces/msg/set_position__rosidl_typesupport_introspection_c.h
[1.289s] -- Up-to-date: /home/yubinwang/turtlebot3_ws/install/dynamixel_sdk_custom_interfaces/include/dynamixel_sdk_custom_interfaces/srv
[1.289s] -- Up-to-date: /home/yubinwang/turtlebot3_ws/install/dynamixel_sdk_custom_interfaces/include/dynamixel_sdk_custom_interfaces/srv/get_position__rosidl_typesupport_introspection_c.h
[1.289s] -- Up-to-date: /home/yubinwang/turtlebot3_ws/install/dynamixel_sdk_custom_interfaces/include/dynamixel_sdk_custom_interfaces/srv/get_position__type_support.c
[1.289s] -- Up-to-date: /home/yubinwang/turtlebot3_ws/install/dynamixel_sdk_custom_interfaces/lib/libdynamixel_sdk_custom_interfaces__rosidl_typesupport_introspection_c.so
[1.290s] -- Up-to-date: /home/yubinwang/turtlebot3_ws/install/dynamixel_sdk_custom_interfaces/include/dynamixel_sdk_custom_interfaces
[1.290s] -- Up-to-date: /home/yubinwang/turtlebot3_ws/install/dynamixel_sdk_custom_interfaces/include/dynamixel_sdk_custom_interfaces/msg
[1.290s] -- Up-to-date: /home/yubinwang/turtlebot3_ws/install/dynamixel_sdk_custom_interfaces/include/dynamixel_sdk_custom_interfaces/msg/set_position__type_support.cpp
[1.290s] -- Up-to-date: /home/yubinwang/turtlebot3_ws/install/dynamixel_sdk_custom_interfaces/include/dynamixel_sdk_custom_interfaces/msg/set_position__rosidl_typesupport_introspection_cpp.hpp
[1.291s] -- Up-to-date: /home/yubinwang/turtlebot3_ws/install/dynamixel_sdk_custom_interfaces/include/dynamixel_sdk_custom_interfaces/srv
[1.291s] -- Up-to-date: /home/yubinwang/turtlebot3_ws/install/dynamixel_sdk_custom_interfaces/include/dynamixel_sdk_custom_interfaces/srv/get_position__rosidl_typesupport_introspection_cpp.hpp
[1.291s] -- Up-to-date: /home/yubinwang/turtlebot3_ws/install/dynamixel_sdk_custom_interfaces/include/dynamixel_sdk_custom_interfaces/srv/get_position__type_support.cpp
[1.292s] -- Up-to-date: /home/yubinwang/turtlebot3_ws/install/dynamixel_sdk_custom_interfaces/lib/libdynamixel_sdk_custom_interfaces__rosidl_typesupport_introspection_cpp.so
[1.292s] -- Up-to-date: /home/yubinwang/turtlebot3_ws/install/dynamixel_sdk_custom_interfaces/include/dynamixel_sdk_custom_interfaces
[1.292s] -- Up-to-date: /home/yubinwang/turtlebot3_ws/install/dynamixel_sdk_custom_interfaces/include/dynamixel_sdk_custom_interfaces/msg
[1.292s] -- Up-to-date: /home/yubinwang/turtlebot3_ws/install/dynamixel_sdk_custom_interfaces/include/dynamixel_sdk_custom_interfaces/msg/set_position__rosidl_typesupport_fastrtps_c.h
[1.292s] -- Up-to-date: /home/yubinwang/turtlebot3_ws/install/dynamixel_sdk_custom_interfaces/include/dynamixel_sdk_custom_interfaces/msg/rosidl_typesupport_fastrtps_c__visibility_control.h
[1.292s] -- Up-to-date: /home/yubinwang/turtlebot3_ws/install/dynamixel_sdk_custom_interfaces/include/dynamixel_sdk_custom_interfaces/srv
[1.292s] -- Up-to-date: /home/yubinwang/turtlebot3_ws/install/dynamixel_sdk_custom_interfaces/include/dynamixel_sdk_custom_interfaces/srv/get_position__rosidl_typesupport_fastrtps_c.h
[1.293s] -- Up-to-date: /home/yubinwang/turtlebot3_ws/install/dynamixel_sdk_custom_interfaces/lib/libdynamixel_sdk_custom_interfaces__rosidl_typesupport_fastrtps_c.so
[1.293s] -- Up-to-date: /home/yubinwang/turtlebot3_ws/install/dynamixel_sdk_custom_interfaces/include/dynamixel_sdk_custom_interfaces
[1.293s] -- Up-to-date: /home/yubinwang/turtlebot3_ws/install/dynamixel_sdk_custom_interfaces/include/dynamixel_sdk_custom_interfaces/msg
[1.293s] -- Up-to-date: /home/yubinwang/turtlebot3_ws/install/dynamixel_sdk_custom_interfaces/include/dynamixel_sdk_custom_interfaces/msg/dds_fastrtps
[1.293s] -- Up-to-date: /home/yubinwang/turtlebot3_ws/install/dynamixel_sdk_custom_interfaces/include/dynamixel_sdk_custom_interfaces/msg/rosidl_typesupport_fastrtps_cpp__visibility_control.h
[1.293s] -- Up-to-date: /home/yubinwang/turtlebot3_ws/install/dynamixel_sdk_custom_interfaces/include/dynamixel_sdk_custom_interfaces/msg/set_position__rosidl_typesupport_fastrtps_cpp.hpp
[1.293s] -- Up-to-date: /home/yubinwang/turtlebot3_ws/install/dynamixel_sdk_custom_interfaces/include/dynamixel_sdk_custom_interfaces/srv
[1.293s] -- Up-to-date: /home/yubinwang/turtlebot3_ws/install/dynamixel_sdk_custom_interfaces/include/dynamixel_sdk_custom_interfaces/srv/dds_fastrtps
[1.294s] -- Up-to-date: /home/yubinwang/turtlebot3_ws/install/dynamixel_sdk_custom_interfaces/include/dynamixel_sdk_custom_interfaces/srv/get_position__rosidl_typesupport_fastrtps_cpp.hpp
[1.294s] -- Up-to-date: /home/yubinwang/turtlebot3_ws/install/dynamixel_sdk_custom_interfaces/lib/libdynamixel_sdk_custom_interfaces__rosidl_typesupport_fastrtps_cpp.so
[1.294s] -- Up-to-date: /home/yubinwang/turtlebot3_ws/install/dynamixel_sdk_custom_interfaces/share/dynamixel_sdk_custom_interfaces/environment/pythonpath.sh
[1.294s] -- Up-to-date: /home/yubinwang/turtlebot3_ws/install/dynamixel_sdk_custom_interfaces/lib/python3.6/site-packages/dynamixel_sdk_custom_interfaces/__init__.py
[1.344s] -- Up-to-date: /home/yubinwang/turtlebot3_ws/install/dynamixel_sdk_custom_interfaces/lib/python3.6/site-packages/dynamixel_sdk_custom_interfaces/msg
[1.345s] -- Up-to-date: /home/yubinwang/turtlebot3_ws/install/dynamixel_sdk_custom_interfaces/lib/python3.6/site-packages/dynamixel_sdk_custom_interfaces/msg/_set_position_s.c
[1.345s] -- Up-to-date: /home/yubinwang/turtlebot3_ws/install/dynamixel_sdk_custom_interfaces/lib/python3.6/site-packages/dynamixel_sdk_custom_interfaces/msg/_set_position.py
[1.345s] -- Up-to-date: /home/yubinwang/turtlebot3_ws/install/dynamixel_sdk_custom_interfaces/lib/python3.6/site-packages/dynamixel_sdk_custom_interfaces/msg/__init__.py
[1.345s] -- Up-to-date: /home/yubinwang/turtlebot3_ws/install/dynamixel_sdk_custom_interfaces/lib/python3.6/site-packages/dynamixel_sdk_custom_interfaces/srv
[1.345s] -- Up-to-date: /home/yubinwang/turtlebot3_ws/install/dynamixel_sdk_custom_interfaces/lib/python3.6/site-packages/dynamixel_sdk_custom_interfaces/srv/_get_position_s.c
[1.345s] -- Up-to-date: /home/yubinwang/turtlebot3_ws/install/dynamixel_sdk_custom_interfaces/lib/python3.6/site-packages/dynamixel_sdk_custom_interfaces/srv/_get_position.py
[1.345s] -- Up-to-date: /home/yubinwang/turtlebot3_ws/install/dynamixel_sdk_custom_interfaces/lib/python3.6/site-packages/dynamixel_sdk_custom_interfaces/srv/__init__.py
[1.345s] -- Up-to-date: /home/yubinwang/turtlebot3_ws/install/dynamixel_sdk_custom_interfaces/lib/python3.6/site-packages/dynamixel_sdk_custom_interfaces/dynamixel_sdk_custom_interfaces_s__rosidl_typesupport_c.cpython-36m-x86_64-linux-gnu.so
[1.347s] -- Up-to-date: /home/yubinwang/turtlebot3_ws/install/dynamixel_sdk_custom_interfaces/lib/python3.6/site-packages/dynamixel_sdk_custom_interfaces/dynamixel_sdk_custom_interfaces_s__rosidl_typesupport_fastrtps_c.cpython-36m-x86_64-linux-gnu.so
[1.347s] -- Up-to-date: /home/yubinwang/turtlebot3_ws/install/dynamixel_sdk_custom_interfaces/lib/libdynamixel_sdk_custom_interfaces__python.so
[1.348s] -- Up-to-date: /home/yubinwang/turtlebot3_ws/install/dynamixel_sdk_custom_interfaces/share/dynamixel_sdk_custom_interfaces/msg/SetPosition.idl
[1.348s] -- Up-to-date: /home/yubinwang/turtlebot3_ws/install/dynamixel_sdk_custom_interfaces/share/dynamixel_sdk_custom_interfaces/srv/GetPosition.idl
[1.348s] -- Up-to-date: /home/yubinwang/turtlebot3_ws/install/dynamixel_sdk_custom_interfaces/share/dynamixel_sdk_custom_interfaces/msg/SetPosition.msg
[1.348s] -- Up-to-date: /home/yubinwang/turtlebot3_ws/install/dynamixel_sdk_custom_interfaces/share/dynamixel_sdk_custom_interfaces/srv/GetPosition.srv
[1.349s] -- Up-to-date: /home/yubinwang/turtlebot3_ws/install/dynamixel_sdk_custom_interfaces/share/dynamixel_sdk_custom_interfaces/srv/GetPosition_Request.msg
[1.349s] -- Up-to-date: /home/yubinwang/turtlebot3_ws/install/dynamixel_sdk_custom_interfaces/share/dynamixel_sdk_custom_interfaces/srv/GetPosition_Response.msg
[1.349s] -- Up-to-date: /home/yubinwang/turtlebot3_ws/install/dynamixel_sdk_custom_interfaces/share/ament_index/resource_index/package_run_dependencies/dynamixel_sdk_custom_interfaces
[1.349s] -- Up-to-date: /home/yubinwang/turtlebot3_ws/install/dynamixel_sdk_custom_interfaces/share/ament_index/resource_index/parent_prefix_path/dynamixel_sdk_custom_interfaces
[1.349s] -- Up-to-date: /home/yubinwang/turtlebot3_ws/install/dynamixel_sdk_custom_interfaces/share/dynamixel_sdk_custom_interfaces/environment/ament_prefix_path.sh
[1.350s] -- Up-to-date: /home/yubinwang/turtlebot3_ws/install/dynamixel_sdk_custom_interfaces/share/dynamixel_sdk_custom_interfaces/environment/path.sh
[1.350s] -- Up-to-date: /home/yubinwang/turtlebot3_ws/install/dynamixel_sdk_custom_interfaces/share/dynamixel_sdk_custom_interfaces/local_setup.bash
[1.350s] -- Up-to-date: /home/yubinwang/turtlebot3_ws/install/dynamixel_sdk_custom_interfaces/share/dynamixel_sdk_custom_interfaces/local_setup.sh
[1.350s] -- Up-to-date: /home/yubinwang/turtlebot3_ws/install/dynamixel_sdk_custom_interfaces/share/dynamixel_sdk_custom_interfaces/local_setup.zsh
[1.350s] -- Up-to-date: /home/yubinwang/turtlebot3_ws/install/dynamixel_sdk_custom_interfaces/share/ament_index/resource_index/packages/dynamixel_sdk_custom_interfaces
[1.350s] -- Up-to-date: /home/yubinwang/turtlebot3_ws/install/dynamixel_sdk_custom_interfaces/share/dynamixel_sdk_custom_interfaces/cmake/rosidl_cmake-extras.cmake
[1.350s] -- Up-to-date: /home/yubinwang/turtlebot3_ws/install/dynamixel_sdk_custom_interfaces/share/dynamixel_sdk_custom_interfaces/cmake/ament_cmake_export_dependencies-extras.cmake
[1.350s] -- Up-to-date: /home/yubinwang/turtlebot3_ws/install/dynamixel_sdk_custom_interfaces/share/dynamixel_sdk_custom_interfaces/cmake/ament_cmake_export_include_directories-extras.cmake
[1.351s] -- Up-to-date: /home/yubinwang/turtlebot3_ws/install/dynamixel_sdk_custom_interfaces/share/dynamixel_sdk_custom_interfaces/cmake/ament_cmake_export_libraries-extras.cmake
[1.351s] -- Up-to-date: /home/yubinwang/turtlebot3_ws/install/dynamixel_sdk_custom_interfaces/share/dynamixel_sdk_custom_interfaces/cmake/dynamixel_sdk_custom_interfacesConfig.cmake
[1.351s] -- Up-to-date: /home/yubinwang/turtlebot3_ws/install/dynamixel_sdk_custom_interfaces/share/dynamixel_sdk_custom_interfaces/cmake/dynamixel_sdk_custom_interfacesConfig-version.cmake
[1.351s] -- Up-to-date: /home/yubinwang/turtlebot3_ws/install/dynamixel_sdk_custom_interfaces/share/dynamixel_sdk_custom_interfaces/package.xml
[1.355s] Invoked command in '/home/yubinwang/turtlebot3_ws/build/dynamixel_sdk_custom_interfaces' returned '0': CMAKE_PREFIX_PATH=${CMAKE_PREFIX_PATH}:/home/yubinwang/turtlebot3_ws/install/turtlebot3_teleop:/home/yubinwang/turtlebot3_ws/install/turtlebot3_example:/opt/ros/dashing /usr/bin/cmake --build /home/yubinwang/turtlebot3_ws/build/dynamixel_sdk_custom_interfaces --target install -- -j8 -l8
