[0.082s] Invoking command in '/home/yubinwang/turtlebot3_ws/build/dynamixel_sdk_custom_interfaces': CMAKE_PREFIX_PATH=${CMAKE_PREFIX_PATH}:/home/yubinwang/turtlebot3_ws/src/install/turtlebot3_teleop:/home/yubinwang/turtlebot3_ws/src/install/turtlebot3_example:/opt/ros/dashing /usr/bin/cmake --build /home/yubinwang/turtlebot3_ws/build/dynamixel_sdk_custom_interfaces -- -j8 -l8
[0.748s] [  2%] Built target dynamixel_sdk_custom_interfaces__cpp
[0.748s] [ 13%] Built target dynamixel_sdk_custom_interfaces__rosidl_generator_c
[0.748s] [ 24%] Built target dynamixel_sdk_custom_interfaces__rosidl_typesupport_introspection_cpp
[0.748s] [ 35%] Built target dynamixel_sdk_custom_interfaces__rosidl_typesupport_introspection_c
[0.749s] [ 45%] Built target dynamixel_sdk_custom_interfaces__rosidl_typesupport_fastrtps_cpp
[0.749s] [ 56%] Built target dynamixel_sdk_custom_interfaces__rosidl_typesupport_fastrtps_c
[0.749s] [ 67%] Built target dynamixel_sdk_custom_interfaces__rosidl_typesupport_cpp
[0.749s] [ 78%] Built target dynamixel_sdk_custom_interfaces__rosidl_typesupport_c
[0.749s] [ 78%] Built target dynamixel_sdk_custom_interfaces
[0.749s] [ 81%] Built target dynamixel_sdk_custom_interfaces__py
[0.749s] [ 89%] Built target dynamixel_sdk_custom_interfaces__python
[0.750s] [ 94%] Built target dynamixel_sdk_custom_interfaces__rosidl_typesupport_c__pyext
[0.751s] [100%] Built target dynamixel_sdk_custom_interfaces__rosidl_typesupport_fastrtps_c__pyext
[0.780s] Invoked command in '/home/yubinwang/turtlebot3_ws/build/dynamixel_sdk_custom_interfaces' returned '0': CMAKE_PREFIX_PATH=${CMAKE_PREFIX_PATH}:/home/yubinwang/turtlebot3_ws/src/install/turtlebot3_teleop:/home/yubinwang/turtlebot3_ws/src/install/turtlebot3_example:/opt/ros/dashing /usr/bin/cmake --build /home/yubinwang/turtlebot3_ws/build/dynamixel_sdk_custom_interfaces -- -j8 -l8
[1.266s] Invoking command in '/home/yubinwang/turtlebot3_ws/build/dynamixel_sdk_custom_interfaces': CMAKE_PREFIX_PATH=${CMAKE_PREFIX_PATH}:/home/yubinwang/turtlebot3_ws/src/install/turtlebot3_teleop:/home/yubinwang/turtlebot3_ws/src/install/turtlebot3_example:/opt/ros/dashing /usr/bin/cmake --build /home/yubinwang/turtlebot3_ws/build/dynamixel_sdk_custom_interfaces --target install -- -j8 -l8
[1.366s] [  2%] Built target dynamixel_sdk_custom_interfaces__cpp
[1.377s] [ 13%] Built target dynamixel_sdk_custom_interfaces__rosidl_generator_c
[1.412s] [ 24%] Built target dynamixel_sdk_custom_interfaces__rosidl_typesupport_fastrtps_cpp
[1.418s] [ 35%] Built target dynamixel_sdk_custom_interfaces__rosidl_typesupport_introspection_cpp
[1.441s] [ 45%] Built target dynamixel_sdk_custom_interfaces__rosidl_typesupport_introspection_c
[1.471s] [ 56%] Built target dynamixel_sdk_custom_interfaces__rosidl_typesupport_cpp
[1.497s] [ 67%] Built target dynamixel_sdk_custom_interfaces__rosidl_typesupport_fastrtps_c
[1.556s] [ 78%] Built target dynamixel_sdk_custom_interfaces__rosidl_typesupport_c
[1.601s] [ 78%] Built target dynamixel_sdk_custom_interfaces
[1.657s] [ 81%] Built target dynamixel_sdk_custom_interfaces__py
[1.721s] [ 89%] Built target dynamixel_sdk_custom_interfaces__python
[1.774s] [100%] Built target dynamixel_sdk_custom_interfaces__rosidl_typesupport_c__pyext
[1.774s] [100%] Built target dynamixel_sdk_custom_interfaces__rosidl_typesupport_fastrtps_c__pyext
[1.807s] [36mInstall the project...[0m
[1.827s] -- Install configuration: ""
[1.827s] -- Up-to-date: /home/yubinwang/turtlebot3_ws/install/dynamixel_sdk_custom_interfaces/share/ament_index/resource_index/rosidl_interfaces/dynamixel_sdk_custom_interfaces
[1.827s] -- Up-to-date: /home/yubinwang/turtlebot3_ws/install/dynamixel_sdk_custom_interfaces/include/dynamixel_sdk_custom_interfaces
[1.828s] -- Up-to-date: /home/yubinwang/turtlebot3_ws/install/dynamixel_sdk_custom_interfaces/include/dynamixel_sdk_custom_interfaces/msg
[1.828s] -- Up-to-date: /home/yubinwang/turtlebot3_ws/install/dynamixel_sdk_custom_interfaces/include/dynamixel_sdk_custom_interfaces/msg/set_position__struct.hpp
[1.828s] -- Up-to-date: /home/yubinwang/turtlebot3_ws/install/dynamixel_sdk_custom_interfaces/include/dynamixel_sdk_custom_interfaces/msg/set_position.hpp
[1.828s] -- Up-to-date: /home/yubinwang/turtlebot3_ws/install/dynamixel_sdk_custom_interfaces/include/dynamixel_sdk_custom_interfaces/msg/set_position__traits.hpp
[1.828s] -- Up-to-date: /home/yubinwang/turtlebot3_ws/install/dynamixel_sdk_custom_interfaces/include/dynamixel_sdk_custom_interfaces/srv
[1.829s] -- Up-to-date: /home/yubinwang/turtlebot3_ws/install/dynamixel_sdk_custom_interfaces/include/dynamixel_sdk_custom_interfaces/srv/get_position__struct.hpp
[1.829s] -- Up-to-date: /home/yubinwang/turtlebot3_ws/install/dynamixel_sdk_custom_interfaces/include/dynamixel_sdk_custom_interfaces/srv/get_position.hpp
[1.829s] -- Up-to-date: /home/yubinwang/turtlebot3_ws/install/dynamixel_sdk_custom_interfaces/include/dynamixel_sdk_custom_interfaces/srv/get_position__traits.hpp
[1.829s] -- Up-to-date: /home/yubinwang/turtlebot3_ws/install/dynamixel_sdk_custom_interfaces/include/dynamixel_sdk_custom_interfaces
[1.829s] -- Up-to-date: /home/yubinwang/turtlebot3_ws/install/dynamixel_sdk_custom_interfaces/include/dynamixel_sdk_custom_interfaces/msg
[1.829s] -- Up-to-date: /home/yubinwang/turtlebot3_ws/install/dynamixel_sdk_custom_interfaces/include/dynamixel_sdk_custom_interfaces/msg/set_position__functions.c
[1.829s] -- Up-to-date: /home/yubinwang/turtlebot3_ws/install/dynamixel_sdk_custom_interfaces/include/dynamixel_sdk_custom_interfaces/msg/set_position__struct.h
[1.829s] -- Up-to-date: /home/yubinwang/turtlebot3_ws/install/dynamixel_sdk_custom_interfaces/include/dynamixel_sdk_custom_interfaces/msg/set_position__type_support.h
[1.829s] -- Up-to-date: /home/yubinwang/turtlebot3_ws/install/dynamixel_sdk_custom_interfaces/include/dynamixel_sdk_custom_interfaces/msg/set_position__functions.h
[1.830s] -- Up-to-date: /home/yubinwang/turtlebot3_ws/install/dynamixel_sdk_custom_interfaces/include/dynamixel_sdk_custom_interfaces/msg/rosidl_generator_c__visibility_control.h
[1.830s] -- Up-to-date: /home/yubinwang/turtlebot3_ws/install/dynamixel_sdk_custom_interfaces/include/dynamixel_sdk_custom_interfaces/msg/set_position.h
[1.830s] -- Up-to-date: /home/yubinwang/turtlebot3_ws/install/dynamixel_sdk_custom_interfaces/include/dynamixel_sdk_custom_interfaces/srv
[1.830s] -- Up-to-date: /home/yubinwang/turtlebot3_ws/install/dynamixel_sdk_custom_interfaces/include/dynamixel_sdk_custom_interfaces/srv/get_position__struct.h
[1.830s] -- Up-to-date: /home/yubinwang/turtlebot3_ws/install/dynamixel_sdk_custom_interfaces/include/dynamixel_sdk_custom_interfaces/srv/get_position__functions.c
[1.830s] -- Up-to-date: /home/yubinwang/turtlebot3_ws/install/dynamixel_sdk_custom_interfaces/include/dynamixel_sdk_custom_interfaces/srv/get_position.h
[1.831s] -- Up-to-date: /home/yubinwang/turtlebot3_ws/install/dynamixel_sdk_custom_interfaces/include/dynamixel_sdk_custom_interfaces/srv/get_position__functions.h
[1.831s] -- Up-to-date: /home/yubinwang/turtlebot3_ws/install/dynamixel_sdk_custom_interfaces/include/dynamixel_sdk_custom_interfaces/srv/get_position__type_support.h
[1.831s] -- Up-to-date: /home/yubinwang/turtlebot3_ws/install/dynamixel_sdk_custom_interfaces/share/dynamixel_sdk_custom_interfaces/environment/library_path.sh
[1.831s] -- Up-to-date: /home/yubinwang/turtlebot3_ws/install/dynamixel_sdk_custom_interfaces/lib/libdynamixel_sdk_custom_interfaces__rosidl_generator_c.so
[1.832s] -- Up-to-date: /home/yubinwang/turtlebot3_ws/install/dynamixel_sdk_custom_interfaces/lib/libdynamixel_sdk_custom_interfaces__rosidl_typesupport_c.so
[1.832s] -- Up-to-date: /home/yubinwang/turtlebot3_ws/install/dynamixel_sdk_custom_interfaces/lib/libdynamixel_sdk_custom_interfaces__rosidl_typesupport_cpp.so
[1.832s] -- Up-to-date: /home/yubinwang/turtlebot3_ws/install/dynamixel_sdk_custom_interfaces/include/dynamixel_sdk_custom_interfaces
[1.832s] -- Up-to-date: /home/yubinwang/turtlebot3_ws/install/dynamixel_sdk_custom_interfaces/include/dynamixel_sdk_custom_interfaces/msg
[1.833s] -- Up-to-date: /home/yubinwang/turtlebot3_ws/install/dynamixel_sdk_custom_interfaces/include/dynamixel_sdk_custom_interfaces/msg/set_position__type_support.c
[1.833s] -- Up-to-date: /home/yubinwang/turtlebot3_ws/install/dynamixel_sdk_custom_interfaces/include/dynamixel_sdk_custom_interfaces/msg/rosidl_typesupport_introspection_c__visibility_control.h
[1.833s] -- Up-to-date: /home/yubinwang/turtlebot3_ws/install/dynamixel_sdk_custom_interfaces/include/dynamixel_sdk_custom_interfaces/msg/set_position__rosidl_typesupport_introspection_c.h
[1.833s] -- Up-to-date: /home/yubinwang/turtlebot3_ws/install/dynamixel_sdk_custom_interfaces/include/dynamixel_sdk_custom_interfaces/srv
[1.833s] -- Up-to-date: /home/yubinwang/turtlebot3_ws/install/dynamixel_sdk_custom_interfaces/include/dynamixel_sdk_custom_interfaces/srv/get_position__rosidl_typesupport_introspection_c.h
[1.833s] -- Up-to-date: /home/yubinwang/turtlebot3_ws/install/dynamixel_sdk_custom_interfaces/include/dynamixel_sdk_custom_interfaces/srv/get_position__type_support.c
[1.834s] -- Up-to-date: /home/yubinwang/turtlebot3_ws/install/dynamixel_sdk_custom_interfaces/lib/libdynamixel_sdk_custom_interfaces__rosidl_typesupport_introspection_c.so
[1.834s] -- Up-to-date: /home/yubinwang/turtlebot3_ws/install/dynamixel_sdk_custom_interfaces/include/dynamixel_sdk_custom_interfaces
[1.834s] -- Up-to-date: /home/yubinwang/turtlebot3_ws/install/dynamixel_sdk_custom_interfaces/include/dynamixel_sdk_custom_interfaces/msg
[1.834s] -- Up-to-date: /home/yubinwang/turtlebot3_ws/install/dynamixel_sdk_custom_interfaces/include/dynamixel_sdk_custom_interfaces/msg/set_position__type_support.cpp
[1.834s] -- Up-to-date: /home/yubinwang/turtlebot3_ws/install/dynamixel_sdk_custom_interfaces/include/dynamixel_sdk_custom_interfaces/msg/set_position__rosidl_typesupport_introspection_cpp.hpp
[1.835s] -- Up-to-date: /home/yubinwang/turtlebot3_ws/install/dynamixel_sdk_custom_interfaces/include/dynamixel_sdk_custom_interfaces/srv
[1.835s] -- Up-to-date: /home/yubinwang/turtlebot3_ws/install/dynamixel_sdk_custom_interfaces/include/dynamixel_sdk_custom_interfaces/srv/get_position__rosidl_typesupport_introspection_cpp.hpp
[1.835s] -- Up-to-date: /home/yubinwang/turtlebot3_ws/install/dynamixel_sdk_custom_interfaces/include/dynamixel_sdk_custom_interfaces/srv/get_position__type_support.cpp
[1.839s] -- Up-to-date: /home/yubinwang/turtlebot3_ws/install/dynamixel_sdk_custom_interfaces/lib/libdynamixel_sdk_custom_interfaces__rosidl_typesupport_introspection_cpp.so
[1.840s] -- Up-to-date: /home/yubinwang/turtlebot3_ws/install/dynamixel_sdk_custom_interfaces/include/dynamixel_sdk_custom_interfaces
[1.840s] -- Up-to-date: /home/yubinwang/turtlebot3_ws/install/dynamixel_sdk_custom_interfaces/include/dynamixel_sdk_custom_interfaces/msg
[1.840s] -- Up-to-date: /home/yubinwang/turtlebot3_ws/install/dynamixel_sdk_custom_interfaces/include/dynamixel_sdk_custom_interfaces/msg/set_position__rosidl_typesupport_fastrtps_c.h
[1.840s] -- Up-to-date: /home/yubinwang/turtlebot3_ws/install/dynamixel_sdk_custom_interfaces/include/dynamixel_sdk_custom_interfaces/msg/rosidl_typesupport_fastrtps_c__visibility_control.h
[1.840s] -- Up-to-date: /home/yubinwang/turtlebot3_ws/install/dynamixel_sdk_custom_interfaces/include/dynamixel_sdk_custom_interfaces/srv
[1.840s] -- Up-to-date: /home/yubinwang/turtlebot3_ws/install/dynamixel_sdk_custom_interfaces/include/dynamixel_sdk_custom_interfaces/srv/get_position__rosidl_typesupport_fastrtps_c.h
[1.841s] -- Up-to-date: /home/yubinwang/turtlebot3_ws/install/dynamixel_sdk_custom_interfaces/lib/libdynamixel_sdk_custom_interfaces__rosidl_typesupport_fastrtps_c.so
[1.841s] -- Up-to-date: /home/yubinwang/turtlebot3_ws/install/dynamixel_sdk_custom_interfaces/include/dynamixel_sdk_custom_interfaces
[1.841s] -- Up-to-date: /home/yubinwang/turtlebot3_ws/install/dynamixel_sdk_custom_interfaces/include/dynamixel_sdk_custom_interfaces/msg
[1.841s] -- Up-to-date: /home/yubinwang/turtlebot3_ws/install/dynamixel_sdk_custom_interfaces/include/dynamixel_sdk_custom_interfaces/msg/dds_fastrtps
[1.841s] -- Up-to-date: /home/yubinwang/turtlebot3_ws/install/dynamixel_sdk_custom_interfaces/include/dynamixel_sdk_custom_interfaces/msg/rosidl_typesupport_fastrtps_cpp__visibility_control.h
[1.842s] -- Up-to-date: /home/yubinwang/turtlebot3_ws/install/dynamixel_sdk_custom_interfaces/include/dynamixel_sdk_custom_interfaces/msg/set_position__rosidl_typesupport_fastrtps_cpp.hpp
[1.842s] -- Up-to-date: /home/yubinwang/turtlebot3_ws/install/dynamixel_sdk_custom_interfaces/include/dynamixel_sdk_custom_interfaces/srv
[1.842s] -- Up-to-date: /home/yubinwang/turtlebot3_ws/install/dynamixel_sdk_custom_interfaces/include/dynamixel_sdk_custom_interfaces/srv/dds_fastrtps
[1.842s] -- Up-to-date: /home/yubinwang/turtlebot3_ws/install/dynamixel_sdk_custom_interfaces/include/dynamixel_sdk_custom_interfaces/srv/get_position__rosidl_typesupport_fastrtps_cpp.hpp
[1.842s] -- Up-to-date: /home/yubinwang/turtlebot3_ws/install/dynamixel_sdk_custom_interfaces/lib/libdynamixel_sdk_custom_interfaces__rosidl_typesupport_fastrtps_cpp.so
[1.842s] -- Up-to-date: /home/yubinwang/turtlebot3_ws/install/dynamixel_sdk_custom_interfaces/share/dynamixel_sdk_custom_interfaces/environment/pythonpath.sh
[1.843s] -- Up-to-date: /home/yubinwang/turtlebot3_ws/install/dynamixel_sdk_custom_interfaces/lib/python3.6/site-packages/dynamixel_sdk_custom_interfaces/__init__.py
[1.906s] -- Up-to-date: /home/yubinwang/turtlebot3_ws/install/dynamixel_sdk_custom_interfaces/lib/python3.6/site-packages/dynamixel_sdk_custom_interfaces/msg
[1.906s] -- Up-to-date: /home/yubinwang/turtlebot3_ws/install/dynamixel_sdk_custom_interfaces/lib/python3.6/site-packages/dynamixel_sdk_custom_interfaces/msg/_set_position_s.c
[1.907s] -- Up-to-date: /home/yubinwang/turtlebot3_ws/install/dynamixel_sdk_custom_interfaces/lib/python3.6/site-packages/dynamixel_sdk_custom_interfaces/msg/_set_position.py
[1.907s] -- Up-to-date: /home/yubinwang/turtlebot3_ws/install/dynamixel_sdk_custom_interfaces/lib/python3.6/site-packages/dynamixel_sdk_custom_interfaces/msg/__init__.py
[1.907s] -- Up-to-date: /home/yubinwang/turtlebot3_ws/install/dynamixel_sdk_custom_interfaces/lib/python3.6/site-packages/dynamixel_sdk_custom_interfaces/srv
[1.907s] -- Up-to-date: /home/yubinwang/turtlebot3_ws/install/dynamixel_sdk_custom_interfaces/lib/python3.6/site-packages/dynamixel_sdk_custom_interfaces/srv/_get_position_s.c
[1.907s] -- Up-to-date: /home/yubinwang/turtlebot3_ws/install/dynamixel_sdk_custom_interfaces/lib/python3.6/site-packages/dynamixel_sdk_custom_interfaces/srv/_get_position.py
[1.907s] -- Up-to-date: /home/yubinwang/turtlebot3_ws/install/dynamixel_sdk_custom_interfaces/lib/python3.6/site-packages/dynamixel_sdk_custom_interfaces/srv/__init__.py
[1.909s] -- Up-to-date: /home/yubinwang/turtlebot3_ws/install/dynamixel_sdk_custom_interfaces/lib/python3.6/site-packages/dynamixel_sdk_custom_interfaces/dynamixel_sdk_custom_interfaces_s__rosidl_typesupport_c.cpython-36m-x86_64-linux-gnu.so
[1.909s] -- Up-to-date: /home/yubinwang/turtlebot3_ws/install/dynamixel_sdk_custom_interfaces/lib/python3.6/site-packages/dynamixel_sdk_custom_interfaces/dynamixel_sdk_custom_interfaces_s__rosidl_typesupport_fastrtps_c.cpython-36m-x86_64-linux-gnu.so
[1.911s] -- Up-to-date: /home/yubinwang/turtlebot3_ws/install/dynamixel_sdk_custom_interfaces/lib/libdynamixel_sdk_custom_interfaces__python.so
[1.911s] -- Up-to-date: /home/yubinwang/turtlebot3_ws/install/dynamixel_sdk_custom_interfaces/share/dynamixel_sdk_custom_interfaces/msg/SetPosition.idl
[1.912s] -- Up-to-date: /home/yubinwang/turtlebot3_ws/install/dynamixel_sdk_custom_interfaces/share/dynamixel_sdk_custom_interfaces/srv/GetPosition.idl
[1.912s] -- Up-to-date: /home/yubinwang/turtlebot3_ws/install/dynamixel_sdk_custom_interfaces/share/dynamixel_sdk_custom_interfaces/msg/SetPosition.msg
[1.912s] -- Up-to-date: /home/yubinwang/turtlebot3_ws/install/dynamixel_sdk_custom_interfaces/share/dynamixel_sdk_custom_interfaces/srv/GetPosition.srv
[1.912s] -- Up-to-date: /home/yubinwang/turtlebot3_ws/install/dynamixel_sdk_custom_interfaces/share/dynamixel_sdk_custom_interfaces/srv/GetPosition_Request.msg
[1.912s] -- Up-to-date: /home/yubinwang/turtlebot3_ws/install/dynamixel_sdk_custom_interfaces/share/dynamixel_sdk_custom_interfaces/srv/GetPosition_Response.msg
[1.913s] -- Up-to-date: /home/yubinwang/turtlebot3_ws/install/dynamixel_sdk_custom_interfaces/share/ament_index/resource_index/package_run_dependencies/dynamixel_sdk_custom_interfaces
[1.913s] -- Up-to-date: /home/yubinwang/turtlebot3_ws/install/dynamixel_sdk_custom_interfaces/share/ament_index/resource_index/parent_prefix_path/dynamixel_sdk_custom_interfaces
[1.913s] -- Up-to-date: /home/yubinwang/turtlebot3_ws/install/dynamixel_sdk_custom_interfaces/share/dynamixel_sdk_custom_interfaces/environment/ament_prefix_path.sh
[1.913s] -- Up-to-date: /home/yubinwang/turtlebot3_ws/install/dynamixel_sdk_custom_interfaces/share/dynamixel_sdk_custom_interfaces/environment/path.sh
[1.913s] -- Up-to-date: /home/yubinwang/turtlebot3_ws/install/dynamixel_sdk_custom_interfaces/share/dynamixel_sdk_custom_interfaces/local_setup.bash
[1.914s] -- Up-to-date: /home/yubinwang/turtlebot3_ws/install/dynamixel_sdk_custom_interfaces/share/dynamixel_sdk_custom_interfaces/local_setup.sh
[1.914s] -- Up-to-date: /home/yubinwang/turtlebot3_ws/install/dynamixel_sdk_custom_interfaces/share/dynamixel_sdk_custom_interfaces/local_setup.zsh
[1.914s] -- Up-to-date: /home/yubinwang/turtlebot3_ws/install/dynamixel_sdk_custom_interfaces/share/ament_index/resource_index/packages/dynamixel_sdk_custom_interfaces
[1.914s] -- Up-to-date: /home/yubinwang/turtlebot3_ws/install/dynamixel_sdk_custom_interfaces/share/dynamixel_sdk_custom_interfaces/cmake/rosidl_cmake-extras.cmake
[1.914s] -- Up-to-date: /home/yubinwang/turtlebot3_ws/install/dynamixel_sdk_custom_interfaces/share/dynamixel_sdk_custom_interfaces/cmake/ament_cmake_export_dependencies-extras.cmake
[1.915s] -- Up-to-date: /home/yubinwang/turtlebot3_ws/install/dynamixel_sdk_custom_interfaces/share/dynamixel_sdk_custom_interfaces/cmake/ament_cmake_export_include_directories-extras.cmake
[1.915s] -- Up-to-date: /home/yubinwang/turtlebot3_ws/install/dynamixel_sdk_custom_interfaces/share/dynamixel_sdk_custom_interfaces/cmake/ament_cmake_export_libraries-extras.cmake
[1.915s] -- Up-to-date: /home/yubinwang/turtlebot3_ws/install/dynamixel_sdk_custom_interfaces/share/dynamixel_sdk_custom_interfaces/cmake/dynamixel_sdk_custom_interfacesConfig.cmake
[1.915s] -- Up-to-date: /home/yubinwang/turtlebot3_ws/install/dynamixel_sdk_custom_interfaces/share/dynamixel_sdk_custom_interfaces/cmake/dynamixel_sdk_custom_interfacesConfig-version.cmake
[1.915s] -- Up-to-date: /home/yubinwang/turtlebot3_ws/install/dynamixel_sdk_custom_interfaces/share/dynamixel_sdk_custom_interfaces/package.xml
[1.922s] Invoked command in '/home/yubinwang/turtlebot3_ws/build/dynamixel_sdk_custom_interfaces' returned '0': CMAKE_PREFIX_PATH=${CMAKE_PREFIX_PATH}:/home/yubinwang/turtlebot3_ws/src/install/turtlebot3_teleop:/home/yubinwang/turtlebot3_ws/src/install/turtlebot3_example:/opt/ros/dashing /usr/bin/cmake --build /home/yubinwang/turtlebot3_ws/build/dynamixel_sdk_custom_interfaces --target install -- -j8 -l8
