[0.073s] Invoking command in '/home/yubinwang/turtlebot3_ws/build/dynamixel_sdk_custom_interfaces': CMAKE_PREFIX_PATH=${CMAKE_PREFIX_PATH}:/home/yubinwang/turtlebot3_ws/install/turtlebot3_teleop:/home/yubinwang/turtlebot3_ws/install/turtlebot3_example:/opt/ros/dashing /usr/bin/cmake --build /home/yubinwang/turtlebot3_ws/build/dynamixel_sdk_custom_interfaces -- -j8 -l8
[0.626s] [  2%] Built target dynamixel_sdk_custom_interfaces__cpp
[0.626s] [ 13%] Built target dynamixel_sdk_custom_interfaces__rosidl_generator_c
[0.627s] [ 24%] Built target dynamixel_sdk_custom_interfaces__rosidl_typesupport_fastrtps_cpp
[0.627s] [ 35%] Built target dynamixel_sdk_custom_interfaces__rosidl_typesupport_introspection_cpp
[0.628s] [ 45%] Built target dynamixel_sdk_custom_interfaces__rosidl_typesupport_introspection_c
[0.629s] [ 56%] Built target dynamixel_sdk_custom_interfaces__rosidl_typesupport_fastrtps_c
[0.630s] [ 67%] Built target dynamixel_sdk_custom_interfaces__rosidl_typesupport_cpp
[0.630s] [ 78%] Built target dynamixel_sdk_custom_interfaces__rosidl_typesupport_c
[0.630s] [ 78%] Built target dynamixel_sdk_custom_interfaces
[0.630s] [ 81%] Built target dynamixel_sdk_custom_interfaces__py
[0.630s] [ 89%] Built target dynamixel_sdk_custom_interfaces__python
[0.630s] [ 94%] Built target dynamixel_sdk_custom_interfaces__rosidl_typesupport_c__pyext
[0.631s] [100%] Built target dynamixel_sdk_custom_interfaces__rosidl_typesupport_fastrtps_c__pyext
[0.643s] Invoked command in '/home/yubinwang/turtlebot3_ws/build/dynamixel_sdk_custom_interfaces' returned '0': CMAKE_PREFIX_PATH=${CMAKE_PREFIX_PATH}:/home/yubinwang/turtlebot3_ws/install/turtlebot3_teleop:/home/yubinwang/turtlebot3_ws/install/turtlebot3_example:/opt/ros/dashing /usr/bin/cmake --build /home/yubinwang/turtlebot3_ws/build/dynamixel_sdk_custom_interfaces -- -j8 -l8
[1.028s] Invoking command in '/home/yubinwang/turtlebot3_ws/build/dynamixel_sdk_custom_interfaces': CMAKE_PREFIX_PATH=${CMAKE_PREFIX_PATH}:/home/yubinwang/turtlebot3_ws/install/turtlebot3_teleop:/home/yubinwang/turtlebot3_ws/install/turtlebot3_example:/opt/ros/dashing /usr/bin/cmake --build /home/yubinwang/turtlebot3_ws/build/dynamixel_sdk_custom_interfaces --target install -- -j8 -l8
[1.131s] [  2%] Built target dynamixel_sdk_custom_interfaces__cpp
[1.141s] [ 13%] Built target dynamixel_sdk_custom_interfaces__rosidl_generator_c
[1.193s] [ 24%] Built target dynamixel_sdk_custom_interfaces__rosidl_typesupport_fastrtps_cpp
[1.202s] [ 35%] Built target dynamixel_sdk_custom_interfaces__rosidl_typesupport_introspection_cpp
[1.221s] [ 45%] Built target dynamixel_sdk_custom_interfaces__rosidl_typesupport_introspection_c
[1.256s] [ 56%] Built target dynamixel_sdk_custom_interfaces__rosidl_typesupport_cpp
[1.266s] [ 67%] Built target dynamixel_sdk_custom_interfaces__rosidl_typesupport_fastrtps_c
[1.319s] [ 78%] Built target dynamixel_sdk_custom_interfaces__rosidl_typesupport_c
[1.366s] [ 78%] Built target dynamixel_sdk_custom_interfaces
[1.408s] [ 81%] Built target dynamixel_sdk_custom_interfaces__py
[1.458s] [ 89%] Built target dynamixel_sdk_custom_interfaces__python
[1.508s] [ 94%] Built target dynamixel_sdk_custom_interfaces__rosidl_typesupport_fastrtps_c__pyext
[1.509s] [100%] Built target dynamixel_sdk_custom_interfaces__rosidl_typesupport_c__pyext
[1.543s] [36mInstall the project...[0m
[1.558s] -- Install configuration: ""
[1.558s] -- Up-to-date: /home/yubinwang/turtlebot3_ws/install/dynamixel_sdk_custom_interfaces/share/ament_index/resource_index/rosidl_interfaces/dynamixel_sdk_custom_interfaces
[1.558s] -- Up-to-date: /home/yubinwang/turtlebot3_ws/install/dynamixel_sdk_custom_interfaces/include/dynamixel_sdk_custom_interfaces
[1.558s] -- Up-to-date: /home/yubinwang/turtlebot3_ws/install/dynamixel_sdk_custom_interfaces/include/dynamixel_sdk_custom_interfaces/msg
[1.559s] -- Up-to-date: /home/yubinwang/turtlebot3_ws/install/dynamixel_sdk_custom_interfaces/include/dynamixel_sdk_custom_interfaces/msg/set_position__struct.hpp
[1.559s] -- Up-to-date: /home/yubinwang/turtlebot3_ws/install/dynamixel_sdk_custom_interfaces/include/dynamixel_sdk_custom_interfaces/msg/set_position.hpp
[1.559s] -- Up-to-date: /home/yubinwang/turtlebot3_ws/install/dynamixel_sdk_custom_interfaces/include/dynamixel_sdk_custom_interfaces/msg/set_position__traits.hpp
[1.559s] -- Up-to-date: /home/yubinwang/turtlebot3_ws/install/dynamixel_sdk_custom_interfaces/include/dynamixel_sdk_custom_interfaces/srv
[1.560s] -- Up-to-date: /home/yubinwang/turtlebot3_ws/install/dynamixel_sdk_custom_interfaces/include/dynamixel_sdk_custom_interfaces/srv/get_position__struct.hpp
[1.560s] -- Up-to-date: /home/yubinwang/turtlebot3_ws/install/dynamixel_sdk_custom_interfaces/include/dynamixel_sdk_custom_interfaces/srv/get_position.hpp
[1.560s] -- Up-to-date: /home/yubinwang/turtlebot3_ws/install/dynamixel_sdk_custom_interfaces/include/dynamixel_sdk_custom_interfaces/srv/get_position__traits.hpp
[1.560s] -- Up-to-date: /home/yubinwang/turtlebot3_ws/install/dynamixel_sdk_custom_interfaces/include/dynamixel_sdk_custom_interfaces
[1.560s] -- Up-to-date: /home/yubinwang/turtlebot3_ws/install/dynamixel_sdk_custom_interfaces/include/dynamixel_sdk_custom_interfaces/msg
[1.560s] -- Up-to-date: /home/yubinwang/turtlebot3_ws/install/dynamixel_sdk_custom_interfaces/include/dynamixel_sdk_custom_interfaces/msg/set_position__functions.c
[1.560s] -- Up-to-date: /home/yubinwang/turtlebot3_ws/install/dynamixel_sdk_custom_interfaces/include/dynamixel_sdk_custom_interfaces/msg/set_position__struct.h
[1.560s] -- Up-to-date: /home/yubinwang/turtlebot3_ws/install/dynamixel_sdk_custom_interfaces/include/dynamixel_sdk_custom_interfaces/msg/set_position__type_support.h
[1.561s] -- Up-to-date: /home/yubinwang/turtlebot3_ws/install/dynamixel_sdk_custom_interfaces/include/dynamixel_sdk_custom_interfaces/msg/set_position__functions.h
[1.561s] -- Up-to-date: /home/yubinwang/turtlebot3_ws/install/dynamixel_sdk_custom_interfaces/include/dynamixel_sdk_custom_interfaces/msg/rosidl_generator_c__visibility_control.h
[1.561s] -- Up-to-date: /home/yubinwang/turtlebot3_ws/install/dynamixel_sdk_custom_interfaces/include/dynamixel_sdk_custom_interfaces/msg/set_position.h
[1.561s] -- Up-to-date: /home/yubinwang/turtlebot3_ws/install/dynamixel_sdk_custom_interfaces/include/dynamixel_sdk_custom_interfaces/srv
[1.561s] -- Up-to-date: /home/yubinwang/turtlebot3_ws/install/dynamixel_sdk_custom_interfaces/include/dynamixel_sdk_custom_interfaces/srv/get_position__struct.h
[1.561s] -- Up-to-date: /home/yubinwang/turtlebot3_ws/install/dynamixel_sdk_custom_interfaces/include/dynamixel_sdk_custom_interfaces/srv/get_position__functions.c
[1.561s] -- Up-to-date: /home/yubinwang/turtlebot3_ws/install/dynamixel_sdk_custom_interfaces/include/dynamixel_sdk_custom_interfaces/srv/get_position.h
[1.561s] -- Up-to-date: /home/yubinwang/turtlebot3_ws/install/dynamixel_sdk_custom_interfaces/include/dynamixel_sdk_custom_interfaces/srv/get_position__functions.h
[1.562s] -- Up-to-date: /home/yubinwang/turtlebot3_ws/install/dynamixel_sdk_custom_interfaces/include/dynamixel_sdk_custom_interfaces/srv/get_position__type_support.h
[1.566s] -- Up-to-date: /home/yubinwang/turtlebot3_ws/install/dynamixel_sdk_custom_interfaces/share/dynamixel_sdk_custom_interfaces/environment/library_path.sh
[1.570s] -- Up-to-date: /home/yubinwang/turtlebot3_ws/install/dynamixel_sdk_custom_interfaces/lib/libdynamixel_sdk_custom_interfaces__rosidl_generator_c.so
[1.570s] -- Up-to-date: /home/yubinwang/turtlebot3_ws/install/dynamixel_sdk_custom_interfaces/lib/libdynamixel_sdk_custom_interfaces__rosidl_typesupport_c.so
[1.570s] -- Up-to-date: /home/yubinwang/turtlebot3_ws/install/dynamixel_sdk_custom_interfaces/lib/libdynamixel_sdk_custom_interfaces__rosidl_typesupport_cpp.so
[1.571s] -- Up-to-date: /home/yubinwang/turtlebot3_ws/install/dynamixel_sdk_custom_interfaces/include/dynamixel_sdk_custom_interfaces
[1.571s] -- Up-to-date: /home/yubinwang/turtlebot3_ws/install/dynamixel_sdk_custom_interfaces/include/dynamixel_sdk_custom_interfaces/msg
[1.571s] -- Up-to-date: /home/yubinwang/turtlebot3_ws/install/dynamixel_sdk_custom_interfaces/include/dynamixel_sdk_custom_interfaces/msg/set_position__type_support.c
[1.571s] -- Up-to-date: /home/yubinwang/turtlebot3_ws/install/dynamixel_sdk_custom_interfaces/include/dynamixel_sdk_custom_interfaces/msg/rosidl_typesupport_introspection_c__visibility_control.h
[1.571s] -- Up-to-date: /home/yubinwang/turtlebot3_ws/install/dynamixel_sdk_custom_interfaces/include/dynamixel_sdk_custom_interfaces/msg/set_position__rosidl_typesupport_introspection_c.h
[1.571s] -- Up-to-date: /home/yubinwang/turtlebot3_ws/install/dynamixel_sdk_custom_interfaces/include/dynamixel_sdk_custom_interfaces/srv
[1.571s] -- Up-to-date: /home/yubinwang/turtlebot3_ws/install/dynamixel_sdk_custom_interfaces/include/dynamixel_sdk_custom_interfaces/srv/get_position__rosidl_typesupport_introspection_c.h
[1.571s] -- Up-to-date: /home/yubinwang/turtlebot3_ws/install/dynamixel_sdk_custom_interfaces/include/dynamixel_sdk_custom_interfaces/srv/get_position__type_support.c
[1.571s] -- Up-to-date: /home/yubinwang/turtlebot3_ws/install/dynamixel_sdk_custom_interfaces/lib/libdynamixel_sdk_custom_interfaces__rosidl_typesupport_introspection_c.so
[1.572s] -- Up-to-date: /home/yubinwang/turtlebot3_ws/install/dynamixel_sdk_custom_interfaces/include/dynamixel_sdk_custom_interfaces
[1.572s] -- Up-to-date: /home/yubinwang/turtlebot3_ws/install/dynamixel_sdk_custom_interfaces/include/dynamixel_sdk_custom_interfaces/msg
[1.572s] -- Up-to-date: /home/yubinwang/turtlebot3_ws/install/dynamixel_sdk_custom_interfaces/include/dynamixel_sdk_custom_interfaces/msg/set_position__type_support.cpp
[1.572s] -- Up-to-date: /home/yubinwang/turtlebot3_ws/install/dynamixel_sdk_custom_interfaces/include/dynamixel_sdk_custom_interfaces/msg/set_position__rosidl_typesupport_introspection_cpp.hpp
[1.573s] -- Up-to-date: /home/yubinwang/turtlebot3_ws/install/dynamixel_sdk_custom_interfaces/include/dynamixel_sdk_custom_interfaces/srv
[1.573s] -- Up-to-date: /home/yubinwang/turtlebot3_ws/install/dynamixel_sdk_custom_interfaces/include/dynamixel_sdk_custom_interfaces/srv/get_position__rosidl_typesupport_introspection_cpp.hpp
[1.573s] -- Up-to-date: /home/yubinwang/turtlebot3_ws/install/dynamixel_sdk_custom_interfaces/include/dynamixel_sdk_custom_interfaces/srv/get_position__type_support.cpp
[1.573s] -- Up-to-date: /home/yubinwang/turtlebot3_ws/install/dynamixel_sdk_custom_interfaces/lib/libdynamixel_sdk_custom_interfaces__rosidl_typesupport_introspection_cpp.so
[1.573s] -- Up-to-date: /home/yubinwang/turtlebot3_ws/install/dynamixel_sdk_custom_interfaces/include/dynamixel_sdk_custom_interfaces
[1.573s] -- Up-to-date: /home/yubinwang/turtlebot3_ws/install/dynamixel_sdk_custom_interfaces/include/dynamixel_sdk_custom_interfaces/msg
[1.573s] -- Up-to-date: /home/yubinwang/turtlebot3_ws/install/dynamixel_sdk_custom_interfaces/include/dynamixel_sdk_custom_interfaces/msg/set_position__rosidl_typesupport_fastrtps_c.h
[1.574s] -- Up-to-date: /home/yubinwang/turtlebot3_ws/install/dynamixel_sdk_custom_interfaces/include/dynamixel_sdk_custom_interfaces/msg/rosidl_typesupport_fastrtps_c__visibility_control.h
[1.574s] -- Up-to-date: /home/yubinwang/turtlebot3_ws/install/dynamixel_sdk_custom_interfaces/include/dynamixel_sdk_custom_interfaces/srv
[1.574s] -- Up-to-date: /home/yubinwang/turtlebot3_ws/install/dynamixel_sdk_custom_interfaces/include/dynamixel_sdk_custom_interfaces/srv/get_position__rosidl_typesupport_fastrtps_c.h
[1.574s] -- Up-to-date: /home/yubinwang/turtlebot3_ws/install/dynamixel_sdk_custom_interfaces/lib/libdynamixel_sdk_custom_interfaces__rosidl_typesupport_fastrtps_c.so
[1.574s] -- Up-to-date: /home/yubinwang/turtlebot3_ws/install/dynamixel_sdk_custom_interfaces/include/dynamixel_sdk_custom_interfaces
[1.574s] -- Up-to-date: /home/yubinwang/turtlebot3_ws/install/dynamixel_sdk_custom_interfaces/include/dynamixel_sdk_custom_interfaces/msg
[1.574s] -- Up-to-date: /home/yubinwang/turtlebot3_ws/install/dynamixel_sdk_custom_interfaces/include/dynamixel_sdk_custom_interfaces/msg/dds_fastrtps
[1.574s] -- Up-to-date: /home/yubinwang/turtlebot3_ws/install/dynamixel_sdk_custom_interfaces/include/dynamixel_sdk_custom_interfaces/msg/rosidl_typesupport_fastrtps_cpp__visibility_control.h
[1.575s] -- Up-to-date: /home/yubinwang/turtlebot3_ws/install/dynamixel_sdk_custom_interfaces/include/dynamixel_sdk_custom_interfaces/msg/set_position__rosidl_typesupport_fastrtps_cpp.hpp
[1.575s] -- Up-to-date: /home/yubinwang/turtlebot3_ws/install/dynamixel_sdk_custom_interfaces/include/dynamixel_sdk_custom_interfaces/srv
[1.575s] -- Up-to-date: /home/yubinwang/turtlebot3_ws/install/dynamixel_sdk_custom_interfaces/include/dynamixel_sdk_custom_interfaces/srv/dds_fastrtps
[1.575s] -- Up-to-date: /home/yubinwang/turtlebot3_ws/install/dynamixel_sdk_custom_interfaces/include/dynamixel_sdk_custom_interfaces/srv/get_position__rosidl_typesupport_fastrtps_cpp.hpp
[1.575s] -- Up-to-date: /home/yubinwang/turtlebot3_ws/install/dynamixel_sdk_custom_interfaces/lib/libdynamixel_sdk_custom_interfaces__rosidl_typesupport_fastrtps_cpp.so
[1.575s] -- Up-to-date: /home/yubinwang/turtlebot3_ws/install/dynamixel_sdk_custom_interfaces/share/dynamixel_sdk_custom_interfaces/environment/pythonpath.sh
[1.575s] -- Up-to-date: /home/yubinwang/turtlebot3_ws/install/dynamixel_sdk_custom_interfaces/lib/python3.6/site-packages/dynamixel_sdk_custom_interfaces/__init__.py
[1.628s] -- Up-to-date: /home/yubinwang/turtlebot3_ws/install/dynamixel_sdk_custom_interfaces/lib/python3.6/site-packages/dynamixel_sdk_custom_interfaces/msg
[1.628s] -- Up-to-date: /home/yubinwang/turtlebot3_ws/install/dynamixel_sdk_custom_interfaces/lib/python3.6/site-packages/dynamixel_sdk_custom_interfaces/msg/_set_position_s.c
[1.628s] -- Up-to-date: /home/yubinwang/turtlebot3_ws/install/dynamixel_sdk_custom_interfaces/lib/python3.6/site-packages/dynamixel_sdk_custom_interfaces/msg/_set_position.py
[1.628s] -- Up-to-date: /home/yubinwang/turtlebot3_ws/install/dynamixel_sdk_custom_interfaces/lib/python3.6/site-packages/dynamixel_sdk_custom_interfaces/msg/__init__.py
[1.629s] -- Up-to-date: /home/yubinwang/turtlebot3_ws/install/dynamixel_sdk_custom_interfaces/lib/python3.6/site-packages/dynamixel_sdk_custom_interfaces/srv
[1.629s] -- Up-to-date: /home/yubinwang/turtlebot3_ws/install/dynamixel_sdk_custom_interfaces/lib/python3.6/site-packages/dynamixel_sdk_custom_interfaces/srv/_get_position_s.c
[1.629s] -- Up-to-date: /home/yubinwang/turtlebot3_ws/install/dynamixel_sdk_custom_interfaces/lib/python3.6/site-packages/dynamixel_sdk_custom_interfaces/srv/_get_position.py
[1.629s] -- Up-to-date: /home/yubinwang/turtlebot3_ws/install/dynamixel_sdk_custom_interfaces/lib/python3.6/site-packages/dynamixel_sdk_custom_interfaces/srv/__init__.py
[1.629s] -- Up-to-date: /home/yubinwang/turtlebot3_ws/install/dynamixel_sdk_custom_interfaces/lib/python3.6/site-packages/dynamixel_sdk_custom_interfaces/dynamixel_sdk_custom_interfaces_s__rosidl_typesupport_c.cpython-36m-x86_64-linux-gnu.so
[1.630s] -- Up-to-date: /home/yubinwang/turtlebot3_ws/install/dynamixel_sdk_custom_interfaces/lib/python3.6/site-packages/dynamixel_sdk_custom_interfaces/dynamixel_sdk_custom_interfaces_s__rosidl_typesupport_fastrtps_c.cpython-36m-x86_64-linux-gnu.so
[1.631s] -- Up-to-date: /home/yubinwang/turtlebot3_ws/install/dynamixel_sdk_custom_interfaces/lib/libdynamixel_sdk_custom_interfaces__python.so
[1.631s] -- Up-to-date: /home/yubinwang/turtlebot3_ws/install/dynamixel_sdk_custom_interfaces/share/dynamixel_sdk_custom_interfaces/msg/SetPosition.idl
[1.631s] -- Up-to-date: /home/yubinwang/turtlebot3_ws/install/dynamixel_sdk_custom_interfaces/share/dynamixel_sdk_custom_interfaces/srv/GetPosition.idl
[1.631s] -- Up-to-date: /home/yubinwang/turtlebot3_ws/install/dynamixel_sdk_custom_interfaces/share/dynamixel_sdk_custom_interfaces/msg/SetPosition.msg
[1.632s] -- Up-to-date: /home/yubinwang/turtlebot3_ws/install/dynamixel_sdk_custom_interfaces/share/dynamixel_sdk_custom_interfaces/srv/GetPosition.srv
[1.632s] -- Up-to-date: /home/yubinwang/turtlebot3_ws/install/dynamixel_sdk_custom_interfaces/share/dynamixel_sdk_custom_interfaces/srv/GetPosition_Request.msg
[1.632s] -- Up-to-date: /home/yubinwang/turtlebot3_ws/install/dynamixel_sdk_custom_interfaces/share/dynamixel_sdk_custom_interfaces/srv/GetPosition_Response.msg
[1.632s] -- Up-to-date: /home/yubinwang/turtlebot3_ws/install/dynamixel_sdk_custom_interfaces/share/ament_index/resource_index/package_run_dependencies/dynamixel_sdk_custom_interfaces
[1.633s] -- Up-to-date: /home/yubinwang/turtlebot3_ws/install/dynamixel_sdk_custom_interfaces/share/ament_index/resource_index/parent_prefix_path/dynamixel_sdk_custom_interfaces
[1.633s] -- Up-to-date: /home/yubinwang/turtlebot3_ws/install/dynamixel_sdk_custom_interfaces/share/dynamixel_sdk_custom_interfaces/environment/ament_prefix_path.sh
[1.633s] -- Up-to-date: /home/yubinwang/turtlebot3_ws/install/dynamixel_sdk_custom_interfaces/share/dynamixel_sdk_custom_interfaces/environment/path.sh
[1.633s] -- Up-to-date: /home/yubinwang/turtlebot3_ws/install/dynamixel_sdk_custom_interfaces/share/dynamixel_sdk_custom_interfaces/local_setup.bash
[1.633s] -- Up-to-date: /home/yubinwang/turtlebot3_ws/install/dynamixel_sdk_custom_interfaces/share/dynamixel_sdk_custom_interfaces/local_setup.sh
[1.634s] -- Up-to-date: /home/yubinwang/turtlebot3_ws/install/dynamixel_sdk_custom_interfaces/share/dynamixel_sdk_custom_interfaces/local_setup.zsh
[1.634s] -- Up-to-date: /home/yubinwang/turtlebot3_ws/install/dynamixel_sdk_custom_interfaces/share/ament_index/resource_index/packages/dynamixel_sdk_custom_interfaces
[1.634s] -- Up-to-date: /home/yubinwang/turtlebot3_ws/install/dynamixel_sdk_custom_interfaces/share/dynamixel_sdk_custom_interfaces/cmake/rosidl_cmake-extras.cmake
[1.634s] -- Up-to-date: /home/yubinwang/turtlebot3_ws/install/dynamixel_sdk_custom_interfaces/share/dynamixel_sdk_custom_interfaces/cmake/ament_cmake_export_dependencies-extras.cmake
[1.634s] -- Up-to-date: /home/yubinwang/turtlebot3_ws/install/dynamixel_sdk_custom_interfaces/share/dynamixel_sdk_custom_interfaces/cmake/ament_cmake_export_include_directories-extras.cmake
[1.634s] -- Up-to-date: /home/yubinwang/turtlebot3_ws/install/dynamixel_sdk_custom_interfaces/share/dynamixel_sdk_custom_interfaces/cmake/ament_cmake_export_libraries-extras.cmake
[1.635s] -- Up-to-date: /home/yubinwang/turtlebot3_ws/install/dynamixel_sdk_custom_interfaces/share/dynamixel_sdk_custom_interfaces/cmake/dynamixel_sdk_custom_interfacesConfig.cmake
[1.635s] -- Up-to-date: /home/yubinwang/turtlebot3_ws/install/dynamixel_sdk_custom_interfaces/share/dynamixel_sdk_custom_interfaces/cmake/dynamixel_sdk_custom_interfacesConfig-version.cmake
[1.635s] -- Up-to-date: /home/yubinwang/turtlebot3_ws/install/dynamixel_sdk_custom_interfaces/share/dynamixel_sdk_custom_interfaces/package.xml
[1.666s] Invoked command in '/home/yubinwang/turtlebot3_ws/build/dynamixel_sdk_custom_interfaces' returned '0': CMAKE_PREFIX_PATH=${CMAKE_PREFIX_PATH}:/home/yubinwang/turtlebot3_ws/install/turtlebot3_teleop:/home/yubinwang/turtlebot3_ws/install/turtlebot3_example:/opt/ros/dashing /usr/bin/cmake --build /home/yubinwang/turtlebot3_ws/build/dynamixel_sdk_custom_interfaces --target install -- -j8 -l8
