[0.042s] Invoking command in '/home/yubinwang/turtlebot3_ws/build/turtlebot3_node': CMAKE_PREFIX_PATH=/home/yubinwang/turtlebot3_ws/install/turtlebot3_msgs:/home/yubinwang/turtlebot3_ws/install/dynamixel_sdk:/home/yubinwang/turtlebot3_ws/install/turtlebot3:/home/yubinwang/turtlebot3_ws/install/turtlebot3_bringup:/home/yubinwang/turtlebot3_ws/install/turtlebot3_node:/home/yubinwang/turtlebot3_ws/install/turtlebot3_navigation2:/home/yubinwang/turtlebot3_ws/install/turtlebot3_description:/home/yubinwang/turtlebot3_ws/install/turtlebot3_cartographer:/home/yubinwang/turtlebot3_ws/install/dynamixel_sdk_examples:/home/yubinwang/turtlebot3_ws/install/dynamixel_sdk_custom_interfaces:/home/yubinwang/turtlebot3_ws/install/turtlebot3_teleop:/home/yubinwang/turtlebot3_ws/install/turtlebot3_example:/opt/ros/dashing LD_LIBRARY_PATH=/home/yubinwang/turtlebot3_ws/install/turtlebot3_msgs/lib:/home/yubinwang/turtlebot3_ws/install/dynamixel_sdk/lib:/home/yubinwang/turtlebot3_ws/install/dynamixel_sdk_custom_interfaces/lib:/usr/lib/x86_64-linux-gnu/gazebo-9/plugins:/opt/ros/dashing/opt/yaml_cpp_vendor/lib:/opt/ros/dashing/opt/rviz_ogre_vendor/lib:/opt/ros/dashing/lib PYTHONPATH=/home/yubinwang/turtlebot3_ws/install/turtlebot3_msgs/lib/python3.6/site-packages:/home/yubinwang/turtlebot3_ws/install/turtlebot3_teleop/lib/python3.6/site-packages:/home/yubinwang/turtlebot3_ws/install/turtlebot3_example/lib/python3.6/site-packages:/home/yubinwang/turtlebot3_ws/install/dynamixel_sdk_custom_interfaces/lib/python3.6/site-packages:/opt/ros/dashing/lib/python3.6/site-packages /usr/bin/cmake /home/yubinwang/turtlebot3_ws/src/turtlebot3/turtlebot3_node -DCMAKE_INSTALL_PREFIX=/home/yubinwang/turtlebot3_ws/install/turtlebot3_node
[0.154s] -- The C compiler identification is GNU 7.5.0
[0.265s] -- The CXX compiler identification is GNU 7.5.0
[0.273s] -- Check for working C compiler: /usr/bin/cc
[0.421s] -- Check for working C compiler: /usr/bin/cc -- works
[0.422s] -- Detecting C compiler ABI info
[0.575s] -- Detecting C compiler ABI info - done
[0.580s] -- Detecting C compile features
[0.995s] -- Detecting C compile features - done
[0.999s] -- Check for working CXX compiler: /usr/bin/c++
[1.175s] -- Check for working CXX compiler: /usr/bin/c++ -- works
[1.176s] -- Detecting CXX compiler ABI info
[1.328s] -- Detecting CXX compiler ABI info - done
[1.341s] -- Detecting CXX compile features
[1.980s] -- Detecting CXX compile features - done
[1.985s] -- Found ament_cmake: 0.7.6 (/opt/ros/dashing/share/ament_cmake/cmake)
[2.041s] -- Found PythonInterp: /usr/bin/python3 (found suitable version "3.6.9", minimum required is "3") 
[2.041s] -- Using PYTHON_EXECUTABLE: /usr/bin/python3
[2.509s] -- Found dynamixel_sdk: 3.7.40 (/home/yubinwang/turtlebot3_ws/install/dynamixel_sdk/share/dynamixel_sdk/cmake)
[2.520s] -- Found geometry_msgs: 0.7.1 (/opt/ros/dashing/share/geometry_msgs/cmake)
[2.553s] -- Found rosidl_adapter: 0.7.10 (/opt/ros/dashing/share/rosidl_adapter/cmake)
[2.639s] -- Found message_filters: 3.1.3 (/opt/ros/dashing/share/message_filters/cmake)
[2.645s] -- Found nav_msgs: 0.7.1 (/opt/ros/dashing/share/nav_msgs/cmake)
[2.665s] -- Found rclcpp: 0.7.16 (/opt/ros/dashing/share/rclcpp/cmake)
[2.700s] -- Found rmw_implementation_cmake: 0.7.2 (/opt/ros/dashing/share/rmw_implementation_cmake/cmake)
[2.703s] -- Using RMW implementation 'rmw_fastrtps_cpp' as default
[2.705s] -- Looking for pthread.h
[2.819s] -- Looking for pthread.h - found
[2.819s] -- Looking for pthread_create
[2.952s] -- Looking for pthread_create - not found
[2.952s] -- Looking for pthread_create in pthreads
[3.053s] -- Looking for pthread_create in pthreads - not found
[3.053s] -- Looking for pthread_create in pthread
[3.182s] -- Looking for pthread_create in pthread - found
[3.184s] -- Found Threads: TRUE  
[3.244s] -- Found sensor_msgs: 0.7.1 (/opt/ros/dashing/share/sensor_msgs/cmake)
[3.264s] -- Found std_srvs: 0.7.1 (/opt/ros/dashing/share/std_srvs/cmake)
[3.277s] -- Found tf2: 0.11.6 (/opt/ros/dashing/share/tf2/cmake)
[3.291s] -- Found tf2_ros: 0.11.6 (/opt/ros/dashing/share/tf2_ros/cmake)
[3.386s] -- Found turtlebot3_msgs: 2.2.1 (/home/yubinwang/turtlebot3_ws/install/turtlebot3_msgs/share/turtlebot3_msgs/cmake)
[3.879s] -- Configuring done
[3.988s] -- Generating done
[3.991s] -- Build files have been written to: /home/yubinwang/turtlebot3_ws/build/turtlebot3_node
[3.997s] Invoked command in '/home/yubinwang/turtlebot3_ws/build/turtlebot3_node' returned '0': CMAKE_PREFIX_PATH=/home/yubinwang/turtlebot3_ws/install/turtlebot3_msgs:/home/yubinwang/turtlebot3_ws/install/dynamixel_sdk:/home/yubinwang/turtlebot3_ws/install/turtlebot3:/home/yubinwang/turtlebot3_ws/install/turtlebot3_bringup:/home/yubinwang/turtlebot3_ws/install/turtlebot3_node:/home/yubinwang/turtlebot3_ws/install/turtlebot3_navigation2:/home/yubinwang/turtlebot3_ws/install/turtlebot3_description:/home/yubinwang/turtlebot3_ws/install/turtlebot3_cartographer:/home/yubinwang/turtlebot3_ws/install/dynamixel_sdk_examples:/home/yubinwang/turtlebot3_ws/install/dynamixel_sdk_custom_interfaces:/home/yubinwang/turtlebot3_ws/install/turtlebot3_teleop:/home/yubinwang/turtlebot3_ws/install/turtlebot3_example:/opt/ros/dashing LD_LIBRARY_PATH=/home/yubinwang/turtlebot3_ws/install/turtlebot3_msgs/lib:/home/yubinwang/turtlebot3_ws/install/dynamixel_sdk/lib:/home/yubinwang/turtlebot3_ws/install/dynamixel_sdk_custom_interfaces/lib:/usr/lib/x86_64-linux-gnu/gazebo-9/plugins:/opt/ros/dashing/opt/yaml_cpp_vendor/lib:/opt/ros/dashing/opt/rviz_ogre_vendor/lib:/opt/ros/dashing/lib PYTHONPATH=/home/yubinwang/turtlebot3_ws/install/turtlebot3_msgs/lib/python3.6/site-packages:/home/yubinwang/turtlebot3_ws/install/turtlebot3_teleop/lib/python3.6/site-packages:/home/yubinwang/turtlebot3_ws/install/turtlebot3_example/lib/python3.6/site-packages:/home/yubinwang/turtlebot3_ws/install/dynamixel_sdk_custom_interfaces/lib/python3.6/site-packages:/opt/ros/dashing/lib/python3.6/site-packages /usr/bin/cmake /home/yubinwang/turtlebot3_ws/src/turtlebot3/turtlebot3_node -DCMAKE_INSTALL_PREFIX=/home/yubinwang/turtlebot3_ws/install/turtlebot3_node
[4.002s] Invoking command in '/home/yubinwang/turtlebot3_ws/build/turtlebot3_node': CMAKE_PREFIX_PATH=/home/yubinwang/turtlebot3_ws/install/turtlebot3_msgs:/home/yubinwang/turtlebot3_ws/install/dynamixel_sdk:/home/yubinwang/turtlebot3_ws/install/turtlebot3:/home/yubinwang/turtlebot3_ws/install/turtlebot3_bringup:/home/yubinwang/turtlebot3_ws/install/turtlebot3_node:/home/yubinwang/turtlebot3_ws/install/turtlebot3_navigation2:/home/yubinwang/turtlebot3_ws/install/turtlebot3_description:/home/yubinwang/turtlebot3_ws/install/turtlebot3_cartographer:/home/yubinwang/turtlebot3_ws/install/dynamixel_sdk_examples:/home/yubinwang/turtlebot3_ws/install/dynamixel_sdk_custom_interfaces:/home/yubinwang/turtlebot3_ws/install/turtlebot3_teleop:/home/yubinwang/turtlebot3_ws/install/turtlebot3_example:/opt/ros/dashing LD_LIBRARY_PATH=/home/yubinwang/turtlebot3_ws/install/turtlebot3_msgs/lib:/home/yubinwang/turtlebot3_ws/install/dynamixel_sdk/lib:/home/yubinwang/turtlebot3_ws/install/dynamixel_sdk_custom_interfaces/lib:/usr/lib/x86_64-linux-gnu/gazebo-9/plugins:/opt/ros/dashing/opt/yaml_cpp_vendor/lib:/opt/ros/dashing/opt/rviz_ogre_vendor/lib:/opt/ros/dashing/lib PYTHONPATH=/home/yubinwang/turtlebot3_ws/install/turtlebot3_msgs/lib/python3.6/site-packages:/home/yubinwang/turtlebot3_ws/install/turtlebot3_teleop/lib/python3.6/site-packages:/home/yubinwang/turtlebot3_ws/install/turtlebot3_example/lib/python3.6/site-packages:/home/yubinwang/turtlebot3_ws/install/dynamixel_sdk_custom_interfaces/lib/python3.6/site-packages:/opt/ros/dashing/lib/python3.6/site-packages /usr/bin/cmake --build /home/yubinwang/turtlebot3_ws/build/turtlebot3_node -- -j8 -l8
[4.071s] [35m[1mScanning dependencies of target turtlebot3_node_lib[0m
[4.203s] [  7%] [32mBuilding CXX object CMakeFiles/turtlebot3_node_lib.dir/src/devices/motor_power.cpp.o[0m
[4.203s] [ 14%] [32mBuilding CXX object CMakeFiles/turtlebot3_node_lib.dir/src/devices/sound.cpp.o[0m
[4.208s] [ 21%] [32mBuilding CXX object CMakeFiles/turtlebot3_node_lib.dir/src/devices/reset.cpp.o[0m
[4.214s] [ 28%] [32mBuilding CXX object CMakeFiles/turtlebot3_node_lib.dir/src/odometry.cpp.o[0m
[4.215s] [ 35%] [32mBuilding CXX object CMakeFiles/turtlebot3_node_lib.dir/src/dynamixel_sdk_wrapper.cpp.o[0m
[4.216s] [ 42%] [32mBuilding CXX object CMakeFiles/turtlebot3_node_lib.dir/src/turtlebot3.cpp.o[0m
[4.221s] [ 50%] [32mBuilding CXX object CMakeFiles/turtlebot3_node_lib.dir/src/diff_drive_controller.cpp.o[0m
[4.240s] [ 57%] [32mBuilding CXX object CMakeFiles/turtlebot3_node_lib.dir/src/sensors/battery_state.cpp.o[0m
[5.206s] [ 64%] [32mBuilding CXX object CMakeFiles/turtlebot3_node_lib.dir/src/sensors/imu.cpp.o[0m
[8.939s] [ 71%] [32mBuilding CXX object CMakeFiles/turtlebot3_node_lib.dir/src/sensors/joint_state.cpp.o[0m
[9.917s] [ 78%] [32mBuilding CXX object CMakeFiles/turtlebot3_node_lib.dir/src/sensors/sensor_state.cpp.o[0m
[17.278s] [ 85%] [32m[1mLinking CXX static library libturtlebot3_node_lib.a[0m
[17.585s] [ 85%] Built target turtlebot3_node_lib
[17.598s] [35m[1mScanning dependencies of target turtlebot3_ros[0m
[17.650s] [ 92%] [32mBuilding CXX object CMakeFiles/turtlebot3_ros.dir/src/node_main.cpp.o[0m
[20.282s] [100%] [32m[1mLinking CXX executable turtlebot3_ros[0m
[21.487s] [100%] Built target turtlebot3_ros
[21.501s] Invoked command in '/home/yubinwang/turtlebot3_ws/build/turtlebot3_node' returned '0': CMAKE_PREFIX_PATH=/home/yubinwang/turtlebot3_ws/install/turtlebot3_msgs:/home/yubinwang/turtlebot3_ws/install/dynamixel_sdk:/home/yubinwang/turtlebot3_ws/install/turtlebot3:/home/yubinwang/turtlebot3_ws/install/turtlebot3_bringup:/home/yubinwang/turtlebot3_ws/install/turtlebot3_node:/home/yubinwang/turtlebot3_ws/install/turtlebot3_navigation2:/home/yubinwang/turtlebot3_ws/install/turtlebot3_description:/home/yubinwang/turtlebot3_ws/install/turtlebot3_cartographer:/home/yubinwang/turtlebot3_ws/install/dynamixel_sdk_examples:/home/yubinwang/turtlebot3_ws/install/dynamixel_sdk_custom_interfaces:/home/yubinwang/turtlebot3_ws/install/turtlebot3_teleop:/home/yubinwang/turtlebot3_ws/install/turtlebot3_example:/opt/ros/dashing LD_LIBRARY_PATH=/home/yubinwang/turtlebot3_ws/install/turtlebot3_msgs/lib:/home/yubinwang/turtlebot3_ws/install/dynamixel_sdk/lib:/home/yubinwang/turtlebot3_ws/install/dynamixel_sdk_custom_interfaces/lib:/usr/lib/x86_64-linux-gnu/gazebo-9/plugins:/opt/ros/dashing/opt/yaml_cpp_vendor/lib:/opt/ros/dashing/opt/rviz_ogre_vendor/lib:/opt/ros/dashing/lib PYTHONPATH=/home/yubinwang/turtlebot3_ws/install/turtlebot3_msgs/lib/python3.6/site-packages:/home/yubinwang/turtlebot3_ws/install/turtlebot3_teleop/lib/python3.6/site-packages:/home/yubinwang/turtlebot3_ws/install/turtlebot3_example/lib/python3.6/site-packages:/home/yubinwang/turtlebot3_ws/install/dynamixel_sdk_custom_interfaces/lib/python3.6/site-packages:/opt/ros/dashing/lib/python3.6/site-packages /usr/bin/cmake --build /home/yubinwang/turtlebot3_ws/build/turtlebot3_node -- -j8 -l8
[21.565s] Invoking command in '/home/yubinwang/turtlebot3_ws/build/turtlebot3_node': CMAKE_PREFIX_PATH=/home/yubinwang/turtlebot3_ws/install/turtlebot3_msgs:/home/yubinwang/turtlebot3_ws/install/dynamixel_sdk:/home/yubinwang/turtlebot3_ws/install/turtlebot3:/home/yubinwang/turtlebot3_ws/install/turtlebot3_bringup:/home/yubinwang/turtlebot3_ws/install/turtlebot3_node:/home/yubinwang/turtlebot3_ws/install/turtlebot3_navigation2:/home/yubinwang/turtlebot3_ws/install/turtlebot3_description:/home/yubinwang/turtlebot3_ws/install/turtlebot3_cartographer:/home/yubinwang/turtlebot3_ws/install/dynamixel_sdk_examples:/home/yubinwang/turtlebot3_ws/install/dynamixel_sdk_custom_interfaces:/home/yubinwang/turtlebot3_ws/install/turtlebot3_teleop:/home/yubinwang/turtlebot3_ws/install/turtlebot3_example:/opt/ros/dashing LD_LIBRARY_PATH=/home/yubinwang/turtlebot3_ws/install/turtlebot3_msgs/lib:/home/yubinwang/turtlebot3_ws/install/dynamixel_sdk/lib:/home/yubinwang/turtlebot3_ws/install/dynamixel_sdk_custom_interfaces/lib:/usr/lib/x86_64-linux-gnu/gazebo-9/plugins:/opt/ros/dashing/opt/yaml_cpp_vendor/lib:/opt/ros/dashing/opt/rviz_ogre_vendor/lib:/opt/ros/dashing/lib PYTHONPATH=/home/yubinwang/turtlebot3_ws/install/turtlebot3_msgs/lib/python3.6/site-packages:/home/yubinwang/turtlebot3_ws/install/turtlebot3_teleop/lib/python3.6/site-packages:/home/yubinwang/turtlebot3_ws/install/turtlebot3_example/lib/python3.6/site-packages:/home/yubinwang/turtlebot3_ws/install/dynamixel_sdk_custom_interfaces/lib/python3.6/site-packages:/opt/ros/dashing/lib/python3.6/site-packages /usr/bin/cmake --build /home/yubinwang/turtlebot3_ws/build/turtlebot3_node --target install -- -j8 -l8
[21.671s] [ 85%] Built target turtlebot3_node_lib
[21.708s] [100%] Built target turtlebot3_ros
[21.731s] [36mInstall the project...[0m
[21.743s] -- Install configuration: ""
[21.743s] -- Up-to-date: /home/yubinwang/turtlebot3_ws/install/turtlebot3_node/share/turtlebot3_node/param
[21.743s] -- Up-to-date: /home/yubinwang/turtlebot3_ws/install/turtlebot3_node/share/turtlebot3_node/param/waffle_pi.yaml
[21.744s] -- Up-to-date: /home/yubinwang/turtlebot3_ws/install/turtlebot3_node/share/turtlebot3_node/param/burger.yaml
[21.744s] -- Up-to-date: /home/yubinwang/turtlebot3_ws/install/turtlebot3_node/share/turtlebot3_node/param/waffle.yaml
[21.749s] -- Installing: /home/yubinwang/turtlebot3_ws/install/turtlebot3_node/lib/turtlebot3_node/turtlebot3_ros
[21.757s] -- Set runtime path of "/home/yubinwang/turtlebot3_ws/install/turtlebot3_node/lib/turtlebot3_node/turtlebot3_ros" to ""
[21.757s] -- Installing: /home/yubinwang/turtlebot3_ws/install/turtlebot3_node/share/ament_index/resource_index/package_run_dependencies/turtlebot3_node
[21.757s] -- Installing: /home/yubinwang/turtlebot3_ws/install/turtlebot3_node/share/ament_index/resource_index/parent_prefix_path/turtlebot3_node
[21.757s] -- Up-to-date: /home/yubinwang/turtlebot3_ws/install/turtlebot3_node/share/turtlebot3_node/environment/ament_prefix_path.sh
[21.757s] -- Up-to-date: /home/yubinwang/turtlebot3_ws/install/turtlebot3_node/share/turtlebot3_node/environment/path.sh
[21.758s] -- Installing: /home/yubinwang/turtlebot3_ws/install/turtlebot3_node/share/turtlebot3_node/local_setup.bash
[21.758s] -- Installing: /home/yubinwang/turtlebot3_ws/install/turtlebot3_node/share/turtlebot3_node/local_setup.sh
[21.758s] -- Installing: /home/yubinwang/turtlebot3_ws/install/turtlebot3_node/share/turtlebot3_node/local_setup.zsh
[21.758s] -- Installing: /home/yubinwang/turtlebot3_ws/install/turtlebot3_node/share/ament_index/resource_index/packages/turtlebot3_node
[21.758s] -- Installing: /home/yubinwang/turtlebot3_ws/install/turtlebot3_node/share/turtlebot3_node/cmake/ament_cmake_export_include_directories-extras.cmake
[21.759s] -- Installing: /home/yubinwang/turtlebot3_ws/install/turtlebot3_node/share/turtlebot3_node/cmake/turtlebot3_nodeConfig.cmake
[21.759s] -- Installing: /home/yubinwang/turtlebot3_ws/install/turtlebot3_node/share/turtlebot3_node/cmake/turtlebot3_nodeConfig-version.cmake
[21.759s] -- Up-to-date: /home/yubinwang/turtlebot3_ws/install/turtlebot3_node/share/turtlebot3_node/package.xml
[21.765s] Invoked command in '/home/yubinwang/turtlebot3_ws/build/turtlebot3_node' returned '0': CMAKE_PREFIX_PATH=/home/yubinwang/turtlebot3_ws/install/turtlebot3_msgs:/home/yubinwang/turtlebot3_ws/install/dynamixel_sdk:/home/yubinwang/turtlebot3_ws/install/turtlebot3:/home/yubinwang/turtlebot3_ws/install/turtlebot3_bringup:/home/yubinwang/turtlebot3_ws/install/turtlebot3_node:/home/yubinwang/turtlebot3_ws/install/turtlebot3_navigation2:/home/yubinwang/turtlebot3_ws/install/turtlebot3_description:/home/yubinwang/turtlebot3_ws/install/turtlebot3_cartographer:/home/yubinwang/turtlebot3_ws/install/dynamixel_sdk_examples:/home/yubinwang/turtlebot3_ws/install/dynamixel_sdk_custom_interfaces:/home/yubinwang/turtlebot3_ws/install/turtlebot3_teleop:/home/yubinwang/turtlebot3_ws/install/turtlebot3_example:/opt/ros/dashing LD_LIBRARY_PATH=/home/yubinwang/turtlebot3_ws/install/turtlebot3_msgs/lib:/home/yubinwang/turtlebot3_ws/install/dynamixel_sdk/lib:/home/yubinwang/turtlebot3_ws/install/dynamixel_sdk_custom_interfaces/lib:/usr/lib/x86_64-linux-gnu/gazebo-9/plugins:/opt/ros/dashing/opt/yaml_cpp_vendor/lib:/opt/ros/dashing/opt/rviz_ogre_vendor/lib:/opt/ros/dashing/lib PYTHONPATH=/home/yubinwang/turtlebot3_ws/install/turtlebot3_msgs/lib/python3.6/site-packages:/home/yubinwang/turtlebot3_ws/install/turtlebot3_teleop/lib/python3.6/site-packages:/home/yubinwang/turtlebot3_ws/install/turtlebot3_example/lib/python3.6/site-packages:/home/yubinwang/turtlebot3_ws/install/dynamixel_sdk_custom_interfaces/lib/python3.6/site-packages:/opt/ros/dashing/lib/python3.6/site-packages /usr/bin/cmake --build /home/yubinwang/turtlebot3_ws/build/turtlebot3_node --target install -- -j8 -l8
