[0.059s] Invoking command in '/home/yubinwang/turtlebot3_ws/build/turtlebot3_msgs': CMAKE_PREFIX_PATH=${CMAKE_PREFIX_PATH}:/home/yubinwang/turtlebot3_ws/install/turtlebot3_teleop:/home/yubinwang/turtlebot3_ws/install/turtlebot3_example:/opt/ros/dashing /usr/bin/cmake --build /home/yubinwang/turtlebot3_ws/build/turtlebot3_msgs -- -j8 -l8
[0.517s] [  1%] Built target turtlebot3_msgs__cpp
[0.518s] [ 13%] Built target turtlebot3_msgs__rosidl_generator_c
[0.519s] [ 24%] Built target turtlebot3_msgs__rosidl_typesupport_introspection_cpp
[0.519s] [ 36%] Built target turtlebot3_msgs__rosidl_typesupport_introspection_c
[0.519s] [ 47%] Built target turtlebot3_msgs__rosidl_typesupport_fastrtps_cpp
[0.519s] [ 59%] Built target turtlebot3_msgs__rosidl_typesupport_fastrtps_c
[0.519s] [ 71%] Built target turtlebot3_msgs__rosidl_typesupport_cpp
[0.520s] [ 82%] Built target turtlebot3_msgs__rosidl_typesupport_c
[0.520s] [ 82%] Built target turtlebot3_msgs
[0.521s] [ 84%] Built target turtlebot3_msgs__py
[0.522s] [ 94%] Built target turtlebot3_msgs__python
[0.524s] [ 97%] Built target turtlebot3_msgs__rosidl_typesupport_fastrtps_c__pyext
[0.524s] [100%] Built target turtlebot3_msgs__rosidl_typesupport_c__pyext
[0.537s] Invoked command in '/home/yubinwang/turtlebot3_ws/build/turtlebot3_msgs' returned '0': CMAKE_PREFIX_PATH=${CMAKE_PREFIX_PATH}:/home/yubinwang/turtlebot3_ws/install/turtlebot3_teleop:/home/yubinwang/turtlebot3_ws/install/turtlebot3_example:/opt/ros/dashing /usr/bin/cmake --build /home/yubinwang/turtlebot3_ws/build/turtlebot3_msgs -- -j8 -l8
[0.828s] Invoking command in '/home/yubinwang/turtlebot3_ws/build/turtlebot3_msgs': CMAKE_PREFIX_PATH=${CMAKE_PREFIX_PATH}:/home/yubinwang/turtlebot3_ws/install/turtlebot3_teleop:/home/yubinwang/turtlebot3_ws/install/turtlebot3_example:/opt/ros/dashing /usr/bin/cmake --build /home/yubinwang/turtlebot3_ws/build/turtlebot3_msgs --target install -- -j8 -l8
[0.910s] [ 11%] Built target turtlebot3_msgs__rosidl_generator_c
[0.910s] [ 13%] Built target turtlebot3_msgs__cpp
[0.949s] [ 24%] Built target turtlebot3_msgs__rosidl_typesupport_introspection_c
[0.950s] [ 36%] Built target turtlebot3_msgs__rosidl_typesupport_introspection_cpp
[0.959s] [ 47%] Built target turtlebot3_msgs__rosidl_typesupport_fastrtps_cpp
[1.002s] [ 59%] Built target turtlebot3_msgs__rosidl_typesupport_cpp
[1.006s] [ 71%] Built target turtlebot3_msgs__rosidl_typesupport_fastrtps_c
[1.046s] [ 82%] Built target turtlebot3_msgs__rosidl_typesupport_c
[1.073s] [ 82%] Built target turtlebot3_msgs
[1.102s] [ 84%] Built target turtlebot3_msgs__py
[1.143s] [ 94%] Built target turtlebot3_msgs__python
[1.180s] [ 97%] Built target turtlebot3_msgs__rosidl_typesupport_fastrtps_c__pyext
[1.185s] [100%] Built target turtlebot3_msgs__rosidl_typesupport_c__pyext
[1.210s] [36mInstall the project...[0m
[1.223s] -- Install configuration: ""
[1.223s] -- Up-to-date: /home/yubinwang/turtlebot3_ws/install/turtlebot3_msgs/share/ament_index/resource_index/rosidl_interfaces/turtlebot3_msgs
[1.223s] -- Up-to-date: /home/yubinwang/turtlebot3_ws/install/turtlebot3_msgs/include/turtlebot3_msgs
[1.224s] -- Up-to-date: /home/yubinwang/turtlebot3_ws/install/turtlebot3_msgs/include/turtlebot3_msgs/msg
[1.224s] -- Up-to-date: /home/yubinwang/turtlebot3_ws/install/turtlebot3_msgs/include/turtlebot3_msgs/msg/sound__traits.hpp
[1.224s] -- Up-to-date: /home/yubinwang/turtlebot3_ws/install/turtlebot3_msgs/include/turtlebot3_msgs/msg/sensor_state__struct.hpp
[1.224s] -- Up-to-date: /home/yubinwang/turtlebot3_ws/install/turtlebot3_msgs/include/turtlebot3_msgs/msg/sensor_state.hpp
[1.224s] -- Up-to-date: /home/yubinwang/turtlebot3_ws/install/turtlebot3_msgs/include/turtlebot3_msgs/msg/version_info__traits.hpp
[1.224s] -- Up-to-date: /home/yubinwang/turtlebot3_ws/install/turtlebot3_msgs/include/turtlebot3_msgs/msg/version_info.hpp
[1.224s] -- Up-to-date: /home/yubinwang/turtlebot3_ws/install/turtlebot3_msgs/include/turtlebot3_msgs/msg/sensor_state__traits.hpp
[1.225s] -- Up-to-date: /home/yubinwang/turtlebot3_ws/install/turtlebot3_msgs/include/turtlebot3_msgs/msg/sound__struct.hpp
[1.225s] -- Up-to-date: /home/yubinwang/turtlebot3_ws/install/turtlebot3_msgs/include/turtlebot3_msgs/msg/sound.hpp
[1.225s] -- Up-to-date: /home/yubinwang/turtlebot3_ws/install/turtlebot3_msgs/include/turtlebot3_msgs/msg/version_info__struct.hpp
[1.225s] -- Up-to-date: /home/yubinwang/turtlebot3_ws/install/turtlebot3_msgs/include/turtlebot3_msgs/srv
[1.225s] -- Up-to-date: /home/yubinwang/turtlebot3_ws/install/turtlebot3_msgs/include/turtlebot3_msgs/srv/sound__traits.hpp
[1.225s] -- Up-to-date: /home/yubinwang/turtlebot3_ws/install/turtlebot3_msgs/include/turtlebot3_msgs/srv/dqn__struct.hpp
[1.226s] -- Up-to-date: /home/yubinwang/turtlebot3_ws/install/turtlebot3_msgs/include/turtlebot3_msgs/srv/dqn__traits.hpp
[1.226s] -- Up-to-date: /home/yubinwang/turtlebot3_ws/install/turtlebot3_msgs/include/turtlebot3_msgs/srv/dqn.hpp
[1.226s] -- Up-to-date: /home/yubinwang/turtlebot3_ws/install/turtlebot3_msgs/include/turtlebot3_msgs/srv/sound__struct.hpp
[1.226s] -- Up-to-date: /home/yubinwang/turtlebot3_ws/install/turtlebot3_msgs/include/turtlebot3_msgs/srv/sound.hpp
[1.226s] -- Up-to-date: /home/yubinwang/turtlebot3_ws/install/turtlebot3_msgs/include/turtlebot3_msgs/action
[1.226s] -- Up-to-date: /home/yubinwang/turtlebot3_ws/install/turtlebot3_msgs/include/turtlebot3_msgs/action/patrol__struct.hpp
[1.226s] -- Up-to-date: /home/yubinwang/turtlebot3_ws/install/turtlebot3_msgs/include/turtlebot3_msgs/action/patrol.hpp
[1.227s] -- Up-to-date: /home/yubinwang/turtlebot3_ws/install/turtlebot3_msgs/include/turtlebot3_msgs/action/patrol__traits.hpp
[1.227s] -- Up-to-date: /home/yubinwang/turtlebot3_ws/install/turtlebot3_msgs/include/turtlebot3_msgs
[1.227s] -- Up-to-date: /home/yubinwang/turtlebot3_ws/install/turtlebot3_msgs/include/turtlebot3_msgs/msg
[1.227s] -- Up-to-date: /home/yubinwang/turtlebot3_ws/install/turtlebot3_msgs/include/turtlebot3_msgs/msg/sensor_state__type_support.h
[1.227s] -- Up-to-date: /home/yubinwang/turtlebot3_ws/install/turtlebot3_msgs/include/turtlebot3_msgs/msg/version_info.h
[1.227s] -- Up-to-date: /home/yubinwang/turtlebot3_ws/install/turtlebot3_msgs/include/turtlebot3_msgs/msg/sensor_state__functions.c
[1.227s] -- Up-to-date: /home/yubinwang/turtlebot3_ws/install/turtlebot3_msgs/include/turtlebot3_msgs/msg/sensor_state__functions.h
[1.228s] -- Up-to-date: /home/yubinwang/turtlebot3_ws/install/turtlebot3_msgs/include/turtlebot3_msgs/msg/sensor_state__struct.h
[1.228s] -- Up-to-date: /home/yubinwang/turtlebot3_ws/install/turtlebot3_msgs/include/turtlebot3_msgs/msg/sound__type_support.h
[1.228s] -- Up-to-date: /home/yubinwang/turtlebot3_ws/install/turtlebot3_msgs/include/turtlebot3_msgs/msg/sensor_state.h
[1.229s] -- Up-to-date: /home/yubinwang/turtlebot3_ws/install/turtlebot3_msgs/include/turtlebot3_msgs/msg/sound__functions.c
[1.230s] -- Up-to-date: /home/yubinwang/turtlebot3_ws/install/turtlebot3_msgs/include/turtlebot3_msgs/msg/sound__functions.h
[1.230s] -- Up-to-date: /home/yubinwang/turtlebot3_ws/install/turtlebot3_msgs/include/turtlebot3_msgs/msg/sound.h
[1.230s] -- Up-to-date: /home/yubinwang/turtlebot3_ws/install/turtlebot3_msgs/include/turtlebot3_msgs/msg/version_info__type_support.h
[1.230s] -- Up-to-date: /home/yubinwang/turtlebot3_ws/install/turtlebot3_msgs/include/turtlebot3_msgs/msg/sound__struct.h
[1.231s] -- Up-to-date: /home/yubinwang/turtlebot3_ws/install/turtlebot3_msgs/include/turtlebot3_msgs/msg/version_info__struct.h
[1.231s] -- Up-to-date: /home/yubinwang/turtlebot3_ws/install/turtlebot3_msgs/include/turtlebot3_msgs/msg/rosidl_generator_c__visibility_control.h
[1.232s] -- Up-to-date: /home/yubinwang/turtlebot3_ws/install/turtlebot3_msgs/include/turtlebot3_msgs/msg/version_info__functions.c
[1.232s] -- Up-to-date: /home/yubinwang/turtlebot3_ws/install/turtlebot3_msgs/include/turtlebot3_msgs/msg/version_info__functions.h
[1.232s] -- Up-to-date: /home/yubinwang/turtlebot3_ws/install/turtlebot3_msgs/include/turtlebot3_msgs/srv
[1.232s] -- Up-to-date: /home/yubinwang/turtlebot3_ws/install/turtlebot3_msgs/include/turtlebot3_msgs/srv/dqn__functions.c
[1.234s] -- Up-to-date: /home/yubinwang/turtlebot3_ws/install/turtlebot3_msgs/include/turtlebot3_msgs/srv/dqn.h
[1.234s] -- Up-to-date: /home/yubinwang/turtlebot3_ws/install/turtlebot3_msgs/include/turtlebot3_msgs/srv/dqn__type_support.h
[1.235s] -- Up-to-date: /home/yubinwang/turtlebot3_ws/install/turtlebot3_msgs/include/turtlebot3_msgs/srv/sound__type_support.h
[1.236s] -- Up-to-date: /home/yubinwang/turtlebot3_ws/install/turtlebot3_msgs/include/turtlebot3_msgs/srv/sound__functions.c
[1.236s] -- Up-to-date: /home/yubinwang/turtlebot3_ws/install/turtlebot3_msgs/include/turtlebot3_msgs/srv/dqn__struct.h
[1.236s] -- Up-to-date: /home/yubinwang/turtlebot3_ws/install/turtlebot3_msgs/include/turtlebot3_msgs/srv/sound__functions.h
[1.236s] -- Up-to-date: /home/yubinwang/turtlebot3_ws/install/turtlebot3_msgs/include/turtlebot3_msgs/srv/sound.h
[1.236s] -- Up-to-date: /home/yubinwang/turtlebot3_ws/install/turtlebot3_msgs/include/turtlebot3_msgs/srv/sound__struct.h
[1.237s] -- Up-to-date: /home/yubinwang/turtlebot3_ws/install/turtlebot3_msgs/include/turtlebot3_msgs/srv/dqn__functions.h
[1.237s] -- Up-to-date: /home/yubinwang/turtlebot3_ws/install/turtlebot3_msgs/include/turtlebot3_msgs/action
[1.237s] -- Up-to-date: /home/yubinwang/turtlebot3_ws/install/turtlebot3_msgs/include/turtlebot3_msgs/action/patrol__type_support.h
[1.237s] -- Up-to-date: /home/yubinwang/turtlebot3_ws/install/turtlebot3_msgs/include/turtlebot3_msgs/action/patrol__functions.h
[1.237s] -- Up-to-date: /home/yubinwang/turtlebot3_ws/install/turtlebot3_msgs/include/turtlebot3_msgs/action/patrol__functions.c
[1.237s] -- Up-to-date: /home/yubinwang/turtlebot3_ws/install/turtlebot3_msgs/include/turtlebot3_msgs/action/patrol__struct.h
[1.237s] -- Up-to-date: /home/yubinwang/turtlebot3_ws/install/turtlebot3_msgs/include/turtlebot3_msgs/action/patrol.h
[1.237s] -- Up-to-date: /home/yubinwang/turtlebot3_ws/install/turtlebot3_msgs/share/turtlebot3_msgs/environment/library_path.sh
[1.237s] -- Up-to-date: /home/yubinwang/turtlebot3_ws/install/turtlebot3_msgs/lib/libturtlebot3_msgs__rosidl_generator_c.so
[1.237s] -- Up-to-date: /home/yubinwang/turtlebot3_ws/install/turtlebot3_msgs/lib/libturtlebot3_msgs__rosidl_typesupport_c.so
[1.238s] -- Up-to-date: /home/yubinwang/turtlebot3_ws/install/turtlebot3_msgs/lib/libturtlebot3_msgs__rosidl_typesupport_cpp.so
[1.238s] -- Up-to-date: /home/yubinwang/turtlebot3_ws/install/turtlebot3_msgs/include/turtlebot3_msgs
[1.238s] -- Up-to-date: /home/yubinwang/turtlebot3_ws/install/turtlebot3_msgs/include/turtlebot3_msgs/msg
[1.238s] -- Up-to-date: /home/yubinwang/turtlebot3_ws/install/turtlebot3_msgs/include/turtlebot3_msgs/msg/version_info__type_support.c
[1.238s] -- Up-to-date: /home/yubinwang/turtlebot3_ws/install/turtlebot3_msgs/include/turtlebot3_msgs/msg/sensor_state__type_support.c
[1.238s] -- Up-to-date: /home/yubinwang/turtlebot3_ws/install/turtlebot3_msgs/include/turtlebot3_msgs/msg/sound__type_support.c
[1.238s] -- Up-to-date: /home/yubinwang/turtlebot3_ws/install/turtlebot3_msgs/include/turtlebot3_msgs/msg/version_info__rosidl_typesupport_introspection_c.h
[1.238s] -- Up-to-date: /home/yubinwang/turtlebot3_ws/install/turtlebot3_msgs/include/turtlebot3_msgs/msg/rosidl_typesupport_introspection_c__visibility_control.h
[1.238s] -- Up-to-date: /home/yubinwang/turtlebot3_ws/install/turtlebot3_msgs/include/turtlebot3_msgs/msg/sound__rosidl_typesupport_introspection_c.h
[1.238s] -- Up-to-date: /home/yubinwang/turtlebot3_ws/install/turtlebot3_msgs/include/turtlebot3_msgs/msg/sensor_state__rosidl_typesupport_introspection_c.h
[1.239s] -- Up-to-date: /home/yubinwang/turtlebot3_ws/install/turtlebot3_msgs/include/turtlebot3_msgs/srv
[1.239s] -- Up-to-date: /home/yubinwang/turtlebot3_ws/install/turtlebot3_msgs/include/turtlebot3_msgs/srv/sound__type_support.c
[1.239s] -- Up-to-date: /home/yubinwang/turtlebot3_ws/install/turtlebot3_msgs/include/turtlebot3_msgs/srv/dqn__type_support.c
[1.239s] -- Up-to-date: /home/yubinwang/turtlebot3_ws/install/turtlebot3_msgs/include/turtlebot3_msgs/srv/dqn__rosidl_typesupport_introspection_c.h
[1.239s] -- Up-to-date: /home/yubinwang/turtlebot3_ws/install/turtlebot3_msgs/include/turtlebot3_msgs/srv/sound__rosidl_typesupport_introspection_c.h
[1.239s] -- Up-to-date: /home/yubinwang/turtlebot3_ws/install/turtlebot3_msgs/include/turtlebot3_msgs/action
[1.239s] -- Up-to-date: /home/yubinwang/turtlebot3_ws/install/turtlebot3_msgs/include/turtlebot3_msgs/action/patrol__rosidl_typesupport_introspection_c.h
[1.239s] -- Up-to-date: /home/yubinwang/turtlebot3_ws/install/turtlebot3_msgs/include/turtlebot3_msgs/action/patrol__type_support.c
[1.239s] -- Up-to-date: /home/yubinwang/turtlebot3_ws/install/turtlebot3_msgs/lib/libturtlebot3_msgs__rosidl_typesupport_introspection_c.so
[1.240s] -- Up-to-date: /home/yubinwang/turtlebot3_ws/install/turtlebot3_msgs/include/turtlebot3_msgs
[1.240s] -- Up-to-date: /home/yubinwang/turtlebot3_ws/install/turtlebot3_msgs/include/turtlebot3_msgs/msg
[1.240s] -- Up-to-date: /home/yubinwang/turtlebot3_ws/install/turtlebot3_msgs/include/turtlebot3_msgs/msg/sound__rosidl_typesupport_introspection_cpp.hpp
[1.240s] -- Up-to-date: /home/yubinwang/turtlebot3_ws/install/turtlebot3_msgs/include/turtlebot3_msgs/msg/sound__type_support.cpp
[1.240s] -- Up-to-date: /home/yubinwang/turtlebot3_ws/install/turtlebot3_msgs/include/turtlebot3_msgs/msg/version_info__type_support.cpp
[1.240s] -- Up-to-date: /home/yubinwang/turtlebot3_ws/install/turtlebot3_msgs/include/turtlebot3_msgs/msg/sensor_state__rosidl_typesupport_introspection_cpp.hpp
[1.240s] -- Up-to-date: /home/yubinwang/turtlebot3_ws/install/turtlebot3_msgs/include/turtlebot3_msgs/msg/sensor_state__type_support.cpp
[1.240s] -- Up-to-date: /home/yubinwang/turtlebot3_ws/install/turtlebot3_msgs/include/turtlebot3_msgs/msg/version_info__rosidl_typesupport_introspection_cpp.hpp
[1.240s] -- Up-to-date: /home/yubinwang/turtlebot3_ws/install/turtlebot3_msgs/include/turtlebot3_msgs/srv
[1.240s] -- Up-to-date: /home/yubinwang/turtlebot3_ws/install/turtlebot3_msgs/include/turtlebot3_msgs/srv/sound__rosidl_typesupport_introspection_cpp.hpp
[1.240s] -- Up-to-date: /home/yubinwang/turtlebot3_ws/install/turtlebot3_msgs/include/turtlebot3_msgs/srv/sound__type_support.cpp
[1.240s] -- Up-to-date: /home/yubinwang/turtlebot3_ws/install/turtlebot3_msgs/include/turtlebot3_msgs/srv/dqn__rosidl_typesupport_introspection_cpp.hpp
[1.240s] -- Up-to-date: /home/yubinwang/turtlebot3_ws/install/turtlebot3_msgs/include/turtlebot3_msgs/srv/dqn__type_support.cpp
[1.241s] -- Up-to-date: /home/yubinwang/turtlebot3_ws/install/turtlebot3_msgs/include/turtlebot3_msgs/action
[1.241s] -- Up-to-date: /home/yubinwang/turtlebot3_ws/install/turtlebot3_msgs/include/turtlebot3_msgs/action/patrol__type_support.cpp
[1.241s] -- Up-to-date: /home/yubinwang/turtlebot3_ws/install/turtlebot3_msgs/include/turtlebot3_msgs/action/patrol__rosidl_typesupport_introspection_cpp.hpp
[1.241s] -- Up-to-date: /home/yubinwang/turtlebot3_ws/install/turtlebot3_msgs/lib/libturtlebot3_msgs__rosidl_typesupport_introspection_cpp.so
[1.241s] -- Up-to-date: /home/yubinwang/turtlebot3_ws/install/turtlebot3_msgs/include/turtlebot3_msgs
[1.241s] -- Up-to-date: /home/yubinwang/turtlebot3_ws/install/turtlebot3_msgs/include/turtlebot3_msgs/msg
[1.241s] -- Up-to-date: /home/yubinwang/turtlebot3_ws/install/turtlebot3_msgs/include/turtlebot3_msgs/msg/sound__rosidl_typesupport_fastrtps_c.h
[1.241s] -- Up-to-date: /home/yubinwang/turtlebot3_ws/install/turtlebot3_msgs/include/turtlebot3_msgs/msg/version_info__rosidl_typesupport_fastrtps_c.h
[1.241s] -- Up-to-date: /home/yubinwang/turtlebot3_ws/install/turtlebot3_msgs/include/turtlebot3_msgs/msg/sensor_state__rosidl_typesupport_fastrtps_c.h
[1.241s] -- Up-to-date: /home/yubinwang/turtlebot3_ws/install/turtlebot3_msgs/include/turtlebot3_msgs/msg/rosidl_typesupport_fastrtps_c__visibility_control.h
[1.241s] -- Up-to-date: /home/yubinwang/turtlebot3_ws/install/turtlebot3_msgs/include/turtlebot3_msgs/srv
[1.242s] -- Up-to-date: /home/yubinwang/turtlebot3_ws/install/turtlebot3_msgs/include/turtlebot3_msgs/srv/dqn__rosidl_typesupport_fastrtps_c.h
[1.242s] -- Up-to-date: /home/yubinwang/turtlebot3_ws/install/turtlebot3_msgs/include/turtlebot3_msgs/srv/sound__rosidl_typesupport_fastrtps_c.h
[1.242s] -- Up-to-date: /home/yubinwang/turtlebot3_ws/install/turtlebot3_msgs/include/turtlebot3_msgs/action
[1.242s] -- Up-to-date: /home/yubinwang/turtlebot3_ws/install/turtlebot3_msgs/include/turtlebot3_msgs/action/patrol__rosidl_typesupport_fastrtps_c.h
[1.242s] -- Up-to-date: /home/yubinwang/turtlebot3_ws/install/turtlebot3_msgs/lib/libturtlebot3_msgs__rosidl_typesupport_fastrtps_c.so
[1.242s] -- Up-to-date: /home/yubinwang/turtlebot3_ws/install/turtlebot3_msgs/include/turtlebot3_msgs
[1.242s] -- Up-to-date: /home/yubinwang/turtlebot3_ws/install/turtlebot3_msgs/include/turtlebot3_msgs/msg
[1.242s] -- Up-to-date: /home/yubinwang/turtlebot3_ws/install/turtlebot3_msgs/include/turtlebot3_msgs/msg/dds_fastrtps
[1.242s] -- Up-to-date: /home/yubinwang/turtlebot3_ws/install/turtlebot3_msgs/include/turtlebot3_msgs/msg/rosidl_typesupport_fastrtps_cpp__visibility_control.h
[1.242s] -- Up-to-date: /home/yubinwang/turtlebot3_ws/install/turtlebot3_msgs/include/turtlebot3_msgs/msg/sound__rosidl_typesupport_fastrtps_cpp.hpp
[1.242s] -- Up-to-date: /home/yubinwang/turtlebot3_ws/install/turtlebot3_msgs/include/turtlebot3_msgs/msg/sensor_state__rosidl_typesupport_fastrtps_cpp.hpp
[1.242s] -- Up-to-date: /home/yubinwang/turtlebot3_ws/install/turtlebot3_msgs/include/turtlebot3_msgs/msg/version_info__rosidl_typesupport_fastrtps_cpp.hpp
[1.243s] -- Up-to-date: /home/yubinwang/turtlebot3_ws/install/turtlebot3_msgs/include/turtlebot3_msgs/srv
[1.243s] -- Up-to-date: /home/yubinwang/turtlebot3_ws/install/turtlebot3_msgs/include/turtlebot3_msgs/srv/dds_fastrtps
[1.243s] -- Up-to-date: /home/yubinwang/turtlebot3_ws/install/turtlebot3_msgs/include/turtlebot3_msgs/srv/dqn__rosidl_typesupport_fastrtps_cpp.hpp
[1.243s] -- Up-to-date: /home/yubinwang/turtlebot3_ws/install/turtlebot3_msgs/include/turtlebot3_msgs/srv/sound__rosidl_typesupport_fastrtps_cpp.hpp
[1.243s] -- Up-to-date: /home/yubinwang/turtlebot3_ws/install/turtlebot3_msgs/include/turtlebot3_msgs/action
[1.243s] -- Up-to-date: /home/yubinwang/turtlebot3_ws/install/turtlebot3_msgs/include/turtlebot3_msgs/action/patrol__rosidl_typesupport_fastrtps_cpp.hpp
[1.243s] -- Up-to-date: /home/yubinwang/turtlebot3_ws/install/turtlebot3_msgs/include/turtlebot3_msgs/action/dds_fastrtps
[1.243s] -- Up-to-date: /home/yubinwang/turtlebot3_ws/install/turtlebot3_msgs/lib/libturtlebot3_msgs__rosidl_typesupport_fastrtps_cpp.so
[1.243s] -- Up-to-date: /home/yubinwang/turtlebot3_ws/install/turtlebot3_msgs/share/turtlebot3_msgs/environment/pythonpath.sh
[1.243s] -- Up-to-date: /home/yubinwang/turtlebot3_ws/install/turtlebot3_msgs/lib/python3.6/site-packages/turtlebot3_msgs/__init__.py
[1.275s] -- Up-to-date: /home/yubinwang/turtlebot3_ws/install/turtlebot3_msgs/lib/python3.6/site-packages/turtlebot3_msgs/msg
[1.276s] -- Up-to-date: /home/yubinwang/turtlebot3_ws/install/turtlebot3_msgs/lib/python3.6/site-packages/turtlebot3_msgs/msg/_version_info_s.c
[1.276s] -- Up-to-date: /home/yubinwang/turtlebot3_ws/install/turtlebot3_msgs/lib/python3.6/site-packages/turtlebot3_msgs/msg/_version_info.py
[1.276s] -- Up-to-date: /home/yubinwang/turtlebot3_ws/install/turtlebot3_msgs/lib/python3.6/site-packages/turtlebot3_msgs/msg/_sensor_state.py
[1.276s] -- Up-to-date: /home/yubinwang/turtlebot3_ws/install/turtlebot3_msgs/lib/python3.6/site-packages/turtlebot3_msgs/msg/_sound.py
[1.276s] -- Up-to-date: /home/yubinwang/turtlebot3_ws/install/turtlebot3_msgs/lib/python3.6/site-packages/turtlebot3_msgs/msg/_sound_s.c
[1.276s] -- Up-to-date: /home/yubinwang/turtlebot3_ws/install/turtlebot3_msgs/lib/python3.6/site-packages/turtlebot3_msgs/msg/__init__.py
[1.276s] -- Up-to-date: /home/yubinwang/turtlebot3_ws/install/turtlebot3_msgs/lib/python3.6/site-packages/turtlebot3_msgs/msg/_sensor_state_s.c
[1.276s] -- Up-to-date: /home/yubinwang/turtlebot3_ws/install/turtlebot3_msgs/lib/python3.6/site-packages/turtlebot3_msgs/srv
[1.276s] -- Up-to-date: /home/yubinwang/turtlebot3_ws/install/turtlebot3_msgs/lib/python3.6/site-packages/turtlebot3_msgs/srv/_dqn.py
[1.276s] -- Up-to-date: /home/yubinwang/turtlebot3_ws/install/turtlebot3_msgs/lib/python3.6/site-packages/turtlebot3_msgs/srv/_dqn_s.c
[1.277s] -- Up-to-date: /home/yubinwang/turtlebot3_ws/install/turtlebot3_msgs/lib/python3.6/site-packages/turtlebot3_msgs/srv/_sound.py
[1.277s] -- Up-to-date: /home/yubinwang/turtlebot3_ws/install/turtlebot3_msgs/lib/python3.6/site-packages/turtlebot3_msgs/srv/_sound_s.c
[1.277s] -- Up-to-date: /home/yubinwang/turtlebot3_ws/install/turtlebot3_msgs/lib/python3.6/site-packages/turtlebot3_msgs/srv/__init__.py
[1.277s] -- Up-to-date: /home/yubinwang/turtlebot3_ws/install/turtlebot3_msgs/lib/python3.6/site-packages/turtlebot3_msgs/action
[1.277s] -- Up-to-date: /home/yubinwang/turtlebot3_ws/install/turtlebot3_msgs/lib/python3.6/site-packages/turtlebot3_msgs/action/_patrol_s.c
[1.277s] -- Up-to-date: /home/yubinwang/turtlebot3_ws/install/turtlebot3_msgs/lib/python3.6/site-packages/turtlebot3_msgs/action/_patrol.py
[1.277s] -- Up-to-date: /home/yubinwang/turtlebot3_ws/install/turtlebot3_msgs/lib/python3.6/site-packages/turtlebot3_msgs/action/__init__.py
[1.277s] -- Up-to-date: /home/yubinwang/turtlebot3_ws/install/turtlebot3_msgs/lib/python3.6/site-packages/turtlebot3_msgs/turtlebot3_msgs_s__rosidl_typesupport_c.cpython-36m-x86_64-linux-gnu.so
[1.277s] -- Up-to-date: /home/yubinwang/turtlebot3_ws/install/turtlebot3_msgs/lib/python3.6/site-packages/turtlebot3_msgs/turtlebot3_msgs_s__rosidl_typesupport_fastrtps_c.cpython-36m-x86_64-linux-gnu.so
[1.278s] -- Up-to-date: /home/yubinwang/turtlebot3_ws/install/turtlebot3_msgs/lib/libturtlebot3_msgs__python.so
[1.278s] -- Up-to-date: /home/yubinwang/turtlebot3_ws/install/turtlebot3_msgs/share/turtlebot3_msgs/msg/SensorState.idl
[1.278s] -- Up-to-date: /home/yubinwang/turtlebot3_ws/install/turtlebot3_msgs/share/turtlebot3_msgs/msg/Sound.idl
[1.278s] -- Up-to-date: /home/yubinwang/turtlebot3_ws/install/turtlebot3_msgs/share/turtlebot3_msgs/msg/VersionInfo.idl
[1.278s] -- Up-to-date: /home/yubinwang/turtlebot3_ws/install/turtlebot3_msgs/share/turtlebot3_msgs/srv/Sound.idl
[1.279s] -- Up-to-date: /home/yubinwang/turtlebot3_ws/install/turtlebot3_msgs/share/turtlebot3_msgs/srv/Dqn.idl
[1.279s] -- Up-to-date: /home/yubinwang/turtlebot3_ws/install/turtlebot3_msgs/share/turtlebot3_msgs/action/Patrol.idl
[1.279s] -- Up-to-date: /home/yubinwang/turtlebot3_ws/install/turtlebot3_msgs/share/turtlebot3_msgs/msg/SensorState.msg
[1.279s] -- Up-to-date: /home/yubinwang/turtlebot3_ws/install/turtlebot3_msgs/share/turtlebot3_msgs/msg/Sound.msg
[1.279s] -- Up-to-date: /home/yubinwang/turtlebot3_ws/install/turtlebot3_msgs/share/turtlebot3_msgs/msg/VersionInfo.msg
[1.279s] -- Up-to-date: /home/yubinwang/turtlebot3_ws/install/turtlebot3_msgs/share/turtlebot3_msgs/srv/Sound.srv
[1.279s] -- Up-to-date: /home/yubinwang/turtlebot3_ws/install/turtlebot3_msgs/share/turtlebot3_msgs/srv/Sound_Request.msg
[1.279s] -- Up-to-date: /home/yubinwang/turtlebot3_ws/install/turtlebot3_msgs/share/turtlebot3_msgs/srv/Sound_Response.msg
[1.280s] -- Up-to-date: /home/yubinwang/turtlebot3_ws/install/turtlebot3_msgs/share/turtlebot3_msgs/srv/Dqn.srv
[1.280s] -- Up-to-date: /home/yubinwang/turtlebot3_ws/install/turtlebot3_msgs/share/turtlebot3_msgs/srv/Dqn_Request.msg
[1.280s] -- Up-to-date: /home/yubinwang/turtlebot3_ws/install/turtlebot3_msgs/share/turtlebot3_msgs/srv/Dqn_Response.msg
[1.280s] -- Up-to-date: /home/yubinwang/turtlebot3_ws/install/turtlebot3_msgs/share/turtlebot3_msgs/action/Patrol.action
[1.280s] -- Up-to-date: /home/yubinwang/turtlebot3_ws/install/turtlebot3_msgs/share/ament_index/resource_index/package_run_dependencies/turtlebot3_msgs
[1.280s] -- Up-to-date: /home/yubinwang/turtlebot3_ws/install/turtlebot3_msgs/share/ament_index/resource_index/parent_prefix_path/turtlebot3_msgs
[1.280s] -- Up-to-date: /home/yubinwang/turtlebot3_ws/install/turtlebot3_msgs/share/turtlebot3_msgs/environment/ament_prefix_path.sh
[1.280s] -- Up-to-date: /home/yubinwang/turtlebot3_ws/install/turtlebot3_msgs/share/turtlebot3_msgs/environment/path.sh
[1.280s] -- Up-to-date: /home/yubinwang/turtlebot3_ws/install/turtlebot3_msgs/share/turtlebot3_msgs/local_setup.bash
[1.281s] -- Up-to-date: /home/yubinwang/turtlebot3_ws/install/turtlebot3_msgs/share/turtlebot3_msgs/local_setup.sh
[1.281s] -- Up-to-date: /home/yubinwang/turtlebot3_ws/install/turtlebot3_msgs/share/turtlebot3_msgs/local_setup.zsh
[1.281s] -- Up-to-date: /home/yubinwang/turtlebot3_ws/install/turtlebot3_msgs/share/ament_index/resource_index/packages/turtlebot3_msgs
[1.281s] -- Up-to-date: /home/yubinwang/turtlebot3_ws/install/turtlebot3_msgs/share/turtlebot3_msgs/cmake/rosidl_cmake-extras.cmake
[1.281s] -- Up-to-date: /home/yubinwang/turtlebot3_ws/install/turtlebot3_msgs/share/turtlebot3_msgs/cmake/ament_cmake_export_dependencies-extras.cmake
[1.281s] -- Up-to-date: /home/yubinwang/turtlebot3_ws/install/turtlebot3_msgs/share/turtlebot3_msgs/cmake/ament_cmake_export_include_directories-extras.cmake
[1.281s] -- Up-to-date: /home/yubinwang/turtlebot3_ws/install/turtlebot3_msgs/share/turtlebot3_msgs/cmake/ament_cmake_export_libraries-extras.cmake
[1.281s] -- Up-to-date: /home/yubinwang/turtlebot3_ws/install/turtlebot3_msgs/share/turtlebot3_msgs/cmake/turtlebot3_msgsConfig.cmake
[1.281s] -- Up-to-date: /home/yubinwang/turtlebot3_ws/install/turtlebot3_msgs/share/turtlebot3_msgs/cmake/turtlebot3_msgsConfig-version.cmake
[1.281s] -- Up-to-date: /home/yubinwang/turtlebot3_ws/install/turtlebot3_msgs/share/turtlebot3_msgs/package.xml
[1.283s] Invoked command in '/home/yubinwang/turtlebot3_ws/build/turtlebot3_msgs' returned '0': CMAKE_PREFIX_PATH=${CMAKE_PREFIX_PATH}:/home/yubinwang/turtlebot3_ws/install/turtlebot3_teleop:/home/yubinwang/turtlebot3_ws/install/turtlebot3_example:/opt/ros/dashing /usr/bin/cmake --build /home/yubinwang/turtlebot3_ws/build/turtlebot3_msgs --target install -- -j8 -l8
