[0.544s] Invoking command in '/home/yubinwang/turtlebot3_ws/src/turtlebot3/turtlebot3_example': AMENT_PREFIX_PATH=/home/yubinwang/turtlebot3_ws/install/turtlebot3_msgs:${AMENT_PREFIX_PATH} CMAKE_PREFIX_PATH=/home/yubinwang/turtlebot3_ws/install/turtlebot3_msgs:${CMAKE_PREFIX_PATH} LD_LIBRARY_PATH=/home/yubinwang/turtlebot3_ws/install/turtlebot3_msgs/lib:${LD_LIBRARY_PATH} PYTHONPATH=/home/yubinwang/turtlebot3_ws/install/turtlebot3_example/lib/python3.6/site-packages:/home/yubinwang/turtlebot3_ws/install/turtlebot3_msgs/lib/python3.6/site-packages:${PYTHONPATH} /usr/bin/python3 setup.py egg_info --egg-base ../../../build/turtlebot3_example build --build-base /home/yubinwang/turtlebot3_ws/build/turtlebot3_example/build install --prefix /home/yubinwang/turtlebot3_ws/install/turtlebot3_example --record /home/yubinwang/turtlebot3_ws/build/turtlebot3_example/install.log --single-version-externally-managed
[0.939s] /home/yubinwang/.local/lib/python3.6/site-packages/setuptools/dist.py:720: UserWarning: Usage of dash-separated 'script-dir' will not be supported in future versions. Please use the underscore name 'script_dir' instead
[0.940s]   % (opt, underscore_opt)
[0.940s] /home/yubinwang/.local/lib/python3.6/site-packages/setuptools/dist.py:720: UserWarning: Usage of dash-separated 'install-scripts' will not be supported in future versions. Please use the underscore name 'install_scripts' instead
[0.940s]   % (opt, underscore_opt)
[0.990s] running egg_info
[0.991s] writing ../../../build/turtlebot3_example/turtlebot3_example.egg-info/PKG-INFO
[0.992s] writing dependency_links to ../../../build/turtlebot3_example/turtlebot3_example.egg-info/dependency_links.txt
[0.992s] writing entry points to ../../../build/turtlebot3_example/turtlebot3_example.egg-info/entry_points.txt
[0.992s] writing requirements to ../../../build/turtlebot3_example/turtlebot3_example.egg-info/requires.txt
[0.992s] writing top-level names to ../../../build/turtlebot3_example/turtlebot3_example.egg-info/top_level.txt
[0.995s] reading manifest file '../../../build/turtlebot3_example/turtlebot3_example.egg-info/SOURCES.txt'
[0.997s] writing manifest file '../../../build/turtlebot3_example/turtlebot3_example.egg-info/SOURCES.txt'
[0.997s] running build
[0.997s] running build_py
[0.998s] copying turtlebot3_example/turtlebot3_position_control/turtlebot3_position_control.py -> /home/yubinwang/turtlebot3_ws/build/turtlebot3_example/build/lib/turtlebot3_example/turtlebot3_position_control
[0.999s] running install
[1.000s] running install_lib
[1.001s] copying /home/yubinwang/turtlebot3_ws/build/turtlebot3_example/build/lib/turtlebot3_example/turtlebot3_position_control/turtlebot3_position_control.py -> /home/yubinwang/turtlebot3_ws/install/turtlebot3_example/lib/python3.6/site-packages/turtlebot3_example/turtlebot3_position_control
[1.002s] byte-compiling /home/yubinwang/turtlebot3_ws/install/turtlebot3_example/lib/python3.6/site-packages/turtlebot3_example/turtlebot3_position_control/turtlebot3_position_control.py to turtlebot3_position_control.cpython-36.pyc
[1.011s] running install_data
[1.012s] running install_egg_info
[1.014s] removing '/home/yubinwang/turtlebot3_ws/install/turtlebot3_example/lib/python3.6/site-packages/turtlebot3_example-2.1.4-py3.6.egg-info' (and everything under it)
[1.014s] Copying ../../../build/turtlebot3_example/turtlebot3_example.egg-info to /home/yubinwang/turtlebot3_ws/install/turtlebot3_example/lib/python3.6/site-packages/turtlebot3_example-2.1.4-py3.6.egg-info
[1.015s] running install_scripts
[1.041s] Installing turtlebot3_obstacle_detection script to /home/yubinwang/turtlebot3_ws/install/turtlebot3_example/lib/turtlebot3_example
[1.041s] Installing turtlebot3_patrol_client script to /home/yubinwang/turtlebot3_ws/install/turtlebot3_example/lib/turtlebot3_example
[1.041s] Installing turtlebot3_patrol_server script to /home/yubinwang/turtlebot3_ws/install/turtlebot3_example/lib/turtlebot3_example
[1.042s] Installing turtlebot3_position_control script to /home/yubinwang/turtlebot3_ws/install/turtlebot3_example/lib/turtlebot3_example
[1.043s] writing list of installed files to '/home/yubinwang/turtlebot3_ws/build/turtlebot3_example/install.log'
[1.082s] Invoked command in '/home/yubinwang/turtlebot3_ws/src/turtlebot3/turtlebot3_example' returned '0': AMENT_PREFIX_PATH=/home/yubinwang/turtlebot3_ws/install/turtlebot3_msgs:${AMENT_PREFIX_PATH} CMAKE_PREFIX_PATH=/home/yubinwang/turtlebot3_ws/install/turtlebot3_msgs:${CMAKE_PREFIX_PATH} LD_LIBRARY_PATH=/home/yubinwang/turtlebot3_ws/install/turtlebot3_msgs/lib:${LD_LIBRARY_PATH} PYTHONPATH=/home/yubinwang/turtlebot3_ws/install/turtlebot3_example/lib/python3.6/site-packages:/home/yubinwang/turtlebot3_ws/install/turtlebot3_msgs/lib/python3.6/site-packages:${PYTHONPATH} /usr/bin/python3 setup.py egg_info --egg-base ../../../build/turtlebot3_example build --build-base /home/yubinwang/turtlebot3_ws/build/turtlebot3_example/build install --prefix /home/yubinwang/turtlebot3_ws/install/turtlebot3_example --record /home/yubinwang/turtlebot3_ws/build/turtlebot3_example/install.log --single-version-externally-managed
