Determining if the pthread_create exist failed with the following output:
Change Dir: /home/yubinwang/turtlebot3_ws/build/dynamixel_sdk_examples/CMakeFiles/CMakeTmp

Run Build Command:"/usr/bin/make" "cmTC_5d5e7/fast"
/usr/bin/make -f CMakeFiles/cmTC_5d5e7.dir/build.make CMakeFiles/cmTC_5d5e7.dir/build
make[1]: 进入目录“/home/yubinwang/turtlebot3_ws/build/dynamixel_sdk_examples/CMakeFiles/CMakeTmp”
Building C object CMakeFiles/cmTC_5d5e7.dir/CheckSymbolExists.c.o
/usr/bin/cc    -o CMakeFiles/cmTC_5d5e7.dir/CheckSymbolExists.c.o   -c /home/yubinwang/turtlebot3_ws/build/dynamixel_sdk_examples/CMakeFiles/CMakeTmp/CheckSymbolExists.c
Linking C executable cmTC_5d5e7
/usr/bin/cmake -E cmake_link_script CMakeFiles/cmTC_5d5e7.dir/link.txt --verbose=1
/usr/bin/cc      CMakeFiles/cmTC_5d5e7.dir/CheckSymbolExists.c.o  -o cmTC_5d5e7 
CMakeFiles/cmTC_5d5e7.dir/CheckSymbolExists.c.o：在函数‘main’中：
CheckSymbolExists.c:(.text+0x1b)：对‘pthread_create’未定义的引用
collect2: error: ld returned 1 exit status
CMakeFiles/cmTC_5d5e7.dir/build.make:97: recipe for target 'cmTC_5d5e7' failed
make[1]: *** [cmTC_5d5e7] Error 1
make[1]: 离开目录“/home/yubinwang/turtlebot3_ws/build/dynamixel_sdk_examples/CMakeFiles/CMakeTmp”
Makefile:126: recipe for target 'cmTC_5d5e7/fast' failed
make: *** [cmTC_5d5e7/fast] Error 2

File /home/yubinwang/turtlebot3_ws/build/dynamixel_sdk_examples/CMakeFiles/CMakeTmp/CheckSymbolExists.c:
/* */
#include <pthread.h>

int main(int argc, char** argv)
{
  (void)argv;
#ifndef pthread_create
  return ((int*)(&pthread_create))[argc];
#else
  (void)argc;
  return 0;
#endif
}

Determining if the function pthread_create exists in the pthreads failed with the following output:
Change Dir: /home/yubinwang/turtlebot3_ws/build/dynamixel_sdk_examples/CMakeFiles/CMakeTmp

Run Build Command:"/usr/bin/make" "cmTC_02090/fast"
/usr/bin/make -f CMakeFiles/cmTC_02090.dir/build.make CMakeFiles/cmTC_02090.dir/build
make[1]: 进入目录“/home/yubinwang/turtlebot3_ws/build/dynamixel_sdk_examples/CMakeFiles/CMakeTmp”
Building C object CMakeFiles/cmTC_02090.dir/CheckFunctionExists.c.o
/usr/bin/cc   -DCHECK_FUNCTION_EXISTS=pthread_create   -o CMakeFiles/cmTC_02090.dir/CheckFunctionExists.c.o   -c /usr/share/cmake-3.10/Modules/CheckFunctionExists.c
Linking C executable cmTC_02090
/usr/bin/cmake -E cmake_link_script CMakeFiles/cmTC_02090.dir/link.txt --verbose=1
/usr/bin/cc  -DCHECK_FUNCTION_EXISTS=pthread_create    CMakeFiles/cmTC_02090.dir/CheckFunctionExists.c.o  -o cmTC_02090 -lpthreads 
/usr/bin/ld: 找不到 -lpthreads
collect2: error: ld returned 1 exit status
CMakeFiles/cmTC_02090.dir/build.make:97: recipe for target 'cmTC_02090' failed
make[1]: *** [cmTC_02090] Error 1
make[1]: 离开目录“/home/yubinwang/turtlebot3_ws/build/dynamixel_sdk_examples/CMakeFiles/CMakeTmp”
Makefile:126: recipe for target 'cmTC_02090/fast' failed
make: *** [cmTC_02090/fast] Error 2


