[0.069s] Invoking command in '/home/yubinwang/turtlebot3_ws/build/dynamixel_sdk': CMAKE_PREFIX_PATH=/opt/ros/dashing /usr/bin/cmake /home/yubinwang/turtlebot3_ws/src/DynamixelSDK/dynamixel_sdk -DCMAKE_INSTALL_PREFIX=/home/yubinwang/turtlebot3_ws/install/dynamixel_sdk
[0.775s] -- The C compiler identification is GNU 7.5.0
[0.776s] -- The CXX compiler identification is GNU 7.5.0
[0.776s] -- Check for working C compiler: /usr/bin/cc
[0.776s] -- Check for working C compiler: /usr/bin/cc -- works
[0.776s] -- Detecting C compiler ABI info
[0.777s] -- Detecting C compiler ABI info - done
[0.777s] -- Detecting C compile features
[1.438s] -- Detecting C compile features - done
[1.438s] -- Check for working CXX compiler: /usr/bin/c++
[1.725s] -- Check for working CXX compiler: /usr/bin/c++ -- works
[1.725s] -- Detecting CXX compiler ABI info
[1.997s] -- Detecting CXX compiler ABI info - done
[2.004s] -- Detecting CXX compile features
[2.782s] -- Detecting CXX compile features - done
[2.784s] -- Found ament_cmake: 0.7.6 (/opt/ros/dashing/share/ament_cmake/cmake)
[2.829s] -- Found PythonInterp: /usr/bin/python3 (found suitable version "3.6.9", minimum required is "3") 
[2.830s] -- Using PYTHON_EXECUTABLE: /usr/bin/python3
[3.555s] -- Configuring done
[3.558s] -- Generating done
[3.563s] -- Build files have been written to: /home/yubinwang/turtlebot3_ws/build/dynamixel_sdk
[3.571s] Invoked command in '/home/yubinwang/turtlebot3_ws/build/dynamixel_sdk' returned '0': CMAKE_PREFIX_PATH=/opt/ros/dashing /usr/bin/cmake /home/yubinwang/turtlebot3_ws/src/DynamixelSDK/dynamixel_sdk -DCMAKE_INSTALL_PREFIX=/home/yubinwang/turtlebot3_ws/install/dynamixel_sdk
[3.574s] Invoking command in '/home/yubinwang/turtlebot3_ws/build/dynamixel_sdk': CMAKE_PREFIX_PATH=/opt/ros/dashing /usr/bin/cmake --build /home/yubinwang/turtlebot3_ws/build/dynamixel_sdk -- -j8 -l8
[3.677s] [35m[1mScanning dependencies of target dynamixel_sdk[0m
[3.727s] [ 10%] [32mBuilding CXX object CMakeFiles/dynamixel_sdk.dir/src/dynamixel_sdk/packet_handler.cpp.o[0m
[3.734s] [ 20%] [32mBuilding CXX object CMakeFiles/dynamixel_sdk.dir/src/dynamixel_sdk/group_sync_write.cpp.o[0m
[3.739s] [ 30%] [32mBuilding CXX object CMakeFiles/dynamixel_sdk.dir/src/dynamixel_sdk/group_sync_read.cpp.o[0m
[3.754s] [ 40%] [32mBuilding CXX object CMakeFiles/dynamixel_sdk.dir/src/dynamixel_sdk/protocol2_packet_handler.cpp.o[0m
[3.759s] [ 50%] [32mBuilding CXX object CMakeFiles/dynamixel_sdk.dir/src/dynamixel_sdk/port_handler.cpp.o[0m
[3.759s] [ 60%] [32mBuilding CXX object CMakeFiles/dynamixel_sdk.dir/src/dynamixel_sdk/group_bulk_read.cpp.o[0m
[3.760s] [ 70%] [32mBuilding CXX object CMakeFiles/dynamixel_sdk.dir/src/dynamixel_sdk/protocol1_packet_handler.cpp.o[0m
[3.760s] [ 80%] [32mBuilding CXX object CMakeFiles/dynamixel_sdk.dir/src/dynamixel_sdk/group_bulk_write.cpp.o[0m
[3.906s] [ 90%] [32mBuilding CXX object CMakeFiles/dynamixel_sdk.dir/src/dynamixel_sdk/port_handler_linux.cpp.o[0m
[5.024s] [100%] [32m[1mLinking CXX shared library libdynamixel_sdk.so[0m
[5.147s] [100%] Built target dynamixel_sdk
[5.167s] Invoked command in '/home/yubinwang/turtlebot3_ws/build/dynamixel_sdk' returned '0': CMAKE_PREFIX_PATH=/opt/ros/dashing /usr/bin/cmake --build /home/yubinwang/turtlebot3_ws/build/dynamixel_sdk -- -j8 -l8
[5.216s] Invoking command in '/home/yubinwang/turtlebot3_ws/build/dynamixel_sdk': CMAKE_PREFIX_PATH=/opt/ros/dashing /usr/bin/cmake --build /home/yubinwang/turtlebot3_ws/build/dynamixel_sdk --target install -- -j8 -l8
[5.287s] [100%] Built target dynamixel_sdk
[5.319s] [36mInstall the project...[0m
[5.333s] -- Install configuration: ""
[5.333s] -- Installing: /home/yubinwang/turtlebot3_ws/install/dynamixel_sdk/include/
[5.333s] -- Installing: /home/yubinwang/turtlebot3_ws/install/dynamixel_sdk/include//dynamixel_sdk
[5.333s] -- Installing: /home/yubinwang/turtlebot3_ws/install/dynamixel_sdk/include//dynamixel_sdk/group_bulk_read.h
[5.334s] -- Installing: /home/yubinwang/turtlebot3_ws/install/dynamixel_sdk/include//dynamixel_sdk/port_handler.h
[5.334s] -- Installing: /home/yubinwang/turtlebot3_ws/install/dynamixel_sdk/include//dynamixel_sdk/packet_handler.h
[5.334s] -- Installing: /home/yubinwang/turtlebot3_ws/install/dynamixel_sdk/include//dynamixel_sdk/protocol2_packet_handler.h
[5.334s] -- Installing: /home/yubinwang/turtlebot3_ws/install/dynamixel_sdk/include//dynamixel_sdk/dynamixel_sdk.h
[5.334s] -- Installing: /home/yubinwang/turtlebot3_ws/install/dynamixel_sdk/include//dynamixel_sdk/port_handler_linux.h
[5.335s] -- Installing: /home/yubinwang/turtlebot3_ws/install/dynamixel_sdk/include//dynamixel_sdk/port_handler_windows.h
[5.335s] -- Installing: /home/yubinwang/turtlebot3_ws/install/dynamixel_sdk/include//dynamixel_sdk/port_handler_arduino.h
[5.335s] -- Installing: /home/yubinwang/turtlebot3_ws/install/dynamixel_sdk/include//dynamixel_sdk/protocol1_packet_handler.h
[5.335s] -- Installing: /home/yubinwang/turtlebot3_ws/install/dynamixel_sdk/include//dynamixel_sdk/group_sync_read.h
[5.335s] -- Installing: /home/yubinwang/turtlebot3_ws/install/dynamixel_sdk/include//dynamixel_sdk/group_bulk_write.h
[5.335s] -- Installing: /home/yubinwang/turtlebot3_ws/install/dynamixel_sdk/include//dynamixel_sdk/port_handler_mac.h
[5.336s] -- Installing: /home/yubinwang/turtlebot3_ws/install/dynamixel_sdk/include//dynamixel_sdk/group_sync_write.h
[5.336s] -- Installing: /home/yubinwang/turtlebot3_ws/install/dynamixel_sdk/lib/libdynamixel_sdk.so
[5.336s] -- Installing: /home/yubinwang/turtlebot3_ws/install/dynamixel_sdk/share/dynamixel_sdk/environment/library_path.sh
[5.336s] -- Installing: /home/yubinwang/turtlebot3_ws/install/dynamixel_sdk/share/ament_index/resource_index/package_run_dependencies/dynamixel_sdk
[5.336s] -- Installing: /home/yubinwang/turtlebot3_ws/install/dynamixel_sdk/share/ament_index/resource_index/parent_prefix_path/dynamixel_sdk
[5.337s] -- Installing: /home/yubinwang/turtlebot3_ws/install/dynamixel_sdk/share/dynamixel_sdk/environment/ament_prefix_path.sh
[5.337s] -- Installing: /home/yubinwang/turtlebot3_ws/install/dynamixel_sdk/share/dynamixel_sdk/environment/path.sh
[5.337s] -- Installing: /home/yubinwang/turtlebot3_ws/install/dynamixel_sdk/share/dynamixel_sdk/local_setup.bash
[5.337s] -- Installing: /home/yubinwang/turtlebot3_ws/install/dynamixel_sdk/share/dynamixel_sdk/local_setup.sh
[5.337s] -- Installing: /home/yubinwang/turtlebot3_ws/install/dynamixel_sdk/share/dynamixel_sdk/local_setup.zsh
[5.337s] -- Installing: /home/yubinwang/turtlebot3_ws/install/dynamixel_sdk/share/ament_index/resource_index/packages/dynamixel_sdk
[5.338s] -- Installing: /home/yubinwang/turtlebot3_ws/install/dynamixel_sdk/share/dynamixel_sdk/cmake/ament_cmake_export_include_directories-extras.cmake
[5.338s] -- Installing: /home/yubinwang/turtlebot3_ws/install/dynamixel_sdk/share/dynamixel_sdk/cmake/ament_cmake_export_libraries-extras.cmake
[5.338s] -- Installing: /home/yubinwang/turtlebot3_ws/install/dynamixel_sdk/share/dynamixel_sdk/cmake/dynamixel_sdkConfig.cmake
[5.338s] -- Installing: /home/yubinwang/turtlebot3_ws/install/dynamixel_sdk/share/dynamixel_sdk/cmake/dynamixel_sdkConfig-version.cmake
[5.338s] -- Installing: /home/yubinwang/turtlebot3_ws/install/dynamixel_sdk/share/dynamixel_sdk/package.xml
[5.345s] Invoked command in '/home/yubinwang/turtlebot3_ws/build/dynamixel_sdk' returned '0': CMAKE_PREFIX_PATH=/opt/ros/dashing /usr/bin/cmake --build /home/yubinwang/turtlebot3_ws/build/dynamixel_sdk --target install -- -j8 -l8
