[0.074s] Invoking command in '/home/yubinwang/turtlebot3_ws/build/turtlebot3_navigation2': CMAKE_PREFIX_PATH=/opt/ros/dashing /usr/bin/cmake /home/yubinwang/turtlebot3_ws/src/turtlebot3/turtlebot3_navigation2 -DCMAKE_INSTALL_PREFIX=/home/yubinwang/turtlebot3_ws/install/turtlebot3_navigation2
[0.767s] -- The C compiler identification is GNU 7.5.0
[0.767s] -- The CXX compiler identification is GNU 7.5.0
[0.767s] -- Check for working C compiler: /usr/bin/cc
[0.767s] -- Check for working C compiler: /usr/bin/cc -- works
[0.767s] -- Detecting C compiler ABI info
[0.768s] -- Detecting C compiler ABI info - done
[0.768s] -- Detecting C compile features
[1.461s] -- Detecting C compile features - done
[1.488s] -- Check for working CXX compiler: /usr/bin/c++
[1.773s] -- Check for working CXX compiler: /usr/bin/c++ -- works
[1.773s] -- Detecting CXX compiler ABI info
[1.960s] -- Detecting CXX compiler ABI info - done
[1.964s] -- Detecting CXX compile features
[2.817s] -- Detecting CXX compile features - done
[2.821s] -- Found ament_cmake: 0.7.6 (/opt/ros/dashing/share/ament_cmake/cmake)
[2.889s] -- Found PythonInterp: /usr/bin/python3 (found suitable version "3.6.9", minimum required is "3") 
[2.890s] -- Using PYTHON_EXECUTABLE: /usr/bin/python3
[3.531s] -- Configuring done
[3.531s] -- Generating done
[3.531s] -- Build files have been written to: /home/yubinwang/turtlebot3_ws/build/turtlebot3_navigation2
[3.538s] Invoked command in '/home/yubinwang/turtlebot3_ws/build/turtlebot3_navigation2' returned '0': CMAKE_PREFIX_PATH=/opt/ros/dashing /usr/bin/cmake /home/yubinwang/turtlebot3_ws/src/turtlebot3/turtlebot3_navigation2 -DCMAKE_INSTALL_PREFIX=/home/yubinwang/turtlebot3_ws/install/turtlebot3_navigation2
[3.543s] Invoking command in '/home/yubinwang/turtlebot3_ws/build/turtlebot3_navigation2': CMAKE_PREFIX_PATH=/opt/ros/dashing /usr/bin/cmake --build /home/yubinwang/turtlebot3_ws/build/turtlebot3_navigation2 -- -j8 -l8
[3.680s] Invoked command in '/home/yubinwang/turtlebot3_ws/build/turtlebot3_navigation2' returned '0': CMAKE_PREFIX_PATH=/opt/ros/dashing /usr/bin/cmake --build /home/yubinwang/turtlebot3_ws/build/turtlebot3_navigation2 -- -j8 -l8
[3.956s] Invoking command in '/home/yubinwang/turtlebot3_ws/build/turtlebot3_navigation2': CMAKE_PREFIX_PATH=/opt/ros/dashing /usr/bin/cmake --build /home/yubinwang/turtlebot3_ws/build/turtlebot3_navigation2 --target install -- -j8 -l8
[4.247s] [36mInstall the project...[0m
[4.265s] -- Install configuration: ""
[4.275s] -- Installing: /home/yubinwang/turtlebot3_ws/install/turtlebot3_navigation2/share/turtlebot3_navigation2/launch
[4.275s] -- Installing: /home/yubinwang/turtlebot3_ws/install/turtlebot3_navigation2/share/turtlebot3_navigation2/launch/navigation2.launch.py
[4.276s] -- Installing: /home/yubinwang/turtlebot3_ws/install/turtlebot3_navigation2/share/turtlebot3_navigation2/map
[4.276s] -- Installing: /home/yubinwang/turtlebot3_ws/install/turtlebot3_navigation2/share/turtlebot3_navigation2/map/map.yaml
[4.276s] -- Installing: /home/yubinwang/turtlebot3_ws/install/turtlebot3_navigation2/share/turtlebot3_navigation2/map/map.pgm
[4.277s] -- Installing: /home/yubinwang/turtlebot3_ws/install/turtlebot3_navigation2/share/turtlebot3_navigation2/param
[4.277s] -- Installing: /home/yubinwang/turtlebot3_ws/install/turtlebot3_navigation2/share/turtlebot3_navigation2/param/waffle_pi.yaml
[4.277s] -- Installing: /home/yubinwang/turtlebot3_ws/install/turtlebot3_navigation2/share/turtlebot3_navigation2/param/burger.yaml
[4.277s] -- Installing: /home/yubinwang/turtlebot3_ws/install/turtlebot3_navigation2/share/turtlebot3_navigation2/param/waffle.yaml
[4.277s] -- Installing: /home/yubinwang/turtlebot3_ws/install/turtlebot3_navigation2/share/turtlebot3_navigation2/rviz
[4.278s] -- Installing: /home/yubinwang/turtlebot3_ws/install/turtlebot3_navigation2/share/turtlebot3_navigation2/rviz/tb3_navigation2.rviz
[4.278s] -- Installing: /home/yubinwang/turtlebot3_ws/install/turtlebot3_navigation2/share/ament_index/resource_index/package_run_dependencies/turtlebot3_navigation2
[4.278s] -- Installing: /home/yubinwang/turtlebot3_ws/install/turtlebot3_navigation2/share/ament_index/resource_index/parent_prefix_path/turtlebot3_navigation2
[4.278s] -- Installing: /home/yubinwang/turtlebot3_ws/install/turtlebot3_navigation2/share/turtlebot3_navigation2/environment/ament_prefix_path.sh
[4.278s] -- Installing: /home/yubinwang/turtlebot3_ws/install/turtlebot3_navigation2/share/turtlebot3_navigation2/environment/path.sh
[4.279s] -- Installing: /home/yubinwang/turtlebot3_ws/install/turtlebot3_navigation2/share/turtlebot3_navigation2/local_setup.bash
[4.279s] -- Installing: /home/yubinwang/turtlebot3_ws/install/turtlebot3_navigation2/share/turtlebot3_navigation2/local_setup.sh
[4.279s] -- Installing: /home/yubinwang/turtlebot3_ws/install/turtlebot3_navigation2/share/turtlebot3_navigation2/local_setup.zsh
[4.279s] -- Installing: /home/yubinwang/turtlebot3_ws/install/turtlebot3_navigation2/share/ament_index/resource_index/packages/turtlebot3_navigation2
[4.279s] -- Installing: /home/yubinwang/turtlebot3_ws/install/turtlebot3_navigation2/share/turtlebot3_navigation2/cmake/turtlebot3_navigation2Config.cmake
[4.280s] -- Installing: /home/yubinwang/turtlebot3_ws/install/turtlebot3_navigation2/share/turtlebot3_navigation2/cmake/turtlebot3_navigation2Config-version.cmake
[4.280s] -- Installing: /home/yubinwang/turtlebot3_ws/install/turtlebot3_navigation2/share/turtlebot3_navigation2/package.xml
[4.302s] Invoked command in '/home/yubinwang/turtlebot3_ws/build/turtlebot3_navigation2' returned '0': CMAKE_PREFIX_PATH=/opt/ros/dashing /usr/bin/cmake --build /home/yubinwang/turtlebot3_ws/build/turtlebot3_navigation2 --target install -- -j8 -l8
