[0.064s] Invoking command in '/home/yubinwang/turtlebot3_ws/build/dynamixel_sdk_custom_interfaces': CMAKE_PREFIX_PATH=${CMAKE_PREFIX_PATH}:/home/yubinwang/turtlebot3_ws/install/turtlebot3_teleop:/home/yubinwang/turtlebot3_ws/install/turtlebot3_example:/opt/ros/dashing /usr/bin/cmake --build /home/yubinwang/turtlebot3_ws/build/dynamixel_sdk_custom_interfaces -- -j8 -l8
[0.584s] [ 10%] Built target dynamixel_sdk_custom_interfaces__rosidl_generator_c
[0.584s] [ 13%] Built target dynamixel_sdk_custom_interfaces__cpp
[0.585s] [ 24%] Built target dynamixel_sdk_custom_interfaces__rosidl_typesupport_introspection_c
[0.587s] [ 35%] Built target dynamixel_sdk_custom_interfaces__rosidl_typesupport_introspection_cpp
[0.587s] [ 45%] Built target dynamixel_sdk_custom_interfaces__rosidl_typesupport_fastrtps_cpp
[0.587s] [ 56%] Built target dynamixel_sdk_custom_interfaces__rosidl_typesupport_cpp
[0.590s] [ 67%] Built target dynamixel_sdk_custom_interfaces__rosidl_typesupport_fastrtps_c
[0.590s] [ 78%] Built target dynamixel_sdk_custom_interfaces__rosidl_typesupport_c
[0.591s] [ 78%] Built target dynamixel_sdk_custom_interfaces
[0.591s] [ 81%] Built target dynamixel_sdk_custom_interfaces__py
[0.591s] [ 89%] Built target dynamixel_sdk_custom_interfaces__python
[0.591s] [ 94%] Built target dynamixel_sdk_custom_interfaces__rosidl_typesupport_fastrtps_c__pyext
[0.591s] [100%] Built target dynamixel_sdk_custom_interfaces__rosidl_typesupport_c__pyext
[0.601s] Invoked command in '/home/yubinwang/turtlebot3_ws/build/dynamixel_sdk_custom_interfaces' returned '0': CMAKE_PREFIX_PATH=${CMAKE_PREFIX_PATH}:/home/yubinwang/turtlebot3_ws/install/turtlebot3_teleop:/home/yubinwang/turtlebot3_ws/install/turtlebot3_example:/opt/ros/dashing /usr/bin/cmake --build /home/yubinwang/turtlebot3_ws/build/dynamixel_sdk_custom_interfaces -- -j8 -l8
[0.827s] Invoking command in '/home/yubinwang/turtlebot3_ws/build/dynamixel_sdk_custom_interfaces': CMAKE_PREFIX_PATH=${CMAKE_PREFIX_PATH}:/home/yubinwang/turtlebot3_ws/install/turtlebot3_teleop:/home/yubinwang/turtlebot3_ws/install/turtlebot3_example:/opt/ros/dashing /usr/bin/cmake --build /home/yubinwang/turtlebot3_ws/build/dynamixel_sdk_custom_interfaces --target install -- -j8 -l8
[0.934s] [ 10%] Built target dynamixel_sdk_custom_interfaces__rosidl_generator_c
[0.945s] [ 13%] Built target dynamixel_sdk_custom_interfaces__cpp
[0.988s] [ 24%] Built target dynamixel_sdk_custom_interfaces__rosidl_typesupport_introspection_cpp
[0.991s] [ 35%] Built target dynamixel_sdk_custom_interfaces__rosidl_typesupport_introspection_c
[1.011s] [ 45%] Built target dynamixel_sdk_custom_interfaces__rosidl_typesupport_fastrtps_cpp
[1.052s] [ 56%] Built target dynamixel_sdk_custom_interfaces__rosidl_typesupport_cpp
[1.067s] [ 67%] Built target dynamixel_sdk_custom_interfaces__rosidl_typesupport_fastrtps_c
[1.113s] [ 78%] Built target dynamixel_sdk_custom_interfaces__rosidl_typesupport_c
[1.174s] [ 78%] Built target dynamixel_sdk_custom_interfaces
[1.230s] [ 81%] Built target dynamixel_sdk_custom_interfaces__py
[1.290s] [ 89%] Built target dynamixel_sdk_custom_interfaces__python
[1.333s] [ 94%] Built target dynamixel_sdk_custom_interfaces__rosidl_typesupport_fastrtps_c__pyext
[1.342s] [100%] Built target dynamixel_sdk_custom_interfaces__rosidl_typesupport_c__pyext
[1.370s] [36mInstall the project...[0m
[1.384s] -- Install configuration: ""
[1.384s] -- Up-to-date: /home/yubinwang/turtlebot3_ws/install/dynamixel_sdk_custom_interfaces/share/ament_index/resource_index/rosidl_interfaces/dynamixel_sdk_custom_interfaces
[1.384s] -- Up-to-date: /home/yubinwang/turtlebot3_ws/install/dynamixel_sdk_custom_interfaces/include/dynamixel_sdk_custom_interfaces
[1.384s] -- Up-to-date: /home/yubinwang/turtlebot3_ws/install/dynamixel_sdk_custom_interfaces/include/dynamixel_sdk_custom_interfaces/msg
[1.384s] -- Up-to-date: /home/yubinwang/turtlebot3_ws/install/dynamixel_sdk_custom_interfaces/include/dynamixel_sdk_custom_interfaces/msg/set_position__struct.hpp
[1.385s] -- Up-to-date: /home/yubinwang/turtlebot3_ws/install/dynamixel_sdk_custom_interfaces/include/dynamixel_sdk_custom_interfaces/msg/set_position.hpp
[1.385s] -- Up-to-date: /home/yubinwang/turtlebot3_ws/install/dynamixel_sdk_custom_interfaces/include/dynamixel_sdk_custom_interfaces/msg/set_position__traits.hpp
[1.385s] -- Up-to-date: /home/yubinwang/turtlebot3_ws/install/dynamixel_sdk_custom_interfaces/include/dynamixel_sdk_custom_interfaces/srv
[1.385s] -- Up-to-date: /home/yubinwang/turtlebot3_ws/install/dynamixel_sdk_custom_interfaces/include/dynamixel_sdk_custom_interfaces/srv/get_position__struct.hpp
[1.385s] -- Up-to-date: /home/yubinwang/turtlebot3_ws/install/dynamixel_sdk_custom_interfaces/include/dynamixel_sdk_custom_interfaces/srv/get_position.hpp
[1.386s] -- Up-to-date: /home/yubinwang/turtlebot3_ws/install/dynamixel_sdk_custom_interfaces/include/dynamixel_sdk_custom_interfaces/srv/get_position__traits.hpp
[1.386s] -- Up-to-date: /home/yubinwang/turtlebot3_ws/install/dynamixel_sdk_custom_interfaces/include/dynamixel_sdk_custom_interfaces
[1.386s] -- Up-to-date: /home/yubinwang/turtlebot3_ws/install/dynamixel_sdk_custom_interfaces/include/dynamixel_sdk_custom_interfaces/msg
[1.386s] -- Up-to-date: /home/yubinwang/turtlebot3_ws/install/dynamixel_sdk_custom_interfaces/include/dynamixel_sdk_custom_interfaces/msg/set_position__functions.c
[1.386s] -- Up-to-date: /home/yubinwang/turtlebot3_ws/install/dynamixel_sdk_custom_interfaces/include/dynamixel_sdk_custom_interfaces/msg/set_position__struct.h
[1.386s] -- Up-to-date: /home/yubinwang/turtlebot3_ws/install/dynamixel_sdk_custom_interfaces/include/dynamixel_sdk_custom_interfaces/msg/set_position__type_support.h
[1.386s] -- Up-to-date: /home/yubinwang/turtlebot3_ws/install/dynamixel_sdk_custom_interfaces/include/dynamixel_sdk_custom_interfaces/msg/set_position__functions.h
[1.386s] -- Up-to-date: /home/yubinwang/turtlebot3_ws/install/dynamixel_sdk_custom_interfaces/include/dynamixel_sdk_custom_interfaces/msg/rosidl_generator_c__visibility_control.h
[1.387s] -- Up-to-date: /home/yubinwang/turtlebot3_ws/install/dynamixel_sdk_custom_interfaces/include/dynamixel_sdk_custom_interfaces/msg/set_position.h
[1.387s] -- Up-to-date: /home/yubinwang/turtlebot3_ws/install/dynamixel_sdk_custom_interfaces/include/dynamixel_sdk_custom_interfaces/srv
[1.387s] -- Up-to-date: /home/yubinwang/turtlebot3_ws/install/dynamixel_sdk_custom_interfaces/include/dynamixel_sdk_custom_interfaces/srv/get_position__struct.h
[1.387s] -- Up-to-date: /home/yubinwang/turtlebot3_ws/install/dynamixel_sdk_custom_interfaces/include/dynamixel_sdk_custom_interfaces/srv/get_position__functions.c
[1.387s] -- Up-to-date: /home/yubinwang/turtlebot3_ws/install/dynamixel_sdk_custom_interfaces/include/dynamixel_sdk_custom_interfaces/srv/get_position.h
[1.387s] -- Up-to-date: /home/yubinwang/turtlebot3_ws/install/dynamixel_sdk_custom_interfaces/include/dynamixel_sdk_custom_interfaces/srv/get_position__functions.h
[1.387s] -- Up-to-date: /home/yubinwang/turtlebot3_ws/install/dynamixel_sdk_custom_interfaces/include/dynamixel_sdk_custom_interfaces/srv/get_position__type_support.h
[1.388s] -- Up-to-date: /home/yubinwang/turtlebot3_ws/install/dynamixel_sdk_custom_interfaces/share/dynamixel_sdk_custom_interfaces/environment/library_path.sh
[1.388s] -- Up-to-date: /home/yubinwang/turtlebot3_ws/install/dynamixel_sdk_custom_interfaces/lib/libdynamixel_sdk_custom_interfaces__rosidl_generator_c.so
[1.388s] -- Up-to-date: /home/yubinwang/turtlebot3_ws/install/dynamixel_sdk_custom_interfaces/lib/libdynamixel_sdk_custom_interfaces__rosidl_typesupport_c.so
[1.388s] -- Up-to-date: /home/yubinwang/turtlebot3_ws/install/dynamixel_sdk_custom_interfaces/lib/libdynamixel_sdk_custom_interfaces__rosidl_typesupport_cpp.so
[1.388s] -- Up-to-date: /home/yubinwang/turtlebot3_ws/install/dynamixel_sdk_custom_interfaces/include/dynamixel_sdk_custom_interfaces
[1.389s] -- Up-to-date: /home/yubinwang/turtlebot3_ws/install/dynamixel_sdk_custom_interfaces/include/dynamixel_sdk_custom_interfaces/msg
[1.389s] -- Up-to-date: /home/yubinwang/turtlebot3_ws/install/dynamixel_sdk_custom_interfaces/include/dynamixel_sdk_custom_interfaces/msg/set_position__type_support.c
[1.389s] -- Up-to-date: /home/yubinwang/turtlebot3_ws/install/dynamixel_sdk_custom_interfaces/include/dynamixel_sdk_custom_interfaces/msg/rosidl_typesupport_introspection_c__visibility_control.h
[1.389s] -- Up-to-date: /home/yubinwang/turtlebot3_ws/install/dynamixel_sdk_custom_interfaces/include/dynamixel_sdk_custom_interfaces/msg/set_position__rosidl_typesupport_introspection_c.h
[1.389s] -- Up-to-date: /home/yubinwang/turtlebot3_ws/install/dynamixel_sdk_custom_interfaces/include/dynamixel_sdk_custom_interfaces/srv
[1.389s] -- Up-to-date: /home/yubinwang/turtlebot3_ws/install/dynamixel_sdk_custom_interfaces/include/dynamixel_sdk_custom_interfaces/srv/get_position__rosidl_typesupport_introspection_c.h
[1.390s] -- Up-to-date: /home/yubinwang/turtlebot3_ws/install/dynamixel_sdk_custom_interfaces/include/dynamixel_sdk_custom_interfaces/srv/get_position__type_support.c
[1.390s] -- Up-to-date: /home/yubinwang/turtlebot3_ws/install/dynamixel_sdk_custom_interfaces/lib/libdynamixel_sdk_custom_interfaces__rosidl_typesupport_introspection_c.so
[1.390s] -- Up-to-date: /home/yubinwang/turtlebot3_ws/install/dynamixel_sdk_custom_interfaces/include/dynamixel_sdk_custom_interfaces
[1.390s] -- Up-to-date: /home/yubinwang/turtlebot3_ws/install/dynamixel_sdk_custom_interfaces/include/dynamixel_sdk_custom_interfaces/msg
[1.390s] -- Up-to-date: /home/yubinwang/turtlebot3_ws/install/dynamixel_sdk_custom_interfaces/include/dynamixel_sdk_custom_interfaces/msg/set_position__type_support.cpp
[1.390s] -- Up-to-date: /home/yubinwang/turtlebot3_ws/install/dynamixel_sdk_custom_interfaces/include/dynamixel_sdk_custom_interfaces/msg/set_position__rosidl_typesupport_introspection_cpp.hpp
[1.391s] -- Up-to-date: /home/yubinwang/turtlebot3_ws/install/dynamixel_sdk_custom_interfaces/include/dynamixel_sdk_custom_interfaces/srv
[1.391s] -- Up-to-date: /home/yubinwang/turtlebot3_ws/install/dynamixel_sdk_custom_interfaces/include/dynamixel_sdk_custom_interfaces/srv/get_position__rosidl_typesupport_introspection_cpp.hpp
[1.391s] -- Up-to-date: /home/yubinwang/turtlebot3_ws/install/dynamixel_sdk_custom_interfaces/include/dynamixel_sdk_custom_interfaces/srv/get_position__type_support.cpp
[1.391s] -- Up-to-date: /home/yubinwang/turtlebot3_ws/install/dynamixel_sdk_custom_interfaces/lib/libdynamixel_sdk_custom_interfaces__rosidl_typesupport_introspection_cpp.so
[1.391s] -- Up-to-date: /home/yubinwang/turtlebot3_ws/install/dynamixel_sdk_custom_interfaces/include/dynamixel_sdk_custom_interfaces
[1.391s] -- Up-to-date: /home/yubinwang/turtlebot3_ws/install/dynamixel_sdk_custom_interfaces/include/dynamixel_sdk_custom_interfaces/msg
[1.391s] -- Up-to-date: /home/yubinwang/turtlebot3_ws/install/dynamixel_sdk_custom_interfaces/include/dynamixel_sdk_custom_interfaces/msg/set_position__rosidl_typesupport_fastrtps_c.h
[1.392s] -- Up-to-date: /home/yubinwang/turtlebot3_ws/install/dynamixel_sdk_custom_interfaces/include/dynamixel_sdk_custom_interfaces/msg/rosidl_typesupport_fastrtps_c__visibility_control.h
[1.392s] -- Up-to-date: /home/yubinwang/turtlebot3_ws/install/dynamixel_sdk_custom_interfaces/include/dynamixel_sdk_custom_interfaces/srv
[1.392s] -- Up-to-date: /home/yubinwang/turtlebot3_ws/install/dynamixel_sdk_custom_interfaces/include/dynamixel_sdk_custom_interfaces/srv/get_position__rosidl_typesupport_fastrtps_c.h
[1.392s] -- Up-to-date: /home/yubinwang/turtlebot3_ws/install/dynamixel_sdk_custom_interfaces/lib/libdynamixel_sdk_custom_interfaces__rosidl_typesupport_fastrtps_c.so
[1.392s] -- Up-to-date: /home/yubinwang/turtlebot3_ws/install/dynamixel_sdk_custom_interfaces/include/dynamixel_sdk_custom_interfaces
[1.392s] -- Up-to-date: /home/yubinwang/turtlebot3_ws/install/dynamixel_sdk_custom_interfaces/include/dynamixel_sdk_custom_interfaces/msg
[1.392s] -- Up-to-date: /home/yubinwang/turtlebot3_ws/install/dynamixel_sdk_custom_interfaces/include/dynamixel_sdk_custom_interfaces/msg/dds_fastrtps
[1.393s] -- Up-to-date: /home/yubinwang/turtlebot3_ws/install/dynamixel_sdk_custom_interfaces/include/dynamixel_sdk_custom_interfaces/msg/rosidl_typesupport_fastrtps_cpp__visibility_control.h
[1.393s] -- Up-to-date: /home/yubinwang/turtlebot3_ws/install/dynamixel_sdk_custom_interfaces/include/dynamixel_sdk_custom_interfaces/msg/set_position__rosidl_typesupport_fastrtps_cpp.hpp
[1.393s] -- Up-to-date: /home/yubinwang/turtlebot3_ws/install/dynamixel_sdk_custom_interfaces/include/dynamixel_sdk_custom_interfaces/srv
[1.393s] -- Up-to-date: /home/yubinwang/turtlebot3_ws/install/dynamixel_sdk_custom_interfaces/include/dynamixel_sdk_custom_interfaces/srv/dds_fastrtps
[1.393s] -- Up-to-date: /home/yubinwang/turtlebot3_ws/install/dynamixel_sdk_custom_interfaces/include/dynamixel_sdk_custom_interfaces/srv/get_position__rosidl_typesupport_fastrtps_cpp.hpp
[1.393s] -- Up-to-date: /home/yubinwang/turtlebot3_ws/install/dynamixel_sdk_custom_interfaces/lib/libdynamixel_sdk_custom_interfaces__rosidl_typesupport_fastrtps_cpp.so
[1.393s] -- Up-to-date: /home/yubinwang/turtlebot3_ws/install/dynamixel_sdk_custom_interfaces/share/dynamixel_sdk_custom_interfaces/environment/pythonpath.sh
[1.394s] -- Up-to-date: /home/yubinwang/turtlebot3_ws/install/dynamixel_sdk_custom_interfaces/lib/python3.6/site-packages/dynamixel_sdk_custom_interfaces/__init__.py
[1.451s] -- Up-to-date: /home/yubinwang/turtlebot3_ws/install/dynamixel_sdk_custom_interfaces/lib/python3.6/site-packages/dynamixel_sdk_custom_interfaces/msg
[1.451s] -- Up-to-date: /home/yubinwang/turtlebot3_ws/install/dynamixel_sdk_custom_interfaces/lib/python3.6/site-packages/dynamixel_sdk_custom_interfaces/msg/_set_position_s.c
[1.452s] -- Up-to-date: /home/yubinwang/turtlebot3_ws/install/dynamixel_sdk_custom_interfaces/lib/python3.6/site-packages/dynamixel_sdk_custom_interfaces/msg/_set_position.py
[1.452s] -- Up-to-date: /home/yubinwang/turtlebot3_ws/install/dynamixel_sdk_custom_interfaces/lib/python3.6/site-packages/dynamixel_sdk_custom_interfaces/msg/__init__.py
[1.452s] -- Up-to-date: /home/yubinwang/turtlebot3_ws/install/dynamixel_sdk_custom_interfaces/lib/python3.6/site-packages/dynamixel_sdk_custom_interfaces/srv
[1.452s] -- Up-to-date: /home/yubinwang/turtlebot3_ws/install/dynamixel_sdk_custom_interfaces/lib/python3.6/site-packages/dynamixel_sdk_custom_interfaces/srv/_get_position_s.c
[1.452s] -- Up-to-date: /home/yubinwang/turtlebot3_ws/install/dynamixel_sdk_custom_interfaces/lib/python3.6/site-packages/dynamixel_sdk_custom_interfaces/srv/_get_position.py
[1.452s] -- Up-to-date: /home/yubinwang/turtlebot3_ws/install/dynamixel_sdk_custom_interfaces/lib/python3.6/site-packages/dynamixel_sdk_custom_interfaces/srv/__init__.py
[1.452s] -- Up-to-date: /home/yubinwang/turtlebot3_ws/install/dynamixel_sdk_custom_interfaces/lib/python3.6/site-packages/dynamixel_sdk_custom_interfaces/dynamixel_sdk_custom_interfaces_s__rosidl_typesupport_c.cpython-36m-x86_64-linux-gnu.so
[1.453s] -- Up-to-date: /home/yubinwang/turtlebot3_ws/install/dynamixel_sdk_custom_interfaces/lib/python3.6/site-packages/dynamixel_sdk_custom_interfaces/dynamixel_sdk_custom_interfaces_s__rosidl_typesupport_fastrtps_c.cpython-36m-x86_64-linux-gnu.so
[1.453s] -- Up-to-date: /home/yubinwang/turtlebot3_ws/install/dynamixel_sdk_custom_interfaces/lib/libdynamixel_sdk_custom_interfaces__python.so
[1.454s] -- Up-to-date: /home/yubinwang/turtlebot3_ws/install/dynamixel_sdk_custom_interfaces/share/dynamixel_sdk_custom_interfaces/msg/SetPosition.idl
[1.454s] -- Up-to-date: /home/yubinwang/turtlebot3_ws/install/dynamixel_sdk_custom_interfaces/share/dynamixel_sdk_custom_interfaces/srv/GetPosition.idl
[1.454s] -- Up-to-date: /home/yubinwang/turtlebot3_ws/install/dynamixel_sdk_custom_interfaces/share/dynamixel_sdk_custom_interfaces/msg/SetPosition.msg
[1.454s] -- Up-to-date: /home/yubinwang/turtlebot3_ws/install/dynamixel_sdk_custom_interfaces/share/dynamixel_sdk_custom_interfaces/srv/GetPosition.srv
[1.455s] -- Up-to-date: /home/yubinwang/turtlebot3_ws/install/dynamixel_sdk_custom_interfaces/share/dynamixel_sdk_custom_interfaces/srv/GetPosition_Request.msg
[1.455s] -- Up-to-date: /home/yubinwang/turtlebot3_ws/install/dynamixel_sdk_custom_interfaces/share/dynamixel_sdk_custom_interfaces/srv/GetPosition_Response.msg
[1.455s] -- Up-to-date: /home/yubinwang/turtlebot3_ws/install/dynamixel_sdk_custom_interfaces/share/ament_index/resource_index/package_run_dependencies/dynamixel_sdk_custom_interfaces
[1.455s] -- Up-to-date: /home/yubinwang/turtlebot3_ws/install/dynamixel_sdk_custom_interfaces/share/ament_index/resource_index/parent_prefix_path/dynamixel_sdk_custom_interfaces
[1.455s] -- Up-to-date: /home/yubinwang/turtlebot3_ws/install/dynamixel_sdk_custom_interfaces/share/dynamixel_sdk_custom_interfaces/environment/ament_prefix_path.sh
[1.456s] -- Up-to-date: /home/yubinwang/turtlebot3_ws/install/dynamixel_sdk_custom_interfaces/share/dynamixel_sdk_custom_interfaces/environment/path.sh
[1.456s] -- Up-to-date: /home/yubinwang/turtlebot3_ws/install/dynamixel_sdk_custom_interfaces/share/dynamixel_sdk_custom_interfaces/local_setup.bash
[1.456s] -- Up-to-date: /home/yubinwang/turtlebot3_ws/install/dynamixel_sdk_custom_interfaces/share/dynamixel_sdk_custom_interfaces/local_setup.sh
[1.456s] -- Up-to-date: /home/yubinwang/turtlebot3_ws/install/dynamixel_sdk_custom_interfaces/share/dynamixel_sdk_custom_interfaces/local_setup.zsh
[1.456s] -- Up-to-date: /home/yubinwang/turtlebot3_ws/install/dynamixel_sdk_custom_interfaces/share/ament_index/resource_index/packages/dynamixel_sdk_custom_interfaces
[1.456s] -- Up-to-date: /home/yubinwang/turtlebot3_ws/install/dynamixel_sdk_custom_interfaces/share/dynamixel_sdk_custom_interfaces/cmake/rosidl_cmake-extras.cmake
[1.457s] -- Up-to-date: /home/yubinwang/turtlebot3_ws/install/dynamixel_sdk_custom_interfaces/share/dynamixel_sdk_custom_interfaces/cmake/ament_cmake_export_dependencies-extras.cmake
[1.457s] -- Up-to-date: /home/yubinwang/turtlebot3_ws/install/dynamixel_sdk_custom_interfaces/share/dynamixel_sdk_custom_interfaces/cmake/ament_cmake_export_include_directories-extras.cmake
[1.457s] -- Up-to-date: /home/yubinwang/turtlebot3_ws/install/dynamixel_sdk_custom_interfaces/share/dynamixel_sdk_custom_interfaces/cmake/ament_cmake_export_libraries-extras.cmake
[1.457s] -- Up-to-date: /home/yubinwang/turtlebot3_ws/install/dynamixel_sdk_custom_interfaces/share/dynamixel_sdk_custom_interfaces/cmake/dynamixel_sdk_custom_interfacesConfig.cmake
[1.457s] -- Up-to-date: /home/yubinwang/turtlebot3_ws/install/dynamixel_sdk_custom_interfaces/share/dynamixel_sdk_custom_interfaces/cmake/dynamixel_sdk_custom_interfacesConfig-version.cmake
[1.457s] -- Up-to-date: /home/yubinwang/turtlebot3_ws/install/dynamixel_sdk_custom_interfaces/share/dynamixel_sdk_custom_interfaces/package.xml
[1.463s] Invoked command in '/home/yubinwang/turtlebot3_ws/build/dynamixel_sdk_custom_interfaces' returned '0': CMAKE_PREFIX_PATH=${CMAKE_PREFIX_PATH}:/home/yubinwang/turtlebot3_ws/install/turtlebot3_teleop:/home/yubinwang/turtlebot3_ws/install/turtlebot3_example:/opt/ros/dashing /usr/bin/cmake --build /home/yubinwang/turtlebot3_ws/build/dynamixel_sdk_custom_interfaces --target install -- -j8 -l8
