[0.059s] Invoking command in '/home/yubinwang/turtlebot3_ws/build/turtlebot3_msgs': CMAKE_PREFIX_PATH=/opt/ros/dashing /usr/bin/cmake --build /home/yubinwang/turtlebot3_ws/build/turtlebot3_msgs -- -j8 -l8
[0.548s] [  1%] Built target turtlebot3_msgs__cpp
[0.549s] [ 13%] Built target turtlebot3_msgs__rosidl_generator_c
[0.550s] [ 24%] Built target turtlebot3_msgs__rosidl_typesupport_introspection_cpp
[0.550s] [ 36%] Built target turtlebot3_msgs__rosidl_typesupport_introspection_c
[0.551s] [ 47%] Built target turtlebot3_msgs__rosidl_typesupport_fastrtps_cpp
[0.551s] [ 59%] Built target turtlebot3_msgs__rosidl_typesupport_cpp
[0.552s] [ 71%] Built target turtlebot3_msgs__rosidl_typesupport_fastrtps_c
[0.552s] [ 82%] Built target turtlebot3_msgs__rosidl_typesupport_c
[0.553s] [ 82%] Built target turtlebot3_msgs
[0.554s] [ 84%] Built target turtlebot3_msgs__py
[0.554s] [ 94%] Built target turtlebot3_msgs__python
[0.555s] [ 97%] Built target turtlebot3_msgs__rosidl_typesupport_c__pyext
[0.555s] [100%] Built target turtlebot3_msgs__rosidl_typesupport_fastrtps_c__pyext
[0.562s] Invoked command in '/home/yubinwang/turtlebot3_ws/build/turtlebot3_msgs' returned '0': CMAKE_PREFIX_PATH=/opt/ros/dashing /usr/bin/cmake --build /home/yubinwang/turtlebot3_ws/build/turtlebot3_msgs -- -j8 -l8
[0.880s] Invoking command in '/home/yubinwang/turtlebot3_ws/build/turtlebot3_msgs': CMAKE_PREFIX_PATH=/opt/ros/dashing /usr/bin/cmake --build /home/yubinwang/turtlebot3_ws/build/turtlebot3_msgs --target install -- -j8 -l8
[0.992s] [ 11%] Built target turtlebot3_msgs__rosidl_generator_c
[0.996s] [ 13%] Built target turtlebot3_msgs__cpp
[1.042s] [ 24%] Built target turtlebot3_msgs__rosidl_typesupport_introspection_c
[1.053s] [ 43%] Built target turtlebot3_msgs__rosidl_typesupport_introspection_cpp
[1.053s] [ 47%] Built target turtlebot3_msgs__rosidl_typesupport_fastrtps_cpp
[1.099s] [ 59%] Built target turtlebot3_msgs__rosidl_typesupport_cpp
[1.101s] [ 71%] Built target turtlebot3_msgs__rosidl_typesupport_fastrtps_c
[1.145s] [ 82%] Built target turtlebot3_msgs__rosidl_typesupport_c
[1.183s] [ 82%] Built target turtlebot3_msgs
[1.214s] [ 84%] Built target turtlebot3_msgs__py
[1.259s] [ 94%] Built target turtlebot3_msgs__python
[1.296s] [ 97%] Built target turtlebot3_msgs__rosidl_typesupport_fastrtps_c__pyext
[1.296s] [100%] Built target turtlebot3_msgs__rosidl_typesupport_c__pyext
[1.328s] [36mInstall the project...[0m
[1.341s] -- Install configuration: ""
[1.342s] -- Up-to-date: /home/yubinwang/turtlebot3_ws/install/turtlebot3_msgs/share/ament_index/resource_index/rosidl_interfaces/turtlebot3_msgs
[1.342s] -- Up-to-date: /home/yubinwang/turtlebot3_ws/install/turtlebot3_msgs/include/turtlebot3_msgs
[1.342s] -- Up-to-date: /home/yubinwang/turtlebot3_ws/install/turtlebot3_msgs/include/turtlebot3_msgs/msg
[1.342s] -- Up-to-date: /home/yubinwang/turtlebot3_ws/install/turtlebot3_msgs/include/turtlebot3_msgs/msg/sound__traits.hpp
[1.343s] -- Up-to-date: /home/yubinwang/turtlebot3_ws/install/turtlebot3_msgs/include/turtlebot3_msgs/msg/sensor_state__struct.hpp
[1.343s] -- Up-to-date: /home/yubinwang/turtlebot3_ws/install/turtlebot3_msgs/include/turtlebot3_msgs/msg/sensor_state.hpp
[1.343s] -- Up-to-date: /home/yubinwang/turtlebot3_ws/install/turtlebot3_msgs/include/turtlebot3_msgs/msg/version_info__traits.hpp
[1.343s] -- Up-to-date: /home/yubinwang/turtlebot3_ws/install/turtlebot3_msgs/include/turtlebot3_msgs/msg/version_info.hpp
[1.343s] -- Up-to-date: /home/yubinwang/turtlebot3_ws/install/turtlebot3_msgs/include/turtlebot3_msgs/msg/sensor_state__traits.hpp
[1.343s] -- Up-to-date: /home/yubinwang/turtlebot3_ws/install/turtlebot3_msgs/include/turtlebot3_msgs/msg/sound__struct.hpp
[1.343s] -- Up-to-date: /home/yubinwang/turtlebot3_ws/install/turtlebot3_msgs/include/turtlebot3_msgs/msg/sound.hpp
[1.344s] -- Up-to-date: /home/yubinwang/turtlebot3_ws/install/turtlebot3_msgs/include/turtlebot3_msgs/msg/version_info__struct.hpp
[1.344s] -- Up-to-date: /home/yubinwang/turtlebot3_ws/install/turtlebot3_msgs/include/turtlebot3_msgs/srv
[1.344s] -- Up-to-date: /home/yubinwang/turtlebot3_ws/install/turtlebot3_msgs/include/turtlebot3_msgs/srv/sound__traits.hpp
[1.344s] -- Up-to-date: /home/yubinwang/turtlebot3_ws/install/turtlebot3_msgs/include/turtlebot3_msgs/srv/dqn__struct.hpp
[1.344s] -- Up-to-date: /home/yubinwang/turtlebot3_ws/install/turtlebot3_msgs/include/turtlebot3_msgs/srv/dqn__traits.hpp
[1.344s] -- Up-to-date: /home/yubinwang/turtlebot3_ws/install/turtlebot3_msgs/include/turtlebot3_msgs/srv/dqn.hpp
[1.344s] -- Up-to-date: /home/yubinwang/turtlebot3_ws/install/turtlebot3_msgs/include/turtlebot3_msgs/srv/sound__struct.hpp
[1.344s] -- Up-to-date: /home/yubinwang/turtlebot3_ws/install/turtlebot3_msgs/include/turtlebot3_msgs/srv/sound.hpp
[1.345s] -- Up-to-date: /home/yubinwang/turtlebot3_ws/install/turtlebot3_msgs/include/turtlebot3_msgs/action
[1.345s] -- Up-to-date: /home/yubinwang/turtlebot3_ws/install/turtlebot3_msgs/include/turtlebot3_msgs/action/patrol__struct.hpp
[1.345s] -- Up-to-date: /home/yubinwang/turtlebot3_ws/install/turtlebot3_msgs/include/turtlebot3_msgs/action/patrol.hpp
[1.345s] -- Up-to-date: /home/yubinwang/turtlebot3_ws/install/turtlebot3_msgs/include/turtlebot3_msgs/action/patrol__traits.hpp
[1.345s] -- Up-to-date: /home/yubinwang/turtlebot3_ws/install/turtlebot3_msgs/include/turtlebot3_msgs
[1.345s] -- Up-to-date: /home/yubinwang/turtlebot3_ws/install/turtlebot3_msgs/include/turtlebot3_msgs/msg
[1.345s] -- Up-to-date: /home/yubinwang/turtlebot3_ws/install/turtlebot3_msgs/include/turtlebot3_msgs/msg/sensor_state__type_support.h
[1.346s] -- Up-to-date: /home/yubinwang/turtlebot3_ws/install/turtlebot3_msgs/include/turtlebot3_msgs/msg/version_info.h
[1.346s] -- Up-to-date: /home/yubinwang/turtlebot3_ws/install/turtlebot3_msgs/include/turtlebot3_msgs/msg/sensor_state__functions.c
[1.346s] -- Up-to-date: /home/yubinwang/turtlebot3_ws/install/turtlebot3_msgs/include/turtlebot3_msgs/msg/sensor_state__functions.h
[1.346s] -- Up-to-date: /home/yubinwang/turtlebot3_ws/install/turtlebot3_msgs/include/turtlebot3_msgs/msg/sensor_state__struct.h
[1.346s] -- Up-to-date: /home/yubinwang/turtlebot3_ws/install/turtlebot3_msgs/include/turtlebot3_msgs/msg/sound__type_support.h
[1.346s] -- Up-to-date: /home/yubinwang/turtlebot3_ws/install/turtlebot3_msgs/include/turtlebot3_msgs/msg/sensor_state.h
[1.346s] -- Up-to-date: /home/yubinwang/turtlebot3_ws/install/turtlebot3_msgs/include/turtlebot3_msgs/msg/sound__functions.c
[1.346s] -- Up-to-date: /home/yubinwang/turtlebot3_ws/install/turtlebot3_msgs/include/turtlebot3_msgs/msg/sound__functions.h
[1.347s] -- Up-to-date: /home/yubinwang/turtlebot3_ws/install/turtlebot3_msgs/include/turtlebot3_msgs/msg/sound.h
[1.347s] -- Up-to-date: /home/yubinwang/turtlebot3_ws/install/turtlebot3_msgs/include/turtlebot3_msgs/msg/version_info__type_support.h
[1.347s] -- Up-to-date: /home/yubinwang/turtlebot3_ws/install/turtlebot3_msgs/include/turtlebot3_msgs/msg/sound__struct.h
[1.347s] -- Up-to-date: /home/yubinwang/turtlebot3_ws/install/turtlebot3_msgs/include/turtlebot3_msgs/msg/version_info__struct.h
[1.347s] -- Up-to-date: /home/yubinwang/turtlebot3_ws/install/turtlebot3_msgs/include/turtlebot3_msgs/msg/rosidl_generator_c__visibility_control.h
[1.347s] -- Up-to-date: /home/yubinwang/turtlebot3_ws/install/turtlebot3_msgs/include/turtlebot3_msgs/msg/version_info__functions.c
[1.347s] -- Up-to-date: /home/yubinwang/turtlebot3_ws/install/turtlebot3_msgs/include/turtlebot3_msgs/msg/version_info__functions.h
[1.348s] -- Up-to-date: /home/yubinwang/turtlebot3_ws/install/turtlebot3_msgs/include/turtlebot3_msgs/srv
[1.348s] -- Up-to-date: /home/yubinwang/turtlebot3_ws/install/turtlebot3_msgs/include/turtlebot3_msgs/srv/dqn__functions.c
[1.348s] -- Up-to-date: /home/yubinwang/turtlebot3_ws/install/turtlebot3_msgs/include/turtlebot3_msgs/srv/dqn.h
[1.348s] -- Up-to-date: /home/yubinwang/turtlebot3_ws/install/turtlebot3_msgs/include/turtlebot3_msgs/srv/dqn__type_support.h
[1.348s] -- Up-to-date: /home/yubinwang/turtlebot3_ws/install/turtlebot3_msgs/include/turtlebot3_msgs/srv/sound__type_support.h
[1.348s] -- Up-to-date: /home/yubinwang/turtlebot3_ws/install/turtlebot3_msgs/include/turtlebot3_msgs/srv/sound__functions.c
[1.349s] -- Up-to-date: /home/yubinwang/turtlebot3_ws/install/turtlebot3_msgs/include/turtlebot3_msgs/srv/dqn__struct.h
[1.349s] -- Up-to-date: /home/yubinwang/turtlebot3_ws/install/turtlebot3_msgs/include/turtlebot3_msgs/srv/sound__functions.h
[1.349s] -- Up-to-date: /home/yubinwang/turtlebot3_ws/install/turtlebot3_msgs/include/turtlebot3_msgs/srv/sound.h
[1.349s] -- Up-to-date: /home/yubinwang/turtlebot3_ws/install/turtlebot3_msgs/include/turtlebot3_msgs/srv/sound__struct.h
[1.349s] -- Up-to-date: /home/yubinwang/turtlebot3_ws/install/turtlebot3_msgs/include/turtlebot3_msgs/srv/dqn__functions.h
[1.349s] -- Up-to-date: /home/yubinwang/turtlebot3_ws/install/turtlebot3_msgs/include/turtlebot3_msgs/action
[1.349s] -- Up-to-date: /home/yubinwang/turtlebot3_ws/install/turtlebot3_msgs/include/turtlebot3_msgs/action/patrol__type_support.h
[1.349s] -- Up-to-date: /home/yubinwang/turtlebot3_ws/install/turtlebot3_msgs/include/turtlebot3_msgs/action/patrol__functions.h
[1.350s] -- Up-to-date: /home/yubinwang/turtlebot3_ws/install/turtlebot3_msgs/include/turtlebot3_msgs/action/patrol__functions.c
[1.350s] -- Up-to-date: /home/yubinwang/turtlebot3_ws/install/turtlebot3_msgs/include/turtlebot3_msgs/action/patrol__struct.h
[1.350s] -- Up-to-date: /home/yubinwang/turtlebot3_ws/install/turtlebot3_msgs/include/turtlebot3_msgs/action/patrol.h
[1.350s] -- Up-to-date: /home/yubinwang/turtlebot3_ws/install/turtlebot3_msgs/share/turtlebot3_msgs/environment/library_path.sh
[1.350s] -- Up-to-date: /home/yubinwang/turtlebot3_ws/install/turtlebot3_msgs/lib/libturtlebot3_msgs__rosidl_generator_c.so
[1.350s] -- Up-to-date: /home/yubinwang/turtlebot3_ws/install/turtlebot3_msgs/lib/libturtlebot3_msgs__rosidl_typesupport_c.so
[1.350s] -- Up-to-date: /home/yubinwang/turtlebot3_ws/install/turtlebot3_msgs/lib/libturtlebot3_msgs__rosidl_typesupport_cpp.so
[1.350s] -- Up-to-date: /home/yubinwang/turtlebot3_ws/install/turtlebot3_msgs/include/turtlebot3_msgs
[1.350s] -- Up-to-date: /home/yubinwang/turtlebot3_ws/install/turtlebot3_msgs/include/turtlebot3_msgs/msg
[1.351s] -- Up-to-date: /home/yubinwang/turtlebot3_ws/install/turtlebot3_msgs/include/turtlebot3_msgs/msg/version_info__type_support.c
[1.351s] -- Up-to-date: /home/yubinwang/turtlebot3_ws/install/turtlebot3_msgs/include/turtlebot3_msgs/msg/sensor_state__type_support.c
[1.351s] -- Up-to-date: /home/yubinwang/turtlebot3_ws/install/turtlebot3_msgs/include/turtlebot3_msgs/msg/sound__type_support.c
[1.351s] -- Up-to-date: /home/yubinwang/turtlebot3_ws/install/turtlebot3_msgs/include/turtlebot3_msgs/msg/version_info__rosidl_typesupport_introspection_c.h
[1.351s] -- Up-to-date: /home/yubinwang/turtlebot3_ws/install/turtlebot3_msgs/include/turtlebot3_msgs/msg/rosidl_typesupport_introspection_c__visibility_control.h
[1.351s] -- Up-to-date: /home/yubinwang/turtlebot3_ws/install/turtlebot3_msgs/include/turtlebot3_msgs/msg/sound__rosidl_typesupport_introspection_c.h
[1.351s] -- Up-to-date: /home/yubinwang/turtlebot3_ws/install/turtlebot3_msgs/include/turtlebot3_msgs/msg/sensor_state__rosidl_typesupport_introspection_c.h
[1.351s] -- Up-to-date: /home/yubinwang/turtlebot3_ws/install/turtlebot3_msgs/include/turtlebot3_msgs/srv
[1.351s] -- Up-to-date: /home/yubinwang/turtlebot3_ws/install/turtlebot3_msgs/include/turtlebot3_msgs/srv/sound__type_support.c
[1.351s] -- Up-to-date: /home/yubinwang/turtlebot3_ws/install/turtlebot3_msgs/include/turtlebot3_msgs/srv/dqn__type_support.c
[1.351s] -- Up-to-date: /home/yubinwang/turtlebot3_ws/install/turtlebot3_msgs/include/turtlebot3_msgs/srv/dqn__rosidl_typesupport_introspection_c.h
[1.352s] -- Up-to-date: /home/yubinwang/turtlebot3_ws/install/turtlebot3_msgs/include/turtlebot3_msgs/srv/sound__rosidl_typesupport_introspection_c.h
[1.352s] -- Up-to-date: /home/yubinwang/turtlebot3_ws/install/turtlebot3_msgs/include/turtlebot3_msgs/action
[1.352s] -- Up-to-date: /home/yubinwang/turtlebot3_ws/install/turtlebot3_msgs/include/turtlebot3_msgs/action/patrol__rosidl_typesupport_introspection_c.h
[1.352s] -- Up-to-date: /home/yubinwang/turtlebot3_ws/install/turtlebot3_msgs/include/turtlebot3_msgs/action/patrol__type_support.c
[1.352s] -- Up-to-date: /home/yubinwang/turtlebot3_ws/install/turtlebot3_msgs/lib/libturtlebot3_msgs__rosidl_typesupport_introspection_c.so
[1.352s] -- Up-to-date: /home/yubinwang/turtlebot3_ws/install/turtlebot3_msgs/include/turtlebot3_msgs
[1.352s] -- Up-to-date: /home/yubinwang/turtlebot3_ws/install/turtlebot3_msgs/include/turtlebot3_msgs/msg
[1.352s] -- Up-to-date: /home/yubinwang/turtlebot3_ws/install/turtlebot3_msgs/include/turtlebot3_msgs/msg/sound__rosidl_typesupport_introspection_cpp.hpp
[1.353s] -- Up-to-date: /home/yubinwang/turtlebot3_ws/install/turtlebot3_msgs/include/turtlebot3_msgs/msg/sound__type_support.cpp
[1.353s] -- Up-to-date: /home/yubinwang/turtlebot3_ws/install/turtlebot3_msgs/include/turtlebot3_msgs/msg/version_info__type_support.cpp
[1.353s] -- Up-to-date: /home/yubinwang/turtlebot3_ws/install/turtlebot3_msgs/include/turtlebot3_msgs/msg/sensor_state__rosidl_typesupport_introspection_cpp.hpp
[1.353s] -- Up-to-date: /home/yubinwang/turtlebot3_ws/install/turtlebot3_msgs/include/turtlebot3_msgs/msg/sensor_state__type_support.cpp
[1.353s] -- Up-to-date: /home/yubinwang/turtlebot3_ws/install/turtlebot3_msgs/include/turtlebot3_msgs/msg/version_info__rosidl_typesupport_introspection_cpp.hpp
[1.353s] -- Up-to-date: /home/yubinwang/turtlebot3_ws/install/turtlebot3_msgs/include/turtlebot3_msgs/srv
[1.353s] -- Up-to-date: /home/yubinwang/turtlebot3_ws/install/turtlebot3_msgs/include/turtlebot3_msgs/srv/sound__rosidl_typesupport_introspection_cpp.hpp
[1.354s] -- Up-to-date: /home/yubinwang/turtlebot3_ws/install/turtlebot3_msgs/include/turtlebot3_msgs/srv/sound__type_support.cpp
[1.354s] -- Up-to-date: /home/yubinwang/turtlebot3_ws/install/turtlebot3_msgs/include/turtlebot3_msgs/srv/dqn__rosidl_typesupport_introspection_cpp.hpp
[1.354s] -- Up-to-date: /home/yubinwang/turtlebot3_ws/install/turtlebot3_msgs/include/turtlebot3_msgs/srv/dqn__type_support.cpp
[1.354s] -- Up-to-date: /home/yubinwang/turtlebot3_ws/install/turtlebot3_msgs/include/turtlebot3_msgs/action
[1.354s] -- Up-to-date: /home/yubinwang/turtlebot3_ws/install/turtlebot3_msgs/include/turtlebot3_msgs/action/patrol__type_support.cpp
[1.354s] -- Up-to-date: /home/yubinwang/turtlebot3_ws/install/turtlebot3_msgs/include/turtlebot3_msgs/action/patrol__rosidl_typesupport_introspection_cpp.hpp
[1.355s] -- Up-to-date: /home/yubinwang/turtlebot3_ws/install/turtlebot3_msgs/lib/libturtlebot3_msgs__rosidl_typesupport_introspection_cpp.so
[1.355s] -- Up-to-date: /home/yubinwang/turtlebot3_ws/install/turtlebot3_msgs/include/turtlebot3_msgs
[1.355s] -- Up-to-date: /home/yubinwang/turtlebot3_ws/install/turtlebot3_msgs/include/turtlebot3_msgs/msg
[1.355s] -- Up-to-date: /home/yubinwang/turtlebot3_ws/install/turtlebot3_msgs/include/turtlebot3_msgs/msg/sound__rosidl_typesupport_fastrtps_c.h
[1.355s] -- Up-to-date: /home/yubinwang/turtlebot3_ws/install/turtlebot3_msgs/include/turtlebot3_msgs/msg/version_info__rosidl_typesupport_fastrtps_c.h
[1.355s] -- Up-to-date: /home/yubinwang/turtlebot3_ws/install/turtlebot3_msgs/include/turtlebot3_msgs/msg/sensor_state__rosidl_typesupport_fastrtps_c.h
[1.355s] -- Up-to-date: /home/yubinwang/turtlebot3_ws/install/turtlebot3_msgs/include/turtlebot3_msgs/msg/rosidl_typesupport_fastrtps_c__visibility_control.h
[1.355s] -- Up-to-date: /home/yubinwang/turtlebot3_ws/install/turtlebot3_msgs/include/turtlebot3_msgs/srv
[1.356s] -- Up-to-date: /home/yubinwang/turtlebot3_ws/install/turtlebot3_msgs/include/turtlebot3_msgs/srv/dqn__rosidl_typesupport_fastrtps_c.h
[1.356s] -- Up-to-date: /home/yubinwang/turtlebot3_ws/install/turtlebot3_msgs/include/turtlebot3_msgs/srv/sound__rosidl_typesupport_fastrtps_c.h
[1.356s] -- Up-to-date: /home/yubinwang/turtlebot3_ws/install/turtlebot3_msgs/include/turtlebot3_msgs/action
[1.356s] -- Up-to-date: /home/yubinwang/turtlebot3_ws/install/turtlebot3_msgs/include/turtlebot3_msgs/action/patrol__rosidl_typesupport_fastrtps_c.h
[1.357s] -- Up-to-date: /home/yubinwang/turtlebot3_ws/install/turtlebot3_msgs/lib/libturtlebot3_msgs__rosidl_typesupport_fastrtps_c.so
[1.357s] -- Up-to-date: /home/yubinwang/turtlebot3_ws/install/turtlebot3_msgs/include/turtlebot3_msgs
[1.357s] -- Up-to-date: /home/yubinwang/turtlebot3_ws/install/turtlebot3_msgs/include/turtlebot3_msgs/msg
[1.357s] -- Up-to-date: /home/yubinwang/turtlebot3_ws/install/turtlebot3_msgs/include/turtlebot3_msgs/msg/dds_fastrtps
[1.357s] -- Up-to-date: /home/yubinwang/turtlebot3_ws/install/turtlebot3_msgs/include/turtlebot3_msgs/msg/rosidl_typesupport_fastrtps_cpp__visibility_control.h
[1.357s] -- Up-to-date: /home/yubinwang/turtlebot3_ws/install/turtlebot3_msgs/include/turtlebot3_msgs/msg/sound__rosidl_typesupport_fastrtps_cpp.hpp
[1.357s] -- Up-to-date: /home/yubinwang/turtlebot3_ws/install/turtlebot3_msgs/include/turtlebot3_msgs/msg/sensor_state__rosidl_typesupport_fastrtps_cpp.hpp
[1.357s] -- Up-to-date: /home/yubinwang/turtlebot3_ws/install/turtlebot3_msgs/include/turtlebot3_msgs/msg/version_info__rosidl_typesupport_fastrtps_cpp.hpp
[1.358s] -- Up-to-date: /home/yubinwang/turtlebot3_ws/install/turtlebot3_msgs/include/turtlebot3_msgs/srv
[1.358s] -- Up-to-date: /home/yubinwang/turtlebot3_ws/install/turtlebot3_msgs/include/turtlebot3_msgs/srv/dds_fastrtps
[1.358s] -- Up-to-date: /home/yubinwang/turtlebot3_ws/install/turtlebot3_msgs/include/turtlebot3_msgs/srv/dqn__rosidl_typesupport_fastrtps_cpp.hpp
[1.358s] -- Up-to-date: /home/yubinwang/turtlebot3_ws/install/turtlebot3_msgs/include/turtlebot3_msgs/srv/sound__rosidl_typesupport_fastrtps_cpp.hpp
[1.358s] -- Up-to-date: /home/yubinwang/turtlebot3_ws/install/turtlebot3_msgs/include/turtlebot3_msgs/action
[1.358s] -- Up-to-date: /home/yubinwang/turtlebot3_ws/install/turtlebot3_msgs/include/turtlebot3_msgs/action/patrol__rosidl_typesupport_fastrtps_cpp.hpp
[1.358s] -- Up-to-date: /home/yubinwang/turtlebot3_ws/install/turtlebot3_msgs/include/turtlebot3_msgs/action/dds_fastrtps
[1.358s] -- Up-to-date: /home/yubinwang/turtlebot3_ws/install/turtlebot3_msgs/lib/libturtlebot3_msgs__rosidl_typesupport_fastrtps_cpp.so
[1.359s] -- Up-to-date: /home/yubinwang/turtlebot3_ws/install/turtlebot3_msgs/share/turtlebot3_msgs/environment/pythonpath.sh
[1.359s] -- Up-to-date: /home/yubinwang/turtlebot3_ws/install/turtlebot3_msgs/lib/python3.6/site-packages/turtlebot3_msgs/__init__.py
[1.409s] -- Up-to-date: /home/yubinwang/turtlebot3_ws/install/turtlebot3_msgs/lib/python3.6/site-packages/turtlebot3_msgs/msg
[1.409s] -- Up-to-date: /home/yubinwang/turtlebot3_ws/install/turtlebot3_msgs/lib/python3.6/site-packages/turtlebot3_msgs/msg/_version_info_s.c
[1.410s] -- Up-to-date: /home/yubinwang/turtlebot3_ws/install/turtlebot3_msgs/lib/python3.6/site-packages/turtlebot3_msgs/msg/_version_info.py
[1.410s] -- Up-to-date: /home/yubinwang/turtlebot3_ws/install/turtlebot3_msgs/lib/python3.6/site-packages/turtlebot3_msgs/msg/_sensor_state.py
[1.410s] -- Up-to-date: /home/yubinwang/turtlebot3_ws/install/turtlebot3_msgs/lib/python3.6/site-packages/turtlebot3_msgs/msg/_sound.py
[1.410s] -- Up-to-date: /home/yubinwang/turtlebot3_ws/install/turtlebot3_msgs/lib/python3.6/site-packages/turtlebot3_msgs/msg/_sound_s.c
[1.411s] -- Up-to-date: /home/yubinwang/turtlebot3_ws/install/turtlebot3_msgs/lib/python3.6/site-packages/turtlebot3_msgs/msg/__init__.py
[1.411s] -- Up-to-date: /home/yubinwang/turtlebot3_ws/install/turtlebot3_msgs/lib/python3.6/site-packages/turtlebot3_msgs/msg/_sensor_state_s.c
[1.411s] -- Up-to-date: /home/yubinwang/turtlebot3_ws/install/turtlebot3_msgs/lib/python3.6/site-packages/turtlebot3_msgs/srv
[1.411s] -- Up-to-date: /home/yubinwang/turtlebot3_ws/install/turtlebot3_msgs/lib/python3.6/site-packages/turtlebot3_msgs/srv/_dqn.py
[1.411s] -- Up-to-date: /home/yubinwang/turtlebot3_ws/install/turtlebot3_msgs/lib/python3.6/site-packages/turtlebot3_msgs/srv/_dqn_s.c
[1.411s] -- Up-to-date: /home/yubinwang/turtlebot3_ws/install/turtlebot3_msgs/lib/python3.6/site-packages/turtlebot3_msgs/srv/_sound.py
[1.411s] -- Up-to-date: /home/yubinwang/turtlebot3_ws/install/turtlebot3_msgs/lib/python3.6/site-packages/turtlebot3_msgs/srv/_sound_s.c
[1.412s] -- Up-to-date: /home/yubinwang/turtlebot3_ws/install/turtlebot3_msgs/lib/python3.6/site-packages/turtlebot3_msgs/srv/__init__.py
[1.412s] -- Up-to-date: /home/yubinwang/turtlebot3_ws/install/turtlebot3_msgs/lib/python3.6/site-packages/turtlebot3_msgs/action
[1.412s] -- Up-to-date: /home/yubinwang/turtlebot3_ws/install/turtlebot3_msgs/lib/python3.6/site-packages/turtlebot3_msgs/action/_patrol_s.c
[1.412s] -- Up-to-date: /home/yubinwang/turtlebot3_ws/install/turtlebot3_msgs/lib/python3.6/site-packages/turtlebot3_msgs/action/_patrol.py
[1.412s] -- Up-to-date: /home/yubinwang/turtlebot3_ws/install/turtlebot3_msgs/lib/python3.6/site-packages/turtlebot3_msgs/action/__init__.py
[1.412s] -- Up-to-date: /home/yubinwang/turtlebot3_ws/install/turtlebot3_msgs/lib/python3.6/site-packages/turtlebot3_msgs/turtlebot3_msgs_s__rosidl_typesupport_c.cpython-36m-x86_64-linux-gnu.so
[1.413s] -- Up-to-date: /home/yubinwang/turtlebot3_ws/install/turtlebot3_msgs/lib/python3.6/site-packages/turtlebot3_msgs/turtlebot3_msgs_s__rosidl_typesupport_fastrtps_c.cpython-36m-x86_64-linux-gnu.so
[1.414s] -- Up-to-date: /home/yubinwang/turtlebot3_ws/install/turtlebot3_msgs/lib/libturtlebot3_msgs__python.so
[1.414s] -- Up-to-date: /home/yubinwang/turtlebot3_ws/install/turtlebot3_msgs/share/turtlebot3_msgs/msg/SensorState.idl
[1.415s] -- Up-to-date: /home/yubinwang/turtlebot3_ws/install/turtlebot3_msgs/share/turtlebot3_msgs/msg/Sound.idl
[1.415s] -- Up-to-date: /home/yubinwang/turtlebot3_ws/install/turtlebot3_msgs/share/turtlebot3_msgs/msg/VersionInfo.idl
[1.415s] -- Up-to-date: /home/yubinwang/turtlebot3_ws/install/turtlebot3_msgs/share/turtlebot3_msgs/srv/Sound.idl
[1.415s] -- Up-to-date: /home/yubinwang/turtlebot3_ws/install/turtlebot3_msgs/share/turtlebot3_msgs/srv/Dqn.idl
[1.416s] -- Up-to-date: /home/yubinwang/turtlebot3_ws/install/turtlebot3_msgs/share/turtlebot3_msgs/action/Patrol.idl
[1.416s] -- Up-to-date: /home/yubinwang/turtlebot3_ws/install/turtlebot3_msgs/share/turtlebot3_msgs/msg/SensorState.msg
[1.416s] -- Up-to-date: /home/yubinwang/turtlebot3_ws/install/turtlebot3_msgs/share/turtlebot3_msgs/msg/Sound.msg
[1.417s] -- Up-to-date: /home/yubinwang/turtlebot3_ws/install/turtlebot3_msgs/share/turtlebot3_msgs/msg/VersionInfo.msg
[1.417s] -- Up-to-date: /home/yubinwang/turtlebot3_ws/install/turtlebot3_msgs/share/turtlebot3_msgs/srv/Sound.srv
[1.417s] -- Up-to-date: /home/yubinwang/turtlebot3_ws/install/turtlebot3_msgs/share/turtlebot3_msgs/srv/Sound_Request.msg
[1.417s] -- Up-to-date: /home/yubinwang/turtlebot3_ws/install/turtlebot3_msgs/share/turtlebot3_msgs/srv/Sound_Response.msg
[1.417s] -- Up-to-date: /home/yubinwang/turtlebot3_ws/install/turtlebot3_msgs/share/turtlebot3_msgs/srv/Dqn.srv
[1.417s] -- Up-to-date: /home/yubinwang/turtlebot3_ws/install/turtlebot3_msgs/share/turtlebot3_msgs/srv/Dqn_Request.msg
[1.417s] -- Up-to-date: /home/yubinwang/turtlebot3_ws/install/turtlebot3_msgs/share/turtlebot3_msgs/srv/Dqn_Response.msg
[1.417s] -- Up-to-date: /home/yubinwang/turtlebot3_ws/install/turtlebot3_msgs/share/turtlebot3_msgs/action/Patrol.action
[1.417s] -- Up-to-date: /home/yubinwang/turtlebot3_ws/install/turtlebot3_msgs/share/ament_index/resource_index/package_run_dependencies/turtlebot3_msgs
[1.417s] -- Up-to-date: /home/yubinwang/turtlebot3_ws/install/turtlebot3_msgs/share/ament_index/resource_index/parent_prefix_path/turtlebot3_msgs
[1.418s] -- Up-to-date: /home/yubinwang/turtlebot3_ws/install/turtlebot3_msgs/share/turtlebot3_msgs/environment/ament_prefix_path.sh
[1.418s] -- Up-to-date: /home/yubinwang/turtlebot3_ws/install/turtlebot3_msgs/share/turtlebot3_msgs/environment/path.sh
[1.418s] -- Up-to-date: /home/yubinwang/turtlebot3_ws/install/turtlebot3_msgs/share/turtlebot3_msgs/local_setup.bash
[1.418s] -- Up-to-date: /home/yubinwang/turtlebot3_ws/install/turtlebot3_msgs/share/turtlebot3_msgs/local_setup.sh
[1.418s] -- Up-to-date: /home/yubinwang/turtlebot3_ws/install/turtlebot3_msgs/share/turtlebot3_msgs/local_setup.zsh
[1.418s] -- Up-to-date: /home/yubinwang/turtlebot3_ws/install/turtlebot3_msgs/share/ament_index/resource_index/packages/turtlebot3_msgs
[1.418s] -- Up-to-date: /home/yubinwang/turtlebot3_ws/install/turtlebot3_msgs/share/turtlebot3_msgs/cmake/rosidl_cmake-extras.cmake
[1.418s] -- Up-to-date: /home/yubinwang/turtlebot3_ws/install/turtlebot3_msgs/share/turtlebot3_msgs/cmake/ament_cmake_export_dependencies-extras.cmake
[1.418s] -- Up-to-date: /home/yubinwang/turtlebot3_ws/install/turtlebot3_msgs/share/turtlebot3_msgs/cmake/ament_cmake_export_include_directories-extras.cmake
[1.418s] -- Up-to-date: /home/yubinwang/turtlebot3_ws/install/turtlebot3_msgs/share/turtlebot3_msgs/cmake/ament_cmake_export_libraries-extras.cmake
[1.419s] -- Up-to-date: /home/yubinwang/turtlebot3_ws/install/turtlebot3_msgs/share/turtlebot3_msgs/cmake/turtlebot3_msgsConfig.cmake
[1.419s] -- Up-to-date: /home/yubinwang/turtlebot3_ws/install/turtlebot3_msgs/share/turtlebot3_msgs/cmake/turtlebot3_msgsConfig-version.cmake
[1.419s] -- Up-to-date: /home/yubinwang/turtlebot3_ws/install/turtlebot3_msgs/share/turtlebot3_msgs/package.xml
[1.423s] Invoked command in '/home/yubinwang/turtlebot3_ws/build/turtlebot3_msgs' returned '0': CMAKE_PREFIX_PATH=/opt/ros/dashing /usr/bin/cmake --build /home/yubinwang/turtlebot3_ws/build/turtlebot3_msgs --target install -- -j8 -l8
