[0.081s] Invoking command in '/home/yubinwang/turtlebot3_ws/build/turtlebot3_msgs': CMAKE_PREFIX_PATH=${CMAKE_PREFIX_PATH}:/home/yubinwang/turtlebot3_ws/install/turtlebot3_teleop:/home/yubinwang/turtlebot3_ws/install/turtlebot3_example:/opt/ros/dashing /usr/bin/cmake --build /home/yubinwang/turtlebot3_ws/build/turtlebot3_msgs -- -j8 -l8
[0.788s] [  1%] Built target turtlebot3_msgs__cpp
[0.789s] [ 13%] Built target turtlebot3_msgs__rosidl_generator_c
[0.789s] [ 24%] Built target turtlebot3_msgs__rosidl_typesupport_introspection_cpp
[0.789s] [ 36%] Built target turtlebot3_msgs__rosidl_typesupport_introspection_c
[0.789s] [ 47%] Built target turtlebot3_msgs__rosidl_typesupport_fastrtps_cpp
[0.789s] [ 59%] Built target turtlebot3_msgs__rosidl_typesupport_fastrtps_c
[0.789s] [ 71%] Built target turtlebot3_msgs__rosidl_typesupport_cpp
[0.789s] [ 82%] Built target turtlebot3_msgs__rosidl_typesupport_c
[0.790s] [ 82%] Built target turtlebot3_msgs
[0.790s] [ 84%] Built target turtlebot3_msgs__py
[0.790s] [ 94%] Built target turtlebot3_msgs__python
[0.790s] [ 97%] Built target turtlebot3_msgs__rosidl_typesupport_fastrtps_c__pyext
[0.790s] [100%] Built target turtlebot3_msgs__rosidl_typesupport_c__pyext
[0.806s] Invoked command in '/home/yubinwang/turtlebot3_ws/build/turtlebot3_msgs' returned '0': CMAKE_PREFIX_PATH=${CMAKE_PREFIX_PATH}:/home/yubinwang/turtlebot3_ws/install/turtlebot3_teleop:/home/yubinwang/turtlebot3_ws/install/turtlebot3_example:/opt/ros/dashing /usr/bin/cmake --build /home/yubinwang/turtlebot3_ws/build/turtlebot3_msgs -- -j8 -l8
[1.502s] Invoking command in '/home/yubinwang/turtlebot3_ws/build/turtlebot3_msgs': CMAKE_PREFIX_PATH=${CMAKE_PREFIX_PATH}:/home/yubinwang/turtlebot3_ws/install/turtlebot3_teleop:/home/yubinwang/turtlebot3_ws/install/turtlebot3_example:/opt/ros/dashing /usr/bin/cmake --build /home/yubinwang/turtlebot3_ws/build/turtlebot3_msgs --target install -- -j8 -l8
[1.609s] [  1%] Built target turtlebot3_msgs__cpp
[1.617s] [ 13%] Built target turtlebot3_msgs__rosidl_generator_c
[1.653s] [ 24%] Built target turtlebot3_msgs__rosidl_typesupport_fastrtps_cpp
[1.659s] [ 36%] Built target turtlebot3_msgs__rosidl_typesupport_introspection_cpp
[1.663s] [ 47%] Built target turtlebot3_msgs__rosidl_typesupport_introspection_c
[1.708s] [ 59%] Built target turtlebot3_msgs__rosidl_typesupport_fastrtps_c
[1.712s] [ 71%] Built target turtlebot3_msgs__rosidl_typesupport_cpp
[1.761s] [ 82%] Built target turtlebot3_msgs__rosidl_typesupport_c
[1.794s] [ 82%] Built target turtlebot3_msgs
[1.834s] [ 84%] Built target turtlebot3_msgs__py
[1.882s] [ 94%] Built target turtlebot3_msgs__python
[1.933s] [ 97%] Built target turtlebot3_msgs__rosidl_typesupport_fastrtps_c__pyext
[1.933s] [100%] Built target turtlebot3_msgs__rosidl_typesupport_c__pyext
[1.967s] [36mInstall the project...[0m
[1.986s] -- Install configuration: ""
[1.986s] -- Up-to-date: /home/yubinwang/turtlebot3_ws/install/turtlebot3_msgs/share/ament_index/resource_index/rosidl_interfaces/turtlebot3_msgs
[1.987s] -- Up-to-date: /home/yubinwang/turtlebot3_ws/install/turtlebot3_msgs/include/turtlebot3_msgs
[1.987s] -- Up-to-date: /home/yubinwang/turtlebot3_ws/install/turtlebot3_msgs/include/turtlebot3_msgs/msg
[1.987s] -- Up-to-date: /home/yubinwang/turtlebot3_ws/install/turtlebot3_msgs/include/turtlebot3_msgs/msg/sound__traits.hpp
[1.987s] -- Up-to-date: /home/yubinwang/turtlebot3_ws/install/turtlebot3_msgs/include/turtlebot3_msgs/msg/sensor_state__struct.hpp
[1.988s] -- Up-to-date: /home/yubinwang/turtlebot3_ws/install/turtlebot3_msgs/include/turtlebot3_msgs/msg/sensor_state.hpp
[1.988s] -- Up-to-date: /home/yubinwang/turtlebot3_ws/install/turtlebot3_msgs/include/turtlebot3_msgs/msg/version_info__traits.hpp
[1.988s] -- Up-to-date: /home/yubinwang/turtlebot3_ws/install/turtlebot3_msgs/include/turtlebot3_msgs/msg/version_info.hpp
[1.988s] -- Up-to-date: /home/yubinwang/turtlebot3_ws/install/turtlebot3_msgs/include/turtlebot3_msgs/msg/sensor_state__traits.hpp
[1.989s] -- Up-to-date: /home/yubinwang/turtlebot3_ws/install/turtlebot3_msgs/include/turtlebot3_msgs/msg/sound__struct.hpp
[1.989s] -- Up-to-date: /home/yubinwang/turtlebot3_ws/install/turtlebot3_msgs/include/turtlebot3_msgs/msg/sound.hpp
[1.990s] -- Up-to-date: /home/yubinwang/turtlebot3_ws/install/turtlebot3_msgs/include/turtlebot3_msgs/msg/version_info__struct.hpp
[1.990s] -- Up-to-date: /home/yubinwang/turtlebot3_ws/install/turtlebot3_msgs/include/turtlebot3_msgs/srv
[1.990s] -- Up-to-date: /home/yubinwang/turtlebot3_ws/install/turtlebot3_msgs/include/turtlebot3_msgs/srv/sound__traits.hpp
[1.990s] -- Up-to-date: /home/yubinwang/turtlebot3_ws/install/turtlebot3_msgs/include/turtlebot3_msgs/srv/dqn__struct.hpp
[1.991s] -- Up-to-date: /home/yubinwang/turtlebot3_ws/install/turtlebot3_msgs/include/turtlebot3_msgs/srv/dqn__traits.hpp
[1.991s] -- Up-to-date: /home/yubinwang/turtlebot3_ws/install/turtlebot3_msgs/include/turtlebot3_msgs/srv/dqn.hpp
[1.991s] -- Up-to-date: /home/yubinwang/turtlebot3_ws/install/turtlebot3_msgs/include/turtlebot3_msgs/srv/sound__struct.hpp
[1.991s] -- Up-to-date: /home/yubinwang/turtlebot3_ws/install/turtlebot3_msgs/include/turtlebot3_msgs/srv/sound.hpp
[1.991s] -- Up-to-date: /home/yubinwang/turtlebot3_ws/install/turtlebot3_msgs/include/turtlebot3_msgs/action
[1.991s] -- Up-to-date: /home/yubinwang/turtlebot3_ws/install/turtlebot3_msgs/include/turtlebot3_msgs/action/patrol__struct.hpp
[1.992s] -- Up-to-date: /home/yubinwang/turtlebot3_ws/install/turtlebot3_msgs/include/turtlebot3_msgs/action/patrol.hpp
[1.992s] -- Up-to-date: /home/yubinwang/turtlebot3_ws/install/turtlebot3_msgs/include/turtlebot3_msgs/action/patrol__traits.hpp
[1.992s] -- Up-to-date: /home/yubinwang/turtlebot3_ws/install/turtlebot3_msgs/include/turtlebot3_msgs
[1.992s] -- Up-to-date: /home/yubinwang/turtlebot3_ws/install/turtlebot3_msgs/include/turtlebot3_msgs/msg
[1.992s] -- Up-to-date: /home/yubinwang/turtlebot3_ws/install/turtlebot3_msgs/include/turtlebot3_msgs/msg/sensor_state__type_support.h
[1.992s] -- Up-to-date: /home/yubinwang/turtlebot3_ws/install/turtlebot3_msgs/include/turtlebot3_msgs/msg/version_info.h
[1.992s] -- Up-to-date: /home/yubinwang/turtlebot3_ws/install/turtlebot3_msgs/include/turtlebot3_msgs/msg/sensor_state__functions.c
[1.992s] -- Up-to-date: /home/yubinwang/turtlebot3_ws/install/turtlebot3_msgs/include/turtlebot3_msgs/msg/sensor_state__functions.h
[1.992s] -- Up-to-date: /home/yubinwang/turtlebot3_ws/install/turtlebot3_msgs/include/turtlebot3_msgs/msg/sensor_state__struct.h
[1.992s] -- Up-to-date: /home/yubinwang/turtlebot3_ws/install/turtlebot3_msgs/include/turtlebot3_msgs/msg/sound__type_support.h
[1.992s] -- Up-to-date: /home/yubinwang/turtlebot3_ws/install/turtlebot3_msgs/include/turtlebot3_msgs/msg/sensor_state.h
[1.993s] -- Up-to-date: /home/yubinwang/turtlebot3_ws/install/turtlebot3_msgs/include/turtlebot3_msgs/msg/sound__functions.c
[1.993s] -- Up-to-date: /home/yubinwang/turtlebot3_ws/install/turtlebot3_msgs/include/turtlebot3_msgs/msg/sound__functions.h
[1.993s] -- Up-to-date: /home/yubinwang/turtlebot3_ws/install/turtlebot3_msgs/include/turtlebot3_msgs/msg/sound.h
[1.993s] -- Up-to-date: /home/yubinwang/turtlebot3_ws/install/turtlebot3_msgs/include/turtlebot3_msgs/msg/version_info__type_support.h
[1.993s] -- Up-to-date: /home/yubinwang/turtlebot3_ws/install/turtlebot3_msgs/include/turtlebot3_msgs/msg/sound__struct.h
[1.993s] -- Up-to-date: /home/yubinwang/turtlebot3_ws/install/turtlebot3_msgs/include/turtlebot3_msgs/msg/version_info__struct.h
[1.993s] -- Up-to-date: /home/yubinwang/turtlebot3_ws/install/turtlebot3_msgs/include/turtlebot3_msgs/msg/rosidl_generator_c__visibility_control.h
[1.993s] -- Up-to-date: /home/yubinwang/turtlebot3_ws/install/turtlebot3_msgs/include/turtlebot3_msgs/msg/version_info__functions.c
[1.993s] -- Up-to-date: /home/yubinwang/turtlebot3_ws/install/turtlebot3_msgs/include/turtlebot3_msgs/msg/version_info__functions.h
[1.993s] -- Up-to-date: /home/yubinwang/turtlebot3_ws/install/turtlebot3_msgs/include/turtlebot3_msgs/srv
[1.993s] -- Up-to-date: /home/yubinwang/turtlebot3_ws/install/turtlebot3_msgs/include/turtlebot3_msgs/srv/dqn__functions.c
[1.994s] -- Up-to-date: /home/yubinwang/turtlebot3_ws/install/turtlebot3_msgs/include/turtlebot3_msgs/srv/dqn.h
[1.994s] -- Up-to-date: /home/yubinwang/turtlebot3_ws/install/turtlebot3_msgs/include/turtlebot3_msgs/srv/dqn__type_support.h
[1.994s] -- Up-to-date: /home/yubinwang/turtlebot3_ws/install/turtlebot3_msgs/include/turtlebot3_msgs/srv/sound__type_support.h
[1.994s] -- Up-to-date: /home/yubinwang/turtlebot3_ws/install/turtlebot3_msgs/include/turtlebot3_msgs/srv/sound__functions.c
[1.994s] -- Up-to-date: /home/yubinwang/turtlebot3_ws/install/turtlebot3_msgs/include/turtlebot3_msgs/srv/dqn__struct.h
[1.994s] -- Up-to-date: /home/yubinwang/turtlebot3_ws/install/turtlebot3_msgs/include/turtlebot3_msgs/srv/sound__functions.h
[1.994s] -- Up-to-date: /home/yubinwang/turtlebot3_ws/install/turtlebot3_msgs/include/turtlebot3_msgs/srv/sound.h
[1.994s] -- Up-to-date: /home/yubinwang/turtlebot3_ws/install/turtlebot3_msgs/include/turtlebot3_msgs/srv/sound__struct.h
[1.994s] -- Up-to-date: /home/yubinwang/turtlebot3_ws/install/turtlebot3_msgs/include/turtlebot3_msgs/srv/dqn__functions.h
[1.994s] -- Up-to-date: /home/yubinwang/turtlebot3_ws/install/turtlebot3_msgs/include/turtlebot3_msgs/action
[1.994s] -- Up-to-date: /home/yubinwang/turtlebot3_ws/install/turtlebot3_msgs/include/turtlebot3_msgs/action/patrol__type_support.h
[1.994s] -- Up-to-date: /home/yubinwang/turtlebot3_ws/install/turtlebot3_msgs/include/turtlebot3_msgs/action/patrol__functions.h
[1.995s] -- Up-to-date: /home/yubinwang/turtlebot3_ws/install/turtlebot3_msgs/include/turtlebot3_msgs/action/patrol__functions.c
[1.995s] -- Up-to-date: /home/yubinwang/turtlebot3_ws/install/turtlebot3_msgs/include/turtlebot3_msgs/action/patrol__struct.h
[1.995s] -- Up-to-date: /home/yubinwang/turtlebot3_ws/install/turtlebot3_msgs/include/turtlebot3_msgs/action/patrol.h
[1.995s] -- Up-to-date: /home/yubinwang/turtlebot3_ws/install/turtlebot3_msgs/share/turtlebot3_msgs/environment/library_path.sh
[1.995s] -- Up-to-date: /home/yubinwang/turtlebot3_ws/install/turtlebot3_msgs/lib/libturtlebot3_msgs__rosidl_generator_c.so
[1.995s] -- Up-to-date: /home/yubinwang/turtlebot3_ws/install/turtlebot3_msgs/lib/libturtlebot3_msgs__rosidl_typesupport_c.so
[1.995s] -- Up-to-date: /home/yubinwang/turtlebot3_ws/install/turtlebot3_msgs/lib/libturtlebot3_msgs__rosidl_typesupport_cpp.so
[1.995s] -- Up-to-date: /home/yubinwang/turtlebot3_ws/install/turtlebot3_msgs/include/turtlebot3_msgs
[1.995s] -- Up-to-date: /home/yubinwang/turtlebot3_ws/install/turtlebot3_msgs/include/turtlebot3_msgs/msg
[1.995s] -- Up-to-date: /home/yubinwang/turtlebot3_ws/install/turtlebot3_msgs/include/turtlebot3_msgs/msg/version_info__type_support.c
[1.995s] -- Up-to-date: /home/yubinwang/turtlebot3_ws/install/turtlebot3_msgs/include/turtlebot3_msgs/msg/sensor_state__type_support.c
[1.995s] -- Up-to-date: /home/yubinwang/turtlebot3_ws/install/turtlebot3_msgs/include/turtlebot3_msgs/msg/sound__type_support.c
[1.995s] -- Up-to-date: /home/yubinwang/turtlebot3_ws/install/turtlebot3_msgs/include/turtlebot3_msgs/msg/version_info__rosidl_typesupport_introspection_c.h
[1.996s] -- Up-to-date: /home/yubinwang/turtlebot3_ws/install/turtlebot3_msgs/include/turtlebot3_msgs/msg/rosidl_typesupport_introspection_c__visibility_control.h
[1.996s] -- Up-to-date: /home/yubinwang/turtlebot3_ws/install/turtlebot3_msgs/include/turtlebot3_msgs/msg/sound__rosidl_typesupport_introspection_c.h
[1.996s] -- Up-to-date: /home/yubinwang/turtlebot3_ws/install/turtlebot3_msgs/include/turtlebot3_msgs/msg/sensor_state__rosidl_typesupport_introspection_c.h
[1.996s] -- Up-to-date: /home/yubinwang/turtlebot3_ws/install/turtlebot3_msgs/include/turtlebot3_msgs/srv
[1.996s] -- Up-to-date: /home/yubinwang/turtlebot3_ws/install/turtlebot3_msgs/include/turtlebot3_msgs/srv/sound__type_support.c
[1.996s] -- Up-to-date: /home/yubinwang/turtlebot3_ws/install/turtlebot3_msgs/include/turtlebot3_msgs/srv/dqn__type_support.c
[1.996s] -- Up-to-date: /home/yubinwang/turtlebot3_ws/install/turtlebot3_msgs/include/turtlebot3_msgs/srv/dqn__rosidl_typesupport_introspection_c.h
[1.996s] -- Up-to-date: /home/yubinwang/turtlebot3_ws/install/turtlebot3_msgs/include/turtlebot3_msgs/srv/sound__rosidl_typesupport_introspection_c.h
[1.996s] -- Up-to-date: /home/yubinwang/turtlebot3_ws/install/turtlebot3_msgs/include/turtlebot3_msgs/action
[1.996s] -- Up-to-date: /home/yubinwang/turtlebot3_ws/install/turtlebot3_msgs/include/turtlebot3_msgs/action/patrol__rosidl_typesupport_introspection_c.h
[1.996s] -- Up-to-date: /home/yubinwang/turtlebot3_ws/install/turtlebot3_msgs/include/turtlebot3_msgs/action/patrol__type_support.c
[1.997s] -- Up-to-date: /home/yubinwang/turtlebot3_ws/install/turtlebot3_msgs/lib/libturtlebot3_msgs__rosidl_typesupport_introspection_c.so
[1.997s] -- Up-to-date: /home/yubinwang/turtlebot3_ws/install/turtlebot3_msgs/include/turtlebot3_msgs
[1.997s] -- Up-to-date: /home/yubinwang/turtlebot3_ws/install/turtlebot3_msgs/include/turtlebot3_msgs/msg
[1.997s] -- Up-to-date: /home/yubinwang/turtlebot3_ws/install/turtlebot3_msgs/include/turtlebot3_msgs/msg/sound__rosidl_typesupport_introspection_cpp.hpp
[1.997s] -- Up-to-date: /home/yubinwang/turtlebot3_ws/install/turtlebot3_msgs/include/turtlebot3_msgs/msg/sound__type_support.cpp
[1.997s] -- Up-to-date: /home/yubinwang/turtlebot3_ws/install/turtlebot3_msgs/include/turtlebot3_msgs/msg/version_info__type_support.cpp
[1.997s] -- Up-to-date: /home/yubinwang/turtlebot3_ws/install/turtlebot3_msgs/include/turtlebot3_msgs/msg/sensor_state__rosidl_typesupport_introspection_cpp.hpp
[1.997s] -- Up-to-date: /home/yubinwang/turtlebot3_ws/install/turtlebot3_msgs/include/turtlebot3_msgs/msg/sensor_state__type_support.cpp
[1.997s] -- Up-to-date: /home/yubinwang/turtlebot3_ws/install/turtlebot3_msgs/include/turtlebot3_msgs/msg/version_info__rosidl_typesupport_introspection_cpp.hpp
[1.998s] -- Up-to-date: /home/yubinwang/turtlebot3_ws/install/turtlebot3_msgs/include/turtlebot3_msgs/srv
[1.998s] -- Up-to-date: /home/yubinwang/turtlebot3_ws/install/turtlebot3_msgs/include/turtlebot3_msgs/srv/sound__rosidl_typesupport_introspection_cpp.hpp
[1.998s] -- Up-to-date: /home/yubinwang/turtlebot3_ws/install/turtlebot3_msgs/include/turtlebot3_msgs/srv/sound__type_support.cpp
[1.998s] -- Up-to-date: /home/yubinwang/turtlebot3_ws/install/turtlebot3_msgs/include/turtlebot3_msgs/srv/dqn__rosidl_typesupport_introspection_cpp.hpp
[1.998s] -- Up-to-date: /home/yubinwang/turtlebot3_ws/install/turtlebot3_msgs/include/turtlebot3_msgs/srv/dqn__type_support.cpp
[1.998s] -- Up-to-date: /home/yubinwang/turtlebot3_ws/install/turtlebot3_msgs/include/turtlebot3_msgs/action
[1.998s] -- Up-to-date: /home/yubinwang/turtlebot3_ws/install/turtlebot3_msgs/include/turtlebot3_msgs/action/patrol__type_support.cpp
[1.999s] -- Up-to-date: /home/yubinwang/turtlebot3_ws/install/turtlebot3_msgs/include/turtlebot3_msgs/action/patrol__rosidl_typesupport_introspection_cpp.hpp
[1.999s] -- Up-to-date: /home/yubinwang/turtlebot3_ws/install/turtlebot3_msgs/lib/libturtlebot3_msgs__rosidl_typesupport_introspection_cpp.so
[1.999s] -- Up-to-date: /home/yubinwang/turtlebot3_ws/install/turtlebot3_msgs/include/turtlebot3_msgs
[1.999s] -- Up-to-date: /home/yubinwang/turtlebot3_ws/install/turtlebot3_msgs/include/turtlebot3_msgs/msg
[1.999s] -- Up-to-date: /home/yubinwang/turtlebot3_ws/install/turtlebot3_msgs/include/turtlebot3_msgs/msg/sound__rosidl_typesupport_fastrtps_c.h
[1.999s] -- Up-to-date: /home/yubinwang/turtlebot3_ws/install/turtlebot3_msgs/include/turtlebot3_msgs/msg/version_info__rosidl_typesupport_fastrtps_c.h
[2.000s] -- Up-to-date: /home/yubinwang/turtlebot3_ws/install/turtlebot3_msgs/include/turtlebot3_msgs/msg/sensor_state__rosidl_typesupport_fastrtps_c.h
[2.000s] -- Up-to-date: /home/yubinwang/turtlebot3_ws/install/turtlebot3_msgs/include/turtlebot3_msgs/msg/rosidl_typesupport_fastrtps_c__visibility_control.h
[2.000s] -- Up-to-date: /home/yubinwang/turtlebot3_ws/install/turtlebot3_msgs/include/turtlebot3_msgs/srv
[2.000s] -- Up-to-date: /home/yubinwang/turtlebot3_ws/install/turtlebot3_msgs/include/turtlebot3_msgs/srv/dqn__rosidl_typesupport_fastrtps_c.h
[2.000s] -- Up-to-date: /home/yubinwang/turtlebot3_ws/install/turtlebot3_msgs/include/turtlebot3_msgs/srv/sound__rosidl_typesupport_fastrtps_c.h
[2.001s] -- Up-to-date: /home/yubinwang/turtlebot3_ws/install/turtlebot3_msgs/include/turtlebot3_msgs/action
[2.001s] -- Up-to-date: /home/yubinwang/turtlebot3_ws/install/turtlebot3_msgs/include/turtlebot3_msgs/action/patrol__rosidl_typesupport_fastrtps_c.h
[2.001s] -- Up-to-date: /home/yubinwang/turtlebot3_ws/install/turtlebot3_msgs/lib/libturtlebot3_msgs__rosidl_typesupport_fastrtps_c.so
[2.001s] -- Up-to-date: /home/yubinwang/turtlebot3_ws/install/turtlebot3_msgs/include/turtlebot3_msgs
[2.001s] -- Up-to-date: /home/yubinwang/turtlebot3_ws/install/turtlebot3_msgs/include/turtlebot3_msgs/msg
[2.001s] -- Up-to-date: /home/yubinwang/turtlebot3_ws/install/turtlebot3_msgs/include/turtlebot3_msgs/msg/dds_fastrtps
[2.001s] -- Up-to-date: /home/yubinwang/turtlebot3_ws/install/turtlebot3_msgs/include/turtlebot3_msgs/msg/rosidl_typesupport_fastrtps_cpp__visibility_control.h
[2.002s] -- Up-to-date: /home/yubinwang/turtlebot3_ws/install/turtlebot3_msgs/include/turtlebot3_msgs/msg/sound__rosidl_typesupport_fastrtps_cpp.hpp
[2.002s] -- Up-to-date: /home/yubinwang/turtlebot3_ws/install/turtlebot3_msgs/include/turtlebot3_msgs/msg/sensor_state__rosidl_typesupport_fastrtps_cpp.hpp
[2.002s] -- Up-to-date: /home/yubinwang/turtlebot3_ws/install/turtlebot3_msgs/include/turtlebot3_msgs/msg/version_info__rosidl_typesupport_fastrtps_cpp.hpp
[2.002s] -- Up-to-date: /home/yubinwang/turtlebot3_ws/install/turtlebot3_msgs/include/turtlebot3_msgs/srv
[2.002s] -- Up-to-date: /home/yubinwang/turtlebot3_ws/install/turtlebot3_msgs/include/turtlebot3_msgs/srv/dds_fastrtps
[2.002s] -- Up-to-date: /home/yubinwang/turtlebot3_ws/install/turtlebot3_msgs/include/turtlebot3_msgs/srv/dqn__rosidl_typesupport_fastrtps_cpp.hpp
[2.002s] -- Up-to-date: /home/yubinwang/turtlebot3_ws/install/turtlebot3_msgs/include/turtlebot3_msgs/srv/sound__rosidl_typesupport_fastrtps_cpp.hpp
[2.003s] -- Up-to-date: /home/yubinwang/turtlebot3_ws/install/turtlebot3_msgs/include/turtlebot3_msgs/action
[2.003s] -- Up-to-date: /home/yubinwang/turtlebot3_ws/install/turtlebot3_msgs/include/turtlebot3_msgs/action/patrol__rosidl_typesupport_fastrtps_cpp.hpp
[2.003s] -- Up-to-date: /home/yubinwang/turtlebot3_ws/install/turtlebot3_msgs/include/turtlebot3_msgs/action/dds_fastrtps
[2.003s] -- Up-to-date: /home/yubinwang/turtlebot3_ws/install/turtlebot3_msgs/lib/libturtlebot3_msgs__rosidl_typesupport_fastrtps_cpp.so
[2.003s] -- Up-to-date: /home/yubinwang/turtlebot3_ws/install/turtlebot3_msgs/share/turtlebot3_msgs/environment/pythonpath.sh
[2.003s] -- Up-to-date: /home/yubinwang/turtlebot3_ws/install/turtlebot3_msgs/lib/python3.6/site-packages/turtlebot3_msgs/__init__.py
[2.058s] -- Up-to-date: /home/yubinwang/turtlebot3_ws/install/turtlebot3_msgs/lib/python3.6/site-packages/turtlebot3_msgs/msg
[2.058s] -- Up-to-date: /home/yubinwang/turtlebot3_ws/install/turtlebot3_msgs/lib/python3.6/site-packages/turtlebot3_msgs/msg/_version_info_s.c
[2.058s] -- Up-to-date: /home/yubinwang/turtlebot3_ws/install/turtlebot3_msgs/lib/python3.6/site-packages/turtlebot3_msgs/msg/_version_info.py
[2.059s] -- Up-to-date: /home/yubinwang/turtlebot3_ws/install/turtlebot3_msgs/lib/python3.6/site-packages/turtlebot3_msgs/msg/_sensor_state.py
[2.059s] -- Up-to-date: /home/yubinwang/turtlebot3_ws/install/turtlebot3_msgs/lib/python3.6/site-packages/turtlebot3_msgs/msg/_sound.py
[2.059s] -- Up-to-date: /home/yubinwang/turtlebot3_ws/install/turtlebot3_msgs/lib/python3.6/site-packages/turtlebot3_msgs/msg/_sound_s.c
[2.059s] -- Up-to-date: /home/yubinwang/turtlebot3_ws/install/turtlebot3_msgs/lib/python3.6/site-packages/turtlebot3_msgs/msg/__init__.py
[2.059s] -- Up-to-date: /home/yubinwang/turtlebot3_ws/install/turtlebot3_msgs/lib/python3.6/site-packages/turtlebot3_msgs/msg/_sensor_state_s.c
[2.059s] -- Up-to-date: /home/yubinwang/turtlebot3_ws/install/turtlebot3_msgs/lib/python3.6/site-packages/turtlebot3_msgs/srv
[2.059s] -- Up-to-date: /home/yubinwang/turtlebot3_ws/install/turtlebot3_msgs/lib/python3.6/site-packages/turtlebot3_msgs/srv/_dqn.py
[2.060s] -- Up-to-date: /home/yubinwang/turtlebot3_ws/install/turtlebot3_msgs/lib/python3.6/site-packages/turtlebot3_msgs/srv/_dqn_s.c
[2.060s] -- Up-to-date: /home/yubinwang/turtlebot3_ws/install/turtlebot3_msgs/lib/python3.6/site-packages/turtlebot3_msgs/srv/_sound.py
[2.060s] -- Up-to-date: /home/yubinwang/turtlebot3_ws/install/turtlebot3_msgs/lib/python3.6/site-packages/turtlebot3_msgs/srv/_sound_s.c
[2.060s] -- Up-to-date: /home/yubinwang/turtlebot3_ws/install/turtlebot3_msgs/lib/python3.6/site-packages/turtlebot3_msgs/srv/__init__.py
[2.060s] -- Up-to-date: /home/yubinwang/turtlebot3_ws/install/turtlebot3_msgs/lib/python3.6/site-packages/turtlebot3_msgs/action
[2.060s] -- Up-to-date: /home/yubinwang/turtlebot3_ws/install/turtlebot3_msgs/lib/python3.6/site-packages/turtlebot3_msgs/action/_patrol_s.c
[2.061s] -- Up-to-date: /home/yubinwang/turtlebot3_ws/install/turtlebot3_msgs/lib/python3.6/site-packages/turtlebot3_msgs/action/_patrol.py
[2.061s] -- Up-to-date: /home/yubinwang/turtlebot3_ws/install/turtlebot3_msgs/lib/python3.6/site-packages/turtlebot3_msgs/action/__init__.py
[2.061s] -- Up-to-date: /home/yubinwang/turtlebot3_ws/install/turtlebot3_msgs/lib/python3.6/site-packages/turtlebot3_msgs/turtlebot3_msgs_s__rosidl_typesupport_c.cpython-36m-x86_64-linux-gnu.so
[2.061s] -- Up-to-date: /home/yubinwang/turtlebot3_ws/install/turtlebot3_msgs/lib/python3.6/site-packages/turtlebot3_msgs/turtlebot3_msgs_s__rosidl_typesupport_fastrtps_c.cpython-36m-x86_64-linux-gnu.so
[2.061s] -- Up-to-date: /home/yubinwang/turtlebot3_ws/install/turtlebot3_msgs/lib/libturtlebot3_msgs__python.so
[2.061s] -- Up-to-date: /home/yubinwang/turtlebot3_ws/install/turtlebot3_msgs/share/turtlebot3_msgs/msg/SensorState.idl
[2.062s] -- Up-to-date: /home/yubinwang/turtlebot3_ws/install/turtlebot3_msgs/share/turtlebot3_msgs/msg/Sound.idl
[2.062s] -- Up-to-date: /home/yubinwang/turtlebot3_ws/install/turtlebot3_msgs/share/turtlebot3_msgs/msg/VersionInfo.idl
[2.062s] -- Up-to-date: /home/yubinwang/turtlebot3_ws/install/turtlebot3_msgs/share/turtlebot3_msgs/srv/Sound.idl
[2.062s] -- Up-to-date: /home/yubinwang/turtlebot3_ws/install/turtlebot3_msgs/share/turtlebot3_msgs/srv/Dqn.idl
[2.063s] -- Up-to-date: /home/yubinwang/turtlebot3_ws/install/turtlebot3_msgs/share/turtlebot3_msgs/action/Patrol.idl
[2.063s] -- Up-to-date: /home/yubinwang/turtlebot3_ws/install/turtlebot3_msgs/share/turtlebot3_msgs/msg/SensorState.msg
[2.064s] -- Up-to-date: /home/yubinwang/turtlebot3_ws/install/turtlebot3_msgs/share/turtlebot3_msgs/msg/Sound.msg
[2.064s] -- Up-to-date: /home/yubinwang/turtlebot3_ws/install/turtlebot3_msgs/share/turtlebot3_msgs/msg/VersionInfo.msg
[2.064s] -- Up-to-date: /home/yubinwang/turtlebot3_ws/install/turtlebot3_msgs/share/turtlebot3_msgs/srv/Sound.srv
[2.065s] -- Up-to-date: /home/yubinwang/turtlebot3_ws/install/turtlebot3_msgs/share/turtlebot3_msgs/srv/Sound_Request.msg
[2.065s] -- Up-to-date: /home/yubinwang/turtlebot3_ws/install/turtlebot3_msgs/share/turtlebot3_msgs/srv/Sound_Response.msg
[2.065s] -- Up-to-date: /home/yubinwang/turtlebot3_ws/install/turtlebot3_msgs/share/turtlebot3_msgs/srv/Dqn.srv
[2.065s] -- Up-to-date: /home/yubinwang/turtlebot3_ws/install/turtlebot3_msgs/share/turtlebot3_msgs/srv/Dqn_Request.msg
[2.065s] -- Up-to-date: /home/yubinwang/turtlebot3_ws/install/turtlebot3_msgs/share/turtlebot3_msgs/srv/Dqn_Response.msg
[2.065s] -- Up-to-date: /home/yubinwang/turtlebot3_ws/install/turtlebot3_msgs/share/turtlebot3_msgs/action/Patrol.action
[2.065s] -- Up-to-date: /home/yubinwang/turtlebot3_ws/install/turtlebot3_msgs/share/ament_index/resource_index/package_run_dependencies/turtlebot3_msgs
[2.066s] -- Up-to-date: /home/yubinwang/turtlebot3_ws/install/turtlebot3_msgs/share/ament_index/resource_index/parent_prefix_path/turtlebot3_msgs
[2.066s] -- Up-to-date: /home/yubinwang/turtlebot3_ws/install/turtlebot3_msgs/share/turtlebot3_msgs/environment/ament_prefix_path.sh
[2.066s] -- Up-to-date: /home/yubinwang/turtlebot3_ws/install/turtlebot3_msgs/share/turtlebot3_msgs/environment/path.sh
[2.066s] -- Up-to-date: /home/yubinwang/turtlebot3_ws/install/turtlebot3_msgs/share/turtlebot3_msgs/local_setup.bash
[2.066s] -- Up-to-date: /home/yubinwang/turtlebot3_ws/install/turtlebot3_msgs/share/turtlebot3_msgs/local_setup.sh
[2.066s] -- Up-to-date: /home/yubinwang/turtlebot3_ws/install/turtlebot3_msgs/share/turtlebot3_msgs/local_setup.zsh
[2.066s] -- Up-to-date: /home/yubinwang/turtlebot3_ws/install/turtlebot3_msgs/share/ament_index/resource_index/packages/turtlebot3_msgs
[2.066s] -- Up-to-date: /home/yubinwang/turtlebot3_ws/install/turtlebot3_msgs/share/turtlebot3_msgs/cmake/rosidl_cmake-extras.cmake
[2.067s] -- Up-to-date: /home/yubinwang/turtlebot3_ws/install/turtlebot3_msgs/share/turtlebot3_msgs/cmake/ament_cmake_export_dependencies-extras.cmake
[2.067s] -- Up-to-date: /home/yubinwang/turtlebot3_ws/install/turtlebot3_msgs/share/turtlebot3_msgs/cmake/ament_cmake_export_include_directories-extras.cmake
[2.067s] -- Up-to-date: /home/yubinwang/turtlebot3_ws/install/turtlebot3_msgs/share/turtlebot3_msgs/cmake/ament_cmake_export_libraries-extras.cmake
[2.067s] -- Up-to-date: /home/yubinwang/turtlebot3_ws/install/turtlebot3_msgs/share/turtlebot3_msgs/cmake/turtlebot3_msgsConfig.cmake
[2.067s] -- Up-to-date: /home/yubinwang/turtlebot3_ws/install/turtlebot3_msgs/share/turtlebot3_msgs/cmake/turtlebot3_msgsConfig-version.cmake
[2.067s] -- Up-to-date: /home/yubinwang/turtlebot3_ws/install/turtlebot3_msgs/share/turtlebot3_msgs/package.xml
[2.071s] Invoked command in '/home/yubinwang/turtlebot3_ws/build/turtlebot3_msgs' returned '0': CMAKE_PREFIX_PATH=${CMAKE_PREFIX_PATH}:/home/yubinwang/turtlebot3_ws/install/turtlebot3_teleop:/home/yubinwang/turtlebot3_ws/install/turtlebot3_example:/opt/ros/dashing /usr/bin/cmake --build /home/yubinwang/turtlebot3_ws/build/turtlebot3_msgs --target install -- -j8 -l8
